#
# There is insufficient memory for the Java Runtime Environment to continue.
# Native memory allocation (malloc) failed to allocate 1810528 bytes for Chunk::new
# Possible reasons:
#   The system is out of physical RAM or swap space
#   The process is running with CompressedOops enabled, and the Java Heap may be blocking the growth of the native heap
# Possible solutions:
#   Reduce memory load on the system
#   Increase physical memory or swap space
#   Check if swap backing store is full
#   Decrease Java heap size (-Xmx/-Xms)
#   Decrease number of Java threads
#   Decrease Java thread stack sizes (-Xss)
#   Set larger code cache with -XX:ReservedCodeCacheSize=
#   JVM is running with Unscaled Compressed Oops mode in which the Java heap is
#     placed in the first 4GB address space. The Java Heap base address is the
#     maximum limit for the native heap growth. Please use -XX:HeapBaseMinAddress
#     to set the Java Heap base and to place the Java Heap above 4GB virtual address.
# This output file may be truncated or incomplete.
#
#  Out of Memory Error (arena.cpp:189), pid=7080, tid=6348
#
# JRE version: OpenJDK Runtime Environment Temurin-17.0.8.1+1 (17.0.8.1+1) (build 17.0.8.1+1)
# Java VM: OpenJDK 64-Bit Server VM Temurin-17.0.8.1+1 (17.0.8.1+1, mixed mode, tiered, compressed oops, compressed class ptrs, parallel gc, windows-amd64)
# No core dump will be written. Minidumps are not enabled by default on client versions of Windows
#

---------------  S U M M A R Y ------------

Command Line: --add-modules=ALL-SYSTEM --add-opens=java.base/java.util=ALL-UNNAMED --add-opens=java.base/java.lang=ALL-UNNAMED --add-opens=java.base/sun.nio.fs=ALL-UNNAMED -Declipse.application=org.eclipse.jdt.ls.core.id1 -Dosgi.bundles.defaultStartLevel=4 -Declipse.product=org.eclipse.jdt.ls.core.product -Djava.import.generatesMetadataFilesAtProjectRoot=false -DDetectVMInstallationsJob.disabled=true -Dfile.encoding=utf8 -XX:+UseParallelGC -XX:GCTimeRatio=4 -XX:AdaptiveSizePolicyWeight=90 -Dsun.zip.disableMemoryMapping=true -Xmx1G -Xms100m -Xlog:disable -javaagent:c:\Users\Admin\.vscode\extensions\redhat.java-1.23.0-win32-x64\lombok\lombok-1.18.30.jar -XX:+HeapDumpOnOutOfMemoryError -XX:HeapDumpPath=c:\Users\Admin\AppData\Roaming\Code\User\workspaceStorage\08d266126c36d593499f2867316cb880\redhat.java -Daether.dependencyCollector.impl=bf c:\Users\Admin\.vscode\extensions\redhat.java-1.23.0-win32-x64\server\plugins\org.eclipse.equinox.launcher_1.6.500.v20230717-2134.jar -configuration c:\Users\Admin\AppData\Roaming\Code\User\globalStorage\redhat.java\1.23.0\config_win -data c:\Users\Admin\AppData\Roaming\Code\User\workspaceStorage\08d266126c36d593499f2867316cb880\redhat.java\jdt_ws

Host: AMD Ryzen 7 6800H with Radeon Graphics         , 16 cores, 7G,  Windows 11 , 64 bit Build 22621 (10.0.22621.2215)
Time: Tue Oct  3 18:52:36 2023 SE Asia Standard Time elapsed time: 518.654546 seconds (0d 0h 8m 38s)

---------------  T H R E A D  ---------------

Current thread (0x0000020285111120):  JavaThread "C2 CompilerThread0" daemon [_thread_in_native, id=6348, stack(0x000000a7ea000000,0x000000a7ea100000)]


Current CompileTask:
C2: 518654 11391 %     4       org.lombokweb.asm.ClassReader::readCode @ 92 (5117 bytes)

Stack: [0x000000a7ea000000,0x000000a7ea100000]
Native frames: (J=compiled Java code, j=interpreted, Vv=VM code, C=native code)
V  [jvm.dll+0x678b0a]
V  [jvm.dll+0x835e84]
V  [jvm.dll+0x83762e]
V  [jvm.dll+0x837c93]
V  [jvm.dll+0x24746f]
V  [jvm.dll+0xac20c]
V  [jvm.dll+0xac7dc]
V  [jvm.dll+0x365ca7]
V  [jvm.dll+0x3301a1]
V  [jvm.dll+0x32f64a]
V  [jvm.dll+0x219bf1]
V  [jvm.dll+0x219011]
V  [jvm.dll+0x1a534d]
V  [jvm.dll+0x228d8a]
V  [jvm.dll+0x226dcc]
V  [jvm.dll+0x7ec09b]
V  [jvm.dll+0x7e64ca]
V  [jvm.dll+0x677955]
C  [ucrtbase.dll+0x29363]
C  [KERNEL32.DLL+0x1257d]
C  [ntdll.dll+0x5aa68]


---------------  P R O C E S S  ---------------

Threads class SMR info:
_java_thread_list=0x00000202876697c0, length=32, elements={
0x00000202e7c49900, 0x00000202fbab5020, 0x00000202e7cfa6d0, 0x00000202fbabcea0,
0x00000202fbabd870, 0x00000202fbabe340, 0x0000020285110520, 0x0000020285111120,
0x0000020285113a40, 0x000002028511eb80, 0x000002028511f090, 0x000002028511f5a0,
0x0000020285121400, 0x000002028511fab0, 0x0000020285122330, 0x0000020285121910,
0x00000202851204d0, 0x0000020287de0630, 0x0000020287de0b40, 0x0000020287de1050,
0x0000020287de1560, 0x0000020287de1f80, 0x0000020287ddd390, 0x0000020287ddbf50,
0x0000020287ddfc10, 0x0000020287dde2c0, 0x0000020287ddce80, 0x0000020287ddddb0,
0x0000020285222390, 0x000002028521c360, 0x0000020285222db0, 0x0000020285221e80
}

Java Threads: ( => current thread )
  0x00000202e7c49900 JavaThread "main" [_thread_blocked, id=14580, stack(0x000000a7e9700000,0x000000a7e9800000)]
  0x00000202fbab5020 JavaThread "Reference Handler" daemon [_thread_blocked, id=10460, stack(0x000000a7e9a00000,0x000000a7e9b00000)]
  0x00000202e7cfa6d0 JavaThread "Finalizer" daemon [_thread_blocked, id=10500, stack(0x000000a7e9b00000,0x000000a7e9c00000)]
  0x00000202fbabcea0 JavaThread "Signal Dispatcher" daemon [_thread_blocked, id=13716, stack(0x000000a7e9c00000,0x000000a7e9d00000)]
  0x00000202fbabd870 JavaThread "Attach Listener" daemon [_thread_blocked, id=13424, stack(0x000000a7e9d00000,0x000000a7e9e00000)]
  0x00000202fbabe340 JavaThread "Service Thread" daemon [_thread_blocked, id=17924, stack(0x000000a7e9e00000,0x000000a7e9f00000)]
  0x0000020285110520 JavaThread "Monitor Deflation Thread" daemon [_thread_blocked, id=17928, stack(0x000000a7e9f00000,0x000000a7ea000000)]
=>0x0000020285111120 JavaThread "C2 CompilerThread0" daemon [_thread_in_native, id=6348, stack(0x000000a7ea000000,0x000000a7ea100000)]
  0x0000020285113a40 JavaThread "C1 CompilerThread0" daemon [_thread_blocked, id=1520, stack(0x000000a7ea100000,0x000000a7ea200000)]
  0x000002028511eb80 JavaThread "Sweeper thread" daemon [_thread_blocked, id=3588, stack(0x000000a7ea200000,0x000000a7ea300000)]
  0x000002028511f090 JavaThread "Common-Cleaner" daemon [_thread_blocked, id=20736, stack(0x000000a7ea300000,0x000000a7ea400000)]
  0x000002028511f5a0 JavaThread "Notification Thread" daemon [_thread_blocked, id=6916, stack(0x000000a7ea800000,0x000000a7ea900000)]
  0x0000020285121400 JavaThread "Active Thread: Equinox Container: 114acee2-6965-4cbe-b5b9-beb21ce01308" [_thread_blocked, id=20968, stack(0x000000a7eaf00000,0x000000a7eb000000)]
  0x000002028511fab0 JavaThread "Framework Event Dispatcher: Equinox Container: 114acee2-6965-4cbe-b5b9-beb21ce01308" daemon [_thread_blocked, id=20436, stack(0x000000a7eb000000,0x000000a7eb100000)]
  0x0000020285122330 JavaThread "Start Level: Equinox Container: 114acee2-6965-4cbe-b5b9-beb21ce01308" daemon [_thread_blocked, id=20996, stack(0x000000a7eb100000,0x000000a7eb200000)]
  0x0000020285121910 JavaThread "Bundle File Closer" daemon [_thread_blocked, id=1000, stack(0x000000a7eb400000,0x000000a7eb500000)]
  0x00000202851204d0 JavaThread "SCR Component Actor" daemon [_thread_blocked, id=13712, stack(0x000000a7eb500000,0x000000a7eb600000)]
  0x0000020287de0630 JavaThread "Worker-JM" [_thread_blocked, id=18008, stack(0x000000a7eba00000,0x000000a7ebb00000)]
  0x0000020287de0b40 JavaThread "Worker-0" [_thread_blocked, id=5292, stack(0x000000a7ebc00000,0x000000a7ebd00000)]
  0x0000020287de1050 JavaThread "Java indexing" daemon [_thread_in_Java, id=11072, stack(0x000000a7ebf00000,0x000000a7ec000000)]
  0x0000020287de1560 JavaThread "JNA Cleaner" daemon [_thread_blocked, id=4508, stack(0x000000a7ec000000,0x000000a7ec100000)]
  0x0000020287de1f80 JavaThread "pool-2-thread-1" [_thread_blocked, id=10208, stack(0x000000a7ec100000,0x000000a7ec200000)]
  0x0000020287ddd390 JavaThread "WorkspaceEventsHandler" [_thread_in_native, id=17452, stack(0x000000a7ec200000,0x000000a7ec300000)]
  0x0000020287ddbf50 JavaThread "pool-1-thread-1" [_thread_in_native, id=11340, stack(0x000000a7ec300000,0x000000a7ec400000)]
  0x0000020287ddfc10 JavaThread "Timer-0" [_thread_blocked, id=20924, stack(0x000000a7ec700000,0x000000a7ec800000)]
  0x0000020287dde2c0 JavaThread "Timer-1" [_thread_blocked, id=21388, stack(0x000000a7eb700000,0x000000a7eb800000)]
  0x0000020287ddce80 JavaThread "Timer-2" [_thread_blocked, id=7536, stack(0x000000a7ec800000,0x000000a7ec900000)]
  0x0000020287ddddb0 JavaThread "Timer-3" [_thread_blocked, id=7616, stack(0x000000a7ec900000,0x000000a7eca00000)]
  0x0000020285222390 JavaThread "Timer-4" [_thread_blocked, id=10256, stack(0x000000a7ea700000,0x000000a7ea800000)]
  0x000002028521c360 JavaThread "Timer-5" [_thread_blocked, id=22424, stack(0x000000a7eca00000,0x000000a7ecb00000)]
  0x0000020285222db0 JavaThread "Timer-6" [_thread_blocked, id=23248, stack(0x000000a7ecb00000,0x000000a7ecc00000)]
  0x0000020285221e80 JavaThread "Worker-9" [_thread_blocked, id=23116, stack(0x000000a7e9600000,0x000000a7e9700000)]

Other Threads:
  0x00000202fbaa1f10 VMThread "VM Thread" [stack: 0x000000a7e9900000,0x000000a7e9a00000] [id=8948]
  0x00000202872be5c0 WatcherThread [stack: 0x000000a7ea900000,0x000000a7eaa00000] [id=18328]
  0x00000202e7c616a0 GCTaskThread "GC Thread#0" [stack: 0x000000a7e9800000,0x000000a7e9900000] [id=1852]
  0x00000202878331c0 GCTaskThread "GC Thread#1" [stack: 0x000000a7eaa00000,0x000000a7eab00000] [id=1764]
  0x00000202876dc4d0 GCTaskThread "GC Thread#2" [stack: 0x000000a7eab00000,0x000000a7eac00000] [id=3116]
  0x000002028781e740 GCTaskThread "GC Thread#3" [stack: 0x000000a7eac00000,0x000000a7ead00000] [id=19852]
  0x000002028781ea00 GCTaskThread "GC Thread#4" [stack: 0x000000a7ead00000,0x000000a7eae00000] [id=16052]
  0x000002028781ecc0 GCTaskThread "GC Thread#5" [stack: 0x000000a7eae00000,0x000000a7eaf00000] [id=16060]
  0x0000020287d4b2f0 GCTaskThread "GC Thread#6" [stack: 0x000000a7eb200000,0x000000a7eb300000] [id=15040]
  0x00000202e59da450 GCTaskThread "GC Thread#7" [stack: 0x000000a7eb300000,0x000000a7eb400000] [id=13944]
  0x0000020288225430 GCTaskThread "GC Thread#8" [stack: 0x000000a7eb600000,0x000000a7eb700000] [id=10008]
  0x0000020288268720 GCTaskThread "GC Thread#9" [stack: 0x000000a7eb800000,0x000000a7eb900000] [id=20864]
  0x00000202881a9050 GCTaskThread "GC Thread#10" [stack: 0x000000a7eb900000,0x000000a7eba00000] [id=19772]
  0x0000020288010ca0 GCTaskThread "GC Thread#11" [stack: 0x000000a7ebb00000,0x000000a7ebc00000] [id=14656]
  0x00000202880c20b0 GCTaskThread "GC Thread#12" [stack: 0x000000a7ebe00000,0x000000a7ebf00000] [id=2900]

Threads with active compile tasks:
C2 CompilerThread0   518691 11391 %     4       org.lombokweb.asm.ClassReader::readCode @ 92 (5117 bytes)

VM state: not at safepoint (normal execution)

VM Mutex/Monitor currently owned by a thread: None

Heap address: 0x00000000c0000000, size: 1024 MB, Compressed Oops mode: 32-bit

CDS archive(s) not mapped
Compressed class space mapped at: 0x0000000100000000-0x0000000140000000, reserved size: 1073741824
Narrow klass base: 0x0000000000000000, Narrow klass shift: 3, Narrow klass range: 0x140000000

GC Precious Log:
 CPUs: 16 total, 16 available
 Memory: 7421M
 Large Page Support: Disabled
 NUMA Support: Disabled
 Compressed Oops: Enabled (32-bit)
 Alignments: Space 512K, Generation 512K, Heap 2M
 Heap Min Capacity: 100M
 Heap Initial Capacity: 100M
 Heap Max Capacity: 1G
 Pre-touch: Disabled
 Parallel Workers: 13

Heap:
 PSYoungGen      total 17920K, used 9623K [0x00000000eab00000, 0x00000000ec000000, 0x0000000100000000)
  eden space 15360K, 47% used [0x00000000eab00000,0x00000000eb220638,0x00000000eba00000)
  from space 2560K, 90% used [0x00000000ebd80000,0x00000000ebfc57d8,0x00000000ec000000)
  to   space 3072K, 0% used [0x00000000eba00000,0x00000000eba00000,0x00000000ebd00000)
 ParOldGen       total 256512K, used 240457K [0x00000000c0000000, 0x00000000cfa80000, 0x00000000eab00000)
  object space 256512K, 93% used [0x00000000c0000000,0x00000000cead2698,0x00000000cfa80000)
 Metaspace       used 81919K, committed 83200K, reserved 1179648K
  class space    used 9648K, committed 10240K, reserved 1048576K

Card table byte_map: [0x00000202e75e0000,0x00000202e77f0000] _byte_map_base: 0x00000202e6fe0000

Marking Bits: (ParMarkBitMap*) 0x00007ffc0ff283a0
 Begin Bits: [0x00000202f98c0000, 0x00000202fa8c0000)
 End Bits:   [0x00000202fa8c0000, 0x00000202fb8c0000)

Polling page: 0x00000202e5bf0000

Metaspace:

Usage:
  Non-class:     70.58 MB used.
      Class:      9.42 MB used.
       Both:     80.00 MB used.

Virtual space:
  Non-class space:      128.00 MB reserved,      71.25 MB ( 56%) committed,  2 nodes.
      Class space:        1.00 GB reserved,      10.00 MB ( <1%) committed,  1 nodes.
             Both:        1.12 GB reserved,      81.25 MB (  7%) committed. 

Chunk freelists:
   Non-Class:  8.53 MB
       Class:  6.01 MB
        Both:  14.54 MB

MaxMetaspaceSize: unlimited
CompressedClassSpaceSize: 1.00 GB
Initial GC threshold: 21.00 MB
Current GC threshold: 128.88 MB
CDS: off
MetaspaceReclaimPolicy: balanced
 - commit_granule_bytes: 65536.
 - commit_granule_words: 8192.
 - virtual_space_node_default_size: 8388608.
 - enlarge_chunks_in_place: 1.
 - new_chunks_are_fully_committed: 0.
 - uncommit_free_chunks: 1.
 - use_allocation_guard: 0.
 - handle_deallocations: 1.


Internal statistics:

num_allocs_failed_limit: 9.
num_arena_births: 828.
num_arena_deaths: 16.
num_vsnodes_births: 3.
num_vsnodes_deaths: 0.
num_space_committed: 1300.
num_space_uncommitted: 0.
num_chunks_returned_to_freelist: 26.
num_chunks_taken_from_freelist: 3902.
num_chunk_merges: 10.
num_chunk_splits: 2552.
num_chunks_enlarged: 1657.
num_inconsistent_stats: 0.

CodeHeap 'non-profiled nmethods': size=119168Kb used=7546Kb max_used=7546Kb free=111621Kb
 bounds [0x00000202f2460000, 0x00000202f2bc0000, 0x00000202f98c0000]
CodeHeap 'profiled nmethods': size=119104Kb used=17487Kb max_used=17641Kb free=101616Kb
 bounds [0x00000202ea8c0000, 0x00000202eba00000, 0x00000202f1d10000]
CodeHeap 'non-nmethods': size=7488Kb used=1387Kb max_used=3091Kb free=6100Kb
 bounds [0x00000202f1d10000, 0x00000202f2030000, 0x00000202f2460000]
 total_blobs=9843 nmethods=9112 adapters=645
 compilation: enabled
              stopped_count=0, restarted_count=0
 full_count=0

Compilation events (20 events):
Event: 518.637 Thread 0x0000020285113a40 11500   !   3       org.eclipse.jdt.core.dom.DefaultCommentMapper::storeLeadingComments (550 bytes)
Event: 518.639 Thread 0x0000020285113a40 nmethod 11500 0x00000202eb957990 code [0x00000202eb957d00, 0x00000202eb959a98]
Event: 518.639 Thread 0x0000020285113a40 11501   !   3       org.eclipse.jdt.core.dom.DefaultCommentMapper::storeTrailingComments (793 bytes)
Event: 518.641 Thread 0x0000020285113a40 nmethod 11501 0x00000202eb918f90 code [0x00000202eb919340, 0x00000202eb91b518]
Event: 518.641 Thread 0x0000020285113a40 11498   !   3       org.eclipse.jdt.core.dom.DefaultCommentMapper$CommentMapperVisitor::endVisitNode (94 bytes)
Event: 518.642 Thread 0x0000020285113a40 nmethod 11498 0x00000202eb957190 code [0x00000202eb957360, 0x00000202eb957748]
Event: 518.642 Thread 0x0000020285113a40 11494       3       org.eclipse.jdt.core.dom.Name::<init> (6 bytes)
Event: 518.642 Thread 0x0000020285113a40 nmethod 11494 0x00000202eb956d90 code [0x00000202eb956f40, 0x00000202eb9570c8]
Event: 518.642 Thread 0x0000020285113a40 11495       3       org.eclipse.jdt.core.dom.ASTConverter::setIsGeneratedFlagForName (49 bytes)
Event: 518.643 Thread 0x0000020285113a40 nmethod 11495 0x00000202eb956290 code [0x00000202eb956480, 0x00000202eb956988]
Event: 518.643 Thread 0x0000020285113a40 11496       3       org.eclipse.jdt.core.dom.ASTNode::preValueChange (37 bytes)
Event: 518.643 Thread 0x0000020285113a40 nmethod 11496 0x00000202eb918a10 code [0x00000202eb918be0, 0x00000202eb918e68]
Event: 518.643 Thread 0x0000020285113a40 11497   !   3       org.eclipse.jdt.core.dom.AST::preValueChangeEvent (53 bytes)
Event: 518.644 Thread 0x0000020285113a40 nmethod 11497 0x00000202eb917d90 code [0x00000202eb917f80, 0x00000202eb918758]
Event: 518.644 Thread 0x0000020285113a40 11499   !   3       org.eclipse.jdt.core.dom.DefaultCommentMapper$CommentMapperVisitor::visitNode (355 bytes)
Event: 518.645 Thread 0x0000020285113a40 nmethod 11499 0x00000202eb916410 code [0x00000202eb9166a0, 0x00000202eb917678]
Event: 518.645 Thread 0x0000020285113a40 11502       3       org.eclipse.jdt.core.dom.ASTNode::acceptChild (11 bytes)
Event: 518.645 Thread 0x0000020285113a40 nmethod 11502 0x00000202eb916010 code [0x00000202eb9161c0, 0x00000202eb916368]
Event: 518.645 Thread 0x0000020285113a40 11492       3       org.eclipse.jdt.internal.compiler.ast.ASTNode::<init> (11 bytes)
Event: 518.646 Thread 0x0000020285113a40 nmethod 11492 0x00000202eb915c10 code [0x00000202eb915da0, 0x00000202eb915f18]

GC Heap History (20 events):
Event: 476.797 GC heap before
{Heap before GC invocations=1221 (full 29):
 PSYoungGen      total 15872K, used 15552K [0x00000000eab00000, 0x00000000ec000000, 0x0000000100000000)
  eden space 15360K, 100% used [0x00000000eab00000,0x00000000eba00000,0x00000000eba00000)
  from space 512K, 37% used [0x00000000ebf80000,0x00000000ebfb0000,0x00000000ec000000)
  to   space 1024K, 0% used [0x00000000ebe00000,0x00000000ebe00000,0x00000000ebf00000)
 ParOldGen       total 256512K, used 237536K [0x00000000c0000000, 0x00000000cfa80000, 0x00000000eab00000)
  object space 256512K, 92% used [0x00000000c0000000,0x00000000ce7f80f8,0x00000000cfa80000)
 Metaspace       used 78077K, committed 79424K, reserved 1179648K
  class space    used 9293K, committed 9920K, reserved 1048576K
}
Event: 476.798 GC heap after
{Heap after GC invocations=1221 (full 29):
 PSYoungGen      total 16384K, used 306K [0x00000000eab00000, 0x00000000ec000000, 0x0000000100000000)
  eden space 15360K, 0% used [0x00000000eab00000,0x00000000eab00000,0x00000000eba00000)
  from space 1024K, 29% used [0x00000000ebe00000,0x00000000ebe4c8c8,0x00000000ebf00000)
  to   space 512K, 0% used [0x00000000ebf80000,0x00000000ebf80000,0x00000000ec000000)
 ParOldGen       total 256512K, used 237544K [0x00000000c0000000, 0x00000000cfa80000, 0x00000000eab00000)
  object space 256512K, 92% used [0x00000000c0000000,0x00000000ce7fa0f8,0x00000000cfa80000)
 Metaspace       used 78077K, committed 79424K, reserved 1179648K
  class space    used 9293K, committed 9920K, reserved 1048576K
}
Event: 477.035 GC heap before
{Heap before GC invocations=1222 (full 29):
 PSYoungGen      total 16384K, used 15666K [0x00000000eab00000, 0x00000000ec000000, 0x0000000100000000)
  eden space 15360K, 100% used [0x00000000eab00000,0x00000000eba00000,0x00000000eba00000)
  from space 1024K, 29% used [0x00000000ebe00000,0x00000000ebe4c8c8,0x00000000ebf00000)
  to   space 512K, 0% used [0x00000000ebf80000,0x00000000ebf80000,0x00000000ec000000)
 ParOldGen       total 256512K, used 237544K [0x00000000c0000000, 0x00000000cfa80000, 0x00000000eab00000)
  object space 256512K, 92% used [0x00000000c0000000,0x00000000ce7fa0f8,0x00000000cfa80000)
 Metaspace       used 78077K, committed 79424K, reserved 1179648K
  class space    used 9293K, committed 9920K, reserved 1048576K
}
Event: 477.035 GC heap after
{Heap after GC invocations=1222 (full 29):
 PSYoungGen      total 15872K, used 306K [0x00000000eab00000, 0x00000000ec000000, 0x0000000100000000)
  eden space 15360K, 0% used [0x00000000eab00000,0x00000000eab00000,0x00000000eba00000)
  from space 512K, 59% used [0x00000000ebf80000,0x00000000ebfcc8c8,0x00000000ec000000)
  to   space 512K, 0% used [0x00000000ebf00000,0x00000000ebf00000,0x00000000ebf80000)
 ParOldGen       total 256512K, used 237544K [0x00000000c0000000, 0x00000000cfa80000, 0x00000000eab00000)
  object space 256512K, 92% used [0x00000000c0000000,0x00000000ce7fa0f8,0x00000000cfa80000)
 Metaspace       used 78077K, committed 79424K, reserved 1179648K
  class space    used 9293K, committed 9920K, reserved 1048576K
}
Event: 477.275 GC heap before
{Heap before GC invocations=1223 (full 29):
 PSYoungGen      total 15872K, used 15666K [0x00000000eab00000, 0x00000000ec000000, 0x0000000100000000)
  eden space 15360K, 100% used [0x00000000eab00000,0x00000000eba00000,0x00000000eba00000)
  from space 512K, 59% used [0x00000000ebf80000,0x00000000ebfcc8c8,0x00000000ec000000)
  to   space 512K, 0% used [0x00000000ebf00000,0x00000000ebf00000,0x00000000ebf80000)
 ParOldGen       total 256512K, used 237544K [0x00000000c0000000, 0x00000000cfa80000, 0x00000000eab00000)
  object space 256512K, 92% used [0x00000000c0000000,0x00000000ce7fa0f8,0x00000000cfa80000)
 Metaspace       used 78077K, committed 79424K, reserved 1179648K
  class space    used 9293K, committed 9920K, reserved 1048576K
}
Event: 477.278 GC heap after
{Heap after GC invocations=1223 (full 29):
 PSYoungGen      total 15872K, used 306K [0x00000000eab00000, 0x00000000ec000000, 0x0000000100000000)
  eden space 15360K, 0% used [0x00000000eab00000,0x00000000eab00000,0x00000000eba00000)
  from space 512K, 59% used [0x00000000ebf00000,0x00000000ebf4c8c8,0x00000000ebf80000)
  to   space 512K, 0% used [0x00000000ebf80000,0x00000000ebf80000,0x00000000ec000000)
 ParOldGen       total 256512K, used 237544K [0x00000000c0000000, 0x00000000cfa80000, 0x00000000eab00000)
  object space 256512K, 92% used [0x00000000c0000000,0x00000000ce7fa0f8,0x00000000cfa80000)
 Metaspace       used 78077K, committed 79424K, reserved 1179648K
  class space    used 9293K, committed 9920K, reserved 1048576K
}
Event: 477.499 GC heap before
{Heap before GC invocations=1224 (full 29):
 PSYoungGen      total 15872K, used 15666K [0x00000000eab00000, 0x00000000ec000000, 0x0000000100000000)
  eden space 15360K, 100% used [0x00000000eab00000,0x00000000eba00000,0x00000000eba00000)
  from space 512K, 59% used [0x00000000ebf00000,0x00000000ebf4c8c8,0x00000000ebf80000)
  to   space 512K, 0% used [0x00000000ebf80000,0x00000000ebf80000,0x00000000ec000000)
 ParOldGen       total 256512K, used 237544K [0x00000000c0000000, 0x00000000cfa80000, 0x00000000eab00000)
  object space 256512K, 92% used [0x00000000c0000000,0x00000000ce7fa0f8,0x00000000cfa80000)
 Metaspace       used 78077K, committed 79424K, reserved 1179648K
  class space    used 9293K, committed 9920K, reserved 1048576K
}
Event: 477.501 GC heap after
{Heap after GC invocations=1224 (full 29):
 PSYoungGen      total 15872K, used 338K [0x00000000eab00000, 0x00000000ec000000, 0x0000000100000000)
  eden space 15360K, 0% used [0x00000000eab00000,0x00000000eab00000,0x00000000eba00000)
  from space 512K, 66% used [0x00000000ebf80000,0x00000000ebfd48c8,0x00000000ec000000)
  to   space 512K, 0% used [0x00000000ebf00000,0x00000000ebf00000,0x00000000ebf80000)
 ParOldGen       total 256512K, used 237544K [0x00000000c0000000, 0x00000000cfa80000, 0x00000000eab00000)
  object space 256512K, 92% used [0x00000000c0000000,0x00000000ce7fa0f8,0x00000000cfa80000)
 Metaspace       used 78077K, committed 79424K, reserved 1179648K
  class space    used 9293K, committed 9920K, reserved 1048576K
}
Event: 516.881 GC heap before
{Heap before GC invocations=1225 (full 29):
 PSYoungGen      total 15872K, used 15698K [0x00000000eab00000, 0x00000000ec000000, 0x0000000100000000)
  eden space 15360K, 100% used [0x00000000eab00000,0x00000000eba00000,0x00000000eba00000)
  from space 512K, 66% used [0x00000000ebf80000,0x00000000ebfd48c8,0x00000000ec000000)
  to   space 512K, 0% used [0x00000000ebf00000,0x00000000ebf00000,0x00000000ebf80000)
 ParOldGen       total 256512K, used 237544K [0x00000000c0000000, 0x00000000cfa80000, 0x00000000eab00000)
  object space 256512K, 92% used [0x00000000c0000000,0x00000000ce7fa0f8,0x00000000cfa80000)
 Metaspace       used 78755K, committed 80064K, reserved 1179648K
  class space    used 9357K, committed 9984K, reserved 1048576K
}
Event: 516.887 GC heap after
{Heap after GC invocations=1225 (full 29):
 PSYoungGen      total 15872K, used 448K [0x00000000eab00000, 0x00000000ec000000, 0x0000000100000000)
  eden space 15360K, 0% used [0x00000000eab00000,0x00000000eab00000,0x00000000eba00000)
  from space 512K, 87% used [0x00000000ebf00000,0x00000000ebf70010,0x00000000ebf80000)
  to   space 512K, 0% used [0x00000000ebf80000,0x00000000ebf80000,0x00000000ec000000)
 ParOldGen       total 256512K, used 238240K [0x00000000c0000000, 0x00000000cfa80000, 0x00000000eab00000)
  object space 256512K, 92% used [0x00000000c0000000,0x00000000ce8a83c8,0x00000000cfa80000)
 Metaspace       used 78755K, committed 80064K, reserved 1179648K
  class space    used 9357K, committed 9984K, reserved 1048576K
}
Event: 517.265 GC heap before
{Heap before GC invocations=1226 (full 29):
 PSYoungGen      total 15872K, used 15808K [0x00000000eab00000, 0x00000000ec000000, 0x0000000100000000)
  eden space 15360K, 100% used [0x00000000eab00000,0x00000000eba00000,0x00000000eba00000)
  from space 512K, 87% used [0x00000000ebf00000,0x00000000ebf70010,0x00000000ebf80000)
  to   space 512K, 0% used [0x00000000ebf80000,0x00000000ebf80000,0x00000000ec000000)
 ParOldGen       total 256512K, used 238240K [0x00000000c0000000, 0x00000000cfa80000, 0x00000000eab00000)
  object space 256512K, 92% used [0x00000000c0000000,0x00000000ce8a83c8,0x00000000cfa80000)
 Metaspace       used 79139K, committed 80448K, reserved 1179648K
  class space    used 9422K, committed 10048K, reserved 1048576K
}
Event: 517.272 GC heap after
{Heap after GC invocations=1226 (full 29):
 PSYoungGen      total 15872K, used 512K [0x00000000eab00000, 0x00000000ec000000, 0x0000000100000000)
  eden space 15360K, 0% used [0x00000000eab00000,0x00000000eab00000,0x00000000eba00000)
  from space 512K, 100% used [0x00000000ebf80000,0x00000000ec000000,0x00000000ec000000)
  to   space 2048K, 0% used [0x00000000ebc00000,0x00000000ebc00000,0x00000000ebe00000)
 ParOldGen       total 256512K, used 239497K [0x00000000c0000000, 0x00000000cfa80000, 0x00000000eab00000)
  object space 256512K, 93% used [0x00000000c0000000,0x00000000ce9e2698,0x00000000cfa80000)
 Metaspace       used 79139K, committed 80448K, reserved 1179648K
  class space    used 9422K, committed 10048K, reserved 1048576K
}
Event: 517.582 GC heap before
{Heap before GC invocations=1227 (full 29):
 PSYoungGen      total 15872K, used 15838K [0x00000000eab00000, 0x00000000ec000000, 0x0000000100000000)
  eden space 15360K, 99% used [0x00000000eab00000,0x00000000eb9f7850,0x00000000eba00000)
  from space 512K, 100% used [0x00000000ebf80000,0x00000000ec000000,0x00000000ec000000)
  to   space 2048K, 0% used [0x00000000ebc00000,0x00000000ebc00000,0x00000000ebe00000)
 ParOldGen       total 256512K, used 239497K [0x00000000c0000000, 0x00000000cfa80000, 0x00000000eab00000)
  object space 256512K, 93% used [0x00000000c0000000,0x00000000ce9e2698,0x00000000cfa80000)
 Metaspace       used 79834K, committed 81152K, reserved 1179648K
  class space    used 9492K, committed 10112K, reserved 1048576K
}
Event: 517.587 GC heap after
{Heap after GC invocations=1227 (full 29):
 PSYoungGen      total 17408K, used 1734K [0x00000000eab00000, 0x00000000ec000000, 0x0000000100000000)
  eden space 15360K, 0% used [0x00000000eab00000,0x00000000eab00000,0x00000000eba00000)
  from space 2048K, 84% used [0x00000000ebc00000,0x00000000ebdb1910,0x00000000ebe00000)
  to   space 2048K, 0% used [0x00000000ebe00000,0x00000000ebe00000,0x00000000ec000000)
 ParOldGen       total 256512K, used 239513K [0x00000000c0000000, 0x00000000cfa80000, 0x00000000eab00000)
  object space 256512K, 93% used [0x00000000c0000000,0x00000000ce9e6698,0x00000000cfa80000)
 Metaspace       used 79834K, committed 81152K, reserved 1179648K
  class space    used 9492K, committed 10112K, reserved 1048576K
}
Event: 517.834 GC heap before
{Heap before GC invocations=1228 (full 29):
 PSYoungGen      total 17408K, used 17094K [0x00000000eab00000, 0x00000000ec000000, 0x0000000100000000)
  eden space 15360K, 100% used [0x00000000eab00000,0x00000000eba00000,0x00000000eba00000)
  from space 2048K, 84% used [0x00000000ebc00000,0x00000000ebdb1910,0x00000000ebe00000)
  to   space 2048K, 0% used [0x00000000ebe00000,0x00000000ebe00000,0x00000000ec000000)
 ParOldGen       total 256512K, used 239513K [0x00000000c0000000, 0x00000000cfa80000, 0x00000000eab00000)
  object space 256512K, 93% used [0x00000000c0000000,0x00000000ce9e6698,0x00000000cfa80000)
 Metaspace       used 80285K, committed 81600K, reserved 1179648K
  class space    used 9533K, committed 10176K, reserved 1048576K
}
Event: 517.843 GC heap after
{Heap after GC invocations=1228 (full 29):
 PSYoungGen      total 17408K, used 2025K [0x00000000eab00000, 0x00000000ec100000, 0x0000000100000000)
  eden space 15360K, 0% used [0x00000000eab00000,0x00000000eab00000,0x00000000eba00000)
  from space 2048K, 98% used [0x00000000ebe00000,0x00000000ebffa738,0x00000000ec000000)
  to   space 3584K, 0% used [0x00000000eba00000,0x00000000eba00000,0x00000000ebd80000)
 ParOldGen       total 256512K, used 240433K [0x00000000c0000000, 0x00000000cfa80000, 0x00000000eab00000)
  object space 256512K, 93% used [0x00000000c0000000,0x00000000ceacc698,0x00000000cfa80000)
 Metaspace       used 80285K, committed 81600K, reserved 1179648K
  class space    used 9533K, committed 10176K, reserved 1048576K
}
Event: 517.898 GC heap before
{Heap before GC invocations=1229 (full 29):
 PSYoungGen      total 17408K, used 17385K [0x00000000eab00000, 0x00000000ec100000, 0x0000000100000000)
  eden space 15360K, 100% used [0x00000000eab00000,0x00000000eba00000,0x00000000eba00000)
  from space 2048K, 98% used [0x00000000ebe00000,0x00000000ebffa738,0x00000000ec000000)
  to   space 3584K, 0% used [0x00000000eba00000,0x00000000eba00000,0x00000000ebd80000)
 ParOldGen       total 256512K, used 240433K [0x00000000c0000000, 0x00000000cfa80000, 0x00000000eab00000)
  object space 256512K, 93% used [0x00000000c0000000,0x00000000ceacc698,0x00000000cfa80000)
 Metaspace       used 80286K, committed 81600K, reserved 1179648K
  class space    used 9533K, committed 10176K, reserved 1048576K
}
Event: 517.902 GC heap after
{Heap after GC invocations=1229 (full 29):
 PSYoungGen      total 18944K, used 3138K [0x00000000eab00000, 0x00000000ec100000, 0x0000000100000000)
  eden space 15360K, 0% used [0x00000000eab00000,0x00000000eab00000,0x00000000eba00000)
  from space 3584K, 87% used [0x00000000eba00000,0x00000000ebd10ae8,0x00000000ebd80000)
  to   space 3584K, 0% used [0x00000000ebd80000,0x00000000ebd80000,0x00000000ec100000)
 ParOldGen       total 256512K, used 240449K [0x00000000c0000000, 0x00000000cfa80000, 0x00000000eab00000)
  object space 256512K, 93% used [0x00000000c0000000,0x00000000cead0698,0x00000000cfa80000)
 Metaspace       used 80286K, committed 81600K, reserved 1179648K
  class space    used 9533K, committed 10176K, reserved 1048576K
}
Event: 518.495 GC heap before
{Heap before GC invocations=1230 (full 29):
 PSYoungGen      total 18944K, used 18498K [0x00000000eab00000, 0x00000000ec100000, 0x0000000100000000)
  eden space 15360K, 100% used [0x00000000eab00000,0x00000000eba00000,0x00000000eba00000)
  from space 3584K, 87% used [0x00000000eba00000,0x00000000ebd10ae8,0x00000000ebd80000)
  to   space 3584K, 0% used [0x00000000ebd80000,0x00000000ebd80000,0x00000000ec100000)
 ParOldGen       total 256512K, used 240449K [0x00000000c0000000, 0x00000000cfa80000, 0x00000000eab00000)
  object space 256512K, 93% used [0x00000000c0000000,0x00000000cead0698,0x00000000cfa80000)
 Metaspace       used 81840K, committed 83136K, reserved 1179648K
  class space    used 9641K, committed 10240K, reserved 1048576K
}
Event: 518.499 GC heap after
{Heap after GC invocations=1230 (full 29):
 PSYoungGen      total 17920K, used 2325K [0x00000000eab00000, 0x00000000ec000000, 0x0000000100000000)
  eden space 15360K, 0% used [0x00000000eab00000,0x00000000eab00000,0x00000000eba00000)
  from space 2560K, 90% used [0x00000000ebd80000,0x00000000ebfc57d8,0x00000000ec000000)
  to   space 3072K, 0% used [0x00000000eba00000,0x00000000eba00000,0x00000000ebd00000)
 ParOldGen       total 256512K, used 240457K [0x00000000c0000000, 0x00000000cfa80000, 0x00000000eab00000)
  object space 256512K, 93% used [0x00000000c0000000,0x00000000cead2698,0x00000000cfa80000)
 Metaspace       used 81840K, committed 83136K, reserved 1179648K
  class space    used 9641K, committed 10240K, reserved 1048576K
}

Dll operation events (14 events):
Event: 0.009 Loaded shared library c:\Users\Admin\.vscode\extensions\redhat.java-1.23.0-win32-x64\jre\17.0.8.1-win32-x86_64\bin\java.dll
Event: 0.166 Loaded shared library c:\Users\Admin\.vscode\extensions\redhat.java-1.23.0-win32-x64\jre\17.0.8.1-win32-x86_64\bin\zip.dll
Event: 0.170 Loaded shared library C:\Users\Admin\.vscode\extensions\redhat.java-1.23.0-win32-x64\jre\17.0.8.1-win32-x86_64\bin\instrument.dll
Event: 0.185 Loaded shared library C:\Users\Admin\.vscode\extensions\redhat.java-1.23.0-win32-x64\jre\17.0.8.1-win32-x86_64\bin\net.dll
Event: 0.187 Loaded shared library C:\Users\Admin\.vscode\extensions\redhat.java-1.23.0-win32-x64\jre\17.0.8.1-win32-x86_64\bin\nio.dll
Event: 0.193 Loaded shared library C:\Users\Admin\.vscode\extensions\redhat.java-1.23.0-win32-x64\jre\17.0.8.1-win32-x86_64\bin\zip.dll
Event: 0.210 Loaded shared library C:\Users\Admin\.vscode\extensions\redhat.java-1.23.0-win32-x64\jre\17.0.8.1-win32-x86_64\bin\jimage.dll
Event: 0.361 Loaded shared library c:\Users\Admin\.vscode\extensions\redhat.java-1.23.0-win32-x64\jre\17.0.8.1-win32-x86_64\bin\verify.dll
Event: 1.463 Loaded shared library C:\Users\Admin\AppData\Roaming\Code\User\globalStorage\redhat.java\1.23.0\config_win\org.eclipse.equinox.launcher\org.eclipse.equinox.launcher.win32.win32.x86_64_1.2.700.v20221108-1024\eclipse_11801.dll
Event: 2.602 Loaded shared library C:\Users\Admin\.vscode\extensions\redhat.java-1.23.0-win32-x64\jre\17.0.8.1-win32-x86_64\bin\management.dll
Event: 2.607 Loaded shared library C:\Users\Admin\.vscode\extensions\redhat.java-1.23.0-win32-x64\jre\17.0.8.1-win32-x86_64\bin\management_ext.dll
Event: 3.739 Loaded shared library C:\Users\Admin\AppData\Local\Temp\jna-63116079\jna16563126313974716690.dll
Event: 6.365 Loaded shared library C:\Users\Admin\.vscode\extensions\redhat.java-1.23.0-win32-x64\jre\17.0.8.1-win32-x86_64\bin\sunmscapi.dll
Event: 10.211 Loaded shared library C:\Users\Admin\.gradle\native\68d5fa5c4cc2d200863cafc0d521ce42e7d3e7ee720ec0a83991735586a16f82\windows-amd64\native-platform.dll

Deoptimization events (20 events):
Event: 518.284 Thread 0x0000020287ddd390 Uncommon trap: trap_request=0xffffff45 fr.pc=0x00000202f294bf18 relative=0x0000000000000258
Event: 518.284 Thread 0x0000020287ddd390 Uncommon trap: reason=unstable_if action=reinterpret pc=0x00000202f294bf18 method=java.net.URI.equalIgnoringCase(Ljava/lang/String;Ljava/lang/String;)Z @ 25 c2
Event: 518.284 Thread 0x0000020287ddd390 DEOPT PACKING pc=0x00000202f294bf18 sp=0x000000a7ec2ff260
Event: 518.284 Thread 0x0000020287ddd390 DEOPT UNPACKING pc=0x00000202f1d666a3 sp=0x000000a7ec2ff1f8 mode 2
Event: 518.328 Thread 0x0000020287ddd390 Uncommon trap: trap_request=0xffffff45 fr.pc=0x00000202f2b68f40 relative=0x0000000000001960
Event: 518.328 Thread 0x0000020287ddd390 Uncommon trap: reason=unstable_if action=reinterpret pc=0x00000202f2b68f40 method=org.eclipse.core.internal.filesystem.FileStoreUtil.comparePathSegments(Ljava/lang/String;Ljava/lang/String;)I @ 7 c2
Event: 518.328 Thread 0x0000020287ddd390 DEOPT PACKING pc=0x00000202f2b68f40 sp=0x000000a7ec2fed10
Event: 518.328 Thread 0x0000020287ddd390 DEOPT UNPACKING pc=0x00000202f1d666a3 sp=0x000000a7ec2fec20 mode 2
Event: 518.328 Thread 0x0000020287ddd390 Uncommon trap: trap_request=0xffffff45 fr.pc=0x00000202f2b39098 relative=0x0000000000000078
Event: 518.328 Thread 0x0000020287ddd390 Uncommon trap: reason=unstable_if action=reinterpret pc=0x00000202f2b39098 method=org.eclipse.core.internal.resources.AliasManager$LocationMap.matchingResourcesDo(Lorg/eclipse/core/filesystem/IFileStore;Ljava/util/function/Consumer;)V @ 12 c2
Event: 518.328 Thread 0x0000020287ddd390 DEOPT PACKING pc=0x00000202f2b39098 sp=0x000000a7ec2fee30
Event: 518.329 Thread 0x0000020287ddd390 DEOPT UNPACKING pc=0x00000202f1d666a3 sp=0x000000a7ec2feda0 mode 2
Event: 518.347 Thread 0x0000020287de1050 Uncommon trap: trap_request=0xffffff45 fr.pc=0x00000202f2af2b00 relative=0x0000000000001400
Event: 518.347 Thread 0x0000020287de1050 Uncommon trap: reason=unstable_if action=reinterpret pc=0x00000202f2af2b00 method=org.eclipse.jdt.internal.core.index.DiskIndex.computeDocumentNames([Ljava/lang/String;[ILorg/eclipse/jdt/internal/compiler/util/SimpleLookupTable;Lorg/eclipse/jdt/internal/c
Event: 518.347 Thread 0x0000020287de1050 DEOPT PACKING pc=0x00000202f2af2b00 sp=0x000000a7ebffeb30
Event: 518.348 Thread 0x0000020287de1050 DEOPT UNPACKING pc=0x00000202f1d666a3 sp=0x000000a7ebffeab0 mode 2
Event: 518.487 Thread 0x0000020287ddd390 Uncommon trap: trap_request=0xffffff45 fr.pc=0x00000202f2b1d968 relative=0x0000000000000128
Event: 518.487 Thread 0x0000020287ddd390 Uncommon trap: reason=unstable_if action=reinterpret pc=0x00000202f2b1d968 method=org.eclipse.core.internal.filesystem.FileStoreUtil.comparePathSegments(Ljava/lang/String;Ljava/lang/String;)I @ 7 c2
Event: 518.487 Thread 0x0000020287ddd390 DEOPT PACKING pc=0x00000202f2b1d968 sp=0x000000a7ec2fec20
Event: 518.487 Thread 0x0000020287ddd390 DEOPT UNPACKING pc=0x00000202f1d666a3 sp=0x000000a7ec2febc8 mode 2

Classes unloaded (8 events):
Event: 3.824 Thread 0x00000202fbaa1f10 Unloading class 0x0000000100254000 'java/lang/invoke/LambdaForm$MH+0x0000000100254000'
Event: 3.824 Thread 0x00000202fbaa1f10 Unloading class 0x0000000100253c00 'java/lang/invoke/LambdaForm$MH+0x0000000100253c00'
Event: 3.824 Thread 0x00000202fbaa1f10 Unloading class 0x0000000100253800 'java/lang/invoke/LambdaForm$MH+0x0000000100253800'
Event: 3.824 Thread 0x00000202fbaa1f10 Unloading class 0x0000000100253400 'java/lang/invoke/LambdaForm$MH+0x0000000100253400'
Event: 3.824 Thread 0x00000202fbaa1f10 Unloading class 0x0000000100253000 'java/lang/invoke/LambdaForm$BMH+0x0000000100253000'
Event: 3.824 Thread 0x00000202fbaa1f10 Unloading class 0x0000000100252c00 'java/lang/invoke/LambdaForm$DMH+0x0000000100252c00'
Event: 3.824 Thread 0x00000202fbaa1f10 Unloading class 0x0000000100250000 'java/lang/invoke/LambdaForm$DMH+0x0000000100250000'
Event: 7.558 Thread 0x00000202fbaa1f10 Unloading class 0x00000001005a1800 'java/lang/invoke/LambdaForm$DMH+0x00000001005a1800'

Classes redefined (0 events):
No events

Internal exceptions (20 events):
Event: 518.179 Thread 0x0000020287ddd390 Exception <a 'sun/nio/fs/WindowsException'{0x00000000eb6abd70}> (0x00000000eb6abd70) 
thrown [s\src\hotspot\share\prims\jni.cpp, line 516]
Event: 518.266 Thread 0x0000020287ddd390 Exception <a 'sun/nio/fs/WindowsException'{0x00000000eb6bc100}> (0x00000000eb6bc100) 
thrown [s\src\hotspot\share\prims\jni.cpp, line 516]
Event: 518.268 Thread 0x0000020287ddd390 Exception <a 'sun/nio/fs/WindowsException'{0x00000000eb6c0dc0}> (0x00000000eb6c0dc0) 
thrown [s\src\hotspot\share\prims\jni.cpp, line 516]
Event: 518.272 Thread 0x0000020287ddd390 Exception <a 'sun/nio/fs/WindowsException'{0x00000000eb6ec028}> (0x00000000eb6ec028) 
thrown [s\src\hotspot\share\prims\jni.cpp, line 516]
Event: 518.273 Thread 0x0000020287ddd390 Exception <a 'sun/nio/fs/WindowsException'{0x00000000eb6f1370}> (0x00000000eb6f1370) 
thrown [s\src\hotspot\share\prims\jni.cpp, line 516]
Event: 518.292 Thread 0x0000020287ddd390 Exception <a 'sun/nio/fs/WindowsException'{0x00000000eb731640}> (0x00000000eb731640) 
thrown [s\src\hotspot\share\prims\jni.cpp, line 516]
Event: 518.309 Thread 0x0000020287ddd390 Exception <a 'sun/nio/fs/WindowsException'{0x00000000eb753f40}> (0x00000000eb753f40) 
thrown [s\src\hotspot\share\prims\jni.cpp, line 516]
Event: 518.412 Thread 0x0000020287ddd390 Exception <a 'sun/nio/fs/WindowsException'{0x00000000eb87b948}> (0x00000000eb87b948) 
thrown [s\src\hotspot\share\prims\jni.cpp, line 516]
Event: 518.414 Thread 0x0000020287ddd390 Exception <a 'sun/nio/fs/WindowsException'{0x00000000eb8805e8}> (0x00000000eb8805e8) 
thrown [s\src\hotspot\share\prims\jni.cpp, line 516]
Event: 518.418 Thread 0x0000020287ddd390 Exception <a 'sun/nio/fs/WindowsException'{0x00000000eb891ab0}> (0x00000000eb891ab0) 
thrown [s\src\hotspot\share\prims\jni.cpp, line 516]
Event: 518.420 Thread 0x0000020287ddd390 Exception <a 'sun/nio/fs/WindowsException'{0x00000000eb896cd8}> (0x00000000eb896cd8) 
thrown [s\src\hotspot\share\prims\jni.cpp, line 516]
Event: 518.424 Thread 0x0000020287ddd390 Exception <a 'sun/nio/fs/WindowsException'{0x00000000eb8a9098}> (0x00000000eb8a9098) 
thrown [s\src\hotspot\share\prims\jni.cpp, line 516]
Event: 518.425 Thread 0x0000020287ddd390 Exception <a 'sun/nio/fs/WindowsException'{0x00000000eb8ae960}> (0x00000000eb8ae960) 
thrown [s\src\hotspot\share\prims\jni.cpp, line 516]
Event: 518.434 Thread 0x0000020287ddd390 Exception <a 'sun/nio/fs/WindowsException'{0x00000000eb8f5688}> (0x00000000eb8f5688) 
thrown [s\src\hotspot\share\prims\jni.cpp, line 516]
Event: 518.483 Thread 0x0000020287ddd390 Exception <a 'sun/nio/fs/WindowsException'{0x00000000eb97dd90}> (0x00000000eb97dd90) 
thrown [s\src\hotspot\share\prims\jni.cpp, line 516]
Event: 518.527 Thread 0x0000020287ddd390 Exception <a 'sun/nio/fs/WindowsException'{0x00000000eac3f408}> (0x00000000eac3f408) 
thrown [s\src\hotspot\share\prims\jni.cpp, line 516]
Event: 518.545 Thread 0x0000020287ddd390 Exception <a 'sun/nio/fs/WindowsException'{0x00000000eac66208}> (0x00000000eac66208) 
thrown [s\src\hotspot\share\prims\jni.cpp, line 516]
Event: 518.590 Thread 0x0000020287ddd390 Exception <a 'sun/nio/fs/WindowsException'{0x00000000eadcc4e8}> (0x00000000eadcc4e8) 
thrown [s\src\hotspot\share\prims\jni.cpp, line 516]
Event: 518.610 Thread 0x0000020287ddd390 Exception <a 'sun/nio/fs/WindowsException'{0x00000000eadf52b8}> (0x00000000eadf52b8) 
thrown [s\src\hotspot\share\prims\jni.cpp, line 516]
Event: 518.642 Thread 0x0000020287ddd390 Exception <a 'sun/nio/fs/WindowsException'{0x00000000eaf22e58}> (0x00000000eaf22e58) 
thrown [s\src\hotspot\share\prims\jni.cpp, line 516]

VM Operations (20 events):
Event: 477.275 Executing VM operation: ParallelGCFailedAllocation
Event: 477.278 Executing VM operation: ParallelGCFailedAllocation done
Event: 477.499 Executing VM operation: ParallelGCFailedAllocation
Event: 477.501 Executing VM operation: ParallelGCFailedAllocation done
Event: 481.373 Executing VM operation: HandshakeAllThreads
Event: 481.373 Executing VM operation: HandshakeAllThreads done
Event: 516.389 Executing VM operation: Cleanup
Event: 516.389 Executing VM operation: Cleanup done
Event: 516.881 Executing VM operation: ParallelGCFailedAllocation
Event: 516.887 Executing VM operation: ParallelGCFailedAllocation done
Event: 517.265 Executing VM operation: ParallelGCFailedAllocation
Event: 517.272 Executing VM operation: ParallelGCFailedAllocation done
Event: 517.582 Executing VM operation: ParallelGCFailedAllocation
Event: 517.588 Executing VM operation: ParallelGCFailedAllocation done
Event: 517.834 Executing VM operation: ParallelGCFailedAllocation
Event: 517.843 Executing VM operation: ParallelGCFailedAllocation done
Event: 517.898 Executing VM operation: ParallelGCFailedAllocation
Event: 517.902 Executing VM operation: ParallelGCFailedAllocation done
Event: 518.493 Executing VM operation: ParallelGCFailedAllocation
Event: 518.499 Executing VM operation: ParallelGCFailedAllocation done

Events (20 events):
Event: 364.942 Thread 0x0000020285221460 Thread exited: 0x0000020285221460
Event: 365.103 Thread 0x0000020285221e80 Thread added: 0x0000020285221e80
Event: 365.535 Thread 0x000002028521ebe0 Thread exited: 0x000002028521ebe0
Event: 476.458 Thread 0x0000020289426320 Thread added: 0x0000020289426320
Event: 477.589 Thread 0x0000020289426320 Thread exited: 0x0000020289426320
Event: 485.109 Thread 0x000002028521e6d0 Thread exited: 0x000002028521e6d0
Event: 517.455 loading class java/util/Collections$UnmodifiableSortedSet
Event: 517.457 loading class java/util/Collections$UnmodifiableSortedSet done
Event: 517.522 loading class java/util/regex/Pattern$Caret
Event: 517.522 loading class java/util/regex/Pattern$Caret done
Event: 517.673 loading class java/util/stream/ReferencePipeline$4
Event: 517.676 loading class java/util/stream/ReferencePipeline$4 done
Event: 517.677 loading class java/util/stream/Nodes$IntFixedNodeBuilder
Event: 517.679 loading class java/util/stream/Node$Builder$OfInt
Event: 517.680 loading class java/util/stream/Node$Builder$OfInt done
Event: 517.680 loading class java/util/stream/Nodes$IntArrayNode
Event: 517.681 loading class java/util/stream/Nodes$IntArrayNode done
Event: 517.681 loading class java/util/stream/Nodes$IntFixedNodeBuilder done
Event: 517.681 loading class java/util/stream/ReferencePipeline$4$1
Event: 517.682 loading class java/util/stream/ReferencePipeline$4$1 done


Dynamic libraries:
0x00007ff6b7760000 - 0x00007ff6b776e000 	c:\Users\Admin\.vscode\extensions\redhat.java-1.23.0-win32-x64\jre\17.0.8.1-win32-x86_64\bin\java.exe
0x00007ffc9f350000 - 0x00007ffc9f564000 	C:\WINDOWS\SYSTEM32\ntdll.dll
0x00007ffc9e4a0000 - 0x00007ffc9e564000 	C:\WINDOWS\System32\KERNEL32.DLL
0x00007ffc9ca80000 - 0x00007ffc9ce24000 	C:\WINDOWS\System32\KERNELBASE.dll
0x00007ffc9cea0000 - 0x00007ffc9cfb1000 	C:\WINDOWS\System32\ucrtbase.dll
0x00007ffc92a10000 - 0x00007ffc92a27000 	c:\Users\Admin\.vscode\extensions\redhat.java-1.23.0-win32-x64\jre\17.0.8.1-win32-x86_64\bin\jli.dll
0x00007ffc9d740000 - 0x00007ffc9d8ee000 	C:\WINDOWS\System32\USER32.dll
0x00007ffc9c9b0000 - 0x00007ffc9c9d6000 	C:\WINDOWS\System32\win32u.dll
0x00007ffc94940000 - 0x00007ffc94959000 	c:\Users\Admin\.vscode\extensions\redhat.java-1.23.0-win32-x64\jre\17.0.8.1-win32-x86_64\bin\VCRUNTIME140.dll
0x00007ffc9d5a0000 - 0x00007ffc9d5c9000 	C:\WINDOWS\System32\GDI32.dll
0x00007ffc9cfc0000 - 0x00007ffc9d0d8000 	C:\WINDOWS\System32\gdi32full.dll
0x00007ffc9c9e0000 - 0x00007ffc9ca7a000 	C:\WINDOWS\System32\msvcp_win.dll
0x00007ffc8bf60000 - 0x00007ffc8c1f3000 	C:\WINDOWS\WinSxS\amd64_microsoft.windows.common-controls_6595b64144ccf1df_6.0.22621.2215_none_270d72677387dfc3\COMCTL32.dll
0x00007ffc9e6d0000 - 0x00007ffc9e777000 	C:\WINDOWS\System32\msvcrt.dll
0x00007ffc9e5a0000 - 0x00007ffc9e5d1000 	C:\WINDOWS\System32\IMM32.DLL
0x00007ffc96d50000 - 0x00007ffc96d5c000 	c:\Users\Admin\.vscode\extensions\redhat.java-1.23.0-win32-x64\jre\17.0.8.1-win32-x86_64\bin\vcruntime140_1.dll
0x00007ffc61f60000 - 0x00007ffc61ff1000 	c:\Users\Admin\.vscode\extensions\redhat.java-1.23.0-win32-x64\jre\17.0.8.1-win32-x86_64\bin\msvcp140.dll
0x00007ffc0f3a0000 - 0x00007ffc0ffec000 	c:\Users\Admin\.vscode\extensions\redhat.java-1.23.0-win32-x64\jre\17.0.8.1-win32-x86_64\bin\server\jvm.dll
0x00007ffc9ea30000 - 0x00007ffc9eae0000 	C:\WINDOWS\System32\ADVAPI32.dll
0x00007ffc9db20000 - 0x00007ffc9dbc6000 	C:\WINDOWS\System32\sechost.dll
0x00007ffc9d480000 - 0x00007ffc9d597000 	C:\WINDOWS\System32\RPCRT4.dll
0x00007ffc94a40000 - 0x00007ffc94a49000 	C:\WINDOWS\SYSTEM32\WSOCK32.dll
0x00007ffc9c5d0000 - 0x00007ffc9c61d000 	C:\WINDOWS\SYSTEM32\POWRPROF.dll
0x00007ffc948c0000 - 0x00007ffc948f4000 	C:\WINDOWS\SYSTEM32\WINMM.dll
0x00007ffc9dbd0000 - 0x00007ffc9dc41000 	C:\WINDOWS\System32\WS2_32.dll
0x00007ffc956c0000 - 0x00007ffc956ca000 	C:\WINDOWS\SYSTEM32\VERSION.dll
0x00007ffc9c5b0000 - 0x00007ffc9c5c3000 	C:\WINDOWS\SYSTEM32\UMPDC.dll
0x00007ffc9b750000 - 0x00007ffc9b768000 	C:\WINDOWS\SYSTEM32\kernel.appcore.dll
0x00007ffc94570000 - 0x00007ffc9457a000 	c:\Users\Admin\.vscode\extensions\redhat.java-1.23.0-win32-x64\jre\17.0.8.1-win32-x86_64\bin\jimage.dll
0x00007ffc94130000 - 0x00007ffc9435e000 	C:\WINDOWS\SYSTEM32\DBGHELP.DLL
0x00007ffc9d0e0000 - 0x00007ffc9d46a000 	C:\WINDOWS\System32\combase.dll
0x00007ffc9e0d0000 - 0x00007ffc9e1a7000 	C:\WINDOWS\System32\OLEAUT32.dll
0x00007ffc93f70000 - 0x00007ffc93fa2000 	C:\WINDOWS\SYSTEM32\dbgcore.DLL
0x00007ffc9c930000 - 0x00007ffc9c9aa000 	C:\WINDOWS\System32\bcryptPrimitives.dll
0x00007ffc91ff0000 - 0x00007ffc91ffe000 	c:\Users\Admin\.vscode\extensions\redhat.java-1.23.0-win32-x64\jre\17.0.8.1-win32-x86_64\bin\instrument.dll
0x00007ffc6fb40000 - 0x00007ffc6fb65000 	c:\Users\Admin\.vscode\extensions\redhat.java-1.23.0-win32-x64\jre\17.0.8.1-win32-x86_64\bin\java.dll
0x00007ffc91d90000 - 0x00007ffc91da8000 	c:\Users\Admin\.vscode\extensions\redhat.java-1.23.0-win32-x64\jre\17.0.8.1-win32-x86_64\bin\zip.dll
0x00007ffc9eae0000 - 0x00007ffc9f303000 	C:\WINDOWS\System32\SHELL32.dll
0x00007ffc9a690000 - 0x00007ffc9af7a000 	C:\WINDOWS\SYSTEM32\windows.storage.dll
0x00007ffc9a550000 - 0x00007ffc9a68e000 	C:\WINDOWS\SYSTEM32\wintypes.dll
0x00007ffc9e790000 - 0x00007ffc9e883000 	C:\WINDOWS\System32\SHCORE.dll
0x00007ffc9e670000 - 0x00007ffc9e6ce000 	C:\WINDOWS\System32\shlwapi.dll
0x00007ffc9c630000 - 0x00007ffc9c656000 	C:\WINDOWS\SYSTEM32\profapi.dll
0x00007ffc8f420000 - 0x00007ffc8f439000 	C:\Users\Admin\.vscode\extensions\redhat.java-1.23.0-win32-x64\jre\17.0.8.1-win32-x86_64\bin\net.dll
0x00007ffc97450000 - 0x00007ffc97587000 	C:\WINDOWS\SYSTEM32\WINHTTP.dll
0x00007ffc9bbd0000 - 0x00007ffc9bc39000 	C:\WINDOWS\system32\mswsock.dll
0x00007ffc8f2f0000 - 0x00007ffc8f305000 	C:\Users\Admin\.vscode\extensions\redhat.java-1.23.0-win32-x64\jre\17.0.8.1-win32-x86_64\bin\nio.dll
0x00007ffc91fe0000 - 0x00007ffc91ff0000 	c:\Users\Admin\.vscode\extensions\redhat.java-1.23.0-win32-x64\jre\17.0.8.1-win32-x86_64\bin\verify.dll
0x00007ffc6f830000 - 0x00007ffc6f86e000 	C:\Users\Admin\AppData\Roaming\Code\User\globalStorage\redhat.java\1.23.0\config_win\org.eclipse.equinox.launcher\org.eclipse.equinox.launcher.win32.win32.x86_64_1.2.700.v20221108-1024\eclipse_11801.dll
0x00007ffc9e890000 - 0x00007ffc9ea2e000 	C:\WINDOWS\System32\ole32.dll
0x00007ffc999b0000 - 0x00007ffc999b9000 	C:\Users\Admin\.vscode\extensions\redhat.java-1.23.0-win32-x64\jre\17.0.8.1-win32-x86_64\bin\management.dll
0x00007ffc999a0000 - 0x00007ffc999ab000 	C:\Users\Admin\.vscode\extensions\redhat.java-1.23.0-win32-x64\jre\17.0.8.1-win32-x86_64\bin\management_ext.dll
0x00007ffc9e490000 - 0x00007ffc9e498000 	C:\WINDOWS\System32\PSAPI.DLL
0x00007ffc9be30000 - 0x00007ffc9be4b000 	C:\WINDOWS\SYSTEM32\CRYPTSP.dll
0x00007ffc9b6c0000 - 0x00007ffc9b6f5000 	C:\WINDOWS\system32\rsaenh.dll
0x00007ffc9bcc0000 - 0x00007ffc9bcec000 	C:\WINDOWS\SYSTEM32\USERENV.dll
0x00007ffc9bfc0000 - 0x00007ffc9bfe8000 	C:\WINDOWS\SYSTEM32\bcrypt.dll
0x00007ffc9be20000 - 0x00007ffc9be2c000 	C:\WINDOWS\SYSTEM32\CRYPTBASE.dll
0x00007ffc9b1d0000 - 0x00007ffc9b1fd000 	C:\WINDOWS\SYSTEM32\IPHLPAPI.DLL
0x00007ffc9e590000 - 0x00007ffc9e599000 	C:\WINDOWS\System32\NSI.dll
0x00007ffc95b60000 - 0x00007ffc95b79000 	C:\WINDOWS\SYSTEM32\dhcpcsvc6.DLL
0x00007ffc95b40000 - 0x00007ffc95b5f000 	C:\WINDOWS\SYSTEM32\dhcpcsvc.DLL
0x00007ffc9b200000 - 0x00007ffc9b2f2000 	C:\WINDOWS\SYSTEM32\DNSAPI.dll
0x00007ffc575d0000 - 0x00007ffc57615000 	C:\Users\Admin\AppData\Local\Temp\jna-63116079\jna16563126313974716690.dll
0x00007ffc8f370000 - 0x00007ffc8f37e000 	C:\Users\Admin\.vscode\extensions\redhat.java-1.23.0-win32-x64\jre\17.0.8.1-win32-x86_64\bin\sunmscapi.dll
0x00007ffc9c7c0000 - 0x00007ffc9c926000 	C:\WINDOWS\System32\CRYPT32.dll
0x00007ffc9bf90000 - 0x00007ffc9bfbe000 	C:\WINDOWS\SYSTEM32\ncrypt.dll
0x00007ffc9bf50000 - 0x00007ffc9bf87000 	C:\WINDOWS\SYSTEM32\NTASN1.dll
0x00007ffc948b0000 - 0x00007ffc948ba000 	C:\Windows\System32\rasadhlp.dll
0x00007ffc94820000 - 0x00007ffc948a4000 	C:\WINDOWS\System32\fwpuclnt.dll
0x00007ffc62050000 - 0x00007ffc62077000 	C:\Users\Admin\.gradle\native\68d5fa5c4cc2d200863cafc0d521ce42e7d3e7ee720ec0a83991735586a16f82\windows-amd64\native-platform.dll
0x00007ffc78ed0000 - 0x00007ffc78ed8000 	C:\WINDOWS\system32\wshunix.dll

dbghelp: loaded successfully - version: 4.0.5 - missing functions: none
symbol engine: initialized successfully - sym options: 0x614 - pdb path: .;c:\Users\Admin\.vscode\extensions\redhat.java-1.23.0-win32-x64\jre\17.0.8.1-win32-x86_64\bin;C:\WINDOWS\SYSTEM32;C:\WINDOWS\WinSxS\amd64_microsoft.windows.common-controls_6595b64144ccf1df_6.0.22621.2215_none_270d72677387dfc3;c:\Users\Admin\.vscode\extensions\redhat.java-1.23.0-win32-x64\jre\17.0.8.1-win32-x86_64\bin\server;C:\Users\Admin\AppData\Roaming\Code\User\globalStorage\redhat.java\1.23.0\config_win\org.eclipse.equinox.launcher\org.eclipse.equinox.launcher.win32.win32.x86_64_1.2.700.v20221108-1024;C:\Users\Admin\AppData\Local\Temp\jna-63116079;C:\Users\Admin\.gradle\native\68d5fa5c4cc2d200863cafc0d521ce42e7d3e7ee720ec0a83991735586a16f82\windows-amd64

VM Arguments:
jvm_args: --add-modules=ALL-SYSTEM --add-opens=java.base/java.util=ALL-UNNAMED --add-opens=java.base/java.lang=ALL-UNNAMED --add-opens=java.base/sun.nio.fs=ALL-UNNAMED -Declipse.application=org.eclipse.jdt.ls.core.id1 -Dosgi.bundles.defaultStartLevel=4 -Declipse.product=org.eclipse.jdt.ls.core.product -Djava.import.generatesMetadataFilesAtProjectRoot=false -DDetectVMInstallationsJob.disabled=true -Dfile.encoding=utf8 -XX:+UseParallelGC -XX:GCTimeRatio=4 -XX:AdaptiveSizePolicyWeight=90 -Dsun.zip.disableMemoryMapping=true -Xmx1G -Xms100m -Xlog:disable -javaagent:c:\Users\Admin\.vscode\extensions\redhat.java-1.23.0-win32-x64\lombok\lombok-1.18.30.jar -XX:+HeapDumpOnOutOfMemoryError -XX:HeapDumpPath=c:\Users\Admin\AppData\Roaming\Code\User\workspaceStorage\08d266126c36d593499f2867316cb880\redhat.java -Daether.dependencyCollector.impl=bf 
java_command: c:\Users\Admin\.vscode\extensions\redhat.java-1.23.0-win32-x64\server\plugins\org.eclipse.equinox.launcher_1.6.500.v20230717-2134.jar -configuration c:\Users\Admin\AppData\Roaming\Code\User\globalStorage\redhat.java\1.23.0\config_win -data c:\Users\Admin\AppData\Roaming\Code\User\workspaceStorage\08d266126c36d593499f2867316cb880\redhat.java\jdt_ws
java_class_path (initial): c:\Users\Admin\.vscode\extensions\redhat.java-1.23.0-win32-x64\server\plugins\org.eclipse.equinox.launcher_1.6.500.v20230717-2134.jar
Launcher Type: SUN_STANDARD

[Global flags]
    uintx AdaptiveSizePolicyWeight                 = 90                                        {product} {command line}
     intx CICompilerCount                          = 12                                        {product} {ergonomic}
    uintx GCTimeRatio                              = 4                                         {product} {command line}
     bool HeapDumpOnOutOfMemoryError               = true                                   {manageable} {command line}
    ccstr HeapDumpPath                             = c:\Users\Admin\AppData\Roaming\Code\User\workspaceStorage\08d266126c36d593499f2867316cb880\redhat.java         {manageable} {command line}
   size_t InitialHeapSize                          = 104857600                                 {product} {command line}
   size_t MaxHeapSize                              = 1073741824                                {product} {command line}
   size_t MaxNewSize                               = 357564416                                 {product} {ergonomic}
   size_t MinHeapDeltaBytes                        = 524288                                    {product} {ergonomic}
   size_t MinHeapSize                              = 104857600                                 {product} {command line}
   size_t NewSize                                  = 34603008                                  {product} {ergonomic}
    uintx NonNMethodCodeHeapSize                   = 7602480                                {pd product} {ergonomic}
    uintx NonProfiledCodeHeapSize                  = 122027880                              {pd product} {ergonomic}
   size_t OldSize                                  = 70254592                                  {product} {ergonomic}
    uintx ProfiledCodeHeapSize                     = 122027880                              {pd product} {ergonomic}
    uintx ReservedCodeCacheSize                    = 251658240                              {pd product} {ergonomic}
     bool SegmentedCodeCache                       = true                                      {product} {ergonomic}
   size_t SoftMaxHeapSize                          = 1073741824                             {manageable} {ergonomic}
     bool UseCompressedClassPointers               = true                           {product lp64_product} {ergonomic}
     bool UseCompressedOops                        = true                           {product lp64_product} {ergonomic}
     bool UseLargePagesIndividualAllocation        = false                                  {pd product} {ergonomic}
     bool UseParallelGC                            = true                                      {product} {command line}

Logging:
Log output configuration:
 #0: stdout all=off uptime,level,tags
 #1: stderr all=off uptime,level,tags

Environment Variables:
JAVA_HOME=C:\Program Files\Microsoft\jdk-11.0.20.8-hotspot\
PATH=C:\Program Files\Microsoft\jdk-11.0.20.8-hotspot\bin;C:\Windows\system32;C:\Windows;C:\Windows\System32\Wbem;C:\Windows\System32\WindowsPowerShell\v1.0\;C:\Windows\System32\OpenSSH\;C:\Program Files (x86)\NVIDIA Corporation\PhysX\Common;C:\Program Files\NVIDIA Corporation\NVIDIA NvDLISR;C:\Program Files\dotnet\;C:\WINDOWS\system32;C:\WINDOWS;C:\WINDOWS\System32\Wbem;C:\WINDOWS\System32\WindowsPowerShell\v1.0\;C:\WINDOWS\System32\OpenSSH\;C:\Program Files\Git\cmd;C:\ProgramData\chocolatey\bin;C:\Program Files\nodejs\;C:\Users\Admin\AppData\Local\Programs\Python\Python310\Scripts\;C:\Users\Admin\AppData\Local\Programs\Python\Python310\;C:\Users\Admin\AppData\Local\Microsoft\WindowsApps;C:\Users\Admin\AppData\Local\Programs\Microsoft VS Code\bin;C:\Users\Admin\.dotnet\tools;C:\flutter\bin;C:\Users\Admin\AppData\Local\GitHubDesktop\bin;C:\Program Files\Android\Android Studio\jbr\bin;C:\Users\Admin\AppData\Roaming\npm;C:\Users\Admin\AppData\Local\Android\Sdk;C:\Users\Admin\AppData\Local\Android\Sdk\platform-tools;
USERNAME=Admin
OS=Windows_NT
PROCESSOR_IDENTIFIER=AMD64 Family 25 Model 68 Stepping 1, AuthenticAMD
TMP=C:\Users\Admin\AppData\Local\Temp
TEMP=C:\Users\Admin\AppData\Local\Temp



---------------  S Y S T E M  ---------------

OS:
 Windows 11 , 64 bit Build 22621 (10.0.22621.2215)
OS uptime: 0 days 0:13 hours

CPU: total 16 (initial active 16) (16 cores per cpu, 2 threads per core) family 25 model 68 stepping 1 microcode 0x0, cx8, cmov, fxsr, ht, mmx, 3dnowpref, sse, sse2, sse3, ssse3, sse4a, sse4.1, sse4.2, popcnt, lzcnt, tsc, tscinvbit, avx, avx2, aes, clmul, bmi1, bmi2, adx, sha, fma, vzeroupper, clflush, clflushopt
Processor Information for all 16 processors :
  Max Mhz: 3201, Current Mhz: 3201, Mhz Limit: 3201

Memory: 4k page, system-wide physical 7421M (17M free)
TotalPageFile size 19709M (AvailPageFile size 4M)
current process WorkingSet (physical memory assigned to process): 189M, peak: 703M
current process commit charge ("private bytes"): 562M, peak: 810M

vm_info: OpenJDK 64-Bit Server VM (17.0.8.1+1) for windows-amd64 JRE (17.0.8.1+1), built on Aug 23 2023 15:29:17 by "admin" with MS VC++ 16.7 (VS2019)

END.
