#
# There is insufficient memory for the Java Runtime Environment to continue.
# Native memory allocation (mmap) failed to map 65536 bytes for Failed to commit area from 0x0000028cba040000 to 0x0000028cba050000 of length 65536.
# Possible reasons:
#   The system is out of physical RAM or swap space
#   The process is running with CompressedOops enabled, and the Java Heap may be blocking the growth of the native heap
# Possible solutions:
#   Reduce memory load on the system
#   Increase physical memory or swap space
#   Check if swap backing store is full
#   Decrease Java heap size (-Xmx/-Xms)
#   Decrease number of Java threads
#   Decrease Java thread stack sizes (-Xss)
#   Set larger code cache with -XX:ReservedCodeCacheSize=
#   JVM is running with Unscaled Compressed Oops mode in which the Java heap is
#     placed in the first 4GB address space. The Java Heap base address is the
#     maximum limit for the native heap growth. Please use -XX:HeapBaseMinAddress
#     to set the Java Heap base and to place the Java Heap above 4GB virtual address.
# This output file may be truncated or incomplete.
#
#  Out of Memory Error (os_windows.cpp:3386), pid=4432, tid=16832
#
# JRE version: OpenJDK Runtime Environment Microsoft-8035250 (11.0.20+8) (build 11.0.20+8-LTS)
# Java VM: OpenJDK 64-Bit Server VM Microsoft-8035250 (11.0.20+8-LTS, mixed mode, tiered, compressed oops, g1 gc, windows-amd64)
# No core dump will be written. Minidumps are not enabled by default on client versions of Windows
#

---------------  S U M M A R Y ------------

Command Line: -XX:MaxMetaspaceSize=512m --add-opens=java.base/java.util=ALL-UNNAMED --add-opens=java.base/java.lang=ALL-UNNAMED --add-opens=java.base/java.lang.invoke=ALL-UNNAMED --add-opens=java.prefs/java.util.prefs=ALL-UNNAMED --add-opens=java.base/java.nio.charset=ALL-UNNAMED --add-opens=java.base/java.net=ALL-UNNAMED --add-opens=java.base/java.util.concurrent.atomic=ALL-UNNAMED -Xmx2048m -Dfile.encoding=utf8 -Duser.country=US -Duser.language=en -Duser.variant org.gradle.launcher.daemon.bootstrap.GradleDaemon 8.0.1

Host: AMD Ryzen 7 6800H with Radeon Graphics         , 16 cores, 7G,  Windows 11 , 64 bit Build 22621 (10.0.22621.2428)
Time: Wed Oct 18 20:03:16 2023 SE Asia Standard Time elapsed time: 24.810781 seconds (0d 0h 0m 24s)

---------------  T H R E A D  ---------------

Current thread (0x0000028cbe943800):  VMThread "VM Thread" [stack: 0x000000d5ed800000,0x000000d5ed900000] [id=16832]

Stack: [0x000000d5ed800000,0x000000d5ed900000]
[error occurred during error reporting (printing stack bounds), id 0xc0000005, EXCEPTION_ACCESS_VIOLATION (0xc0000005) at pc=0x0000028ca753112d]

Native frames: (J=compiled Java code, j=interpreted, Vv=VM code, C=native code)
V  [jvm.dll+0x62e9da]
V  [jvm.dll+0x7bc4e9]
V  [jvm.dll+0x7bdbd8]
V  [jvm.dll+0x7be215]
V  [jvm.dll+0x7be1cb]
V  [jvm.dll+0x62dd67]
V  [jvm.dll+0x62e478]
C  [ntdll.dll+0xa449f]
C  [ntdll.dll+0x1e456]
C  [ntdll.dll+0xa348e]
C  0x0000028ca753112d

VM_Operation (0x000000d5eeffe220): G1CollectForAllocation, mode: safepoint, requested by thread 0x0000028cc19ce800


---------------  P R O C E S S  ---------------

Threads class SMR info:
_java_thread_list=0x0000028cc9fe83f0, length=47, elements={
0x0000028c9edbd800, 0x0000028cbe947800, 0x0000028cbe951800, 0x0000028cbe964000,
0x0000028cbe965000, 0x0000028cbe966000, 0x0000028cbe971000, 0x0000028cbe976000,
0x0000028cbe977000, 0x0000028cbf424000, 0x0000028cc00b5000, 0x0000028cc148c800,
0x0000028cc151d800, 0x0000028cc1782000, 0x0000028cc14fc800, 0x0000028cc1901800,
0x0000028cc1479800, 0x0000028cc147b000, 0x0000028cc17b9000, 0x0000028cc19ce800,
0x0000028cc1a30800, 0x0000028cc1a32800, 0x0000028cc1a32000, 0x0000028cc1a34800,
0x0000028cc1a33800, 0x0000028cc1a36000, 0x0000028cc1d3e000, 0x0000028cc1d39000,
0x0000028cc1d3b800, 0x0000028cc1d3e800, 0x0000028cc1d3c800, 0x0000028cc1d3d000,
0x0000028cc1d3f800, 0x0000028cbf40e000, 0x0000028cc1d40800, 0x0000028cc1d3a800,
0x0000028cc1d43800, 0x0000028cc1d44800, 0x0000028cc0951000, 0x0000028cc0952000,
0x0000028cc0954800, 0x0000028cc0955800, 0x0000028cc094f800, 0x0000028cc095b000,
0x0000028cc0958800, 0x0000028cc0956000, 0x0000028cc0957800
}

Java Threads: ( => current thread )
  0x0000028c9edbd800 JavaThread "main" [_thread_blocked, id=22740, stack(0x000000d5ed200000,0x000000d5ed300000)]
  0x0000028cbe947800 JavaThread "Reference Handler" daemon [_thread_blocked, id=1672, stack(0x000000d5ed900000,0x000000d5eda00000)]
  0x0000028cbe951800 JavaThread "Finalizer" daemon [_thread_blocked, id=18184, stack(0x000000d5eda00000,0x000000d5edb00000)]
  0x0000028cbe964000 JavaThread "Signal Dispatcher" daemon [_thread_blocked, id=23496, stack(0x000000d5edb00000,0x000000d5edc00000)]
  0x0000028cbe965000 JavaThread "Attach Listener" daemon [_thread_blocked, id=18996, stack(0x000000d5edc00000,0x000000d5edd00000)]
  0x0000028cbe966000 JavaThread "Service Thread" daemon [_thread_blocked, id=4100, stack(0x000000d5edd00000,0x000000d5ede00000)]
  0x0000028cbe971000 JavaThread "C2 CompilerThread0" daemon [_thread_blocked, id=18456, stack(0x000000d5ede00000,0x000000d5edf00000)]
  0x0000028cbe976000 JavaThread "C1 CompilerThread0" daemon [_thread_blocked, id=25552, stack(0x000000d5edf00000,0x000000d5ee000000)]
  0x0000028cbe977000 JavaThread "Sweeper thread" daemon [_thread_blocked, id=18420, stack(0x000000d5ee000000,0x000000d5ee100000)]
  0x0000028cbf424000 JavaThread "Common-Cleaner" daemon [_thread_blocked, id=4048, stack(0x000000d5ee200000,0x000000d5ee300000)]
  0x0000028cc00b5000 JavaThread "Daemon health stats" [_thread_blocked, id=3016, stack(0x000000d5ee600000,0x000000d5ee700000)]
  0x0000028cc148c800 JavaThread "Incoming local TCP Connector on port 50638" [_thread_in_native, id=15772, stack(0x000000d5ee700000,0x000000d5ee800000)]
  0x0000028cc151d800 JavaThread "Daemon periodic checks" [_thread_blocked, id=12028, stack(0x000000d5ee800000,0x000000d5ee900000)]
  0x0000028cc1782000 JavaThread "Daemon" [_thread_blocked, id=14860, stack(0x000000d5ee900000,0x000000d5eea00000)]
  0x0000028cc14fc800 JavaThread "Handler for socket connection from /127.0.0.1:50638 to /127.0.0.1:50639" [_thread_in_native, id=24612, stack(0x000000d5eea00000,0x000000d5eeb00000)]
  0x0000028cc1901800 JavaThread "Cancel handler" [_thread_blocked, id=2852, stack(0x000000d5eeb00000,0x000000d5eec00000)]
  0x0000028cc1479800 JavaThread "Daemon worker" [_thread_blocked, id=9020, stack(0x000000d5eec00000,0x000000d5eed00000)]
  0x0000028cc147b000 JavaThread "Asynchronous log dispatcher for DefaultDaemonConnection: socket connection from /127.0.0.1:50638 to /127.0.0.1:50639" [_thread_blocked, id=15640, stack(0x000000d5eed00000,0x000000d5eee00000)]
  0x0000028cc17b9000 JavaThread "Stdin handler" [_thread_blocked, id=15672, stack(0x000000d5eee00000,0x000000d5eef00000)]
  0x0000028cc19ce800 JavaThread "Daemon client event forwarder" [_thread_blocked, id=14684, stack(0x000000d5eef00000,0x000000d5ef000000)]
  0x0000028cc1a30800 JavaThread "Cache worker for journal cache (C:\Users\Admin\.gradle\caches\journal-1)" [_thread_blocked, id=24344, stack(0x000000d5eff00000,0x000000d5f0000000)]
  0x0000028cc1a32800 JavaThread "File lock request listener" [_thread_in_native, id=11256, stack(0x000000d5f0000000,0x000000d5f0100000)]
  0x0000028cc1a32000 JavaThread "Cache worker for file hash cache (C:\Users\Admin\.gradle\caches\8.0.1\fileHashes)" [_thread_blocked, id=13732, stack(0x000000d5f0100000,0x000000d5f0200000)]
  0x0000028cc1a34800 JavaThread "File watcher server" daemon [_thread_in_native, id=2592, stack(0x000000d5f0200000,0x000000d5f0300000)]
  0x0000028cc1a33800 JavaThread "File watcher consumer" daemon [_thread_blocked, id=14624, stack(0x000000d5f0300000,0x000000d5f0400000)]
  0x0000028cc1a36000 JavaThread "Cache worker for file content cache (C:\Users\Admin\.gradle\caches\8.0.1\fileContent)" [_thread_blocked, id=1744, stack(0x000000d5f0600000,0x000000d5f0700000)]
  0x0000028cc1d3e000 JavaThread "Cache worker for execution history cache (C:\Users\Admin\.gradle\caches\8.0.1\executionHistory)" [_thread_blocked, id=13496, stack(0x000000d5f0900000,0x000000d5f0a00000)]
  0x0000028cc1d39000 JavaThread "jar transforms" [_thread_blocked, id=11348, stack(0x000000d5f0a00000,0x000000d5f0b00000)]
  0x0000028cc1d3b800 JavaThread "jar transforms Thread 2" [_thread_blocked, id=13580, stack(0x000000d5f0b00000,0x000000d5f0c00000)]
  0x0000028cc1d3e800 JavaThread "jar transforms Thread 3" [_thread_blocked, id=14984, stack(0x000000d5f0c00000,0x000000d5f0d00000)]
  0x0000028cc1d3c800 JavaThread "jar transforms Thread 4" [_thread_blocked, id=13576, stack(0x000000d5f0d00000,0x000000d5f0e00000)]
  0x0000028cc1d3d000 JavaThread "jar transforms Thread 5" [_thread_blocked, id=6660, stack(0x000000d5f0e00000,0x000000d5f0f00000)]
  0x0000028cc1d3f800 JavaThread "jar transforms Thread 6" [_thread_blocked, id=1968, stack(0x000000d5f0f00000,0x000000d5f1000000)]
  0x0000028cbf40e000 JavaThread "C1 CompilerThread1" daemon [_thread_blocked, id=26340, stack(0x000000d5ee100000,0x000000d5ee200000)]
  0x0000028cc1d40800 JavaThread "Cache worker for kotlin-dsl (C:\Users\Admin\.gradle\caches\8.0.1\kotlin-dsl)" [_thread_blocked, id=6732, stack(0x000000d5ee400000,0x000000d5ee500000)]
  0x0000028cc1d3a800 JavaThread "jar transforms Thread 7" [_thread_blocked, id=6556, stack(0x000000d5f1000000,0x000000d5f1100000)]
  0x0000028cc1d43800 JavaThread "jar transforms Thread 8" [_thread_blocked, id=6892, stack(0x000000d5f1100000,0x000000d5f1200000)]
  0x0000028cc1d44800 JavaThread "jar transforms Thread 9" [_thread_blocked, id=5756, stack(0x000000d5f1500000,0x000000d5f1600000)]
  0x0000028cc0951000 JavaThread "jar transforms Thread 10" [_thread_blocked, id=23776, stack(0x000000d5f3000000,0x000000d5f3100000)]
  0x0000028cc0952000 JavaThread "jar transforms Thread 11" [_thread_blocked, id=22948, stack(0x000000d5f3100000,0x000000d5f3200000)]
  0x0000028cc0954800 JavaThread "jar transforms Thread 12" [_thread_blocked, id=22288, stack(0x000000d5f3200000,0x000000d5f3300000)]
  0x0000028cc0955800 JavaThread "jar transforms Thread 13" [_thread_blocked, id=17552, stack(0x000000d5f3300000,0x000000d5f3400000)]
  0x0000028cc094f800 JavaThread "jar transforms Thread 14" [_thread_blocked, id=24172, stack(0x000000d5f3400000,0x000000d5f3500000)]
  0x0000028cc095b000 JavaThread "jar transforms Thread 15" [_thread_blocked, id=10660, stack(0x000000d5f3500000,0x000000d5f3600000)]
  0x0000028cc0958800 JavaThread "jar transforms Thread 16" [_thread_blocked, id=1072, stack(0x000000d5f3600000,0x000000d5f3700000)]
  0x0000028cc0956000 JavaThread "Memory manager" [_thread_blocked, id=11084, stack(0x000000d5f3700000,0x000000d5f3800000)]
  0x0000028cc0957800 JavaThread "included builds" [_thread_blocked, id=24784, stack(0x000000d5f3900000,0x000000d5f3a00000)]

Other Threads:
=>0x0000028cbe943800 VMThread "VM Thread" [stack: 0x000000d5ed800000,0x000000d5ed900000] [id=16832]
  0x0000028cbf47a800 WatcherThread [stack: 0x000000d5ee300000,0x000000d5ee400000] [id=20232]
  0x0000028c9edd4800 GCTaskThread "GC Thread#0" [stack: 0x000000d5ed300000,0x000000d5ed400000] [id=10880]
  0x0000028cc025c000 GCTaskThread "GC Thread#1" [stack: 0x000000d5ee500000,0x000000d5ee600000] [id=26484]
  0x0000028cc1947800 GCTaskThread "GC Thread#2" [stack: 0x000000d5ef000000,0x000000d5ef100000] [id=21152]
  0x0000028cc1944800 GCTaskThread "GC Thread#3" [stack: 0x000000d5ef100000,0x000000d5ef200000] [id=25792]
  0x0000028cc1917800 GCTaskThread "GC Thread#4" [stack: 0x000000d5ef200000,0x000000d5ef300000] [id=23532]
  0x0000028cc1918800 GCTaskThread "GC Thread#5" [stack: 0x000000d5ef300000,0x000000d5ef400000] [id=10032]
  0x0000028cc1919800 GCTaskThread "GC Thread#6" [stack: 0x000000d5ef400000,0x000000d5ef500000] [id=22616]
  0x0000028cc191a800 GCTaskThread "GC Thread#7" [stack: 0x000000d5ef500000,0x000000d5ef600000] [id=14416]
  0x0000028cc191b000 GCTaskThread "GC Thread#8" [stack: 0x000000d5ef600000,0x000000d5ef700000] [id=9976]
  0x0000028cc17a7800 GCTaskThread "GC Thread#9" [stack: 0x000000d5ef700000,0x000000d5ef800000] [id=9588]
  0x0000028cc17a8000 GCTaskThread "GC Thread#10" [stack: 0x000000d5ef800000,0x000000d5ef900000] [id=25856]
  0x0000028cc17a9000 GCTaskThread "GC Thread#11" [stack: 0x000000d5ef900000,0x000000d5efa00000] [id=24880]
  0x0000028cc17a9800 GCTaskThread "GC Thread#12" [stack: 0x000000d5efa00000,0x000000d5efb00000] [id=14460]
  0x0000028c9ee08000 ConcurrentGCThread "G1 Main Marker" [stack: 0x000000d5ed400000,0x000000d5ed500000] [id=24752]
  0x0000028c9ee09800 ConcurrentGCThread "G1 Conc#0" [stack: 0x000000d5ed500000,0x000000d5ed600000] [id=10652]
  0x0000028cc1a42000 ConcurrentGCThread "G1 Conc#1" [stack: 0x000000d5efd00000,0x000000d5efe00000] [id=21812]
  0x0000028cc1a37800 ConcurrentGCThread "G1 Conc#2" [stack: 0x000000d5efe00000,0x000000d5eff00000] [id=5892]
  0x0000028cbe7b2800 ConcurrentGCThread "G1 Refine#0" [stack: 0x000000d5ed600000,0x000000d5ed700000] [id=18088]
  0x0000028cbfc01000 ConcurrentGCThread "G1 Refine#1" [stack: 0x000000d5efb00000,0x000000d5efc00000] [id=11564]
  0x0000028cbf85c800 ConcurrentGCThread "G1 Refine#2" [stack: 0x000000d5efc00000,0x000000d5efd00000] [id=11300]
  0x0000028cbe7b3000 ConcurrentGCThread "G1 Young RemSet Sampling" [stack: 0x000000d5ed700000,0x000000d5ed800000] [id=6776]

Threads with active compile tasks:
C2 CompilerThread0    24824 15316   !   4       java.io.ObjectOutputStream::writeObject0 (619 bytes)

VM state:at safepoint (normal execution)

VM Mutex/Monitor currently owned by a thread:  ([mutex/lock_event])
[0x0000028c9edbbc90] Threads_lock - owner thread: 0x0000028cbe943800
[0x0000028c9edbbed0] Heap_lock - owner thread: 0x0000028cc19ce800

Heap address: 0x0000000080000000, size: 2048 MB, Compressed Oops mode: 32-bit
Narrow klass base: 0x0000000000000000, Narrow klass shift: 3
Compressed class space size: 528482304 Address: 0x0000000100000000

Heap:
 garbage-first heap   total 528384K, used 190888K [0x0000000080000000, 0x0000000100000000)
  region size 1024K, 3 young (3072K), 3 survivors (3072K)
 Metaspace       used 113703K, capacity 118816K, committed 118992K, reserved 618496K
  class space    used 14916K, capacity 16839K, committed 16928K, reserved 516096K
Heap Regions: E=young(eden), S=young(survivor), O=old, HS=humongous(starts), HC=humongous(continues), CS=collection set, F=free, A=archive, TAMS=top-at-mark-start (previous, next)
|   0|0x0000000080000000, 0x0000000080100000, 0x0000000080100000|100%|HS|  |TAMS 0x0000000080100000, 0x0000000080100000| Complete 
|   1|0x0000000080100000, 0x0000000080200000, 0x0000000080200000|100%|HC|  |TAMS 0x0000000080200000, 0x0000000080200000| Complete 
|   2|0x0000000080200000, 0x0000000080300000, 0x0000000080300000|100%|HC|  |TAMS 0x0000000080300000, 0x0000000080300000| Complete 
|   3|0x0000000080300000, 0x0000000080400000, 0x0000000080400000|100%|HC|  |TAMS 0x0000000080400000, 0x0000000080400000| Complete 
|   4|0x0000000080400000, 0x0000000080500000, 0x0000000080500000|100%| O|  |TAMS 0x0000000080500000, 0x0000000080500000| Untracked 
|   5|0x0000000080500000, 0x0000000080600000, 0x0000000080600000|100%| O|  |TAMS 0x0000000080600000, 0x0000000080600000| Untracked 
|   6|0x0000000080600000, 0x0000000080700000, 0x0000000080700000|100%| O|  |TAMS 0x0000000080700000, 0x0000000080700000| Untracked 
|   7|0x0000000080700000, 0x0000000080800000, 0x0000000080800000|100%| O|  |TAMS 0x0000000080800000, 0x0000000080800000| Untracked 
|   8|0x0000000080800000, 0x0000000080900000, 0x0000000080900000|100%| O|  |TAMS 0x0000000080900000, 0x0000000080900000| Untracked 
|   9|0x0000000080900000, 0x0000000080a00000, 0x0000000080a00000|100%| O|  |TAMS 0x0000000080a00000, 0x0000000080a00000| Untracked 
|  10|0x0000000080a00000, 0x0000000080b00000, 0x0000000080b00000|100%| O|  |TAMS 0x0000000080b00000, 0x0000000080b00000| Untracked 
|  11|0x0000000080b00000, 0x0000000080c00000, 0x0000000080c00000|100%| O|  |TAMS 0x0000000080c00000, 0x0000000080c00000| Untracked 
|  12|0x0000000080c00000, 0x0000000080d00000, 0x0000000080d00000|100%| O|  |TAMS 0x0000000080d00000, 0x0000000080d00000| Untracked 
|  13|0x0000000080d00000, 0x0000000080e00000, 0x0000000080e00000|100%| O|  |TAMS 0x0000000080e00000, 0x0000000080e00000| Untracked 
|  14|0x0000000080e00000, 0x0000000080f00000, 0x0000000080f00000|100%| O|  |TAMS 0x0000000080f00000, 0x0000000080f00000| Untracked 
|  15|0x0000000080f00000, 0x0000000081000000, 0x0000000081000000|100%| O|  |TAMS 0x0000000081000000, 0x0000000081000000| Untracked 
|  16|0x0000000081000000, 0x0000000081100000, 0x0000000081100000|100%| O|  |TAMS 0x0000000081100000, 0x0000000081100000| Untracked 
|  17|0x0000000081100000, 0x0000000081200000, 0x0000000081200000|100%| O|  |TAMS 0x0000000081200000, 0x0000000081200000| Untracked 
|  18|0x0000000081200000, 0x0000000081300000, 0x0000000081300000|100%| O|  |TAMS 0x0000000081300000, 0x0000000081300000| Untracked 
|  19|0x0000000081300000, 0x0000000081400000, 0x0000000081400000|100%| O|  |TAMS 0x0000000081400000, 0x0000000081400000| Untracked 
|  20|0x0000000081400000, 0x0000000081500000, 0x0000000081500000|100%| O|  |TAMS 0x0000000081500000, 0x0000000081500000| Untracked 
|  21|0x0000000081500000, 0x0000000081600000, 0x0000000081600000|100%| O|  |TAMS 0x0000000081600000, 0x0000000081600000| Untracked 
|  22|0x0000000081600000, 0x0000000081700000, 0x0000000081700000|100%| O|  |TAMS 0x0000000081700000, 0x0000000081700000| Untracked 
|  23|0x0000000081700000, 0x0000000081800000, 0x0000000081800000|100%| O|  |TAMS 0x0000000081800000, 0x0000000081800000| Untracked 
|  24|0x0000000081800000, 0x0000000081900000, 0x0000000081900000|100%| O|  |TAMS 0x0000000081900000, 0x0000000081900000| Untracked 
|  25|0x0000000081900000, 0x0000000081a00000, 0x0000000081a00000|100%| O|  |TAMS 0x0000000081a00000, 0x0000000081a00000| Untracked 
|  26|0x0000000081a00000, 0x0000000081b00000, 0x0000000081b00000|100%| O|  |TAMS 0x0000000081b00000, 0x0000000081b00000| Untracked 
|  27|0x0000000081b00000, 0x0000000081c00000, 0x0000000081c00000|100%| O|  |TAMS 0x0000000081c00000, 0x0000000081c00000| Untracked 
|  28|0x0000000081c00000, 0x0000000081d00000, 0x0000000081d00000|100%| O|  |TAMS 0x0000000081d00000, 0x0000000081d00000| Untracked 
|  29|0x0000000081d00000, 0x0000000081e00000, 0x0000000081e00000|100%|HS|  |TAMS 0x0000000081e00000, 0x0000000081e00000| Complete 
|  30|0x0000000081e00000, 0x0000000081f00000, 0x0000000081f00000|100%|HC|  |TAMS 0x0000000081f00000, 0x0000000081f00000| Complete 
|  31|0x0000000081f00000, 0x0000000082000000, 0x0000000082000000|100%|HS|  |TAMS 0x0000000082000000, 0x0000000082000000| Complete 
|  32|0x0000000082000000, 0x0000000082100000, 0x0000000082100000|100%|HC|  |TAMS 0x0000000082100000, 0x0000000082100000| Complete 
|  33|0x0000000082100000, 0x0000000082200000, 0x0000000082200000|100%|HC|  |TAMS 0x0000000082200000, 0x0000000082200000| Complete 
|  34|0x0000000082200000, 0x0000000082300000, 0x0000000082300000|100%|HC|  |TAMS 0x0000000082300000, 0x0000000082300000| Complete 
|  35|0x0000000082300000, 0x0000000082400000, 0x0000000082400000|100%| O|  |TAMS 0x0000000082400000, 0x0000000082400000| Untracked 
|  36|0x0000000082400000, 0x0000000082500000, 0x0000000082500000|100%| O|  |TAMS 0x0000000082500000, 0x0000000082500000| Untracked 
|  37|0x0000000082500000, 0x0000000082600000, 0x0000000082600000|100%| O|  |TAMS 0x0000000082600000, 0x0000000082600000| Untracked 
|  38|0x0000000082600000, 0x0000000082700000, 0x0000000082700000|100%| O|  |TAMS 0x0000000082700000, 0x0000000082700000| Untracked 
|  39|0x0000000082700000, 0x0000000082800000, 0x0000000082800000|100%| O|  |TAMS 0x0000000082800000, 0x0000000082800000| Untracked 
|  40|0x0000000082800000, 0x0000000082900000, 0x0000000082900000|100%| O|  |TAMS 0x0000000082900000, 0x0000000082900000| Untracked 
|  41|0x0000000082900000, 0x0000000082a00000, 0x0000000082a00000|100%| O|  |TAMS 0x0000000082a00000, 0x0000000082a00000| Untracked 
|  42|0x0000000082a00000, 0x0000000082b00000, 0x0000000082b00000|100%| O|  |TAMS 0x0000000082b00000, 0x0000000082b00000| Untracked 
|  43|0x0000000082b00000, 0x0000000082c00000, 0x0000000082c00000|100%| O|  |TAMS 0x0000000082c00000, 0x0000000082c00000| Untracked 
|  44|0x0000000082c00000, 0x0000000082d00000, 0x0000000082d00000|100%| O|  |TAMS 0x0000000082d00000, 0x0000000082d00000| Untracked 
|  45|0x0000000082d00000, 0x0000000082e00000, 0x0000000082e00000|100%| O|  |TAMS 0x0000000082e00000, 0x0000000082e00000| Untracked 
|  46|0x0000000082e00000, 0x0000000082f00000, 0x0000000082f00000|100%| O|  |TAMS 0x0000000082f00000, 0x0000000082f00000| Untracked 
|  47|0x0000000082f00000, 0x0000000083000000, 0x0000000083000000|100%| O|  |TAMS 0x0000000083000000, 0x0000000083000000| Untracked 
|  48|0x0000000083000000, 0x0000000083100000, 0x0000000083100000|100%| O|  |TAMS 0x0000000083100000, 0x0000000083100000| Untracked 
|  49|0x0000000083100000, 0x0000000083200000, 0x0000000083200000|100%| O|  |TAMS 0x0000000083200000, 0x0000000083200000| Untracked 
|  50|0x0000000083200000, 0x0000000083300000, 0x0000000083300000|100%| O|  |TAMS 0x0000000083300000, 0x0000000083300000| Untracked 
|  51|0x0000000083300000, 0x0000000083400000, 0x0000000083400000|100%| O|  |TAMS 0x0000000083400000, 0x0000000083400000| Untracked 
|  52|0x0000000083400000, 0x0000000083500000, 0x0000000083500000|100%| O|  |TAMS 0x0000000083500000, 0x0000000083500000| Untracked 
|  53|0x0000000083500000, 0x0000000083600000, 0x0000000083600000|100%|HS|  |TAMS 0x0000000083600000, 0x0000000083600000| Complete 
|  54|0x0000000083600000, 0x0000000083700000, 0x0000000083700000|100%|HS|  |TAMS 0x0000000083700000, 0x0000000083700000| Complete 
|  55|0x0000000083700000, 0x0000000083800000, 0x0000000083800000|100%| O|  |TAMS 0x0000000083800000, 0x0000000083800000| Untracked 
|  56|0x0000000083800000, 0x0000000083900000, 0x0000000083900000|100%| O|  |TAMS 0x0000000083900000, 0x0000000083900000| Untracked 
|  57|0x0000000083900000, 0x0000000083a00000, 0x0000000083a00000|100%| O|  |TAMS 0x0000000083a00000, 0x0000000083a00000| Untracked 
|  58|0x0000000083a00000, 0x0000000083b00000, 0x0000000083b00000|100%| O|  |TAMS 0x0000000083b00000, 0x0000000083b00000| Untracked 
|  59|0x0000000083b00000, 0x0000000083c00000, 0x0000000083c00000|100%| O|  |TAMS 0x0000000083c00000, 0x0000000083c00000| Untracked 
|  60|0x0000000083c00000, 0x0000000083d00000, 0x0000000083d00000|100%| O|  |TAMS 0x0000000083d00000, 0x0000000083d00000| Untracked 
|  61|0x0000000083d00000, 0x0000000083e00000, 0x0000000083e00000|100%| O|  |TAMS 0x0000000083e00000, 0x0000000083e00000| Untracked 
|  62|0x0000000083e00000, 0x0000000083f00000, 0x0000000083f00000|100%| O|  |TAMS 0x0000000083f00000, 0x0000000083f00000| Untracked 
|  63|0x0000000083f00000, 0x0000000084000000, 0x0000000084000000|100%| O|  |TAMS 0x0000000084000000, 0x0000000084000000| Untracked 
|  64|0x0000000084000000, 0x0000000084100000, 0x0000000084100000|100%| O|  |TAMS 0x0000000084100000, 0x0000000084100000| Untracked 
|  65|0x0000000084100000, 0x0000000084200000, 0x0000000084200000|100%| O|  |TAMS 0x0000000084200000, 0x0000000084200000| Untracked 
|  66|0x0000000084200000, 0x0000000084300000, 0x0000000084300000|100%| O|  |TAMS 0x0000000084300000, 0x0000000084300000| Untracked 
|  67|0x0000000084300000, 0x0000000084400000, 0x0000000084400000|100%| O|  |TAMS 0x0000000084400000, 0x0000000084400000| Untracked 
|  68|0x0000000084400000, 0x0000000084500000, 0x0000000084500000|100%| O|  |TAMS 0x0000000084500000, 0x0000000084500000| Untracked 
|  69|0x0000000084500000, 0x0000000084600000, 0x0000000084600000|100%| O|  |TAMS 0x0000000084600000, 0x0000000084600000| Untracked 
|  70|0x0000000084600000, 0x0000000084700000, 0x0000000084700000|100%| O|  |TAMS 0x0000000084700000, 0x0000000084700000| Untracked 
|  71|0x0000000084700000, 0x0000000084800000, 0x0000000084800000|100%| O|  |TAMS 0x0000000084800000, 0x0000000084800000| Untracked 
|  72|0x0000000084800000, 0x0000000084900000, 0x0000000084900000|100%| O|  |TAMS 0x0000000084900000, 0x0000000084900000| Untracked 
|  73|0x0000000084900000, 0x0000000084a00000, 0x0000000084a00000|100%| O|  |TAMS 0x0000000084a00000, 0x0000000084a00000| Untracked 
|  74|0x0000000084a00000, 0x0000000084b00000, 0x0000000084b00000|100%| O|  |TAMS 0x0000000084b00000, 0x0000000084b00000| Untracked 
|  75|0x0000000084b00000, 0x0000000084c00000, 0x0000000084c00000|100%| O|  |TAMS 0x0000000084c00000, 0x0000000084c00000| Untracked 
|  76|0x0000000084c00000, 0x0000000084d00000, 0x0000000084d00000|100%| O|  |TAMS 0x0000000084d00000, 0x0000000084d00000| Untracked 
|  77|0x0000000084d00000, 0x0000000084e00000, 0x0000000084e00000|100%| O|  |TAMS 0x0000000084e00000, 0x0000000084e00000| Untracked 
|  78|0x0000000084e00000, 0x0000000084f00000, 0x0000000084f00000|100%| O|  |TAMS 0x0000000084f00000, 0x0000000084f00000| Untracked 
|  79|0x0000000084f00000, 0x0000000085000000, 0x0000000085000000|100%| O|  |TAMS 0x0000000085000000, 0x0000000085000000| Untracked 
|  80|0x0000000085000000, 0x0000000085100000, 0x0000000085100000|100%| O|  |TAMS 0x0000000085100000, 0x0000000085100000| Untracked 
|  81|0x0000000085100000, 0x0000000085200000, 0x0000000085200000|100%| O|  |TAMS 0x0000000085200000, 0x0000000085200000| Untracked 
|  82|0x0000000085200000, 0x0000000085300000, 0x0000000085300000|100%| O|  |TAMS 0x0000000085300000, 0x0000000085300000| Untracked 
|  83|0x0000000085300000, 0x0000000085400000, 0x0000000085400000|100%| O|  |TAMS 0x0000000085400000, 0x0000000085400000| Untracked 
|  84|0x0000000085400000, 0x0000000085500000, 0x0000000085500000|100%| O|  |TAMS 0x0000000085500000, 0x0000000085500000| Untracked 
|  85|0x0000000085500000, 0x0000000085600000, 0x0000000085600000|100%| O|  |TAMS 0x0000000085600000, 0x0000000085600000| Untracked 
|  86|0x0000000085600000, 0x0000000085700000, 0x0000000085700000|100%| O|  |TAMS 0x0000000085700000, 0x0000000085700000| Untracked 
|  87|0x0000000085700000, 0x0000000085800000, 0x0000000085800000|100%| O|  |TAMS 0x0000000085800000, 0x0000000085800000| Untracked 
|  88|0x0000000085800000, 0x0000000085900000, 0x0000000085900000|100%| O|  |TAMS 0x0000000085900000, 0x0000000085900000| Untracked 
|  89|0x0000000085900000, 0x0000000085a00000, 0x0000000085a00000|100%| O|  |TAMS 0x0000000085a00000, 0x0000000085a00000| Untracked 
|  90|0x0000000085a00000, 0x0000000085b00000, 0x0000000085b00000|100%| O|  |TAMS 0x0000000085b00000, 0x0000000085b00000| Untracked 
|  91|0x0000000085b00000, 0x0000000085c00000, 0x0000000085c00000|100%| O|  |TAMS 0x0000000085c00000, 0x0000000085c00000| Untracked 
|  92|0x0000000085c00000, 0x0000000085d00000, 0x0000000085d00000|100%| O|  |TAMS 0x0000000085d00000, 0x0000000085d00000| Untracked 
|  93|0x0000000085d00000, 0x0000000085e00000, 0x0000000085e00000|100%| O|  |TAMS 0x0000000085e00000, 0x0000000085e00000| Untracked 
|  94|0x0000000085e00000, 0x0000000085f00000, 0x0000000085f00000|100%| O|  |TAMS 0x0000000085f00000, 0x0000000085f00000| Untracked 
|  95|0x0000000085f00000, 0x0000000086000000, 0x0000000086000000|100%| O|  |TAMS 0x0000000086000000, 0x0000000086000000| Untracked 
|  96|0x0000000086000000, 0x0000000086100000, 0x0000000086100000|100%|HS|  |TAMS 0x0000000086100000, 0x0000000086100000| Complete 
|  97|0x0000000086100000, 0x0000000086200000, 0x0000000086200000|100%|HS|  |TAMS 0x0000000086200000, 0x0000000086200000| Complete 
|  98|0x0000000086200000, 0x0000000086300000, 0x0000000086300000|100%|HC|  |TAMS 0x0000000086300000, 0x0000000086300000| Complete 
|  99|0x0000000086300000, 0x0000000086400000, 0x0000000086400000|100%| O|  |TAMS 0x0000000086400000, 0x0000000086400000| Untracked 
| 100|0x0000000086400000, 0x0000000086500000, 0x0000000086500000|100%| O|  |TAMS 0x0000000086500000, 0x0000000086500000| Untracked 
| 101|0x0000000086500000, 0x0000000086600000, 0x0000000086600000|100%| O|  |TAMS 0x0000000086600000, 0x0000000086600000| Untracked 
| 102|0x0000000086600000, 0x0000000086700000, 0x0000000086700000|100%| O|  |TAMS 0x0000000086700000, 0x0000000086700000| Untracked 
| 103|0x0000000086700000, 0x0000000086800000, 0x0000000086800000|100%| O|  |TAMS 0x0000000086800000, 0x0000000086800000| Untracked 
| 104|0x0000000086800000, 0x0000000086900000, 0x0000000086900000|100%| O|  |TAMS 0x0000000086900000, 0x0000000086900000| Untracked 
| 105|0x0000000086900000, 0x0000000086a00000, 0x0000000086a00000|100%| O|  |TAMS 0x0000000086a00000, 0x0000000086a00000| Untracked 
| 106|0x0000000086a00000, 0x0000000086b00000, 0x0000000086b00000|100%| O|  |TAMS 0x0000000086b00000, 0x0000000086b00000| Untracked 
| 107|0x0000000086b00000, 0x0000000086c00000, 0x0000000086c00000|100%| O|  |TAMS 0x0000000086c00000, 0x0000000086c00000| Untracked 
| 108|0x0000000086c00000, 0x0000000086d00000, 0x0000000086d00000|100%| O|  |TAMS 0x0000000086d00000, 0x0000000086d00000| Untracked 
| 109|0x0000000086d00000, 0x0000000086e00000, 0x0000000086e00000|100%|HS|  |TAMS 0x0000000086e00000, 0x0000000086e00000| Complete 
| 110|0x0000000086e00000, 0x0000000086f00000, 0x0000000086f00000|100%|HS|  |TAMS 0x0000000086f00000, 0x0000000086f00000| Complete 
| 111|0x0000000086f00000, 0x0000000087000000, 0x0000000087000000|100%| O|  |TAMS 0x0000000087000000, 0x0000000087000000| Untracked 
| 112|0x0000000087000000, 0x0000000087100000, 0x0000000087100000|100%| O|  |TAMS 0x0000000087100000, 0x0000000087100000| Untracked 
| 113|0x0000000087100000, 0x0000000087200000, 0x0000000087200000|100%| O|  |TAMS 0x0000000087200000, 0x0000000087200000| Untracked 
| 114|0x0000000087200000, 0x0000000087300000, 0x0000000087300000|100%| O|  |TAMS 0x0000000087300000, 0x0000000087300000| Untracked 
| 115|0x0000000087300000, 0x0000000087400000, 0x0000000087400000|100%| O|  |TAMS 0x0000000087400000, 0x0000000087400000| Untracked 
| 116|0x0000000087400000, 0x0000000087500000, 0x0000000087500000|100%| O|  |TAMS 0x0000000087500000, 0x0000000087500000| Untracked 
| 117|0x0000000087500000, 0x0000000087600000, 0x0000000087600000|100%| O|  |TAMS 0x0000000087600000, 0x0000000087600000| Untracked 
| 118|0x0000000087600000, 0x0000000087700000, 0x0000000087700000|100%| O|  |TAMS 0x0000000087700000, 0x0000000087700000| Untracked 
| 119|0x0000000087700000, 0x0000000087800000, 0x0000000087800000|100%| O|  |TAMS 0x0000000087800000, 0x0000000087800000| Untracked 
| 120|0x0000000087800000, 0x0000000087900000, 0x0000000087900000|100%| O|  |TAMS 0x0000000087900000, 0x0000000087900000| Untracked 
| 121|0x0000000087900000, 0x0000000087a00000, 0x0000000087a00000|100%| O|  |TAMS 0x0000000087a00000, 0x0000000087a00000| Untracked 
| 122|0x0000000087a00000, 0x0000000087b00000, 0x0000000087b00000|100%| O|  |TAMS 0x0000000087b00000, 0x0000000087b00000| Untracked 
| 123|0x0000000087b00000, 0x0000000087c00000, 0x0000000087c00000|100%| O|  |TAMS 0x0000000087c00000, 0x0000000087c00000| Untracked 
| 124|0x0000000087c00000, 0x0000000087d00000, 0x0000000087d00000|100%| O|  |TAMS 0x0000000087d00000, 0x0000000087d00000| Untracked 
| 125|0x0000000087d00000, 0x0000000087e00000, 0x0000000087e00000|100%| O|  |TAMS 0x0000000087e00000, 0x0000000087e00000| Untracked 
| 126|0x0000000087e00000, 0x0000000087f00000, 0x0000000087f00000|100%| O|  |TAMS 0x0000000087f00000, 0x0000000087f00000| Untracked 
| 127|0x0000000087f00000, 0x0000000088000000, 0x0000000088000000|100%| O|  |TAMS 0x0000000088000000, 0x0000000088000000| Untracked 
| 128|0x0000000088000000, 0x0000000088100000, 0x0000000088100000|100%| O|  |TAMS 0x0000000088100000, 0x0000000088100000| Untracked 
| 129|0x0000000088100000, 0x0000000088200000, 0x0000000088200000|100%| O|  |TAMS 0x0000000088200000, 0x0000000088200000| Untracked 
| 130|0x0000000088200000, 0x0000000088300000, 0x0000000088300000|100%| O|  |TAMS 0x0000000088300000, 0x0000000088300000| Untracked 
| 131|0x0000000088300000, 0x0000000088400000, 0x0000000088400000|100%| O|  |TAMS 0x0000000088400000, 0x0000000088400000| Untracked 
| 132|0x0000000088400000, 0x0000000088500000, 0x0000000088500000|100%| O|  |TAMS 0x0000000088500000, 0x0000000088500000| Untracked 
| 133|0x0000000088500000, 0x0000000088600000, 0x0000000088600000|100%| O|  |TAMS 0x0000000088600000, 0x0000000088600000| Untracked 
| 134|0x0000000088600000, 0x0000000088700000, 0x0000000088700000|100%| O|  |TAMS 0x0000000088700000, 0x0000000088700000| Untracked 
| 135|0x0000000088700000, 0x0000000088800000, 0x0000000088800000|100%| O|  |TAMS 0x0000000088800000, 0x0000000088800000| Untracked 
| 136|0x0000000088800000, 0x0000000088900000, 0x0000000088900000|100%| O|  |TAMS 0x0000000088900000, 0x0000000088900000| Untracked 
| 137|0x0000000088900000, 0x0000000088a00000, 0x0000000088a00000|100%| O|  |TAMS 0x0000000088a00000, 0x0000000088a00000| Untracked 
| 138|0x0000000088a00000, 0x0000000088b00000, 0x0000000088b00000|100%| O|  |TAMS 0x0000000088b00000, 0x0000000088b00000| Untracked 
| 139|0x0000000088b00000, 0x0000000088c00000, 0x0000000088c00000|100%|HS|  |TAMS 0x0000000088c00000, 0x0000000088c00000| Complete 
| 140|0x0000000088c00000, 0x0000000088d00000, 0x0000000088d00000|100%|HS|  |TAMS 0x0000000088d00000, 0x0000000088d00000| Complete 
| 141|0x0000000088d00000, 0x0000000088e00000, 0x0000000088e00000|100%|HC|  |TAMS 0x0000000088e00000, 0x0000000088e00000| Complete 
| 142|0x0000000088e00000, 0x0000000088f00000, 0x0000000088f00000|100%|HC|  |TAMS 0x0000000088f00000, 0x0000000088f00000| Complete 
| 143|0x0000000088f00000, 0x0000000089000000, 0x0000000089000000|100%| O|  |TAMS 0x0000000089000000, 0x0000000089000000| Untracked 
| 144|0x0000000089000000, 0x0000000089100000, 0x0000000089100000|100%| O|  |TAMS 0x0000000089100000, 0x0000000089100000| Untracked 
| 145|0x0000000089100000, 0x0000000089200000, 0x0000000089200000|100%| O|  |TAMS 0x0000000089200000, 0x0000000089200000| Untracked 
| 146|0x0000000089200000, 0x0000000089300000, 0x0000000089300000|100%| O|  |TAMS 0x0000000089300000, 0x0000000089300000| Untracked 
| 147|0x0000000089300000, 0x0000000089400000, 0x0000000089400000|100%| O|  |TAMS 0x0000000089400000, 0x0000000089400000| Untracked 
| 148|0x0000000089400000, 0x0000000089500000, 0x0000000089500000|100%| O|  |TAMS 0x0000000089500000, 0x0000000089500000| Untracked 
| 149|0x0000000089500000, 0x0000000089600000, 0x0000000089600000|100%| O|  |TAMS 0x0000000089600000, 0x0000000089600000| Untracked 
| 150|0x0000000089600000, 0x0000000089700000, 0x0000000089700000|100%|HS|  |TAMS 0x0000000089700000, 0x0000000089700000| Complete 
| 151|0x0000000089700000, 0x0000000089800000, 0x0000000089800000|100%|HS|  |TAMS 0x0000000089800000, 0x0000000089800000| Complete 
| 152|0x0000000089800000, 0x0000000089900000, 0x0000000089900000|100%|HC|  |TAMS 0x0000000089900000, 0x0000000089900000| Complete 
| 153|0x0000000089900000, 0x0000000089a00000, 0x0000000089a00000|100%|HC|  |TAMS 0x0000000089a00000, 0x0000000089a00000| Complete 
| 154|0x0000000089a00000, 0x0000000089b00000, 0x0000000089b00000|100%| O|  |TAMS 0x0000000089b00000, 0x0000000089b00000| Untracked 
| 155|0x0000000089b00000, 0x0000000089c00000, 0x0000000089c00000|100%| O|  |TAMS 0x0000000089c00000, 0x0000000089c00000| Untracked 
| 156|0x0000000089c00000, 0x0000000089d00000, 0x0000000089d00000|100%| O|  |TAMS 0x0000000089d00000, 0x0000000089d00000| Untracked 
| 157|0x0000000089d00000, 0x0000000089e00000, 0x0000000089e00000|100%| O|  |TAMS 0x0000000089e00000, 0x0000000089e00000| Untracked 
| 158|0x0000000089e00000, 0x0000000089f00000, 0x0000000089f00000|100%| O|  |TAMS 0x0000000089f00000, 0x0000000089f00000| Untracked 
| 159|0x0000000089f00000, 0x000000008a000000, 0x000000008a000000|100%| O|  |TAMS 0x000000008a000000, 0x000000008a000000| Untracked 
| 160|0x000000008a000000, 0x000000008a100000, 0x000000008a100000|100%| O|  |TAMS 0x000000008a100000, 0x000000008a100000| Untracked 
| 161|0x000000008a100000, 0x000000008a200000, 0x000000008a200000|100%| O|  |TAMS 0x000000008a200000, 0x000000008a200000| Untracked 
| 162|0x000000008a200000, 0x000000008a300000, 0x000000008a300000|100%| O|  |TAMS 0x000000008a300000, 0x000000008a300000| Untracked 
| 163|0x000000008a300000, 0x000000008a400000, 0x000000008a400000|100%| O|  |TAMS 0x000000008a400000, 0x000000008a400000| Untracked 
| 164|0x000000008a400000, 0x000000008a500000, 0x000000008a500000|100%| O|  |TAMS 0x000000008a4e1600, 0x000000008a500000| Untracked 
| 165|0x000000008a500000, 0x000000008a600000, 0x000000008a600000|100%|HS|  |TAMS 0x000000008a600000, 0x000000008a600000| Complete 
| 166|0x000000008a600000, 0x000000008a700000, 0x000000008a700000|100%|HS|  |TAMS 0x000000008a700000, 0x000000008a700000| Complete 
| 167|0x000000008a700000, 0x000000008a800000, 0x000000008a800000|100%|HS|  |TAMS 0x000000008a700000, 0x000000008a800000| Complete 
| 168|0x000000008a800000, 0x000000008a900000, 0x000000008a900000|100%|HS|  |TAMS 0x000000008a800000, 0x000000008a900000| Complete 
| 169|0x000000008a900000, 0x000000008aa00000, 0x000000008aa00000|100%|HC|  |TAMS 0x000000008a900000, 0x000000008aa00000| Complete 
| 170|0x000000008aa00000, 0x000000008ab00000, 0x000000008ab00000|100%|HC|  |TAMS 0x000000008aa00000, 0x000000008ab00000| Complete 
| 171|0x000000008ab00000, 0x000000008ac00000, 0x000000008ac00000|100%| O|  |TAMS 0x000000008ab00000, 0x000000008ac00000| Untracked 
| 172|0x000000008ac00000, 0x000000008ad00000, 0x000000008ad00000|100%| O|  |TAMS 0x000000008ac00000, 0x000000008ad00000| Untracked 
| 173|0x000000008ad00000, 0x000000008ae00000, 0x000000008ae00000|100%| O|  |TAMS 0x000000008ad00000, 0x000000008ae00000| Untracked 
| 174|0x000000008ae00000, 0x000000008af00000, 0x000000008af00000|100%| O|  |TAMS 0x000000008ae00000, 0x000000008af00000| Untracked 
| 175|0x000000008af00000, 0x000000008b000000, 0x000000008b000000|100%| O|  |TAMS 0x000000008af00000, 0x000000008b000000| Untracked 
| 176|0x000000008b000000, 0x000000008b100000, 0x000000008b100000|100%| O|  |TAMS 0x000000008b000000, 0x000000008b100000| Untracked 
| 177|0x000000008b100000, 0x000000008b200000, 0x000000008b200000|100%| O|  |TAMS 0x000000008b100000, 0x000000008b200000| Untracked 
| 178|0x000000008b200000, 0x000000008b300000, 0x000000008b300000|100%| O|  |TAMS 0x000000008b200000, 0x000000008b300000| Untracked 
| 179|0x000000008b300000, 0x000000008b400000, 0x000000008b400000|100%| O|  |TAMS 0x000000008b300000, 0x000000008b400000| Untracked 
| 180|0x000000008b400000, 0x000000008b500000, 0x000000008b500000|100%| O|  |TAMS 0x000000008b400000, 0x000000008b500000| Untracked 
| 181|0x000000008b500000, 0x000000008b600000, 0x000000008b600000|100%| O|  |TAMS 0x000000008b500000, 0x000000008b600000| Untracked 
| 182|0x000000008b600000, 0x000000008b700000, 0x000000008b700000|100%| O|  |TAMS 0x000000008b600000, 0x000000008b700000| Untracked 
| 183|0x000000008b700000, 0x000000008b777c00, 0x000000008b800000| 46%| O|  |TAMS 0x000000008b700000, 0x000000008b777c00| Untracked 
| 184|0x000000008b800000, 0x000000008b800000, 0x000000008b900000|  0%| F|  |TAMS 0x000000008b800000, 0x000000008b800000| Untracked 
| 185|0x000000008b900000, 0x000000008b900000, 0x000000008ba00000|  0%| F|  |TAMS 0x000000008b900000, 0x000000008b900000| Untracked 
| 186|0x000000008ba00000, 0x000000008ba00000, 0x000000008bb00000|  0%| F|  |TAMS 0x000000008ba00000, 0x000000008ba00000| Untracked 
| 187|0x000000008bb00000, 0x000000008bb00000, 0x000000008bc00000|  0%| F|  |TAMS 0x000000008bb00000, 0x000000008bb00000| Untracked 
| 188|0x000000008bc00000, 0x000000008bc00000, 0x000000008bd00000|  0%| F|  |TAMS 0x000000008bc00000, 0x000000008bc00000| Untracked 
| 189|0x000000008bd00000, 0x000000008bd00000, 0x000000008be00000|  0%| F|  |TAMS 0x000000008bd00000, 0x000000008bd00000| Untracked 
| 190|0x000000008be00000, 0x000000008be00000, 0x000000008bf00000|  0%| F|  |TAMS 0x000000008be00000, 0x000000008be00000| Untracked 
| 191|0x000000008bf00000, 0x000000008bf00000, 0x000000008c000000|  0%| F|  |TAMS 0x000000008bf00000, 0x000000008bf00000| Untracked 
| 192|0x000000008c000000, 0x000000008c000000, 0x000000008c100000|  0%| F|  |TAMS 0x000000008c000000, 0x000000008c000000| Untracked 
| 193|0x000000008c100000, 0x000000008c100000, 0x000000008c200000|  0%| F|  |TAMS 0x000000008c100000, 0x000000008c100000| Untracked 
| 194|0x000000008c200000, 0x000000008c200000, 0x000000008c300000|  0%| F|  |TAMS 0x000000008c200000, 0x000000008c200000| Untracked 
| 195|0x000000008c300000, 0x000000008c300000, 0x000000008c400000|  0%| F|  |TAMS 0x000000008c300000, 0x000000008c300000| Untracked 
| 196|0x000000008c400000, 0x000000008c400000, 0x000000008c500000|  0%| F|  |TAMS 0x000000008c400000, 0x000000008c400000| Untracked 
| 197|0x000000008c500000, 0x000000008c500000, 0x000000008c600000|  0%| F|  |TAMS 0x000000008c500000, 0x000000008c500000| Untracked 
| 198|0x000000008c600000, 0x000000008c600000, 0x000000008c700000|  0%| F|  |TAMS 0x000000008c600000, 0x000000008c600000| Untracked 
| 199|0x000000008c700000, 0x000000008c700000, 0x000000008c800000|  0%| F|  |TAMS 0x000000008c700000, 0x000000008c700000| Untracked 
| 200|0x000000008c800000, 0x000000008c800000, 0x000000008c900000|  0%| F|  |TAMS 0x000000008c800000, 0x000000008c800000| Untracked 
| 201|0x000000008c900000, 0x000000008c900000, 0x000000008ca00000|  0%| F|  |TAMS 0x000000008c900000, 0x000000008c900000| Untracked 
| 202|0x000000008ca00000, 0x000000008ca00000, 0x000000008cb00000|  0%| F|  |TAMS 0x000000008ca00000, 0x000000008ca00000| Untracked 
| 203|0x000000008cb00000, 0x000000008cb00000, 0x000000008cc00000|  0%| F|  |TAMS 0x000000008cb00000, 0x000000008cb00000| Untracked 
| 204|0x000000008cc00000, 0x000000008cc00000, 0x000000008cd00000|  0%| F|  |TAMS 0x000000008cc00000, 0x000000008cc00000| Untracked 
| 205|0x000000008cd00000, 0x000000008cd00000, 0x000000008ce00000|  0%| F|  |TAMS 0x000000008cd00000, 0x000000008cd00000| Untracked 
| 206|0x000000008ce00000, 0x000000008ce00000, 0x000000008cf00000|  0%| F|  |TAMS 0x000000008ce00000, 0x000000008ce00000| Untracked 
| 207|0x000000008cf00000, 0x000000008cf00000, 0x000000008d000000|  0%| F|  |TAMS 0x000000008cf00000, 0x000000008cf00000| Untracked 
| 208|0x000000008d000000, 0x000000008d000000, 0x000000008d100000|  0%| F|  |TAMS 0x000000008d000000, 0x000000008d000000| Untracked 
| 209|0x000000008d100000, 0x000000008d100000, 0x000000008d200000|  0%| F|  |TAMS 0x000000008d100000, 0x000000008d100000| Untracked 
| 210|0x000000008d200000, 0x000000008d200000, 0x000000008d300000|  0%| F|  |TAMS 0x000000008d200000, 0x000000008d200000| Untracked 
| 211|0x000000008d300000, 0x000000008d300000, 0x000000008d400000|  0%| F|  |TAMS 0x000000008d300000, 0x000000008d300000| Untracked 
| 212|0x000000008d400000, 0x000000008d400000, 0x000000008d500000|  0%| F|  |TAMS 0x000000008d400000, 0x000000008d400000| Untracked 
| 213|0x000000008d500000, 0x000000008d500000, 0x000000008d600000|  0%| F|  |TAMS 0x000000008d500000, 0x000000008d500000| Untracked 
| 214|0x000000008d600000, 0x000000008d600000, 0x000000008d700000|  0%| F|  |TAMS 0x000000008d600000, 0x000000008d600000| Untracked 
| 215|0x000000008d700000, 0x000000008d700000, 0x000000008d800000|  0%| F|  |TAMS 0x000000008d700000, 0x000000008d700000| Untracked 
| 216|0x000000008d800000, 0x000000008d800000, 0x000000008d900000|  0%| F|  |TAMS 0x000000008d800000, 0x000000008d800000| Untracked 
| 217|0x000000008d900000, 0x000000008d900000, 0x000000008da00000|  0%| F|  |TAMS 0x000000008d900000, 0x000000008d900000| Untracked 
| 218|0x000000008da00000, 0x000000008da00000, 0x000000008db00000|  0%| F|  |TAMS 0x000000008da00000, 0x000000008da00000| Untracked 
| 219|0x000000008db00000, 0x000000008db00000, 0x000000008dc00000|  0%| F|  |TAMS 0x000000008db00000, 0x000000008db00000| Untracked 
| 220|0x000000008dc00000, 0x000000008dc00000, 0x000000008dd00000|  0%| F|  |TAMS 0x000000008dc00000, 0x000000008dc00000| Untracked 
| 221|0x000000008dd00000, 0x000000008dd00000, 0x000000008de00000|  0%| F|  |TAMS 0x000000008dd00000, 0x000000008dd00000| Untracked 
| 222|0x000000008de00000, 0x000000008de00000, 0x000000008df00000|  0%| F|  |TAMS 0x000000008de00000, 0x000000008de00000| Untracked 
| 223|0x000000008df00000, 0x000000008df00000, 0x000000008e000000|  0%| F|  |TAMS 0x000000008df00000, 0x000000008df00000| Untracked 
| 224|0x000000008e000000, 0x000000008e000000, 0x000000008e100000|  0%| F|  |TAMS 0x000000008e000000, 0x000000008e000000| Untracked 
| 225|0x000000008e100000, 0x000000008e100000, 0x000000008e200000|  0%| F|  |TAMS 0x000000008e100000, 0x000000008e100000| Untracked 
| 226|0x000000008e200000, 0x000000008e200000, 0x000000008e300000|  0%| F|  |TAMS 0x000000008e200000, 0x000000008e200000| Untracked 
| 227|0x000000008e300000, 0x000000008e300000, 0x000000008e400000|  0%| F|  |TAMS 0x000000008e300000, 0x000000008e300000| Untracked 
| 228|0x000000008e400000, 0x000000008e400000, 0x000000008e500000|  0%| F|  |TAMS 0x000000008e400000, 0x000000008e400000| Untracked 
| 229|0x000000008e500000, 0x000000008e500000, 0x000000008e600000|  0%| F|  |TAMS 0x000000008e500000, 0x000000008e500000| Untracked 
| 230|0x000000008e600000, 0x000000008e600000, 0x000000008e700000|  0%| F|  |TAMS 0x000000008e600000, 0x000000008e600000| Untracked 
| 231|0x000000008e700000, 0x000000008e700000, 0x000000008e800000|  0%| F|  |TAMS 0x000000008e700000, 0x000000008e700000| Untracked 
| 232|0x000000008e800000, 0x000000008e800000, 0x000000008e900000|  0%| F|  |TAMS 0x000000008e800000, 0x000000008e800000| Untracked 
| 233|0x000000008e900000, 0x000000008e900000, 0x000000008ea00000|  0%| F|  |TAMS 0x000000008e900000, 0x000000008e900000| Untracked 
| 234|0x000000008ea00000, 0x000000008ea00000, 0x000000008eb00000|  0%| F|  |TAMS 0x000000008ea00000, 0x000000008ea00000| Untracked 
| 235|0x000000008eb00000, 0x000000008eb00000, 0x000000008ec00000|  0%| F|  |TAMS 0x000000008eb00000, 0x000000008eb00000| Untracked 
| 236|0x000000008ec00000, 0x000000008ec00000, 0x000000008ed00000|  0%| F|  |TAMS 0x000000008ec00000, 0x000000008ec00000| Untracked 
| 237|0x000000008ed00000, 0x000000008ed00000, 0x000000008ee00000|  0%| F|  |TAMS 0x000000008ed00000, 0x000000008ed00000| Untracked 
| 238|0x000000008ee00000, 0x000000008ee00000, 0x000000008ef00000|  0%| F|  |TAMS 0x000000008ee00000, 0x000000008ee00000| Untracked 
| 239|0x000000008ef00000, 0x000000008ef00000, 0x000000008f000000|  0%| F|  |TAMS 0x000000008ef00000, 0x000000008ef00000| Untracked 
| 240|0x000000008f000000, 0x000000008f000000, 0x000000008f100000|  0%| F|  |TAMS 0x000000008f000000, 0x000000008f000000| Untracked 
| 241|0x000000008f100000, 0x000000008f100000, 0x000000008f200000|  0%| F|  |TAMS 0x000000008f100000, 0x000000008f100000| Untracked 
| 242|0x000000008f200000, 0x000000008f200000, 0x000000008f300000|  0%| F|  |TAMS 0x000000008f200000, 0x000000008f200000| Untracked 
| 243|0x000000008f300000, 0x000000008f300000, 0x000000008f400000|  0%| F|  |TAMS 0x000000008f300000, 0x000000008f300000| Untracked 
| 244|0x000000008f400000, 0x000000008f400000, 0x000000008f500000|  0%| F|  |TAMS 0x000000008f400000, 0x000000008f400000| Untracked 
| 245|0x000000008f500000, 0x000000008f500000, 0x000000008f600000|  0%| F|  |TAMS 0x000000008f500000, 0x000000008f500000| Untracked 
| 246|0x000000008f600000, 0x000000008f600000, 0x000000008f700000|  0%| F|  |TAMS 0x000000008f600000, 0x000000008f600000| Untracked 
| 247|0x000000008f700000, 0x000000008f700000, 0x000000008f800000|  0%| F|  |TAMS 0x000000008f700000, 0x000000008f700000| Untracked 
| 248|0x000000008f800000, 0x000000008f800000, 0x000000008f900000|  0%| F|  |TAMS 0x000000008f800000, 0x000000008f800000| Untracked 
| 249|0x000000008f900000, 0x000000008f900000, 0x000000008fa00000|  0%| F|  |TAMS 0x000000008f900000, 0x000000008f900000| Untracked 
| 250|0x000000008fa00000, 0x000000008fa00000, 0x000000008fb00000|  0%| F|  |TAMS 0x000000008fa00000, 0x000000008fa00000| Untracked 
| 251|0x000000008fb00000, 0x000000008fb00000, 0x000000008fc00000|  0%| F|  |TAMS 0x000000008fb00000, 0x000000008fb00000| Untracked 
| 252|0x000000008fc00000, 0x000000008fc00000, 0x000000008fd00000|  0%| F|  |TAMS 0x000000008fc00000, 0x000000008fc00000| Untracked 
| 253|0x000000008fd00000, 0x000000008fd00000, 0x000000008fe00000|  0%| F|  |TAMS 0x000000008fd00000, 0x000000008fd00000| Untracked 
| 254|0x000000008fe00000, 0x000000008fe00000, 0x000000008ff00000|  0%| F|  |TAMS 0x000000008fe00000, 0x000000008fe00000| Untracked 
| 255|0x000000008ff00000, 0x000000008ff00000, 0x0000000090000000|  0%| F|  |TAMS 0x000000008ff00000, 0x000000008ff00000| Untracked 
| 256|0x0000000090000000, 0x0000000090000000, 0x0000000090100000|  0%| F|  |TAMS 0x0000000090000000, 0x0000000090000000| Untracked 
| 257|0x0000000090100000, 0x0000000090100000, 0x0000000090200000|  0%| F|  |TAMS 0x0000000090100000, 0x0000000090100000| Untracked 
| 258|0x0000000090200000, 0x0000000090200000, 0x0000000090300000|  0%| F|  |TAMS 0x0000000090200000, 0x0000000090200000| Untracked 
| 259|0x0000000090300000, 0x0000000090300000, 0x0000000090400000|  0%| F|  |TAMS 0x0000000090300000, 0x0000000090300000| Untracked 
| 260|0x0000000090400000, 0x0000000090400000, 0x0000000090500000|  0%| F|  |TAMS 0x0000000090400000, 0x0000000090400000| Untracked 
| 261|0x0000000090500000, 0x0000000090500000, 0x0000000090600000|  0%| F|  |TAMS 0x0000000090500000, 0x0000000090500000| Untracked 
| 262|0x0000000090600000, 0x0000000090600000, 0x0000000090700000|  0%| F|  |TAMS 0x0000000090600000, 0x0000000090600000| Untracked 
| 263|0x0000000090700000, 0x0000000090700000, 0x0000000090800000|  0%| F|  |TAMS 0x0000000090700000, 0x0000000090700000| Untracked 
| 264|0x0000000090800000, 0x0000000090800000, 0x0000000090900000|  0%| F|  |TAMS 0x0000000090800000, 0x0000000090800000| Untracked 
| 265|0x0000000090900000, 0x0000000090900000, 0x0000000090a00000|  0%| F|  |TAMS 0x0000000090900000, 0x0000000090900000| Untracked 
| 266|0x0000000090a00000, 0x0000000090a00000, 0x0000000090b00000|  0%| F|  |TAMS 0x0000000090a00000, 0x0000000090a00000| Untracked 
| 267|0x0000000090b00000, 0x0000000090b00000, 0x0000000090c00000|  0%| F|  |TAMS 0x0000000090b00000, 0x0000000090b00000| Untracked 
| 268|0x0000000090c00000, 0x0000000090c00000, 0x0000000090d00000|  0%| F|  |TAMS 0x0000000090c00000, 0x0000000090c00000| Untracked 
| 269|0x0000000090d00000, 0x0000000090d00000, 0x0000000090e00000|  0%| F|  |TAMS 0x0000000090d00000, 0x0000000090d00000| Untracked 
| 270|0x0000000090e00000, 0x0000000090e00000, 0x0000000090f00000|  0%| F|  |TAMS 0x0000000090e00000, 0x0000000090e00000| Untracked 
| 271|0x0000000090f00000, 0x0000000090f00000, 0x0000000091000000|  0%| F|  |TAMS 0x0000000090f00000, 0x0000000090f00000| Untracked 
| 272|0x0000000091000000, 0x0000000091000000, 0x0000000091100000|  0%| F|  |TAMS 0x0000000091000000, 0x0000000091000000| Untracked 
| 273|0x0000000091100000, 0x00000000911f2760, 0x0000000091200000| 94%| S|CS|TAMS 0x0000000091100000, 0x0000000091100000| Complete 
| 274|0x0000000091200000, 0x0000000091300000, 0x0000000091300000|100%| S|CS|TAMS 0x0000000091200000, 0x0000000091200000| Complete 
| 275|0x0000000091300000, 0x0000000091400000, 0x0000000091400000|100%| S|CS|TAMS 0x0000000091300000, 0x0000000091300000| Complete 
| 276|0x0000000091400000, 0x0000000091400000, 0x0000000091500000|  0%| F|  |TAMS 0x0000000091400000, 0x0000000091400000| Untracked 
| 277|0x0000000091500000, 0x0000000091500000, 0x0000000091600000|  0%| F|  |TAMS 0x0000000091500000, 0x0000000091500000| Untracked 
| 278|0x0000000091600000, 0x0000000091600000, 0x0000000091700000|  0%| F|  |TAMS 0x0000000091600000, 0x0000000091600000| Untracked 
| 279|0x0000000091700000, 0x0000000091700000, 0x0000000091800000|  0%| F|  |TAMS 0x0000000091700000, 0x0000000091700000| Untracked 
| 280|0x0000000091800000, 0x0000000091800000, 0x0000000091900000|  0%| F|  |TAMS 0x0000000091800000, 0x0000000091800000| Untracked 
| 281|0x0000000091900000, 0x0000000091900000, 0x0000000091a00000|  0%| F|  |TAMS 0x0000000091900000, 0x0000000091900000| Untracked 
| 282|0x0000000091a00000, 0x0000000091a00000, 0x0000000091b00000|  0%| F|  |TAMS 0x0000000091a00000, 0x0000000091a00000| Untracked 
| 283|0x0000000091b00000, 0x0000000091b00000, 0x0000000091c00000|  0%| F|  |TAMS 0x0000000091b00000, 0x0000000091b00000| Untracked 
| 284|0x0000000091c00000, 0x0000000091c00000, 0x0000000091d00000|  0%| F|  |TAMS 0x0000000091c00000, 0x0000000091c00000| Untracked 
| 285|0x0000000091d00000, 0x0000000091d00000, 0x0000000091e00000|  0%| F|  |TAMS 0x0000000091d00000, 0x0000000091d00000| Untracked 
| 286|0x0000000091e00000, 0x0000000091e00000, 0x0000000091f00000|  0%| F|  |TAMS 0x0000000091e00000, 0x0000000091e00000| Untracked 
| 287|0x0000000091f00000, 0x0000000091f00000, 0x0000000092000000|  0%| F|  |TAMS 0x0000000091f00000, 0x0000000091f00000| Untracked 
| 288|0x0000000092000000, 0x0000000092000000, 0x0000000092100000|  0%| F|  |TAMS 0x0000000092000000, 0x0000000092000000| Untracked 
| 289|0x0000000092100000, 0x0000000092100000, 0x0000000092200000|  0%| F|  |TAMS 0x0000000092100000, 0x0000000092100000| Untracked 
| 290|0x0000000092200000, 0x0000000092200000, 0x0000000092300000|  0%| F|  |TAMS 0x0000000092200000, 0x0000000092200000| Untracked 
| 291|0x0000000092300000, 0x0000000092300000, 0x0000000092400000|  0%| F|  |TAMS 0x0000000092300000, 0x0000000092300000| Untracked 
| 292|0x0000000092400000, 0x0000000092400000, 0x0000000092500000|  0%| F|  |TAMS 0x0000000092400000, 0x0000000092400000| Untracked 
| 293|0x0000000092500000, 0x0000000092500000, 0x0000000092600000|  0%| F|  |TAMS 0x0000000092500000, 0x0000000092500000| Untracked 
| 294|0x0000000092600000, 0x0000000092600000, 0x0000000092700000|  0%| F|  |TAMS 0x0000000092600000, 0x0000000092600000| Untracked 
| 295|0x0000000092700000, 0x0000000092700000, 0x0000000092800000|  0%| F|  |TAMS 0x0000000092700000, 0x0000000092700000| Untracked 
| 296|0x0000000092800000, 0x0000000092800000, 0x0000000092900000|  0%| F|  |TAMS 0x0000000092800000, 0x0000000092800000| Untracked 
| 297|0x0000000092900000, 0x0000000092900000, 0x0000000092a00000|  0%| F|  |TAMS 0x0000000092900000, 0x0000000092900000| Untracked 
| 298|0x0000000092a00000, 0x0000000092a00000, 0x0000000092b00000|  0%| F|  |TAMS 0x0000000092a00000, 0x0000000092a00000| Untracked 
| 299|0x0000000092b00000, 0x0000000092b00000, 0x0000000092c00000|  0%| F|  |TAMS 0x0000000092b00000, 0x0000000092b00000| Untracked 
| 300|0x0000000092c00000, 0x0000000092c00000, 0x0000000092d00000|  0%| F|  |TAMS 0x0000000092c00000, 0x0000000092c00000| Untracked 
| 301|0x0000000092d00000, 0x0000000092d00000, 0x0000000092e00000|  0%| F|  |TAMS 0x0000000092d00000, 0x0000000092d00000| Untracked 
| 302|0x0000000092e00000, 0x0000000092e00000, 0x0000000092f00000|  0%| F|  |TAMS 0x0000000092e00000, 0x0000000092e00000| Untracked 
| 303|0x0000000092f00000, 0x0000000092f00000, 0x0000000093000000|  0%| F|  |TAMS 0x0000000092f00000, 0x0000000092f00000| Untracked 
| 304|0x0000000093000000, 0x0000000093000000, 0x0000000093100000|  0%| F|  |TAMS 0x0000000093000000, 0x0000000093000000| Untracked 
| 305|0x0000000093100000, 0x0000000093100000, 0x0000000093200000|  0%| F|  |TAMS 0x0000000093100000, 0x0000000093100000| Untracked 
| 306|0x0000000093200000, 0x0000000093200000, 0x0000000093300000|  0%| F|  |TAMS 0x0000000093200000, 0x0000000093200000| Untracked 
| 307|0x0000000093300000, 0x0000000093300000, 0x0000000093400000|  0%| F|  |TAMS 0x0000000093300000, 0x0000000093300000| Untracked 
| 308|0x0000000093400000, 0x0000000093400000, 0x0000000093500000|  0%| F|  |TAMS 0x0000000093400000, 0x0000000093400000| Untracked 
| 309|0x0000000093500000, 0x0000000093500000, 0x0000000093600000|  0%| F|  |TAMS 0x0000000093500000, 0x0000000093500000| Untracked 
| 310|0x0000000093600000, 0x0000000093600000, 0x0000000093700000|  0%| F|  |TAMS 0x0000000093600000, 0x0000000093600000| Untracked 
| 311|0x0000000093700000, 0x0000000093700000, 0x0000000093800000|  0%| F|  |TAMS 0x0000000093700000, 0x0000000093700000| Untracked 
| 312|0x0000000093800000, 0x0000000093800000, 0x0000000093900000|  0%| F|  |TAMS 0x0000000093800000, 0x0000000093800000| Untracked 
| 313|0x0000000093900000, 0x0000000093900000, 0x0000000093a00000|  0%| F|  |TAMS 0x0000000093900000, 0x0000000093900000| Untracked 
| 314|0x0000000093a00000, 0x0000000093a00000, 0x0000000093b00000|  0%| F|  |TAMS 0x0000000093a00000, 0x0000000093a00000| Untracked 
| 315|0x0000000093b00000, 0x0000000093b00000, 0x0000000093c00000|  0%| F|  |TAMS 0x0000000093b00000, 0x0000000093b00000| Untracked 
| 316|0x0000000093c00000, 0x0000000093c00000, 0x0000000093d00000|  0%| F|  |TAMS 0x0000000093c00000, 0x0000000093c00000| Untracked 
| 317|0x0000000093d00000, 0x0000000093d00000, 0x0000000093e00000|  0%| F|  |TAMS 0x0000000093d00000, 0x0000000093d00000| Untracked 
| 318|0x0000000093e00000, 0x0000000093e00000, 0x0000000093f00000|  0%| F|  |TAMS 0x0000000093e00000, 0x0000000093e00000| Untracked 
| 319|0x0000000093f00000, 0x0000000093f00000, 0x0000000094000000|  0%| F|  |TAMS 0x0000000093f00000, 0x0000000093f00000| Untracked 
| 320|0x0000000094000000, 0x0000000094000000, 0x0000000094100000|  0%| F|  |TAMS 0x0000000094000000, 0x0000000094000000| Untracked 
| 321|0x0000000094100000, 0x0000000094100000, 0x0000000094200000|  0%| F|  |TAMS 0x0000000094100000, 0x0000000094100000| Untracked 
| 322|0x0000000094200000, 0x0000000094200000, 0x0000000094300000|  0%| F|  |TAMS 0x0000000094200000, 0x0000000094200000| Untracked 
| 323|0x0000000094300000, 0x0000000094300000, 0x0000000094400000|  0%| F|  |TAMS 0x0000000094300000, 0x0000000094300000| Untracked 
| 324|0x0000000094400000, 0x0000000094400000, 0x0000000094500000|  0%| F|  |TAMS 0x0000000094400000, 0x0000000094400000| Untracked 
| 325|0x0000000094500000, 0x0000000094500000, 0x0000000094600000|  0%| F|  |TAMS 0x0000000094500000, 0x0000000094500000| Untracked 
| 326|0x0000000094600000, 0x0000000094600000, 0x0000000094700000|  0%| F|  |TAMS 0x0000000094600000, 0x0000000094600000| Untracked 
| 327|0x0000000094700000, 0x0000000094700000, 0x0000000094800000|  0%| F|  |TAMS 0x0000000094700000, 0x0000000094700000| Untracked 
| 328|0x0000000094800000, 0x0000000094800000, 0x0000000094900000|  0%| F|  |TAMS 0x0000000094800000, 0x0000000094800000| Untracked 
| 329|0x0000000094900000, 0x0000000094900000, 0x0000000094a00000|  0%| F|  |TAMS 0x0000000094900000, 0x0000000094900000| Untracked 
| 330|0x0000000094a00000, 0x0000000094a00000, 0x0000000094b00000|  0%| F|  |TAMS 0x0000000094a00000, 0x0000000094a00000| Untracked 

Card table byte_map: [0x0000028cb71b0000,0x0000028cb75b0000] _byte_map_base: 0x0000028cb6db0000

Marking Bits (Prev, Next): (CMBitMap*) 0x0000028c9edfef88, (CMBitMap*) 0x0000028c9edfefc0
 Prev Bits: [0x0000028cb79b0000, 0x0000028cb99b0000)
 Next Bits: [0x0000028cb99b0000, 0x0000028cbb9b0000)

Polling page: 0x0000028c9cd50000

Metaspace:

Usage:
  Non-class:     99.59 MB capacity,    96.47 MB ( 97%) used,     2.73 MB (  3%) free+waste,   399.06 KB ( <1%) overhead. 
      Class:     16.44 MB capacity,    14.57 MB ( 89%) used,     1.69 MB ( 10%) free+waste,   188.13 KB (  1%) overhead. 
       Both:    116.03 MB capacity,   111.04 MB ( 96%) used,     4.42 MB (  4%) free+waste,   587.19 KB ( <1%) overhead. 

Virtual space:
  Non-class space:      100.00 MB reserved,      99.67 MB (>99%) committed 
      Class space:      504.00 MB reserved,      16.53 MB (  3%) committed 
             Both:      604.00 MB reserved,     116.20 MB ( 19%) committed 

Chunk freelists:
   Non-Class:  23.00 KB
       Class:  0 bytes
        Both:  23.00 KB

MaxMetaspaceSize: 512.00 MB
CompressedClassSpaceSize: 504.00 MB
Initial GC threshold: 20.80 MB
Current GC threshold: 188.88 MB
CDS: off

CodeHeap 'non-profiled nmethods': size=119168Kb used=6033Kb max_used=6033Kb free=113135Kb
 bounds [0x0000028caf0d0000, 0x0000028caf6c0000, 0x0000028cb6530000]
CodeHeap 'profiled nmethods': size=119168Kb used=31364Kb max_used=31364Kb free=87803Kb
 bounds [0x0000028ca7c70000, 0x0000028ca9b20000, 0x0000028caf0d0000]
CodeHeap 'non-nmethods': size=7424Kb used=2997Kb max_used=3565Kb free=4426Kb
 bounds [0x0000028ca7530000, 0x0000028ca78b0000, 0x0000028ca7c70000]
 total_blobs=15446 nmethods=14475 adapters=881
 compilation: enabled
              stopped_count=0, restarted_count=0
 full_count=0

Compilation events (20 events):
Event: 24.597 Thread 0x0000028cbe976000 15289       2       sun.util.calendar.ZoneInfo::getTransitionIndex (156 bytes)
Event: 24.597 Thread 0x0000028cbe976000 nmethod 15289 0x0000028ca9b04010 code [0x0000028ca9b041e0, 0x0000028ca9b044d8]
Event: 24.635 Thread 0x0000028cbe971000 nmethod 13709 0x0000028caf69ab10 code [0x0000028caf69b1c0, 0x0000028caf6a3238]
Event: 24.636 Thread 0x0000028cbe971000 15157 %     4       org.gradle.internal.logging.text.AbstractLineChoppingStyledTextOutput::doAppend @ 10 (43 bytes)
Event: 24.659 Thread 0x0000028cbe976000 15311       3       java.lang.Integer::formatUnsignedInt (44 bytes)
Event: 24.660 Thread 0x0000028cbe976000 nmethod 15311 0x0000028ca9b04710 code [0x0000028ca9b048e0, 0x0000028ca9b04af8]
Event: 24.690 Thread 0x0000028cbe971000 nmethod 15157% 0x0000028caf6a5f90 code [0x0000028caf6a6360, 0x0000028caf6a9ca0]
Event: 24.690 Thread 0x0000028cbe971000 15155 %     4       sun.nio.cs.UTF_8$Encoder::encodeArrayLoop @ 73 (489 bytes)
Event: 24.697 Thread 0x0000028cbe971000 nmethod 15155% 0x0000028caf6abe90 code [0x0000028caf6ac060, 0x0000028caf6ac838]
Event: 24.697 Thread 0x0000028cbe971000 15317       4       org.gradle.internal.logging.text.AbstractLineChoppingStyledTextOutput::doAppend (43 bytes)
Event: 24.758 Thread 0x0000028cbf40e000 15319 %     3       java.text.DigitList::set @ 66 (176 bytes)
Event: 24.758 Thread 0x0000028cbf40e000 nmethod 15319% 0x0000028ca9b04c90 code [0x0000028ca9b04ea0, 0x0000028ca9b05568]
Event: 24.761 Thread 0x0000028cbe971000 nmethod 15317 0x0000028caf6ace10 code [0x0000028caf6ad200, 0x0000028caf6b12e0]
Event: 24.761 Thread 0x0000028cbe971000 15318       4       sun.nio.cs.UTF_8$Encoder::encodeArrayLoop (489 bytes)
Event: 24.766 Thread 0x0000028cbe971000 nmethod 15318 0x0000028caf6b3690 code [0x0000028caf6b3860, 0x0000028caf6b3e58]
Event: 24.766 Thread 0x0000028cbe971000 15316   !   4       java.io.ObjectOutputStream::writeObject0 (619 bytes)
Event: 24.771 Thread 0x0000028cbe976000 15325 %     3       java.text.DecimalFormat::subformat @ 800 (1238 bytes)
Event: 24.776 Thread 0x0000028cbe976000 nmethod 15325% 0x0000028ca9b05810 code [0x0000028ca9b05ee0, 0x0000028ca9b0d9f8]
Event: 24.776 Thread 0x0000028cbf40e000 15326 %     3       sun.util.calendar.CalendarUtils::sprintf0d @ 29 (93 bytes)
Event: 24.776 Thread 0x0000028cbf40e000 nmethod 15326% 0x0000028ca9b10290 code [0x0000028ca9b104c0, 0x0000028ca9b10fe8]

GC Heap History (20 events):
Event: 21.246 GC heap after
{Heap after GC invocations=55 (full 0):
 garbage-first heap   total 206848K, used 130577K [0x0000000080000000, 0x0000000100000000)
  region size 1024K, 5 young (5120K), 5 survivors (5120K)
 Metaspace       used 105627K, capacity 109816K, committed 109904K, reserved 612352K
  class space    used 13905K, capacity 15512K, committed 15520K, reserved 516096K
}
Event: 21.384 GC heap before
{Heap before GC invocations=55 (full 0):
 garbage-first heap   total 206848K, used 163345K [0x0000000080000000, 0x0000000100000000)
  region size 1024K, 37 young (37888K), 5 survivors (5120K)
 Metaspace       used 105791K, capacity 109956K, committed 110160K, reserved 612352K
  class space    used 13921K, capacity 15514K, committed 15520K, reserved 516096K
}
Event: 21.394 GC heap after
{Heap after GC invocations=56 (full 0):
 garbage-first heap   total 248832K, used 135149K [0x0000000080000000, 0x0000000100000000)
  region size 1024K, 5 young (5120K), 5 survivors (5120K)
 Metaspace       used 105791K, capacity 109956K, committed 110160K, reserved 612352K
  class space    used 13921K, capacity 15514K, committed 15520K, reserved 516096K
}
Event: 21.643 GC heap before
{Heap before GC invocations=57 (full 0):
 garbage-first heap   total 248832K, used 180205K [0x0000000080000000, 0x0000000100000000)
  region size 1024K, 49 young (50176K), 5 survivors (5120K)
 Metaspace       used 105829K, capacity 110020K, committed 110160K, reserved 612352K
  class space    used 13923K, capacity 15514K, committed 15520K, reserved 516096K
}
Event: 21.650 GC heap after
{Heap after GC invocations=58 (full 0):
 garbage-first heap   total 248832K, used 141755K [0x0000000080000000, 0x0000000100000000)
  region size 1024K, 7 young (7168K), 7 survivors (7168K)
 Metaspace       used 105829K, capacity 110020K, committed 110160K, reserved 612352K
  class space    used 13923K, capacity 15514K, committed 15520K, reserved 516096K
}
Event: 21.835 GC heap before
{Heap before GC invocations=58 (full 0):
 garbage-first heap   total 248832K, used 166331K [0x0000000080000000, 0x0000000100000000)
  region size 1024K, 32 young (32768K), 7 survivors (7168K)
 Metaspace       used 105987K, capacity 110235K, committed 110544K, reserved 612352K
  class space    used 13940K, capacity 15535K, committed 15648K, reserved 516096K
}
Event: 21.843 GC heap after
{Heap after GC invocations=59 (full 0):
 garbage-first heap   total 248832K, used 144558K [0x0000000080000000, 0x0000000100000000)
  region size 1024K, 3 young (3072K), 3 survivors (3072K)
 Metaspace       used 105987K, capacity 110235K, committed 110544K, reserved 612352K
  class space    used 13940K, capacity 15535K, committed 15648K, reserved 516096K
}
Event: 22.231 GC heap before
{Heap before GC invocations=60 (full 0):
 garbage-first heap   total 248832K, used 195758K [0x0000000080000000, 0x0000000100000000)
  region size 1024K, 48 young (49152K), 3 survivors (3072K)
 Metaspace       used 107858K, capacity 112174K, committed 112336K, reserved 614400K
  class space    used 14178K, capacity 15816K, committed 15904K, reserved 516096K
}
Event: 22.239 GC heap after
{Heap after GC invocations=61 (full 0):
 garbage-first heap   total 248832K, used 152573K [0x0000000080000000, 0x0000000100000000)
  region size 1024K, 6 young (6144K), 6 survivors (6144K)
 Metaspace       used 107858K, capacity 112174K, committed 112336K, reserved 614400K
  class space    used 14178K, capacity 15816K, committed 15904K, reserved 516096K
}
Event: 22.421 GC heap before
{Heap before GC invocations=61 (full 0):
 garbage-first heap   total 248832K, used 171005K [0x0000000080000000, 0x0000000100000000)
  region size 1024K, 25 young (25600K), 6 survivors (6144K)
 Metaspace       used 108255K, capacity 112777K, committed 112976K, reserved 614400K
  class space    used 14230K, capacity 15925K, committed 16032K, reserved 516096K
}
Event: 22.443 GC heap after
{Heap after GC invocations=62 (full 0):
 garbage-first heap   total 338944K, used 155148K [0x0000000080000000, 0x0000000100000000)
  region size 1024K, 3 young (3072K), 3 survivors (3072K)
 Metaspace       used 108255K, capacity 112777K, committed 112976K, reserved 614400K
  class space    used 14230K, capacity 15925K, committed 16032K, reserved 516096K
}
Event: 23.163 GC heap before
{Heap before GC invocations=63 (full 0):
 garbage-first heap   total 338944K, used 226828K [0x0000000080000000, 0x0000000100000000)
  region size 1024K, 70 young (71680K), 3 survivors (3072K)
 Metaspace       used 110620K, capacity 115436K, committed 115664K, reserved 616448K
  class space    used 14533K, capacity 16368K, committed 16416K, reserved 516096K
}
Event: 23.179 GC heap after
{Heap after GC invocations=64 (full 0):
 garbage-first heap   total 338944K, used 169282K [0x0000000080000000, 0x0000000100000000)
  region size 1024K, 9 young (9216K), 9 survivors (9216K)
 Metaspace       used 110620K, capacity 115436K, committed 115664K, reserved 616448K
  class space    used 14533K, capacity 16368K, committed 16416K, reserved 516096K
}
Event: 23.305 GC heap before
{Heap before GC invocations=64 (full 0):
 garbage-first heap   total 338944K, used 188738K [0x0000000080000000, 0x0000000100000000)
  region size 1024K, 29 young (29696K), 9 survivors (9216K)
 Metaspace       used 110684K, capacity 115532K, committed 115664K, reserved 616448K
  class space    used 14539K, capacity 16376K, committed 16416K, reserved 516096K
}
Event: 23.322 GC heap after
{Heap after GC invocations=65 (full 0):
 garbage-first heap   total 338944K, used 170885K [0x0000000080000000, 0x0000000100000000)
  region size 1024K, 2 young (2048K), 2 survivors (2048K)
 Metaspace       used 110684K, capacity 115532K, committed 115664K, reserved 616448K
  class space    used 14539K, capacity 16376K, committed 16416K, reserved 516096K
}
Event: 23.545 GC heap before
{Heap before GC invocations=66 (full 0):
 garbage-first heap   total 338944K, used 193413K [0x0000000080000000, 0x0000000100000000)
  region size 1024K, 24 young (24576K), 2 survivors (2048K)
 Metaspace       used 110800K, capacity 115778K, committed 116048K, reserved 616448K
  class space    used 14558K, capacity 16455K, committed 16544K, reserved 516096K
}
Event: 23.551 GC heap after
{Heap after GC invocations=67 (full 0):
 garbage-first heap   total 338944K, used 177487K [0x0000000080000000, 0x0000000100000000)
  region size 1024K, 7 young (7168K), 7 survivors (7168K)
 Metaspace       used 110800K, capacity 115778K, committed 116048K, reserved 616448K
  class space    used 14558K, capacity 16455K, committed 16544K, reserved 516096K
}
Event: 24.049 GC heap before
{Heap before GC invocations=68 (full 0):
 garbage-first heap   total 338944K, used 237903K [0x0000000080000000, 0x0000000100000000)
  region size 1024K, 62 young (63488K), 7 survivors (7168K)
 Metaspace       used 113043K, capacity 118047K, committed 118096K, reserved 618496K
  class space    used 14840K, capacity 16782K, committed 16800K, reserved 516096K
}
Event: 24.064 GC heap after
{Heap after GC invocations=69 (full 0):
 garbage-first heap   total 338944K, used 188072K [0x0000000080000000, 0x0000000100000000)
  region size 1024K, 7 young (7168K), 7 survivors (7168K)
 Metaspace       used 113043K, capacity 118047K, committed 118096K, reserved 618496K
  class space    used 14840K, capacity 16782K, committed 16800K, reserved 516096K
}
Event: 24.796 GC heap before
{Heap before GC invocations=69 (full 0):
 garbage-first heap   total 338944K, used 244392K [0x0000000080000000, 0x0000000100000000)
  region size 1024K, 62 young (63488K), 7 survivors (7168K)
 Metaspace       used 113703K, capacity 118816K, committed 118992K, reserved 618496K
  class space    used 14916K, capacity 16839K, committed 16928K, reserved 516096K
}

Deoptimization events (20 events):
Event: 24.743 Thread 0x0000028cc19ce800 DEOPT PACKING pc=0x0000028ca9461b00 sp=0x000000d5eeffde70
Event: 24.743 Thread 0x0000028cc19ce800 DEOPT UNPACKING pc=0x0000028ca757a95e sp=0x000000d5eeffd3e8 mode 0
Event: 24.747 Thread 0x0000028cc19ce800 DEOPT PACKING pc=0x0000028ca9469346 sp=0x000000d5eeffe6a0
Event: 24.747 Thread 0x0000028cc19ce800 DEOPT UNPACKING pc=0x0000028ca757a95e sp=0x000000d5eeffdb70 mode 0
Event: 24.747 Thread 0x0000028cc19ce800 DEOPT PACKING pc=0x0000028ca9461b00 sp=0x000000d5eeffdde0
Event: 24.747 Thread 0x0000028cc19ce800 DEOPT UNPACKING pc=0x0000028ca757a95e sp=0x000000d5eeffd358 mode 0
Event: 24.750 Thread 0x0000028cc19ce800 DEOPT PACKING pc=0x0000028ca9469346 sp=0x000000d5eeffe6a0
Event: 24.750 Thread 0x0000028cc19ce800 DEOPT UNPACKING pc=0x0000028ca757a95e sp=0x000000d5eeffdb70 mode 0
Event: 24.751 Thread 0x0000028cc19ce800 DEOPT PACKING pc=0x0000028ca9461b00 sp=0x000000d5eeffde70
Event: 24.751 Thread 0x0000028cc19ce800 DEOPT UNPACKING pc=0x0000028ca757a95e sp=0x000000d5eeffd3e8 mode 0
Event: 24.754 Thread 0x0000028cc19ce800 DEOPT PACKING pc=0x0000028ca9469346 sp=0x000000d5eeffe6a0
Event: 24.754 Thread 0x0000028cc19ce800 DEOPT UNPACKING pc=0x0000028ca757a95e sp=0x000000d5eeffdb70 mode 0
Event: 24.755 Thread 0x0000028cc19ce800 DEOPT PACKING pc=0x0000028ca9461b00 sp=0x000000d5eeffde70
Event: 24.755 Thread 0x0000028cc19ce800 DEOPT UNPACKING pc=0x0000028ca757a95e sp=0x000000d5eeffd3e8 mode 0
Event: 24.759 Thread 0x0000028cc19ce800 DEOPT PACKING pc=0x0000028ca9469346 sp=0x000000d5eeffe6a0
Event: 24.759 Thread 0x0000028cc19ce800 DEOPT UNPACKING pc=0x0000028ca757a95e sp=0x000000d5eeffdb70 mode 0
Event: 24.759 Thread 0x0000028cc19ce800 DEOPT PACKING pc=0x0000028ca9461b00 sp=0x000000d5eeffdde0
Event: 24.759 Thread 0x0000028cc19ce800 DEOPT UNPACKING pc=0x0000028ca757a95e sp=0x000000d5eeffd358 mode 0
Event: 24.763 Thread 0x0000028cc19ce800 DEOPT PACKING pc=0x0000028ca9461b00 sp=0x000000d5eeffe550
Event: 24.763 Thread 0x0000028cc19ce800 DEOPT UNPACKING pc=0x0000028ca757a95e sp=0x000000d5eeffdac8 mode 0

Classes redefined (0 events):
No events

Internal exceptions (20 events):
Event: 23.811 Thread 0x0000028cc1479800 Exception <a 'java/lang/ClassNotFoundException'{0x0000000092baffe8}: org/jetbrains/kotlin/gradle/targets/js/npm/DefaultNpmDependencyExtensionBeanInfo> (0x0000000092baffe8) thrown at [s\src\hotspot\share\classfile\systemDictionary.cpp, line 230]
Event: 23.812 Thread 0x0000028cc1479800 Exception <a 'java/lang/ClassNotFoundException'{0x0000000092bdfd68}: org/jetbrains/kotlin/gradle/targets/js/npm/DefaultNpmDependencyExtensionCustomizer> (0x0000000092bdfd68) thrown at [s\src\hotspot\share\classfile\systemDictionary.cpp, line 230]
Event: 23.815 Thread 0x0000028cc1479800 Exception <a 'java/lang/ClassNotFoundException'{0x0000000092aa45d0}: org/jetbrains/kotlin/gradle/targets/js/npm/NpmDependencyExtensionKt$defaultNpmDependencyDelegate$1BeanInfo> (0x0000000092aa45d0) thrown at [s\src\hotspot\share\classfile\systemDictionary.cpp, line 230]
Event: 23.816 Thread 0x0000028cc1479800 Exception <a 'java/lang/ClassNotFoundException'{0x0000000092ad42e8}: org/jetbrains/kotlin/gradle/targets/js/npm/NpmDependencyExtensionDelegateBeanInfo> (0x0000000092ad42e8) thrown at [s\src\hotspot\share\classfile\systemDictionary.cpp, line 230]
Event: 23.816 Thread 0x0000028cc1479800 Exception <a 'java/lang/ClassNotFoundException'{0x00000000929068c0}: org/jetbrains/kotlin/gradle/targets/js/npm/NpmDependencyExtensionDelegateCustomizer> (0x00000000929068c0) thrown at [s\src\hotspot\share\classfile\systemDictionary.cpp, line 230]
Event: 23.817 Thread 0x0000028cc1479800 Exception <a 'java/lang/ClassNotFoundException'{0x0000000092957bf8}: org/jetbrains/kotlin/gradle/targets/js/npm/NpmDependencyExtensionKt$defaultNpmDependencyDelegate$1Customizer> (0x0000000092957bf8) thrown at [s\src\hotspot\share\classfile\systemDictionary.cpp, line 230]
Event: 23.818 Thread 0x0000028cc1479800 Exception <a 'java/lang/ClassNotFoundException'{0x00000000929c4e78}: org/jetbrains/kotlin/gradle/targets/js/npm/DefaultDevNpmDependencyExtensionBeanInfo> (0x00000000929c4e78) thrown at [s\src\hotspot\share\classfile\systemDictionary.cpp, line 230]
Event: 23.819 Thread 0x0000028cc1479800 Exception <a 'java/lang/ClassNotFoundException'{0x00000000929f5e38}: org/jetbrains/kotlin/gradle/targets/js/npm/DefaultDevNpmDependencyExtensionCustomizer> (0x00000000929f5e38) thrown at [s\src\hotspot\share\classfile\systemDictionary.cpp, line 230]
Event: 23.821 Thread 0x0000028cc1479800 Exception <a 'java/lang/ClassNotFoundException'{0x0000000092879790}: org/jetbrains/kotlin/gradle/targets/js/npm/DefaultPeerNpmDependencyExtensionBeanInfo> (0x0000000092879790) thrown at [s\src\hotspot\share\classfile\systemDictionary.cpp, line 230]
Event: 23.822 Thread 0x0000028cc1479800 Exception <a 'java/lang/ClassNotFoundException'{0x0000000092719230}: org/jetbrains/kotlin/gradle/targets/js/npm/DefaultPeerNpmDependencyExtensionCustomizer> (0x0000000092719230) thrown at [s\src\hotspot\share\classfile\systemDictionary.cpp, line 230]
Event: 23.824 Thread 0x0000028cc1479800 Exception <a 'java/lang/ClassNotFoundException'{0x00000000927a7540}: org/jetbrains/kotlin/gradle/targets/js/npm/DefaultPeerNpmDependencyExtension$delegate$1BeanInfo> (0x00000000927a7540) thrown at [s\src\hotspot\share\classfile\systemDictionary.cpp, line 230]
Event: 23.824 Thread 0x0000028cc1479800 Exception <a 'java/lang/ClassNotFoundException'{0x00000000927db350}: org/jetbrains/kotlin/gradle/targets/js/npm/DefaultPeerNpmDependencyExtension$delegate$1Customizer> (0x00000000927db350) thrown at [s\src\hotspot\share\classfile\systemDictionary.cpp, line 230]
Event: 23.832 Thread 0x0000028cc1479800 Exception <a 'java/lang/ClassNotFoundException'{0x00000000926d8a88}: com/android/build/gradle/internal/api/DefaultAndroidSourceFileBeanInfo> (0x00000000926d8a88) thrown at [s\src\hotspot\share\classfile\systemDictionary.cpp, line 230]
Event: 23.833 Thread 0x0000028cc1479800 Exception <a 'java/lang/ClassNotFoundException'{0x00000000925002a0}: com/android/build/gradle/internal/api/DefaultAndroidSourceFileCustomizer> (0x00000000925002a0) thrown at [s\src\hotspot\share\classfile\systemDictionary.cpp, line 230]
Event: 23.836 Thread 0x0000028cc1479800 Exception <a 'java/lang/ClassNotFoundException'{0x000000009254dae0}: build_ympz117r9bq9gyhq1xhu0tgb$_run_closure1BeanInfo> (0x000000009254dae0) thrown at [s\src\hotspot\share\classfile\systemDictionary.cpp, line 230]
Event: 23.836 Thread 0x0000028cc1479800 Exception <a 'java/lang/ClassNotFoundException'{0x0000000092563e90}: build_ympz117r9bq9gyhq1xhu0tgb$_run_closure1Customizer> (0x0000000092563e90) thrown at [s\src\hotspot\share\classfile\systemDictionary.cpp, line 230]
Event: 23.840 Thread 0x0000028cc1479800 Exception <a 'java/lang/ClassNotFoundException'{0x00000000925ed778}: org/jetbrains/kotlin/gradle/plugin/sources/DefaultKotlinSourceSetBeanInfo> (0x00000000925ed778) thrown at [s\src\hotspot\share\classfile\systemDictionary.cpp, line 230]
Event: 23.840 Thread 0x0000028cc1479800 Exception <a 'java/lang/ClassNotFoundException'{0x000000009241f980}: org/jetbrains/kotlin/gradle/plugin/sources/DefaultKotlinSourceSetCustomizer> (0x000000009241f980) thrown at [s\src\hotspot\share\classfile\systemDictionary.cpp, line 230]
Event: 23.923 Thread 0x0000028cc1479800 Exception <a 'java/lang/NoClassDefFoundError'{0x0000000091b16808}: org/jetbrains/kotlin/gradle/plugin/KotlinBasePluginWrapper> (0x0000000091b16808) thrown at [s\src\hotspot\share\oops\constantPool.cpp, line 775]
Event: 23.964 Thread 0x0000028cc1479800 Implicit null exception at 0x0000028caf667ba9 to 0x0000028caf668cd4

Events (20 events):
Event: 24.231 Thread 0x0000028cc6005800 Thread exited: 0x0000028cc6005800
Event: 24.231 Thread 0x0000028cc79c4800 Thread exited: 0x0000028cc79c4800
Event: 24.231 Thread 0x0000028cc79b8800 Thread exited: 0x0000028cc79b8800
Event: 24.231 Thread 0x0000028cc79cf800 Thread exited: 0x0000028cc79cf800
Event: 24.231 Thread 0x0000028cc5e37800 Thread exited: 0x0000028cc5e37800
Event: 24.231 Thread 0x0000028cc79b7000 Thread exited: 0x0000028cc79b7000
Event: 24.231 Thread 0x0000028cc600d000 Thread exited: 0x0000028cc600d000
Event: 24.231 Thread 0x0000028cc7a50800 Thread exited: 0x0000028cc7a50800
Event: 24.231 Thread 0x0000028cc7edf000 Thread exited: 0x0000028cc7edf000
Event: 24.231 Thread 0x0000028cc7ede000 Thread exited: 0x0000028cc7ede000
Event: 24.231 Thread 0x0000028cc7fdc000 Thread exited: 0x0000028cc7fdc000
Event: 24.231 Thread 0x0000028cc7fdf800 Thread exited: 0x0000028cc7fdf800
Event: 24.231 Thread 0x0000028cc7a52000 Thread exited: 0x0000028cc7a52000
Event: 24.231 Thread 0x0000028cc79c7000 Thread exited: 0x0000028cc79c7000
Event: 24.231 Thread 0x0000028cc5e38800 Thread exited: 0x0000028cc5e38800
Event: 24.231 Thread 0x0000028cc6008800 Thread exited: 0x0000028cc6008800
Event: 24.231 Thread 0x0000028cc600b000 Thread exited: 0x0000028cc600b000
Event: 24.231 Thread 0x0000028cc54dc800 Thread exited: 0x0000028cc54dc800
Event: 24.231 Thread 0x0000028cc7eda000 Thread exited: 0x0000028cc7eda000
Event: 24.796 Executing VM operation: G1CollectForAllocation


Dynamic libraries:
0x00007ff747cd0000 - 0x00007ff747cdd000 	C:\Program Files\Microsoft\jdk-11.0.20.8-hotspot\bin\java.exe
0x00007ffe10210000 - 0x00007ffe10427000 	C:\WINDOWS\SYSTEM32\ntdll.dll
0x00007ffe0eb70000 - 0x00007ffe0ec34000 	C:\WINDOWS\System32\KERNEL32.DLL
0x00007ffe0d730000 - 0x00007ffe0dad6000 	C:\WINDOWS\System32\KERNELBASE.dll
0x00007ffe0ddd0000 - 0x00007ffe0dee1000 	C:\WINDOWS\System32\ucrtbase.dll
0x00007ffd69d20000 - 0x00007ffd69d35000 	C:\Program Files\Microsoft\jdk-11.0.20.8-hotspot\bin\VCRUNTIME140.dll
0x00007ffd69d40000 - 0x00007ffd69d57000 	C:\Program Files\Microsoft\jdk-11.0.20.8-hotspot\bin\jli.dll
0x00007ffe0ffa0000 - 0x00007ffe1014d000 	C:\WINDOWS\System32\USER32.dll
0x00007ffe0d590000 - 0x00007ffe0d5b6000 	C:\WINDOWS\System32\win32u.dll
0x00007ffdf6b80000 - 0x00007ffdf6e13000 	C:\WINDOWS\WinSxS\amd64_microsoft.windows.common-controls_6595b64144ccf1df_6.0.22621.2361_none_2712ced57382f843\COMCTL32.dll
0x00007ffe0fc50000 - 0x00007ffe0fc79000 	C:\WINDOWS\System32\GDI32.dll
0x00007ffe0df70000 - 0x00007ffe0e017000 	C:\WINDOWS\System32\msvcrt.dll
0x00007ffe0dae0000 - 0x00007ffe0dbf8000 	C:\WINDOWS\System32\gdi32full.dll
0x00007ffe0dd30000 - 0x00007ffe0ddca000 	C:\WINDOWS\System32\msvcp_win.dll
0x00007ffe0e5c0000 - 0x00007ffe0e5f1000 	C:\WINDOWS\System32\IMM32.DLL
0x00007ffd69c80000 - 0x00007ffd69d1b000 	C:\Program Files\Microsoft\jdk-11.0.20.8-hotspot\bin\msvcp140.dll
0x00007ffd624a0000 - 0x00007ffd63036000 	C:\Program Files\Microsoft\jdk-11.0.20.8-hotspot\bin\server\jvm.dll
0x00007ffe0fed0000 - 0x00007ffe0ff80000 	C:\WINDOWS\System32\ADVAPI32.dll
0x00007ffe0e430000 - 0x00007ffe0e4d6000 	C:\WINDOWS\System32\sechost.dll
0x00007ffe0e900000 - 0x00007ffe0ea17000 	C:\WINDOWS\System32\RPCRT4.dll
0x00007ffe0e7e0000 - 0x00007ffe0e7e8000 	C:\WINDOWS\System32\PSAPI.DLL
0x00007ffde6060000 - 0x00007ffde6069000 	C:\WINDOWS\SYSTEM32\WSOCK32.dll
0x00007ffe04ce0000 - 0x00007ffe04d14000 	C:\WINDOWS\SYSTEM32\WINMM.dll
0x00007ffe03c10000 - 0x00007ffe03c1a000 	C:\WINDOWS\SYSTEM32\VERSION.dll
0x00007ffe10150000 - 0x00007ffe101c1000 	C:\WINDOWS\System32\WS2_32.dll
0x00007ffe0c5d0000 - 0x00007ffe0c5e8000 	C:\WINDOWS\SYSTEM32\kernel.appcore.dll
0x00007ffd72da0000 - 0x00007ffd72db0000 	C:\Program Files\Microsoft\jdk-11.0.20.8-hotspot\bin\verify.dll
0x00007ffdff8e0000 - 0x00007ffdffb0e000 	C:\WINDOWS\SYSTEM32\DBGHELP.DLL
0x00007ffe0e020000 - 0x00007ffe0e3aa000 	C:\WINDOWS\System32\combase.dll
0x00007ffe0e4e0000 - 0x00007ffe0e5b7000 	C:\WINDOWS\System32\OLEAUT32.dll
0x00007ffe02af0000 - 0x00007ffe02b22000 	C:\WINDOWS\SYSTEM32\dbgcore.DLL
0x00007ffe0def0000 - 0x00007ffe0df6a000 	C:\WINDOWS\System32\bcryptPrimitives.dll
0x00007ffd69c50000 - 0x00007ffd69c78000 	C:\Program Files\Microsoft\jdk-11.0.20.8-hotspot\bin\java.dll
0x00007ffd72530000 - 0x00007ffd7253a000 	C:\Program Files\Microsoft\jdk-11.0.20.8-hotspot\bin\jimage.dll
0x00007ffd69c30000 - 0x00007ffd69c48000 	C:\Program Files\Microsoft\jdk-11.0.20.8-hotspot\bin\zip.dll
0x00007ffe0f1f0000 - 0x00007ffe0fa48000 	C:\WINDOWS\System32\SHELL32.dll
0x00007ffe0b4f0000 - 0x00007ffe0bde2000 	C:\WINDOWS\SYSTEM32\windows.storage.dll
0x00007ffe0b3b0000 - 0x00007ffe0b4ee000 	C:\WINDOWS\SYSTEM32\wintypes.dll
0x00007ffe0fa50000 - 0x00007ffe0fb43000 	C:\WINDOWS\System32\SHCORE.dll
0x00007ffe0e800000 - 0x00007ffe0e85e000 	C:\WINDOWS\System32\shlwapi.dll
0x00007ffe0d4c0000 - 0x00007ffe0d4e6000 	C:\WINDOWS\SYSTEM32\profapi.dll
0x00007ffd69b60000 - 0x00007ffd69b79000 	C:\Program Files\Microsoft\jdk-11.0.20.8-hotspot\bin\net.dll
0x00007ffe079b0000 - 0x00007ffe07ae7000 	C:\WINDOWS\SYSTEM32\WINHTTP.dll
0x00007ffe0ca50000 - 0x00007ffe0cab9000 	C:\WINDOWS\system32\mswsock.dll
0x00007ffd69b40000 - 0x00007ffd69b53000 	C:\Program Files\Microsoft\jdk-11.0.20.8-hotspot\bin\nio.dll
0x00007ffd72490000 - 0x00007ffd724b7000 	C:\Users\Admin\.gradle\native\68d5fa5c4cc2d200863cafc0d521ce42e7d3e7ee720ec0a83991735586a16f82\windows-amd64\native-platform.dll
0x00007ffd69730000 - 0x00007ffd69874000 	C:\Users\Admin\.gradle\native\e376f236ea51e6404a007f0833ffe2c6e607c4080706a723a18a27aeea778392\windows-amd64\native-platform-file-events.dll
0x00007ffd69720000 - 0x00007ffd69729000 	C:\Program Files\Microsoft\jdk-11.0.20.8-hotspot\bin\management.dll
0x00007ffd69710000 - 0x00007ffd6971b000 	C:\Program Files\Microsoft\jdk-11.0.20.8-hotspot\bin\management_ext.dll
0x00007ffe0cca0000 - 0x00007ffe0ccbb000 	C:\WINDOWS\SYSTEM32\CRYPTSP.dll
0x00007ffe0c530000 - 0x00007ffe0c565000 	C:\WINDOWS\system32\rsaenh.dll
0x00007ffe0cb40000 - 0x00007ffe0cb6c000 	C:\WINDOWS\SYSTEM32\USERENV.dll
0x00007ffe0ce40000 - 0x00007ffe0ce68000 	C:\WINDOWS\SYSTEM32\bcrypt.dll
0x00007ffe0ccc0000 - 0x00007ffe0cccc000 	C:\WINDOWS\SYSTEM32\CRYPTBASE.dll
0x00007ffe0c050000 - 0x00007ffe0c07d000 	C:\WINDOWS\SYSTEM32\IPHLPAPI.DLL
0x00007ffe0e7f0000 - 0x00007ffe0e7f9000 	C:\WINDOWS\System32\NSI.dll
0x00007ffe07860000 - 0x00007ffe07879000 	C:\WINDOWS\SYSTEM32\dhcpcsvc6.DLL
0x00007ffe07710000 - 0x00007ffe0772f000 	C:\WINDOWS\SYSTEM32\dhcpcsvc.DLL
0x00007ffe0c080000 - 0x00007ffe0c179000 	C:\WINDOWS\SYSTEM32\DNSAPI.dll

dbghelp: loaded successfully - version: 4.0.5 - missing functions: none
symbol engine: initialized successfully - sym options: 0x614 - pdb path: .;C:\Program Files\Microsoft\jdk-11.0.20.8-hotspot\bin;C:\WINDOWS\SYSTEM32;C:\WINDOWS\WinSxS\amd64_microsoft.windows.common-controls_6595b64144ccf1df_6.0.22621.2361_none_2712ced57382f843;C:\Program Files\Microsoft\jdk-11.0.20.8-hotspot\bin\server;C:\Users\Admin\.gradle\native\68d5fa5c4cc2d200863cafc0d521ce42e7d3e7ee720ec0a83991735586a16f82\windows-amd64;C:\Users\Admin\.gradle\native\e376f236ea51e6404a007f0833ffe2c6e607c4080706a723a18a27aeea778392\windows-amd64

VM Arguments:
jvm_args: -XX:MaxMetaspaceSize=512m --add-opens=java.base/java.util=ALL-UNNAMED --add-opens=java.base/java.lang=ALL-UNNAMED --add-opens=java.base/java.lang.invoke=ALL-UNNAMED --add-opens=java.prefs/java.util.prefs=ALL-UNNAMED --add-opens=java.base/java.nio.charset=ALL-UNNAMED --add-opens=java.base/java.net=ALL-UNNAMED --add-opens=java.base/java.util.concurrent.atomic=ALL-UNNAMED -Xmx2048m -Dfile.encoding=utf8 -Duser.country=US -Duser.language=en -Duser.variant 
java_command: org.gradle.launcher.daemon.bootstrap.GradleDaemon 8.0.1
java_class_path (initial): C:\Users\Admin\.gradle\wrapper\dists\gradle-8.0.1-all\aro4hu1c3oeioove7l0i4i14o\gradle-8.0.1\lib\gradle-launcher-8.0.1.jar
Launcher Type: SUN_STANDARD

[Global flags]
     intx CICompilerCount                          = 12                                        {product} {ergonomic}
   size_t CompressedClassSpaceSize                 = 528482304                                 {product} {ergonomic}
     uint ConcGCThreads                            = 3                                         {product} {ergonomic}
     uint G1ConcRefinementThreads                  = 13                                        {product} {ergonomic}
   size_t G1HeapRegionSize                         = 1048576                                   {product} {ergonomic}
    uintx GCDrainStackTargetSize                   = 64                                        {product} {ergonomic}
   size_t InitialHeapSize                          = 121634816                                 {product} {ergonomic}
   size_t MarkStackSize                            = 4194304                                   {product} {ergonomic}
   size_t MaxHeapSize                              = 2147483648                                {product} {command line}
   size_t MaxMetaspaceSize                         = 536870912                                 {product} {command line}
   size_t MaxNewSize                               = 1287651328                                {product} {ergonomic}
   size_t MinHeapDeltaBytes                        = 1048576                                   {product} {ergonomic}
    uintx NonNMethodCodeHeapSize                   = 7594288                                {pd product} {ergonomic}
    uintx NonProfiledCodeHeapSize                  = 122031976                              {pd product} {ergonomic}
    uintx ProfiledCodeHeapSize                     = 122031976                              {pd product} {ergonomic}
    uintx ReservedCodeCacheSize                    = 251658240                              {pd product} {ergonomic}
     bool SegmentedCodeCache                       = true                                      {product} {ergonomic}
     bool UseCompressedClassPointers               = true                                 {lp64_product} {ergonomic}
     bool UseCompressedOops                        = true                                 {lp64_product} {ergonomic}
     bool UseG1GC                                  = true                                      {product} {ergonomic}
     bool UseLargePagesIndividualAllocation        = false                                  {pd product} {ergonomic}

Logging:
Log output configuration:
 #0: stdout all=warning uptime,level,tags
 #1: stderr all=off uptime,level,tags

Environment Variables:
JAVA_HOME=C:\Program Files\Microsoft\jdk-11.0.20.8-hotspot\
PATH=C:\Program Files\Microsoft\jdk-11.0.20.8-hotspot\bin;C:\Windows\system32;C:\Windows;C:\Windows\System32\Wbem;C:\Windows\System32\WindowsPowerShell\v1.0\;C:\Windows\System32\OpenSSH\;C:\Program Files (x86)\NVIDIA Corporation\PhysX\Common;C:\Program Files\NVIDIA Corporation\NVIDIA NvDLISR;C:\Program Files\dotnet\;C:\WINDOWS\system32;C:\WINDOWS;C:\WINDOWS\System32\Wbem;C:\WINDOWS\System32\WindowsPowerShell\v1.0\;C:\WINDOWS\System32\OpenSSH\;C:\Program Files\Git\cmd;C:\ProgramData\chocolatey\bin;C:\Program Files\nodejs\;C:\Users\Admin\AppData\Local\Programs\Python\Python310\Scripts\;C:\Users\Admin\AppData\Local\Programs\Python\Python310\;C:\Users\Admin\AppData\Local\Microsoft\WindowsApps;C:\Users\Admin\AppData\Local\Programs\Microsoft VS Code\bin;C:\Users\Admin\.dotnet\tools;C:\flutter\bin;C:\Users\Admin\AppData\Local\GitHubDesktop\bin;C:\Program Files\Android\Android Studio\jbr\bin;C:\Users\Admin\AppData\Roaming\npm;C:\Users\Admin\AppData\Local\Android\Sdk;C:\Users\Admin\AppData\Local\Android\Sdk\platform-tools;
USERNAME=Admin
OS=Windows_NT
PROCESSOR_IDENTIFIER=AMD64 Family 25 Model 68 Stepping 1, AuthenticAMD
TMP=C:\Users\Admin\AppData\Local\Temp
TEMP=C:\Users\Admin\AppData\Local\Temp



---------------  S Y S T E M  ---------------

OS: Windows 11 , 64 bit Build 22621 (10.0.22621.2428)
OS uptime: 0 days 0:14 hours

CPU:total 16 (initial active 16) (16 cores per cpu, 2 threads per core) family 25 model 68 stepping 1 microcode 0x0, cmov, cx8, fxsr, mmx, sse, sse2, sse3, ssse3, sse4.1, sse4.2, popcnt, avx, avx2, aes, clmul, mmxext, 3dnowpref, lzcnt, sse4a, ht, tsc, tscinvbit, tscinv, bmi1, bmi2, adx, sha, fma

Memory: 4k page, system-wide physical 7421M (175M free)
TotalPageFile size 19709M (AvailPageFile size 3M)
current process WorkingSet (physical memory assigned to process): 477M, peak: 484M
current process commit charge ("private bytes"): 898M, peak: 898M

vm_info: OpenJDK 64-Bit Server VM (11.0.20+8-LTS) for windows-amd64 JRE (11.0.20+8-LTS), built on Jul  7 2023 17:05:21 by "MicrosoftCorporation" with MS VC++ 15.9 (VS2017)

END.
