#
# There is insufficient memory for the Java Runtime Environment to continue.
# Native memory allocation (malloc) failed to allocate 2365296 bytes for Chunk::new
# Possible reasons:
#   The system is out of physical RAM or swap space
#   The process is running with CompressedOops enabled, and the Java Heap may be blocking the growth of the native heap
# Possible solutions:
#   Reduce memory load on the system
#   Increase physical memory or swap space
#   Check if swap backing store is full
#   Decrease Java heap size (-Xmx/-Xms)
#   Decrease number of Java threads
#   Decrease Java thread stack sizes (-Xss)
#   Set larger code cache with -XX:ReservedCodeCacheSize=
#   JVM is running with Unscaled Compressed Oops mode in which the Java heap is
#     placed in the first 4GB address space. The Java Heap base address is the
#     maximum limit for the native heap growth. Please use -XX:HeapBaseMinAddress
#     to set the Java Heap base and to place the Java Heap above 4GB virtual address.
# This output file may be truncated or incomplete.
#
#  Out of Memory Error (arena.cpp:189), pid=26156, tid=25532
#
# JRE version: OpenJDK Runtime Environment Temurin-17.0.8.1+1 (17.0.8.1+1) (build 17.0.8.1+1)
# Java VM: OpenJDK 64-Bit Server VM Temurin-17.0.8.1+1 (17.0.8.1+1, mixed mode, tiered, compressed oops, compressed class ptrs, parallel gc, windows-amd64)
# No core dump will be written. Minidumps are not enabled by default on client versions of Windows
#

---------------  S U M M A R Y ------------

Command Line: --add-modules=ALL-SYSTEM --add-opens=java.base/java.util=ALL-UNNAMED --add-opens=java.base/java.lang=ALL-UNNAMED --add-opens=java.base/sun.nio.fs=ALL-UNNAMED -Declipse.application=org.eclipse.jdt.ls.core.id1 -Dosgi.bundles.defaultStartLevel=4 -Declipse.product=org.eclipse.jdt.ls.core.product -Djava.import.generatesMetadataFilesAtProjectRoot=false -DDetectVMInstallationsJob.disabled=true -Dfile.encoding=utf8 -XX:+UseParallelGC -XX:GCTimeRatio=4 -XX:AdaptiveSizePolicyWeight=90 -Dsun.zip.disableMemoryMapping=true -Xmx1G -Xms100m -Xlog:disable -javaagent:c:\Users\Admin\.vscode\extensions\redhat.java-1.23.0-win32-x64\lombok\lombok-1.18.30.jar -XX:+HeapDumpOnOutOfMemoryError -XX:HeapDumpPath=c:\Users\Admin\AppData\Roaming\Code\User\workspaceStorage\08d266126c36d593499f2867316cb880\redhat.java -Daether.dependencyCollector.impl=bf c:\Users\Admin\.vscode\extensions\redhat.java-1.23.0-win32-x64\server\plugins\org.eclipse.equinox.launcher_1.6.500.v20230717-2134.jar -configuration c:\Users\Admin\AppData\Roaming\Code\User\globalStorage\redhat.java\1.23.0\config_win -data c:\Users\Admin\AppData\Roaming\Code\User\workspaceStorage\08d266126c36d593499f2867316cb880\redhat.java\jdt_ws

Host: AMD Ryzen 7 6800H with Radeon Graphics         , 16 cores, 7G,  Windows 11 , 64 bit Build 22621 (10.0.22621.2215)
Time: Tue Oct  3 18:52:52 2023 SE Asia Standard Time elapsed time: 4.695909 seconds (0d 0h 0m 4s)

---------------  T H R E A D  ---------------

Current thread (0x000001e7a3a7e3e0):  JavaThread "C2 CompilerThread1" daemon [_thread_in_native, id=25532, stack(0x000000573b700000,0x000000573b800000)]


Current CompileTask:
C2:   4695 4096       4       org.lombokweb.asm.ClassReader::readMethod (1066 bytes)

Stack: [0x000000573b700000,0x000000573b800000]
Native frames: (J=compiled Java code, j=interpreted, Vv=VM code, C=native code)
V  [jvm.dll+0x678b0a]
V  [jvm.dll+0x835e84]
V  [jvm.dll+0x83762e]
V  [jvm.dll+0x837c93]
V  [jvm.dll+0x24746f]
V  [jvm.dll+0xac20c]
V  [jvm.dll+0xac7dc]
V  [jvm.dll+0x365c52]
V  [jvm.dll+0x1bd1f8]
V  [jvm.dll+0x219d49]
V  [jvm.dll+0x219011]
V  [jvm.dll+0x1a534d]
V  [jvm.dll+0x228d8a]
V  [jvm.dll+0x226dcc]
V  [jvm.dll+0x7ec09b]
V  [jvm.dll+0x7e64ca]
V  [jvm.dll+0x677955]
C  [ucrtbase.dll+0x29363]
C  [KERNEL32.DLL+0x1257d]
C  [ntdll.dll+0x5aa68]


---------------  P R O C E S S  ---------------

Threads class SMR info:
_java_thread_list=0x000001e7b1a0fd40, length=31, elements={
0x000001e78a808b20, 0x000001e79e675380, 0x000001e78a8b6700, 0x000001e79e67a6f0,
0x000001e79e67b1c0, 0x000001e79e67c430, 0x000001e79e67cf00, 0x000001e79e67e7b0,
0x000001e7a38863e0, 0x000001e7a38a42a0, 0x000001e7a397b8a0, 0x000001e7a39cc900,
0x000001e7a3a7e3e0, 0x000001e7a3b56060, 0x000001e7a3b56580, 0x000001e7a58ef940,
0x000001e7a5f7a480, 0x000001e7a5e66210, 0x000001e7a5e66730, 0x000001e7a5e671c0,
0x000001e7a6847140, 0x000001e7a69572f0, 0x000001e7a69559a0, 0x000001e7a69563c0,
0x000001e7a6956de0, 0x000001e7a6957d10, 0x000001e7a6957800, 0x000001e7a69568d0,
0x000001e7a6958c40, 0x000001e7a6865600, 0x000001e7a68688a0
}

Java Threads: ( => current thread )
  0x000001e78a808b20 JavaThread "main" [_thread_blocked, id=26384, stack(0x000000573a900000,0x000000573aa00000)]
  0x000001e79e675380 JavaThread "Reference Handler" daemon [_thread_blocked, id=26104, stack(0x000000573ac00000,0x000000573ad00000)]
  0x000001e78a8b6700 JavaThread "Finalizer" daemon [_thread_blocked, id=2596, stack(0x000000573ad00000,0x000000573ae00000)]
  0x000001e79e67a6f0 JavaThread "Signal Dispatcher" daemon [_thread_blocked, id=5620, stack(0x000000573ae00000,0x000000573af00000)]
  0x000001e79e67b1c0 JavaThread "Attach Listener" daemon [_thread_blocked, id=20564, stack(0x000000573af00000,0x000000573b000000)]
  0x000001e79e67c430 JavaThread "Service Thread" daemon [_thread_blocked, id=18172, stack(0x000000573b000000,0x000000573b100000)]
  0x000001e79e67cf00 JavaThread "Monitor Deflation Thread" daemon [_thread_blocked, id=26252, stack(0x000000573b100000,0x000000573b200000)]
  0x000001e79e67e7b0 JavaThread "C2 CompilerThread0" daemon [_thread_in_vm, id=1460, stack(0x000000573b200000,0x000000573b300000)]
  0x000001e7a38863e0 JavaThread "C1 CompilerThread0" daemon [_thread_blocked, id=21108, stack(0x000000573b300000,0x000000573b400000)]
  0x000001e7a38a42a0 JavaThread "Sweeper thread" daemon [_thread_blocked, id=27100, stack(0x000000573b400000,0x000000573b500000)]
  0x000001e7a397b8a0 JavaThread "Common-Cleaner" daemon [_thread_blocked, id=25436, stack(0x000000573b500000,0x000000573b600000)]
  0x000001e7a39cc900 JavaThread "C1 CompilerThread1" daemon [_thread_blocked, id=26864, stack(0x000000573b600000,0x000000573b700000)]
=>0x000001e7a3a7e3e0 JavaThread "C2 CompilerThread1" daemon [_thread_in_native, id=25532, stack(0x000000573b700000,0x000000573b800000)]
  0x000001e7a3b56060 JavaThread "C1 CompilerThread2" daemon [_thread_blocked, id=26788, stack(0x000000573b800000,0x000000573b900000)]
  0x000001e7a3b56580 JavaThread "C1 CompilerThread3" daemon [_thread_blocked, id=26852, stack(0x000000573b900000,0x000000573ba00000)]
  0x000001e7a58ef940 JavaThread "Notification Thread" daemon [_thread_blocked, id=4996, stack(0x000000573ba00000,0x000000573bb00000)]
  0x000001e7a5f7a480 JavaThread "Active Thread: Equinox Container: 274a4596-40ef-4d4e-9956-f57c68cacd94" [_thread_blocked, id=1352, stack(0x000000573bd00000,0x000000573be00000)]
  0x000001e7a5e66210 JavaThread "C2 CompilerThread2" daemon [_thread_in_native, id=23008, stack(0x000000573bc00000,0x000000573bd00000)]
  0x000001e7a5e66730 JavaThread "Framework Event Dispatcher: Equinox Container: 274a4596-40ef-4d4e-9956-f57c68cacd94" daemon [_thread_blocked, id=23232, stack(0x000000573c300000,0x000000573c400000)]
  0x000001e7a5e671c0 JavaThread "Start Level: Equinox Container: 274a4596-40ef-4d4e-9956-f57c68cacd94" daemon [_thread_blocked, id=28512, stack(0x000000573c400000,0x000000573c500000)]
  0x000001e7a6847140 JavaThread "Bundle File Closer" daemon [_thread_blocked, id=12828, stack(0x000000573c700000,0x000000573c800000)]
  0x000001e7a69572f0 JavaThread "SCR Component Actor" daemon [_thread_blocked, id=376, stack(0x000000573c800000,0x000000573c900000)]
  0x000001e7a69559a0 JavaThread "SCR Component Registry" daemon [_thread_blocked, id=4144, stack(0x000000573ca00000,0x000000573cb00000)]
  0x000001e7a69563c0 JavaThread "Worker-JM" [_thread_blocked, id=18148, stack(0x000000573cd00000,0x000000573ce00000)]
  0x000001e7a6956de0 JavaThread "Worker-0: Updating Maven Dependencies" [_thread_blocked, id=28400, stack(0x000000573cf00000,0x000000573d000000)]
  0x000001e7a6957d10 JavaThread "Worker-1: Refreshing workspace" [_thread_in_vm, id=28556, stack(0x000000573d000000,0x000000573d100000)]
  0x000001e7a6957800 JavaThread "Worker-2: Repository registry initialization" [_thread_in_Java, id=24072, stack(0x000000573d200000,0x000000573d300000)]
  0x000001e7a69568d0 JavaThread "Java indexing" daemon [_thread_blocked, id=26128, stack(0x000000573d300000,0x000000573d400000)]
  0x000001e7a6958c40 JavaThread "Worker-3" [_thread_blocked, id=27680, stack(0x000000573d400000,0x000000573d500000)]
  0x000001e7a6865600 JavaThread "JNA Cleaner" daemon [_thread_blocked, id=27732, stack(0x000000573d500000,0x000000573d600000)]
  0x000001e7a68688a0 JavaThread "pool-2-thread-1" [_thread_blocked, id=27320, stack(0x000000573d600000,0x000000573d700000)]

Other Threads:
  0x000001e78a8b5cb0 VMThread "VM Thread" [stack: 0x000000573ab00000,0x000000573ac00000] [id=28124]
  0x000001e7a58f33e0 WatcherThread [stack: 0x000000573bb00000,0x000000573bc00000] [id=2468]
  0x000001e78a81ff30 GCTaskThread "GC Thread#0" [stack: 0x000000573aa00000,0x000000573ab00000] [id=8336]
  0x000001e7a5ff9860 GCTaskThread "GC Thread#1" [stack: 0x000000573be00000,0x000000573bf00000] [id=27392]
  0x000001e7a5ff88f0 GCTaskThread "GC Thread#2" [stack: 0x000000573bf00000,0x000000573c000000] [id=14320]
  0x000001e7a5ff8bb0 GCTaskThread "GC Thread#3" [stack: 0x000000573c000000,0x000000573c100000] [id=6620]
  0x000001e7a5f4c750 GCTaskThread "GC Thread#4" [stack: 0x000000573c100000,0x000000573c200000] [id=8328]
  0x000001e7a622af10 GCTaskThread "GC Thread#5" [stack: 0x000000573c200000,0x000000573c300000] [id=14324]
  0x000001e7a64b45a0 GCTaskThread "GC Thread#6" [stack: 0x000000573c500000,0x000000573c600000] [id=4376]
  0x000001e7a62062a0 GCTaskThread "GC Thread#7" [stack: 0x000000573c600000,0x000000573c700000] [id=4440]
  0x000001e7a6706820 GCTaskThread "GC Thread#8" [stack: 0x000000573c900000,0x000000573ca00000] [id=28200]
  0x000001e7a662ff20 GCTaskThread "GC Thread#9" [stack: 0x000000573cb00000,0x000000573cc00000] [id=24496]
  0x000001e7a66301e0 GCTaskThread "GC Thread#10" [stack: 0x000000573cc00000,0x000000573cd00000] [id=23968]
  0x000001e7a67180b0 GCTaskThread "GC Thread#11" [stack: 0x000000573ce00000,0x000000573cf00000] [id=23920]
  0x000001e7a6e14e40 GCTaskThread "GC Thread#12" [stack: 0x000000573d100000,0x000000573d200000] [id=24152]

Threads with active compile tasks:
C2 CompilerThread0     4716 5023       4       org.eclipse.jdt.internal.core.util.Util::equalArraysOrNull (72 bytes)
C2 CompilerThread1     4716 4096       4       org.lombokweb.asm.ClassReader::readMethod (1066 bytes)
C2 CompilerThread2     4716 4853  s    4       jdk.internal.jimage.ImageReader$SharedImageReader::findNode (36 bytes)

VM state: not at safepoint (normal execution)

VM Mutex/Monitor currently owned by a thread: None

Heap address: 0x00000000c0000000, size: 1024 MB, Compressed Oops mode: 32-bit

CDS archive(s) not mapped
Compressed class space mapped at: 0x0000000100000000-0x0000000140000000, reserved size: 1073741824
Narrow klass base: 0x0000000000000000, Narrow klass shift: 3, Narrow klass range: 0x140000000

GC Precious Log:
 CPUs: 16 total, 16 available
 Memory: 7421M
 Large Page Support: Disabled
 NUMA Support: Disabled
 Compressed Oops: Enabled (32-bit)
 Alignments: Space 512K, Generation 512K, Heap 2M
 Heap Min Capacity: 100M
 Heap Initial Capacity: 100M
 Heap Max Capacity: 1G
 Pre-touch: Disabled
 Parallel Workers: 13

Heap:
 PSYoungGen      total 24576K, used 23953K [0x00000000eab00000, 0x00000000ec580000, 0x0000000100000000)
  eden space 22016K, 99% used [0x00000000eab00000,0x00000000ec05c5e0,0x00000000ec080000)
  from space 2560K, 81% used [0x00000000ec300000,0x00000000ec508010,0x00000000ec580000)
  to   space 2560K, 0% used [0x00000000ec080000,0x00000000ec080000,0x00000000ec300000)
 ParOldGen       total 68608K, used 18633K [0x00000000c0000000, 0x00000000c4300000, 0x00000000eab00000)
  object space 68608K, 27% used [0x00000000c0000000,0x00000000c12325f8,0x00000000c4300000)
 Metaspace       used 41117K, committed 42048K, reserved 1114112K
  class space    used 4155K, committed 4608K, reserved 1048576K

Card table byte_map: [0x000001e78a1a0000,0x000001e78a3b0000] _byte_map_base: 0x000001e789ba0000

Marking Bits: (ParMarkBitMap*) 0x00007ffc0ff283a0
 Begin Bits: [0x000001e79c480000, 0x000001e79d480000)
 End Bits:   [0x000001e79d480000, 0x000001e79e480000)

Polling page: 0x000001e788790000

Metaspace:

Usage:
  Non-class:     36.10 MB used.
      Class:      4.06 MB used.
       Both:     40.15 MB used.

Virtual space:
  Non-class space:       64.00 MB reserved,      36.56 MB ( 57%) committed,  1 nodes.
      Class space:        1.00 GB reserved,       4.50 MB ( <1%) committed,  1 nodes.
             Both:        1.06 GB reserved,      41.06 MB (  4%) committed. 

Chunk freelists:
   Non-Class:  11.12 MB
       Class:  11.44 MB
        Both:  22.53 MB

MaxMetaspaceSize: unlimited
CompressedClassSpaceSize: 1.00 GB
Initial GC threshold: 21.00 MB
Current GC threshold: 58.88 MB
CDS: off
MetaspaceReclaimPolicy: balanced
 - commit_granule_bytes: 65536.
 - commit_granule_words: 8192.
 - virtual_space_node_default_size: 8388608.
 - enlarge_chunks_in_place: 1.
 - new_chunks_are_fully_committed: 0.
 - uncommit_free_chunks: 1.
 - use_allocation_guard: 0.
 - handle_deallocations: 1.


Internal statistics:

num_allocs_failed_limit: 10.
num_arena_births: 404.
num_arena_deaths: 14.
num_vsnodes_births: 2.
num_vsnodes_deaths: 0.
num_space_committed: 658.
num_space_uncommitted: 0.
num_chunks_returned_to_freelist: 24.
num_chunks_taken_from_freelist: 1825.
num_chunk_merges: 7.
num_chunk_splits: 1132.
num_chunks_enlarged: 688.
num_inconsistent_stats: 0.

CodeHeap 'non-profiled nmethods': size=119168Kb used=2084Kb max_used=2084Kb free=117083Kb
 bounds [0x000001e795020000, 0x000001e795290000, 0x000001e79c480000]
CodeHeap 'profiled nmethods': size=119104Kb used=11113Kb max_used=11113Kb free=107990Kb
 bounds [0x000001e78d480000, 0x000001e78df60000, 0x000001e7948d0000]
CodeHeap 'non-nmethods': size=7488Kb used=2970Kb max_used=3000Kb free=4517Kb
 bounds [0x000001e7948d0000, 0x000001e794bd0000, 0x000001e795020000]
 total_blobs=5727 nmethods=5123 adapters=514
 compilation: enabled
              stopped_count=0, restarted_count=0
 full_count=0

Compilation events (20 events):
Event: 4.672 Thread 0x000001e7a39cc900 nmethod 5142 0x000001e795221a90 code [0x000001e795221c20, 0x000001e795221cf8]
Event: 4.673 Thread 0x000001e7a3b56580 nmethod 5143 0x000001e78df4fd90 code [0x000001e78df4ff40, 0x000001e78df501d8]
Event: 4.673 Thread 0x000001e7a3b56580 5144       1       sun.reflect.annotation.AnnotationType::retention (5 bytes)
Event: 4.673 Thread 0x000001e7a3b56580 nmethod 5144 0x000001e795221d90 code [0x000001e795221f20, 0x000001e795221ff8]
Event: 4.673 Thread 0x000001e7a3b56580 5145       2       java.util.Spliterators$ArraySpliterator::estimateSize (11 bytes)
Event: 4.673 Thread 0x000001e7a3b56580 nmethod 5145 0x000001e78df50410 code [0x000001e78df505a0, 0x000001e78df506b8]
Event: 4.687 Thread 0x000001e7a38863e0 5148       2       sun.reflect.generics.parser.SignatureParser::parseTypeSignature (130 bytes)
Event: 4.688 Thread 0x000001e7a3b56060 5149       2       sun.reflect.generics.parser.SignatureParser::make (8 bytes)
Event: 4.688 Thread 0x000001e7a39cc900 5150       2       sun.reflect.generics.parser.SignatureParser::<init> (5 bytes)
Event: 4.688 Thread 0x000001e7a3b56580 5151       2       sun.reflect.generics.parser.SignatureParser::init (16 bytes)
Event: 4.688 Thread 0x000001e7a3b56580 nmethod 5151 0x000001e78df50790 code [0x000001e78df50920, 0x000001e78df50a58]
Event: 4.688 Thread 0x000001e7a3b56060 nmethod 5149 0x000001e78df50b10 code [0x000001e78df50ca0, 0x000001e78df50dd8]
Event: 4.688 Thread 0x000001e7a39cc900 nmethod 5150 0x000001e78df50e90 code [0x000001e78df51020, 0x000001e78df51118]
Event: 4.688 Thread 0x000001e7a3b56060 5152       2       sun.reflect.generics.scope.AbstractScope::<init> (10 bytes)
Event: 4.688 Thread 0x000001e7a38863e0 nmethod 5148 0x000001e78df51190 code [0x000001e78df51340, 0x000001e78df51528]
Event: 4.688 Thread 0x000001e7a3b56580 5153       2       sun.reflect.generics.factory.CoreReflectionFactory::make (10 bytes)
Event: 4.688 Thread 0x000001e7a39cc900 5154       2       sun.reflect.generics.factory.CoreReflectionFactory::<init> (15 bytes)
Event: 4.688 Thread 0x000001e7a3b56060 nmethod 5152 0x000001e78df51610 code [0x000001e78df517a0, 0x000001e78df518b8]
Event: 4.688 Thread 0x000001e7a39cc900 nmethod 5154 0x000001e78df51990 code [0x000001e78df51b20, 0x000001e78df51c58]
Event: 4.688 Thread 0x000001e7a3b56580 nmethod 5153 0x000001e78df51d10 code [0x000001e78df51ea0, 0x000001e78df52018]

GC Heap History (20 events):
Event: 3.529 GC heap before
{Heap before GC invocations=9 (full 1):
 PSYoungGen      total 27648K, used 27628K [0x00000000eab00000, 0x00000000eca00000, 0x0000000100000000)
  eden space 24576K, 100% used [0x00000000eab00000,0x00000000ec300000,0x00000000ec300000)
  from space 3072K, 99% used [0x00000000ec480000,0x00000000ec77b128,0x00000000ec780000)
  to   space 2560K, 0% used [0x00000000ec780000,0x00000000ec780000,0x00000000eca00000)
 ParOldGen       total 68608K, used 10523K [0x00000000c0000000, 0x00000000c4300000, 0x00000000eab00000)
  object space 68608K, 15% used [0x00000000c0000000,0x00000000c0a46d58,0x00000000c4300000)
 Metaspace       used 29995K, committed 30656K, reserved 1114112K
  class space    used 2925K, committed 3200K, reserved 1048576K
}
Event: 3.530 GC heap after
{Heap after GC invocations=9 (full 1):
 PSYoungGen      total 26624K, used 2533K [0x00000000eab00000, 0x00000000eca00000, 0x0000000100000000)
  eden space 24064K, 0% used [0x00000000eab00000,0x00000000eab00000,0x00000000ec280000)
  from space 2560K, 98% used [0x00000000ec780000,0x00000000ec9f9408,0x00000000eca00000)
  to   space 3584K, 0% used [0x00000000ec300000,0x00000000ec300000,0x00000000ec680000)
 ParOldGen       total 68608K, used 11042K [0x00000000c0000000, 0x00000000c4300000, 0x00000000eab00000)
  object space 68608K, 16% used [0x00000000c0000000,0x00000000c0ac8918,0x00000000c4300000)
 Metaspace       used 29995K, committed 30656K, reserved 1114112K
  class space    used 2925K, committed 3200K, reserved 1048576K
}
Event: 3.731 GC heap before
{Heap before GC invocations=10 (full 1):
 PSYoungGen      total 26624K, used 26597K [0x00000000eab00000, 0x00000000eca00000, 0x0000000100000000)
  eden space 24064K, 100% used [0x00000000eab00000,0x00000000ec280000,0x00000000ec280000)
  from space 2560K, 98% used [0x00000000ec780000,0x00000000ec9f9408,0x00000000eca00000)
  to   space 3584K, 0% used [0x00000000ec300000,0x00000000ec300000,0x00000000ec680000)
 ParOldGen       total 68608K, used 11042K [0x00000000c0000000, 0x00000000c4300000, 0x00000000eab00000)
  object space 68608K, 16% used [0x00000000c0000000,0x00000000c0ac8918,0x00000000c4300000)
 Metaspace       used 32279K, committed 32960K, reserved 1114112K
  class space    used 3097K, committed 3392K, reserved 1048576K
}
Event: 3.733 GC heap after
{Heap after GC invocations=10 (full 1):
 PSYoungGen      total 26112K, used 2143K [0x00000000eab00000, 0x00000000ec800000, 0x0000000100000000)
  eden space 23552K, 0% used [0x00000000eab00000,0x00000000eab00000,0x00000000ec200000)
  from space 2560K, 83% used [0x00000000ec300000,0x00000000ec517d90,0x00000000ec580000)
  to   space 2560K, 0% used [0x00000000ec580000,0x00000000ec580000,0x00000000ec800000)
 ParOldGen       total 68608K, used 11943K [0x00000000c0000000, 0x00000000c4300000, 0x00000000eab00000)
  object space 68608K, 17% used [0x00000000c0000000,0x00000000c0ba9e18,0x00000000c4300000)
 Metaspace       used 32279K, committed 32960K, reserved 1114112K
  class space    used 3097K, committed 3392K, reserved 1048576K
}
Event: 3.988 GC heap before
{Heap before GC invocations=11 (full 1):
 PSYoungGen      total 26112K, used 25688K [0x00000000eab00000, 0x00000000ec800000, 0x0000000100000000)
  eden space 23552K, 99% used [0x00000000eab00000,0x00000000ec1fe5d0,0x00000000ec200000)
  from space 2560K, 83% used [0x00000000ec300000,0x00000000ec517d90,0x00000000ec580000)
  to   space 2560K, 0% used [0x00000000ec580000,0x00000000ec580000,0x00000000ec800000)
 ParOldGen       total 68608K, used 11943K [0x00000000c0000000, 0x00000000c4300000, 0x00000000eab00000)
  object space 68608K, 17% used [0x00000000c0000000,0x00000000c0ba9e18,0x00000000c4300000)
 Metaspace       used 34589K, committed 35328K, reserved 1114112K
  class space    used 3344K, committed 3712K, reserved 1048576K
}
Event: 3.991 GC heap after
{Heap after GC invocations=11 (full 1):
 PSYoungGen      total 25088K, used 1663K [0x00000000eab00000, 0x00000000ec780000, 0x0000000100000000)
  eden space 23040K, 0% used [0x00000000eab00000,0x00000000eab00000,0x00000000ec180000)
  from space 2048K, 81% used [0x00000000ec580000,0x00000000ec71fc98,0x00000000ec780000)
  to   space 2048K, 0% used [0x00000000ec380000,0x00000000ec380000,0x00000000ec580000)
 ParOldGen       total 68608K, used 13638K [0x00000000c0000000, 0x00000000c4300000, 0x00000000eab00000)
  object space 68608K, 19% used [0x00000000c0000000,0x00000000c0d51be0,0x00000000c4300000)
 Metaspace       used 34589K, committed 35328K, reserved 1114112K
  class space    used 3344K, committed 3712K, reserved 1048576K
}
Event: 4.030 GC heap before
{Heap before GC invocations=12 (full 1):
 PSYoungGen      total 25088K, used 4570K [0x00000000eab00000, 0x00000000ec780000, 0x0000000100000000)
  eden space 23040K, 12% used [0x00000000eab00000,0x00000000eadd6d18,0x00000000ec180000)
  from space 2048K, 81% used [0x00000000ec580000,0x00000000ec71fc98,0x00000000ec780000)
  to   space 2048K, 0% used [0x00000000ec380000,0x00000000ec380000,0x00000000ec580000)
 ParOldGen       total 68608K, used 13638K [0x00000000c0000000, 0x00000000c4300000, 0x00000000eab00000)
  object space 68608K, 19% used [0x00000000c0000000,0x00000000c0d51be0,0x00000000c4300000)
 Metaspace       used 35115K, committed 35904K, reserved 1114112K
  class space    used 3401K, committed 3776K, reserved 1048576K
}
Event: 4.032 GC heap after
{Heap after GC invocations=12 (full 1):
 PSYoungGen      total 23552K, used 416K [0x00000000eab00000, 0x00000000ec600000, 0x0000000100000000)
  eden space 23040K, 0% used [0x00000000eab00000,0x00000000eab00000,0x00000000ec180000)
  from space 512K, 81% used [0x00000000ec380000,0x00000000ec3e8000,0x00000000ec400000)
  to   space 1024K, 0% used [0x00000000ec500000,0x00000000ec500000,0x00000000ec600000)
 ParOldGen       total 68608K, used 15110K [0x00000000c0000000, 0x00000000c4300000, 0x00000000eab00000)
  object space 68608K, 22% used [0x00000000c0000000,0x00000000c0ec1b00,0x00000000c4300000)
 Metaspace       used 35115K, committed 35904K, reserved 1114112K
  class space    used 3401K, committed 3776K, reserved 1048576K
}
Event: 4.042 GC heap before
{Heap before GC invocations=13 (full 1):
 PSYoungGen      total 23552K, used 1556K [0x00000000eab00000, 0x00000000ec600000, 0x0000000100000000)
  eden space 23040K, 4% used [0x00000000eab00000,0x00000000eac1d3d8,0x00000000ec180000)
  from space 512K, 81% used [0x00000000ec380000,0x00000000ec3e8000,0x00000000ec400000)
  to   space 1024K, 0% used [0x00000000ec500000,0x00000000ec500000,0x00000000ec600000)
 ParOldGen       total 68608K, used 15110K [0x00000000c0000000, 0x00000000c4300000, 0x00000000eab00000)
  object space 68608K, 22% used [0x00000000c0000000,0x00000000c0ec1b00,0x00000000c4300000)
 Metaspace       used 35375K, committed 36160K, reserved 1114112K
  class space    used 3426K, committed 3776K, reserved 1048576K
}
Event: 4.043 GC heap after
{Heap after GC invocations=13 (full 1):
 PSYoungGen      total 23552K, used 352K [0x00000000eab00000, 0x00000000ec580000, 0x0000000100000000)
  eden space 23040K, 0% used [0x00000000eab00000,0x00000000eab00000,0x00000000ec180000)
  from space 512K, 68% used [0x00000000ec500000,0x00000000ec558000,0x00000000ec580000)
  to   space 512K, 0% used [0x00000000ec380000,0x00000000ec380000,0x00000000ec400000)
 ParOldGen       total 68608K, used 15294K [0x00000000c0000000, 0x00000000c4300000, 0x00000000eab00000)
  object space 68608K, 22% used [0x00000000c0000000,0x00000000c0eefb00,0x00000000c4300000)
 Metaspace       used 35375K, committed 36160K, reserved 1114112K
  class space    used 3426K, committed 3776K, reserved 1048576K
}
Event: 4.043 GC heap before
{Heap before GC invocations=14 (full 2):
 PSYoungGen      total 23552K, used 352K [0x00000000eab00000, 0x00000000ec580000, 0x0000000100000000)
  eden space 23040K, 0% used [0x00000000eab00000,0x00000000eab00000,0x00000000ec180000)
  from space 512K, 68% used [0x00000000ec500000,0x00000000ec558000,0x00000000ec580000)
  to   space 512K, 0% used [0x00000000ec380000,0x00000000ec380000,0x00000000ec400000)
 ParOldGen       total 68608K, used 15294K [0x00000000c0000000, 0x00000000c4300000, 0x00000000eab00000)
  object space 68608K, 22% used [0x00000000c0000000,0x00000000c0eefb00,0x00000000c4300000)
 Metaspace       used 35375K, committed 36160K, reserved 1114112K
  class space    used 3426K, committed 3776K, reserved 1048576K
}
Event: 4.081 GC heap after
{Heap after GC invocations=14 (full 2):
 PSYoungGen      total 23552K, used 0K [0x00000000eab00000, 0x00000000ec580000, 0x0000000100000000)
  eden space 23040K, 0% used [0x00000000eab00000,0x00000000eab00000,0x00000000ec180000)
  from space 512K, 0% used [0x00000000ec500000,0x00000000ec500000,0x00000000ec580000)
  to   space 512K, 0% used [0x00000000ec380000,0x00000000ec380000,0x00000000ec400000)
 ParOldGen       total 68608K, used 13553K [0x00000000c0000000, 0x00000000c4300000, 0x00000000eab00000)
  object space 68608K, 19% used [0x00000000c0000000,0x00000000c0d3c500,0x00000000c4300000)
 Metaspace       used 35362K, committed 36160K, reserved 1114112K
  class space    used 3422K, committed 3776K, reserved 1048576K
}
Event: 4.328 GC heap before
{Heap before GC invocations=15 (full 2):
 PSYoungGen      total 23552K, used 23040K [0x00000000eab00000, 0x00000000ec580000, 0x0000000100000000)
  eden space 23040K, 100% used [0x00000000eab00000,0x00000000ec180000,0x00000000ec180000)
  from space 512K, 0% used [0x00000000ec500000,0x00000000ec500000,0x00000000ec580000)
  to   space 512K, 0% used [0x00000000ec380000,0x00000000ec380000,0x00000000ec400000)
 ParOldGen       total 68608K, used 13553K [0x00000000c0000000, 0x00000000c4300000, 0x00000000eab00000)
  object space 68608K, 19% used [0x00000000c0000000,0x00000000c0d3c500,0x00000000c4300000)
 Metaspace       used 37816K, committed 38656K, reserved 1114112K
  class space    used 3707K, committed 4096K, reserved 1048576K
}
Event: 4.330 GC heap after
{Heap after GC invocations=15 (full 2):
 PSYoungGen      total 23040K, used 480K [0x00000000eab00000, 0x00000000ec580000, 0x0000000100000000)
  eden space 22528K, 0% used [0x00000000eab00000,0x00000000eab00000,0x00000000ec100000)
  from space 512K, 93% used [0x00000000ec380000,0x00000000ec3f8010,0x00000000ec400000)
  to   space 1536K, 0% used [0x00000000ec400000,0x00000000ec400000,0x00000000ec580000)
 ParOldGen       total 68608K, used 14655K [0x00000000c0000000, 0x00000000c4300000, 0x00000000eab00000)
  object space 68608K, 21% used [0x00000000c0000000,0x00000000c0e4fc88,0x00000000c4300000)
 Metaspace       used 37816K, committed 38656K, reserved 1114112K
  class space    used 3707K, committed 4096K, reserved 1048576K
}
Event: 4.432 GC heap before
{Heap before GC invocations=16 (full 2):
 PSYoungGen      total 23040K, used 23008K [0x00000000eab00000, 0x00000000ec580000, 0x0000000100000000)
  eden space 22528K, 100% used [0x00000000eab00000,0x00000000ec100000,0x00000000ec100000)
  from space 512K, 93% used [0x00000000ec380000,0x00000000ec3f8010,0x00000000ec400000)
  to   space 1536K, 0% used [0x00000000ec400000,0x00000000ec400000,0x00000000ec580000)
 ParOldGen       total 68608K, used 14655K [0x00000000c0000000, 0x00000000c4300000, 0x00000000eab00000)
  object space 68608K, 21% used [0x00000000c0000000,0x00000000c0e4fc88,0x00000000c4300000)
 Metaspace       used 38812K, committed 39680K, reserved 1114112K
  class space    used 3833K, committed 4224K, reserved 1048576K
}
Event: 4.434 GC heap after
{Heap after GC invocations=16 (full 2):
 PSYoungGen      total 23552K, used 1506K [0x00000000eab00000, 0x00000000ec580000, 0x0000000100000000)
  eden space 22016K, 0% used [0x00000000eab00000,0x00000000eab00000,0x00000000ec080000)
  from space 1536K, 98% used [0x00000000ec400000,0x00000000ec578818,0x00000000ec580000)
  to   space 2560K, 0% used [0x00000000ec080000,0x00000000ec080000,0x00000000ec300000)
 ParOldGen       total 68608K, used 15406K [0x00000000c0000000, 0x00000000c4300000, 0x00000000eab00000)
  object space 68608K, 22% used [0x00000000c0000000,0x00000000c0f0ba48,0x00000000c4300000)
 Metaspace       used 38812K, committed 39680K, reserved 1114112K
  class space    used 3833K, committed 4224K, reserved 1048576K
}
Event: 4.532 GC heap before
{Heap before GC invocations=17 (full 2):
 PSYoungGen      total 23552K, used 23522K [0x00000000eab00000, 0x00000000ec580000, 0x0000000100000000)
  eden space 22016K, 100% used [0x00000000eab00000,0x00000000ec080000,0x00000000ec080000)
  from space 1536K, 98% used [0x00000000ec400000,0x00000000ec578818,0x00000000ec580000)
  to   space 2560K, 0% used [0x00000000ec080000,0x00000000ec080000,0x00000000ec300000)
 ParOldGen       total 68608K, used 15406K [0x00000000c0000000, 0x00000000c4300000, 0x00000000eab00000)
  object space 68608K, 22% used [0x00000000c0000000,0x00000000c0f0ba48,0x00000000c4300000)
 Metaspace       used 39342K, committed 40192K, reserved 1114112K
  class space    used 3886K, committed 4288K, reserved 1048576K
}
Event: 4.535 GC heap after
{Heap after GC invocations=17 (full 2):
 PSYoungGen      total 24576K, used 1952K [0x00000000eab00000, 0x00000000ec580000, 0x0000000100000000)
  eden space 22016K, 0% used [0x00000000eab00000,0x00000000eab00000,0x00000000ec080000)
  from space 2560K, 76% used [0x00000000ec080000,0x00000000ec268000,0x00000000ec300000)
  to   space 2560K, 0% used [0x00000000ec300000,0x00000000ec300000,0x00000000ec580000)
 ParOldGen       total 68608K, used 16865K [0x00000000c0000000, 0x00000000c4300000, 0x00000000eab00000)
  object space 68608K, 24% used [0x00000000c0000000,0x00000000c10785f8,0x00000000c4300000)
 Metaspace       used 39342K, committed 40192K, reserved 1114112K
  class space    used 3886K, committed 4288K, reserved 1048576K
}
Event: 4.610 GC heap before
{Heap before GC invocations=18 (full 2):
 PSYoungGen      total 24576K, used 23968K [0x00000000eab00000, 0x00000000ec580000, 0x0000000100000000)
  eden space 22016K, 100% used [0x00000000eab00000,0x00000000ec080000,0x00000000ec080000)
  from space 2560K, 76% used [0x00000000ec080000,0x00000000ec268000,0x00000000ec300000)
  to   space 2560K, 0% used [0x00000000ec300000,0x00000000ec300000,0x00000000ec580000)
 ParOldGen       total 68608K, used 16865K [0x00000000c0000000, 0x00000000c4300000, 0x00000000eab00000)
  object space 68608K, 24% used [0x00000000c0000000,0x00000000c10785f8,0x00000000c4300000)
 Metaspace       used 39999K, committed 40832K, reserved 1114112K
  class space    used 3983K, committed 4352K, reserved 1048576K
}
Event: 4.613 GC heap after
{Heap after GC invocations=18 (full 2):
 PSYoungGen      total 24576K, used 2080K [0x00000000eab00000, 0x00000000ec580000, 0x0000000100000000)
  eden space 22016K, 0% used [0x00000000eab00000,0x00000000eab00000,0x00000000ec080000)
  from space 2560K, 81% used [0x00000000ec300000,0x00000000ec508010,0x00000000ec580000)
  to   space 2560K, 0% used [0x00000000ec080000,0x00000000ec080000,0x00000000ec300000)
 ParOldGen       total 68608K, used 18633K [0x00000000c0000000, 0x00000000c4300000, 0x00000000eab00000)
  object space 68608K, 27% used [0x00000000c0000000,0x00000000c12325f8,0x00000000c4300000)
 Metaspace       used 39999K, committed 40832K, reserved 1114112K
  class space    used 3983K, committed 4352K, reserved 1048576K
}

Dll operation events (10 events):
Event: 0.010 Loaded shared library c:\Users\Admin\.vscode\extensions\redhat.java-1.23.0-win32-x64\jre\17.0.8.1-win32-x86_64\bin\java.dll
Event: 0.182 Loaded shared library c:\Users\Admin\.vscode\extensions\redhat.java-1.23.0-win32-x64\jre\17.0.8.1-win32-x86_64\bin\zip.dll
Event: 0.186 Loaded shared library C:\Users\Admin\.vscode\extensions\redhat.java-1.23.0-win32-x64\jre\17.0.8.1-win32-x86_64\bin\instrument.dll
Event: 0.200 Loaded shared library C:\Users\Admin\.vscode\extensions\redhat.java-1.23.0-win32-x64\jre\17.0.8.1-win32-x86_64\bin\net.dll
Event: 0.201 Loaded shared library C:\Users\Admin\.vscode\extensions\redhat.java-1.23.0-win32-x64\jre\17.0.8.1-win32-x86_64\bin\nio.dll
Event: 0.210 Loaded shared library C:\Users\Admin\.vscode\extensions\redhat.java-1.23.0-win32-x64\jre\17.0.8.1-win32-x86_64\bin\zip.dll
Event: 0.227 Loaded shared library C:\Users\Admin\.vscode\extensions\redhat.java-1.23.0-win32-x64\jre\17.0.8.1-win32-x86_64\bin\jimage.dll
Event: 0.299 Loaded shared library c:\Users\Admin\.vscode\extensions\redhat.java-1.23.0-win32-x64\jre\17.0.8.1-win32-x86_64\bin\verify.dll
Event: 1.433 Loaded shared library C:\Users\Admin\AppData\Roaming\Code\User\globalStorage\redhat.java\1.23.0\config_win\org.eclipse.equinox.launcher\org.eclipse.equinox.launcher.win32.win32.x86_64_1.2.700.v20221108-1024\eclipse_11801.dll
Event: 4.260 Loaded shared library C:\Users\Admin\AppData\Local\Temp\jna-63116079\jna12939682082213957251.dll

Deoptimization events (20 events):
Event: 4.308 Thread 0x000001e7a6957d10 Uncommon trap: trap_request=0xffffffbe fr.pc=0x000001e7952066d8 relative=0x0000000000000898
Event: 4.308 Thread 0x000001e7a6957d10 Uncommon trap: reason=profile_predicate action=maybe_recompile pc=0x000001e7952066d8 method=jdk.internal.jimage.ImageStringsReader.charsFromByteBuffer([CLjava/nio/ByteBuffer;)V @ 6 c2
Event: 4.308 Thread 0x000001e7a6957d10 DEOPT PACKING pc=0x000001e7952066d8 sp=0x000000573d0fd060
Event: 4.308 Thread 0x000001e7a6957d10 DEOPT UNPACKING pc=0x000001e7949266a3 sp=0x000000573d0fcfa8 mode 2
Event: 4.308 Thread 0x000001e7a6957d10 Uncommon trap: trap_request=0xffffffbe fr.pc=0x000001e7952066d8 relative=0x0000000000000898
Event: 4.308 Thread 0x000001e7a6957d10 Uncommon trap: reason=profile_predicate action=maybe_recompile pc=0x000001e7952066d8 method=jdk.internal.jimage.ImageStringsReader.charsFromByteBuffer([CLjava/nio/ByteBuffer;)V @ 6 c2
Event: 4.309 Thread 0x000001e7a6957d10 DEOPT PACKING pc=0x000001e7952066d8 sp=0x000000573d0fd060
Event: 4.309 Thread 0x000001e7a6957d10 DEOPT UNPACKING pc=0x000001e7949266a3 sp=0x000000573d0fcfa8 mode 2
Event: 4.311 Thread 0x000001e7a6957d10 Uncommon trap: trap_request=0xffffff45 fr.pc=0x000001e7950a2e18 relative=0x0000000000000258
Event: 4.312 Thread 0x000001e7a6957d10 Uncommon trap: reason=unstable_if action=reinterpret pc=0x000001e7950a2e18 method=java.util.HashMap.getNode(Ljava/lang/Object;)Ljava/util/HashMap$Node; @ 66 c2
Event: 4.312 Thread 0x000001e7a6957d10 DEOPT PACKING pc=0x000001e7950a2e18 sp=0x000000573d0fdab0
Event: 4.312 Thread 0x000001e7a6957d10 DEOPT UNPACKING pc=0x000001e7949266a3 sp=0x000000573d0fda30 mode 2
Event: 4.332 Thread 0x000001e7a5e671c0 Uncommon trap: trap_request=0xffffff45 fr.pc=0x000001e7951a7138 relative=0x0000000000000378
Event: 4.332 Thread 0x000001e7a5e671c0 Uncommon trap: reason=unstable_if action=reinterpret pc=0x000001e7951a7138 method=java.lang.Integer.parseInt(Ljava/lang/String;I)I @ 119 c2
Event: 4.332 Thread 0x000001e7a5e671c0 DEOPT PACKING pc=0x000001e7951a7138 sp=0x000000573c4fca80
Event: 4.332 Thread 0x000001e7a5e671c0 DEOPT UNPACKING pc=0x000001e7949266a3 sp=0x000000573c4fc9e8 mode 2
Event: 4.374 Thread 0x000001e7a5e671c0 DEOPT PACKING pc=0x000001e78d898b9c sp=0x000000573c4fd990
Event: 4.374 Thread 0x000001e7a5e671c0 DEOPT UNPACKING pc=0x000001e794926e43 sp=0x000000573c4fcee8 mode 0
Event: 4.386 Thread 0x000001e7a5e66730 DEOPT PACKING pc=0x000001e78d6e93a9 sp=0x000000573c3ff460
Event: 4.386 Thread 0x000001e7a5e66730 DEOPT UNPACKING pc=0x000001e794926e43 sp=0x000000573c3fe8b8 mode 3

Classes unloaded (7 events):
Event: 4.047 Thread 0x000001e78a8b5cb0 Unloading class 0x0000000100252000 'java/lang/invoke/LambdaForm$MH+0x0000000100252000'
Event: 4.047 Thread 0x000001e78a8b5cb0 Unloading class 0x0000000100251c00 'java/lang/invoke/LambdaForm$MH+0x0000000100251c00'
Event: 4.047 Thread 0x000001e78a8b5cb0 Unloading class 0x0000000100251800 'java/lang/invoke/LambdaForm$MH+0x0000000100251800'
Event: 4.047 Thread 0x000001e78a8b5cb0 Unloading class 0x0000000100251400 'java/lang/invoke/LambdaForm$MH+0x0000000100251400'
Event: 4.047 Thread 0x000001e78a8b5cb0 Unloading class 0x0000000100251000 'java/lang/invoke/LambdaForm$BMH+0x0000000100251000'
Event: 4.047 Thread 0x000001e78a8b5cb0 Unloading class 0x0000000100250c00 'java/lang/invoke/LambdaForm$DMH+0x0000000100250c00'
Event: 4.047 Thread 0x000001e78a8b5cb0 Unloading class 0x000000010024e000 'java/lang/invoke/LambdaForm$DMH+0x000000010024e000'

Classes redefined (0 events):
No events

Internal exceptions (20 events):
Event: 3.831 Thread 0x000001e7a5e671c0 Exception <a 'java/lang/NoSuchMethodError'{0x00000000eb6c04e0}: 'void java.lang.invoke.DirectMethodHandle$Holder.invokeVirtual(java.lang.Object, java.lang.Object)'> (0x00000000eb6c04e0) 
thrown [s\src\hotspot\share\interpreter\linkResolver.cpp, line 759]
Event: 3.860 Thread 0x000001e7a5e671c0 Exception <a 'java/lang/NoSuchMethodError'{0x00000000eb8e6008}: 'java.lang.Object java.lang.invoke.DirectMethodHandle$Holder.invokeStaticInit(java.lang.Object, int, int, int, int)'> (0x00000000eb8e6008) 
thrown [s\src\hotspot\share\interpreter\linkResolver.cpp, line 759]
Event: 3.874 Thread 0x000001e7a6957d10 Exception <a 'java/lang/NoSuchMethodError'{0x00000000eb9a0b90}: 'java.lang.Object java.lang.invoke.DirectMethodHandle$Holder.newInvokeSpecial(java.lang.Object, java.lang.Object, java.lang.Object, java.lang.Object, java.lang.Object)'> (0x00000000eb9a0b90) 
thrown [s\src\hotspot\share\interpreter\linkResolver.cpp, line 759]
Event: 3.943 Thread 0x000001e7a5e671c0 Exception <a 'java/lang/NoSuchMethodError'{0x00000000ebd40dd0}: 'java.lang.Object java.lang.invoke.DirectMethodHandle$Holder.invokeStaticInit(java.lang.Object, java.lang.Object, int, int, int, int)'> (0x00000000ebd40dd0) 
thrown [s\src\hotspot\share\interpreter\linkResolver.cpp, line 759]
Event: 4.040 Thread 0x000001e7a5e671c0 Exception <a 'java/lang/ClassNotFoundException'{0x00000000eab4a5c8}: com/sun/org/apache/xml/internal/serializer/spi/XMLEntitiesProvider> (0x00000000eab4a5c8) 
thrown [s\src\hotspot\share\classfile\systemDictionary.cpp, line 256]
Event: 4.084 Thread 0x000001e7a6957d10 Exception <a 'java/lang/NoSuchMethodError'{0x00000000eab13738}: 'java.lang.Object java.lang.invoke.Invokers$Holder.invoke_MT(java.lang.Object, java.lang.Object, java.lang.Object)'> (0x00000000eab13738) 
thrown [s\src\hotspot\share\interpreter\linkResolver.cpp, line 759]
Event: 4.187 Thread 0x000001e7a5e671c0 Exception <a 'java/io/FileNotFoundException'{0x00000000eb465a60}> (0x00000000eb465a60) 
thrown [s\src\hotspot\share\prims\jni.cpp, line 516]
Event: 4.214 Thread 0x000001e7a6956de0 Exception <a 'java/lang/NoSuchMethodError'{0x00000000eb76e080}: 'void java.lang.invoke.DirectMethodHandle$Holder.invokeStatic(java.lang.Object, java.lang.Object, java.lang.Object, java.lang.Object)'> (0x00000000eb76e080) 
thrown [s\src\hotspot\share\interpreter\linkResolver.cpp, line 759]
Event: 4.279 Thread 0x000001e7a6957800 Exception <a 'java/lang/NoSuchMethodError'{0x00000000ebd2dae8}: 'java.lang.Object java.lang.invoke.DirectMethodHandle$Holder.invokeSpecialIFC(java.lang.Object, java.lang.Object, java.lang.Object, java.lang.Object)'> (0x00000000ebd2dae8) 
thrown [s\src\hotspot\share\interpreter\linkResolver.cpp, line 759]
Event: 4.313 Thread 0x000001e7a5e671c0 Exception <a 'java/lang/UnsatisfiedLinkError'{0x00000000ec029078}: The specified procedure could not be found.
> (0x00000000ec029078) 
thrown [s\src\hotspot\share\prims\jni.cpp, line 535]
Event: 4.332 Thread 0x000001e7a5e671c0 Exception <a 'java/io/FileNotFoundException'{0x00000000eab04d50}> (0x00000000eab04d50) 
thrown [s\src\hotspot\share\prims\jni.cpp, line 516]
Event: 4.345 Thread 0x000001e7a5e671c0 Exception <a 'java/io/FileNotFoundException'{0x00000000ead97b78}> (0x00000000ead97b78) 
thrown [s\src\hotspot\share\prims\jni.cpp, line 516]
Event: 4.361 Thread 0x000001e7a5e671c0 Exception <a 'java/lang/UnsatisfiedLinkError'{0x00000000eb3bd000}: The specified procedure could not be found.
> (0x00000000eb3bd000) 
thrown [s\src\hotspot\share\prims\jni.cpp, line 535]
Event: 4.371 Thread 0x000001e7a6957d10 Exception <a 'java/io/FileNotFoundException'{0x00000000eb45de70}> (0x00000000eb45de70) 
thrown [s\src\hotspot\share\prims\jni.cpp, line 516]
Event: 4.371 Thread 0x000001e7a6957d10 Exception <a 'java/io/FileNotFoundException'{0x00000000eb45f3a0}> (0x00000000eb45f3a0) 
thrown [s\src\hotspot\share\prims\jni.cpp, line 516]
Event: 4.374 Thread 0x000001e7a6957d10 Exception <a 'java/lang/NoSuchMethodError'{0x00000000eb49a558}: 'void java.lang.invoke.DirectMethodHandle$Holder.invokeStaticInit(java.lang.Object, java.lang.Object, java.lang.Object)'> (0x00000000eb49a558) 
thrown [s\src\hotspot\share\interpreter\linkResolver.cpp, line 759]
Event: 4.435 Thread 0x000001e78a808b20 Exception <a 'java/lang/NoSuchMethodError'{0x00000000eab00c40}: 'java.lang.Object java.lang.invoke.DirectMethodHandle$Holder.invokeStatic(java.lang.Object, java.lang.Object, long, java.lang.Object)'> (0x00000000eab00c40) 
thrown [s\src\hotspot\share\interpreter\linkResolver.cpp, line 759]
Event: 4.437 Thread 0x000001e78a808b20 Exception <a 'java/lang/NoSuchMethodError'{0x00000000eab046d8}: 'java.lang.Object java.lang.invoke.DirectMethodHandle$Holder.invokeStaticInit(java.lang.Object, java.lang.Object, long, java.lang.Object)'> (0x00000000eab046d8) 
thrown [s\src\hotspot\share\interpreter\linkResolver.cpp, line 759]
Event: 4.439 Thread 0x000001e78a808b20 Exception <a 'java/lang/NoSuchMethodError'{0x00000000eabce3d8}: 'java.lang.Object java.lang.invoke.DirectMethodHandle$Holder.newInvokeSpecial(java.lang.Object, java.lang.Object, long)'> (0x00000000eabce3d8) 
thrown [s\src\hotspot\share\interpreter\linkResolver.cpp, line 759]
Event: 4.637 Thread 0x000001e7a6957800 Exception <a 'java/lang/NoSuchMethodError'{0x00000000eaeb2408}: 'int java.lang.invoke.DirectMethodHandle$Holder.invokeSpecialIFC(java.lang.Object, java.lang.Object, java.lang.Object, java.lang.Object, java.lang.Object)'> (0x00000000eaeb2408) 
thrown [s\src\hotspot\share\interpreter\linkResolver.cpp, line 759]

VM Operations (20 events):
Event: 4.103 Executing VM operation: HandshakeAllThreads
Event: 4.103 Executing VM operation: HandshakeAllThreads done
Event: 4.104 Executing VM operation: HandshakeAllThreads
Event: 4.104 Executing VM operation: HandshakeAllThreads done
Event: 4.118 Executing VM operation: HandshakeAllThreads
Event: 4.118 Executing VM operation: HandshakeAllThreads done
Event: 4.155 Executing VM operation: HandshakeAllThreads
Event: 4.156 Executing VM operation: HandshakeAllThreads done
Event: 4.241 Executing VM operation: HandshakeAllThreads
Event: 4.241 Executing VM operation: HandshakeAllThreads done
Event: 4.297 Executing VM operation: HandshakeAllThreads
Event: 4.297 Executing VM operation: HandshakeAllThreads done
Event: 4.325 Executing VM operation: ParallelGCFailedAllocation
Event: 4.331 Executing VM operation: ParallelGCFailedAllocation done
Event: 4.431 Executing VM operation: ParallelGCFailedAllocation
Event: 4.434 Executing VM operation: ParallelGCFailedAllocation done
Event: 4.532 Executing VM operation: ParallelGCFailedAllocation
Event: 4.535 Executing VM operation: ParallelGCFailedAllocation done
Event: 4.610 Executing VM operation: ParallelGCFailedAllocation
Event: 4.613 Executing VM operation: ParallelGCFailedAllocation done

Events (20 events):
Event: 4.592 loading class sun/reflect/annotation/AnnotatedTypeFactory$AnnotatedTypeBaseImpl
Event: 4.592 loading class sun/reflect/annotation/AnnotatedTypeFactory$AnnotatedTypeBaseImpl done
Event: 4.593 loading class java/util/stream/Streams$ConcatSpliterator$OfRef
Event: 4.593 loading class java/util/stream/Streams$ConcatSpliterator
Event: 4.593 loading class java/util/stream/Streams$ConcatSpliterator done
Event: 4.593 loading class java/util/stream/Streams$ConcatSpliterator$OfRef done
Event: 4.593 loading class java/util/stream/Streams$2
Event: 4.594 loading class java/util/stream/Streams$2 done
Event: 4.620 loading class sun/reflect/generics/tree/BottomSignature
Event: 4.622 loading class sun/reflect/generics/tree/BottomSignature done
Event: 4.624 loading class sun/reflect/generics/tree/Wildcard
Event: 4.624 loading class sun/reflect/generics/tree/Wildcard done
Event: 4.625 loading class sun/reflect/generics/reflectiveObjects/WildcardTypeImpl
Event: 4.625 loading class java/lang/reflect/WildcardType
Event: 4.625 loading class java/lang/reflect/WildcardType done
Event: 4.626 loading class sun/reflect/generics/reflectiveObjects/WildcardTypeImpl done
Event: 4.686 loading class sun/reflect/generics/tree/BooleanSignature
Event: 4.686 loading class sun/reflect/generics/tree/BooleanSignature done
Event: 4.686 loading class sun/reflect/generics/tree/ArrayTypeSignature
Event: 4.686 loading class sun/reflect/generics/tree/ArrayTypeSignature done


Dynamic libraries:
0x00007ff6b7760000 - 0x00007ff6b776e000 	c:\Users\Admin\.vscode\extensions\redhat.java-1.23.0-win32-x64\jre\17.0.8.1-win32-x86_64\bin\java.exe
0x00007ffc9f350000 - 0x00007ffc9f564000 	C:\WINDOWS\SYSTEM32\ntdll.dll
0x00007ffc9e4a0000 - 0x00007ffc9e564000 	C:\WINDOWS\System32\KERNEL32.DLL
0x00007ffc9ca80000 - 0x00007ffc9ce24000 	C:\WINDOWS\System32\KERNELBASE.dll
0x00007ffc9cea0000 - 0x00007ffc9cfb1000 	C:\WINDOWS\System32\ucrtbase.dll
0x00007ffc92a10000 - 0x00007ffc92a27000 	c:\Users\Admin\.vscode\extensions\redhat.java-1.23.0-win32-x64\jre\17.0.8.1-win32-x86_64\bin\jli.dll
0x00007ffc94940000 - 0x00007ffc94959000 	c:\Users\Admin\.vscode\extensions\redhat.java-1.23.0-win32-x64\jre\17.0.8.1-win32-x86_64\bin\VCRUNTIME140.dll
0x00007ffc9d740000 - 0x00007ffc9d8ee000 	C:\WINDOWS\System32\USER32.dll
0x00007ffc8bf60000 - 0x00007ffc8c1f3000 	C:\WINDOWS\WinSxS\amd64_microsoft.windows.common-controls_6595b64144ccf1df_6.0.22621.2215_none_270d72677387dfc3\COMCTL32.dll
0x00007ffc9c9b0000 - 0x00007ffc9c9d6000 	C:\WINDOWS\System32\win32u.dll
0x00007ffc9e6d0000 - 0x00007ffc9e777000 	C:\WINDOWS\System32\msvcrt.dll
0x00007ffc9d5a0000 - 0x00007ffc9d5c9000 	C:\WINDOWS\System32\GDI32.dll
0x00007ffc9cfc0000 - 0x00007ffc9d0d8000 	C:\WINDOWS\System32\gdi32full.dll
0x00007ffc9c9e0000 - 0x00007ffc9ca7a000 	C:\WINDOWS\System32\msvcp_win.dll
0x00007ffc9e5a0000 - 0x00007ffc9e5d1000 	C:\WINDOWS\System32\IMM32.DLL
0x00007ffc96d50000 - 0x00007ffc96d5c000 	c:\Users\Admin\.vscode\extensions\redhat.java-1.23.0-win32-x64\jre\17.0.8.1-win32-x86_64\bin\vcruntime140_1.dll
0x00007ffc61f60000 - 0x00007ffc61ff1000 	c:\Users\Admin\.vscode\extensions\redhat.java-1.23.0-win32-x64\jre\17.0.8.1-win32-x86_64\bin\msvcp140.dll
0x00007ffc0f3a0000 - 0x00007ffc0ffec000 	c:\Users\Admin\.vscode\extensions\redhat.java-1.23.0-win32-x64\jre\17.0.8.1-win32-x86_64\bin\server\jvm.dll
0x00007ffc9ea30000 - 0x00007ffc9eae0000 	C:\WINDOWS\System32\ADVAPI32.dll
0x00007ffc9db20000 - 0x00007ffc9dbc6000 	C:\WINDOWS\System32\sechost.dll
0x00007ffc9d480000 - 0x00007ffc9d597000 	C:\WINDOWS\System32\RPCRT4.dll
0x00007ffc9c5d0000 - 0x00007ffc9c61d000 	C:\WINDOWS\SYSTEM32\POWRPROF.dll
0x00007ffc94a40000 - 0x00007ffc94a49000 	C:\WINDOWS\SYSTEM32\WSOCK32.dll
0x00007ffc9dbd0000 - 0x00007ffc9dc41000 	C:\WINDOWS\System32\WS2_32.dll
0x00007ffc948c0000 - 0x00007ffc948f4000 	C:\WINDOWS\SYSTEM32\WINMM.dll
0x00007ffc956c0000 - 0x00007ffc956ca000 	C:\WINDOWS\SYSTEM32\VERSION.dll
0x00007ffc9c5b0000 - 0x00007ffc9c5c3000 	C:\WINDOWS\SYSTEM32\UMPDC.dll
0x00007ffc9b750000 - 0x00007ffc9b768000 	C:\WINDOWS\SYSTEM32\kernel.appcore.dll
0x00007ffc94570000 - 0x00007ffc9457a000 	c:\Users\Admin\.vscode\extensions\redhat.java-1.23.0-win32-x64\jre\17.0.8.1-win32-x86_64\bin\jimage.dll
0x00007ffc94130000 - 0x00007ffc9435e000 	C:\WINDOWS\SYSTEM32\DBGHELP.DLL
0x00007ffc9d0e0000 - 0x00007ffc9d46a000 	C:\WINDOWS\System32\combase.dll
0x00007ffc9e0d0000 - 0x00007ffc9e1a7000 	C:\WINDOWS\System32\OLEAUT32.dll
0x00007ffc93f70000 - 0x00007ffc93fa2000 	C:\WINDOWS\SYSTEM32\dbgcore.DLL
0x00007ffc9c930000 - 0x00007ffc9c9aa000 	C:\WINDOWS\System32\bcryptPrimitives.dll
0x00007ffc91ff0000 - 0x00007ffc91ffe000 	c:\Users\Admin\.vscode\extensions\redhat.java-1.23.0-win32-x64\jre\17.0.8.1-win32-x86_64\bin\instrument.dll
0x00007ffc6fb40000 - 0x00007ffc6fb65000 	c:\Users\Admin\.vscode\extensions\redhat.java-1.23.0-win32-x64\jre\17.0.8.1-win32-x86_64\bin\java.dll
0x00007ffc91d90000 - 0x00007ffc91da8000 	c:\Users\Admin\.vscode\extensions\redhat.java-1.23.0-win32-x64\jre\17.0.8.1-win32-x86_64\bin\zip.dll
0x00007ffc9eae0000 - 0x00007ffc9f303000 	C:\WINDOWS\System32\SHELL32.dll
0x00007ffc9a690000 - 0x00007ffc9af7a000 	C:\WINDOWS\SYSTEM32\windows.storage.dll
0x00007ffc9a550000 - 0x00007ffc9a68e000 	C:\WINDOWS\SYSTEM32\wintypes.dll
0x00007ffc9e790000 - 0x00007ffc9e883000 	C:\WINDOWS\System32\SHCORE.dll
0x00007ffc9e670000 - 0x00007ffc9e6ce000 	C:\WINDOWS\System32\shlwapi.dll
0x00007ffc9c630000 - 0x00007ffc9c656000 	C:\WINDOWS\SYSTEM32\profapi.dll
0x00007ffc8f420000 - 0x00007ffc8f439000 	C:\Users\Admin\.vscode\extensions\redhat.java-1.23.0-win32-x64\jre\17.0.8.1-win32-x86_64\bin\net.dll
0x00007ffc97450000 - 0x00007ffc97587000 	C:\WINDOWS\SYSTEM32\WINHTTP.dll
0x00007ffc9bbd0000 - 0x00007ffc9bc39000 	C:\WINDOWS\system32\mswsock.dll
0x00007ffc8f2f0000 - 0x00007ffc8f305000 	C:\Users\Admin\.vscode\extensions\redhat.java-1.23.0-win32-x64\jre\17.0.8.1-win32-x86_64\bin\nio.dll
0x00007ffc91fe0000 - 0x00007ffc91ff0000 	c:\Users\Admin\.vscode\extensions\redhat.java-1.23.0-win32-x64\jre\17.0.8.1-win32-x86_64\bin\verify.dll
0x00007ffc6f830000 - 0x00007ffc6f86e000 	C:\Users\Admin\AppData\Roaming\Code\User\globalStorage\redhat.java\1.23.0\config_win\org.eclipse.equinox.launcher\org.eclipse.equinox.launcher.win32.win32.x86_64_1.2.700.v20221108-1024\eclipse_11801.dll
0x00007ffc9e890000 - 0x00007ffc9ea2e000 	C:\WINDOWS\System32\ole32.dll
0x00007ffc9be30000 - 0x00007ffc9be4b000 	C:\WINDOWS\SYSTEM32\CRYPTSP.dll
0x00007ffc9b6c0000 - 0x00007ffc9b6f5000 	C:\WINDOWS\system32\rsaenh.dll
0x00007ffc9bcc0000 - 0x00007ffc9bcec000 	C:\WINDOWS\SYSTEM32\USERENV.dll
0x00007ffc9bfc0000 - 0x00007ffc9bfe8000 	C:\WINDOWS\SYSTEM32\bcrypt.dll
0x00007ffc9be20000 - 0x00007ffc9be2c000 	C:\WINDOWS\SYSTEM32\CRYPTBASE.dll
0x00007ffc9b1d0000 - 0x00007ffc9b1fd000 	C:\WINDOWS\SYSTEM32\IPHLPAPI.DLL
0x00007ffc9e590000 - 0x00007ffc9e599000 	C:\WINDOWS\System32\NSI.dll
0x00007ffc95b60000 - 0x00007ffc95b79000 	C:\WINDOWS\SYSTEM32\dhcpcsvc6.DLL
0x00007ffc95b40000 - 0x00007ffc95b5f000 	C:\WINDOWS\SYSTEM32\dhcpcsvc.DLL
0x00007ffc9b200000 - 0x00007ffc9b2f2000 	C:\WINDOWS\SYSTEM32\DNSAPI.dll
0x00007ffc618a0000 - 0x00007ffc618e5000 	C:\Users\Admin\AppData\Local\Temp\jna-63116079\jna12939682082213957251.dll
0x00007ffc9e490000 - 0x00007ffc9e498000 	C:\WINDOWS\System32\PSAPI.DLL

dbghelp: loaded successfully - version: 4.0.5 - missing functions: none
symbol engine: initialized successfully - sym options: 0x614 - pdb path: .;c:\Users\Admin\.vscode\extensions\redhat.java-1.23.0-win32-x64\jre\17.0.8.1-win32-x86_64\bin;C:\WINDOWS\SYSTEM32;C:\WINDOWS\WinSxS\amd64_microsoft.windows.common-controls_6595b64144ccf1df_6.0.22621.2215_none_270d72677387dfc3;c:\Users\Admin\.vscode\extensions\redhat.java-1.23.0-win32-x64\jre\17.0.8.1-win32-x86_64\bin\server;C:\Users\Admin\AppData\Roaming\Code\User\globalStorage\redhat.java\1.23.0\config_win\org.eclipse.equinox.launcher\org.eclipse.equinox.launcher.win32.win32.x86_64_1.2.700.v20221108-1024;C:\Users\Admin\AppData\Local\Temp\jna-63116079

VM Arguments:
jvm_args: --add-modules=ALL-SYSTEM --add-opens=java.base/java.util=ALL-UNNAMED --add-opens=java.base/java.lang=ALL-UNNAMED --add-opens=java.base/sun.nio.fs=ALL-UNNAMED -Declipse.application=org.eclipse.jdt.ls.core.id1 -Dosgi.bundles.defaultStartLevel=4 -Declipse.product=org.eclipse.jdt.ls.core.product -Djava.import.generatesMetadataFilesAtProjectRoot=false -DDetectVMInstallationsJob.disabled=true -Dfile.encoding=utf8 -XX:+UseParallelGC -XX:GCTimeRatio=4 -XX:AdaptiveSizePolicyWeight=90 -Dsun.zip.disableMemoryMapping=true -Xmx1G -Xms100m -Xlog:disable -javaagent:c:\Users\Admin\.vscode\extensions\redhat.java-1.23.0-win32-x64\lombok\lombok-1.18.30.jar -XX:+HeapDumpOnOutOfMemoryError -XX:HeapDumpPath=c:\Users\Admin\AppData\Roaming\Code\User\workspaceStorage\08d266126c36d593499f2867316cb880\redhat.java -Daether.dependencyCollector.impl=bf 
java_command: c:\Users\Admin\.vscode\extensions\redhat.java-1.23.0-win32-x64\server\plugins\org.eclipse.equinox.launcher_1.6.500.v20230717-2134.jar -configuration c:\Users\Admin\AppData\Roaming\Code\User\globalStorage\redhat.java\1.23.0\config_win -data c:\Users\Admin\AppData\Roaming\Code\User\workspaceStorage\08d266126c36d593499f2867316cb880\redhat.java\jdt_ws
java_class_path (initial): c:\Users\Admin\.vscode\extensions\redhat.java-1.23.0-win32-x64\server\plugins\org.eclipse.equinox.launcher_1.6.500.v20230717-2134.jar
Launcher Type: SUN_STANDARD

[Global flags]
    uintx AdaptiveSizePolicyWeight                 = 90                                        {product} {command line}
     intx CICompilerCount                          = 12                                        {product} {ergonomic}
    uintx GCTimeRatio                              = 4                                         {product} {command line}
     bool HeapDumpOnOutOfMemoryError               = true                                   {manageable} {command line}
    ccstr HeapDumpPath                             = c:\Users\Admin\AppData\Roaming\Code\User\workspaceStorage\08d266126c36d593499f2867316cb880\redhat.java         {manageable} {command line}
   size_t InitialHeapSize                          = 104857600                                 {product} {command line}
   size_t MaxHeapSize                              = 1073741824                                {product} {command line}
   size_t MaxNewSize                               = 357564416                                 {product} {ergonomic}
   size_t MinHeapDeltaBytes                        = 524288                                    {product} {ergonomic}
   size_t MinHeapSize                              = 104857600                                 {product} {command line}
   size_t NewSize                                  = 34603008                                  {product} {ergonomic}
    uintx NonNMethodCodeHeapSize                   = 7602480                                {pd product} {ergonomic}
    uintx NonProfiledCodeHeapSize                  = 122027880                              {pd product} {ergonomic}
   size_t OldSize                                  = 70254592                                  {product} {ergonomic}
    uintx ProfiledCodeHeapSize                     = 122027880                              {pd product} {ergonomic}
    uintx ReservedCodeCacheSize                    = 251658240                              {pd product} {ergonomic}
     bool SegmentedCodeCache                       = true                                      {product} {ergonomic}
   size_t SoftMaxHeapSize                          = 1073741824                             {manageable} {ergonomic}
     bool UseCompressedClassPointers               = true                           {product lp64_product} {ergonomic}
     bool UseCompressedOops                        = true                           {product lp64_product} {ergonomic}
     bool UseLargePagesIndividualAllocation        = false                                  {pd product} {ergonomic}
     bool UseParallelGC                            = true                                      {product} {command line}

Logging:
Log output configuration:
 #0: stdout all=off uptime,level,tags
 #1: stderr all=off uptime,level,tags

Environment Variables:
JAVA_HOME=C:\Program Files\Microsoft\jdk-11.0.20.8-hotspot\
PATH=C:\Program Files\Microsoft\jdk-11.0.20.8-hotspot\bin;C:\Windows\system32;C:\Windows;C:\Windows\System32\Wbem;C:\Windows\System32\WindowsPowerShell\v1.0\;C:\Windows\System32\OpenSSH\;C:\Program Files (x86)\NVIDIA Corporation\PhysX\Common;C:\Program Files\NVIDIA Corporation\NVIDIA NvDLISR;C:\Program Files\dotnet\;C:\WINDOWS\system32;C:\WINDOWS;C:\WINDOWS\System32\Wbem;C:\WINDOWS\System32\WindowsPowerShell\v1.0\;C:\WINDOWS\System32\OpenSSH\;C:\Program Files\Git\cmd;C:\ProgramData\chocolatey\bin;C:\Program Files\nodejs\;C:\Users\Admin\AppData\Local\Programs\Python\Python310\Scripts\;C:\Users\Admin\AppData\Local\Programs\Python\Python310\;C:\Users\Admin\AppData\Local\Microsoft\WindowsApps;C:\Users\Admin\AppData\Local\Programs\Microsoft VS Code\bin;C:\Users\Admin\.dotnet\tools;C:\flutter\bin;C:\Users\Admin\AppData\Local\GitHubDesktop\bin;C:\Program Files\Android\Android Studio\jbr\bin;C:\Users\Admin\AppData\Roaming\npm;C:\Users\Admin\AppData\Local\Android\Sdk;C:\Users\Admin\AppData\Local\Android\Sdk\platform-tools;
USERNAME=Admin
OS=Windows_NT
PROCESSOR_IDENTIFIER=AMD64 Family 25 Model 68 Stepping 1, AuthenticAMD
TMP=C:\Users\Admin\AppData\Local\Temp
TEMP=C:\Users\Admin\AppData\Local\Temp



---------------  S Y S T E M  ---------------

OS:
 Windows 11 , 64 bit Build 22621 (10.0.22621.2215)
OS uptime: 0 days 0:13 hours

CPU: total 16 (initial active 16) (16 cores per cpu, 2 threads per core) family 25 model 68 stepping 1 microcode 0x0, cx8, cmov, fxsr, ht, mmx, 3dnowpref, sse, sse2, sse3, ssse3, sse4a, sse4.1, sse4.2, popcnt, lzcnt, tsc, tscinvbit, avx, avx2, aes, clmul, bmi1, bmi2, adx, sha, fma, vzeroupper, clflush, clflushopt
Processor Information for all 16 processors :
  Max Mhz: 3201, Current Mhz: 3201, Mhz Limit: 3201

Memory: 4k page, system-wide physical 7421M (193M free)
TotalPageFile size 19709M (AvailPageFile size 8M)
current process WorkingSet (physical memory assigned to process): 197M, peak: 198M
current process commit charge ("private bytes"): 303M, peak: 305M

vm_info: OpenJDK 64-Bit Server VM (17.0.8.1+1) for windows-amd64 JRE (17.0.8.1+1), built on Aug 23 2023 15:29:17 by "admin" with MS VC++ 16.7 (VS2019)

END.
