#
# There is insufficient memory for the Java Runtime Environment to continue.
# Native memory allocation (malloc) failed to allocate 190976 bytes for Chunk::new
# Possible reasons:
#   The system is out of physical RAM or swap space
#   The process is running with CompressedOops enabled, and the Java Heap may be blocking the growth of the native heap
# Possible solutions:
#   Reduce memory load on the system
#   Increase physical memory or swap space
#   Check if swap backing store is full
#   Decrease Java heap size (-Xmx/-Xms)
#   Decrease number of Java threads
#   Decrease Java thread stack sizes (-Xss)
#   Set larger code cache with -XX:ReservedCodeCacheSize=
#   JVM is running with Unscaled Compressed Oops mode in which the Java heap is
#     placed in the first 4GB address space. The Java Heap base address is the
#     maximum limit for the native heap growth. Please use -XX:HeapBaseMinAddress
#     to set the Java Heap base and to place the Java Heap above 4GB virtual address.
# This output file may be truncated or incomplete.
#
#  Out of Memory Error (arena.cpp:189), pid=21460, tid=4872
#
# JRE version: OpenJDK Runtime Environment Temurin-17.0.8.1+1 (17.0.8.1+1) (build 17.0.8.1+1)
# Java VM: OpenJDK 64-Bit Server VM Temurin-17.0.8.1+1 (17.0.8.1+1, mixed mode, tiered, compressed oops, compressed class ptrs, parallel gc, windows-amd64)
# No core dump will be written. Minidumps are not enabled by default on client versions of Windows
#

---------------  S U M M A R Y ------------

Command Line: --add-modules=ALL-SYSTEM --add-opens=java.base/java.util=ALL-UNNAMED --add-opens=java.base/java.lang=ALL-UNNAMED --add-opens=java.base/sun.nio.fs=ALL-UNNAMED -Declipse.application=org.eclipse.jdt.ls.core.id1 -Dosgi.bundles.defaultStartLevel=4 -Declipse.product=org.eclipse.jdt.ls.core.product -Djava.import.generatesMetadataFilesAtProjectRoot=false -DDetectVMInstallationsJob.disabled=true -Dfile.encoding=utf8 -XX:+UseParallelGC -XX:GCTimeRatio=4 -XX:AdaptiveSizePolicyWeight=90 -Dsun.zip.disableMemoryMapping=true -Xmx1G -Xms100m -Xlog:disable -javaagent:c:\Users\Admin\.vscode\extensions\redhat.java-1.23.0-win32-x64\lombok\lombok-1.18.30.jar -XX:+HeapDumpOnOutOfMemoryError -XX:HeapDumpPath=c:\Users\Admin\AppData\Roaming\Code\User\workspaceStorage\08d266126c36d593499f2867316cb880\redhat.java -Daether.dependencyCollector.impl=bf c:\Users\Admin\.vscode\extensions\redhat.java-1.23.0-win32-x64\server\plugins\org.eclipse.equinox.launcher_1.6.500.v20230717-2134.jar -configuration c:\Users\Admin\AppData\Roaming\Code\User\globalStorage\redhat.java\1.23.0\config_win -data c:\Users\Admin\AppData\Roaming\Code\User\workspaceStorage\08d266126c36d593499f2867316cb880\redhat.java\jdt_ws

Host: AMD Ryzen 7 6800H with Radeon Graphics         , 16 cores, 7G,  Windows 11 , 64 bit Build 22621 (10.0.22621.2215)
Time: Fri Oct 13 20:54:36 2023 SE Asia Standard Time elapsed time: 5.249795 seconds (0d 0h 0m 5s)

---------------  T H R E A D  ---------------

Current thread (0x000001937610df50):  JavaThread "C2 CompilerThread0" daemon [_thread_in_native, id=4872, stack(0x0000006a33b00000,0x0000006a33c00000)]


Current CompileTask:
C2:   5249 2937       4       jdk.internal.org.objectweb.asm.SymbolTable::addConstantUtf8 (98 bytes)

Stack: [0x0000006a33b00000,0x0000006a33c00000]
Native frames: (J=compiled Java code, j=interpreted, Vv=VM code, C=native code)
V  [jvm.dll+0x678b0a]
V  [jvm.dll+0x835e84]
V  [jvm.dll+0x83762e]
V  [jvm.dll+0x837c93]
V  [jvm.dll+0x24746f]
V  [jvm.dll+0xac20c]
V  [jvm.dll+0xac7dc]
V  [jvm.dll+0x365ca7]
V  [jvm.dll+0x3301a1]
V  [jvm.dll+0x32f64a]
V  [jvm.dll+0x219bf1]
V  [jvm.dll+0x219011]
V  [jvm.dll+0x1a534d]
V  [jvm.dll+0x228d8a]
V  [jvm.dll+0x226dcc]
V  [jvm.dll+0x7ec09b]
V  [jvm.dll+0x7e64ca]
V  [jvm.dll+0x677955]
C  [ucrtbase.dll+0x29363]
C  [KERNEL32.DLL+0x1257d]
C  [ntdll.dll+0x5aa68]


---------------  P R O C E S S  ---------------

Threads class SMR info:
_java_thread_list=0x000001937903fb50, length=20, elements={
0x000001935d129800, 0x0000019370f89030, 0x0000019370f8a650, 0x00000193760ffc60,
0x00000193761009f0, 0x000001937610b9c0, 0x000001937610d2a0, 0x000001937610df50,
0x0000019376111950, 0x0000019376113a70, 0x0000019376234a50, 0x000001937628acb0,
0x000001937825dc50, 0x0000019378693ac0, 0x000001937871bc30, 0x00000193786aa720,
0x000001937881dfc0, 0x0000019378808d40, 0x0000019378809250, 0x0000019378808830
}

Java Threads: ( => current thread )
  0x000001935d129800 JavaThread "main" [_thread_blocked, id=24560, stack(0x0000006a33200000,0x0000006a33300000)]
  0x0000019370f89030 JavaThread "Reference Handler" daemon [_thread_blocked, id=22856, stack(0x0000006a33500000,0x0000006a33600000)]
  0x0000019370f8a650 JavaThread "Finalizer" daemon [_thread_blocked, id=22860, stack(0x0000006a33600000,0x0000006a33700000)]
  0x00000193760ffc60 JavaThread "Signal Dispatcher" daemon [_thread_blocked, id=20196, stack(0x0000006a33700000,0x0000006a33800000)]
  0x00000193761009f0 JavaThread "Attach Listener" daemon [_thread_blocked, id=19156, stack(0x0000006a33800000,0x0000006a33900000)]
  0x000001937610b9c0 JavaThread "Service Thread" daemon [_thread_blocked, id=7160, stack(0x0000006a33900000,0x0000006a33a00000)]
  0x000001937610d2a0 JavaThread "Monitor Deflation Thread" daemon [_thread_blocked, id=21956, stack(0x0000006a33a00000,0x0000006a33b00000)]
=>0x000001937610df50 JavaThread "C2 CompilerThread0" daemon [_thread_in_native, id=4872, stack(0x0000006a33b00000,0x0000006a33c00000)]
  0x0000019376111950 JavaThread "C1 CompilerThread0" daemon [_thread_blocked, id=24988, stack(0x0000006a33c00000,0x0000006a33d00000)]
  0x0000019376113a70 JavaThread "Sweeper thread" daemon [_thread_blocked, id=20432, stack(0x0000006a33d00000,0x0000006a33e00000)]
  0x0000019376234a50 JavaThread "Common-Cleaner" daemon [_thread_blocked, id=23888, stack(0x0000006a33e00000,0x0000006a33f00000)]
  0x000001937628acb0 JavaThread "C1 CompilerThread1" daemon [_thread_blocked, id=23232, stack(0x0000006a33f00000,0x0000006a34000000)]
  0x000001937825dc50 JavaThread "Notification Thread" daemon [_thread_blocked, id=16892, stack(0x0000006a34000000,0x0000006a34100000)]
  0x0000019378693ac0 JavaThread "Active Thread: Equinox Container: 50aaf84a-2b79-43f6-8c49-239925173b8f" [_thread_blocked, id=24636, stack(0x0000006a34700000,0x0000006a34800000)]
  0x000001937871bc30 JavaThread "Framework Event Dispatcher: Equinox Container: 50aaf84a-2b79-43f6-8c49-239925173b8f" daemon [_thread_blocked, id=23532, stack(0x0000006a34800000,0x0000006a34900000)]
  0x00000193786aa720 JavaThread "Start Level: Equinox Container: 50aaf84a-2b79-43f6-8c49-239925173b8f" daemon [_thread_in_native, id=13868, stack(0x0000006a34900000,0x0000006a34a00000)]
  0x000001937881dfc0 JavaThread "Bundle File Closer" daemon [_thread_blocked, id=10796, stack(0x0000006a34c00000,0x0000006a34d00000)]
  0x0000019378808d40 JavaThread "SCR Component Actor" daemon [_thread_blocked, id=8656, stack(0x0000006a34d00000,0x0000006a34e00000)]
  0x0000019378809250 JavaThread "SCR Component Registry" daemon [_thread_blocked, id=25200, stack(0x0000006a35000000,0x0000006a35100000)]
  0x0000019378808830 JavaThread "Worker-JM" [_thread_blocked, id=23884, stack(0x0000006a35100000,0x0000006a35200000)]

Other Threads:
  0x00000193760d45f0 VMThread "VM Thread" [stack: 0x0000006a33400000,0x0000006a33500000] [id=22656]
  0x00000193782449f0 WatcherThread [stack: 0x0000006a34100000,0x0000006a34200000] [id=15148]
  0x000001935d13f3d0 GCTaskThread "GC Thread#0" [stack: 0x0000006a33300000,0x0000006a33400000] [id=7696]
  0x0000019378990a00 GCTaskThread "GC Thread#1" [stack: 0x0000006a34200000,0x0000006a34300000] [id=13788]
  0x0000019378595420 GCTaskThread "GC Thread#2" [stack: 0x0000006a34300000,0x0000006a34400000] [id=15100]
  0x0000019378595ae0 GCTaskThread "GC Thread#3" [stack: 0x0000006a34400000,0x0000006a34500000] [id=17352]
  0x00000193785963b0 GCTaskThread "GC Thread#4" [stack: 0x0000006a34500000,0x0000006a34600000] [id=10512]
  0x000001937894df40 GCTaskThread "GC Thread#5" [stack: 0x0000006a34600000,0x0000006a34700000] [id=23540]
  0x0000019378b61e40 GCTaskThread "GC Thread#6" [stack: 0x0000006a34a00000,0x0000006a34b00000] [id=1560]
  0x0000019378673fb0 GCTaskThread "GC Thread#7" [stack: 0x0000006a34b00000,0x0000006a34c00000] [id=25164]
  0x0000019379101520 GCTaskThread "GC Thread#8" [stack: 0x0000006a34e00000,0x0000006a34f00000] [id=15076]
  0x00000193791017e0 GCTaskThread "GC Thread#9" [stack: 0x0000006a34f00000,0x0000006a35000000] [id=21708]
  0x00000193791c9990 GCTaskThread "GC Thread#10" [stack: 0x0000006a35200000,0x0000006a35300000] [id=19480]
  0x0000019378d79690 GCTaskThread "GC Thread#11" [stack: 0x0000006a35300000,0x0000006a35400000] [id=17172]

Threads with active compile tasks:
C2 CompilerThread0     5278 2937       4       jdk.internal.org.objectweb.asm.SymbolTable::addConstantUtf8 (98 bytes)

VM state: not at safepoint (normal execution)

VM Mutex/Monitor currently owned by a thread: None

Heap address: 0x00000000c0000000, size: 1024 MB, Compressed Oops mode: 32-bit

CDS archive(s) not mapped
Compressed class space mapped at: 0x0000000100000000-0x0000000140000000, reserved size: 1073741824
Narrow klass base: 0x0000000000000000, Narrow klass shift: 3, Narrow klass range: 0x140000000

GC Precious Log:
 CPUs: 16 total, 16 available
 Memory: 7421M
 Large Page Support: Disabled
 NUMA Support: Disabled
 Compressed Oops: Enabled (32-bit)
 Alignments: Space 512K, Generation 512K, Heap 2M
 Heap Min Capacity: 100M
 Heap Initial Capacity: 100M
 Heap Max Capacity: 1G
 Pre-touch: Disabled
 Parallel Workers: 13

Heap:
 PSYoungGen      total 29696K, used 947K [0x00000000eab00000, 0x00000000ecc00000, 0x0000000100000000)
  eden space 25600K, 3% used [0x00000000eab00000,0x00000000eabeceb8,0x00000000ec400000)
  from space 4096K, 0% used [0x00000000ec400000,0x00000000ec400000,0x00000000ec800000)
  to   space 4096K, 0% used [0x00000000ec800000,0x00000000ec800000,0x00000000ecc00000)
 ParOldGen       total 68608K, used 10428K [0x00000000c0000000, 0x00000000c4300000, 0x00000000eab00000)
  object space 68608K, 15% used [0x00000000c0000000,0x00000000c0a2f0f0,0x00000000c4300000)
 Metaspace       used 21144K, committed 21568K, reserved 1114112K
  class space    used 2116K, committed 2304K, reserved 1048576K

Card table byte_map: [0x000001935cac0000,0x000001935ccd0000] _byte_map_base: 0x000001935c4c0000

Marking Bits: (ParMarkBitMap*) 0x00007ff9ab9683a0
 Begin Bits: [0x000001936ed90000, 0x000001936fd90000)
 End Bits:   [0x000001936fd90000, 0x0000019370d90000)

Polling page: 0x000001935b100000

Metaspace:

Usage:
  Non-class:     18.58 MB used.
      Class:      2.07 MB used.
       Both:     20.65 MB used.

Virtual space:
  Non-class space:       64.00 MB reserved,      18.81 MB ( 29%) committed,  1 nodes.
      Class space:        1.00 GB reserved,       2.25 MB ( <1%) committed,  1 nodes.
             Both:        1.06 GB reserved,      21.06 MB (  2%) committed. 

Chunk freelists:
   Non-Class:  12.68 MB
       Class:  13.69 MB
        Both:  26.37 MB

MaxMetaspaceSize: unlimited
CompressedClassSpaceSize: 1.00 GB
Initial GC threshold: 21.00 MB
Current GC threshold: 35.00 MB
CDS: off
MetaspaceReclaimPolicy: balanced
 - commit_granule_bytes: 65536.
 - commit_granule_words: 8192.
 - virtual_space_node_default_size: 8388608.
 - enlarge_chunks_in_place: 1.
 - new_chunks_are_fully_committed: 0.
 - uncommit_free_chunks: 1.
 - use_allocation_guard: 0.
 - handle_deallocations: 1.


Internal statistics:

num_allocs_failed_limit: 3.
num_arena_births: 236.
num_arena_deaths: 0.
num_vsnodes_births: 2.
num_vsnodes_deaths: 0.
num_space_committed: 337.
num_space_uncommitted: 0.
num_chunks_returned_to_freelist: 3.
num_chunks_taken_from_freelist: 690.
num_chunk_merges: 0.
num_chunk_splits: 430.
num_chunks_enlarged: 298.
num_inconsistent_stats: 0.

CodeHeap 'non-profiled nmethods': size=119168Kb used=1048Kb max_used=1048Kb free=118119Kb
 bounds [0x0000019367930000, 0x0000019367ba0000, 0x000001936ed90000]
CodeHeap 'profiled nmethods': size=119104Kb used=6278Kb max_used=6278Kb free=112825Kb
 bounds [0x000001935fd90000, 0x00000193603c0000, 0x00000193671e0000]
CodeHeap 'non-nmethods': size=7488Kb used=1744Kb max_used=1762Kb free=5743Kb
 bounds [0x00000193671e0000, 0x0000019367450000, 0x0000019367930000]
 total_blobs=3433 nmethods=2949 adapters=397
 compilation: enabled
              stopped_count=0, restarted_count=0
 full_count=0

Compilation events (20 events):
Event: 5.227 Thread 0x000001937628acb0 nmethod 2925 0x00000193603a3d10 code [0x00000193603a3ec0, 0x00000193603a40f8]
Event: 5.227 Thread 0x000001937628acb0 2926       3       sun.invoke.util.BytecodeDescriptor::unparseMethod (66 bytes)
Event: 5.228 Thread 0x000001937628acb0 nmethod 2926 0x00000193603a4210 code [0x00000193603a4440, 0x00000193603a4ac8]
Event: 5.228 Thread 0x0000019376111950 nmethod 2924 0x00000193603a4d90 code [0x00000193603a5120, 0x00000193603a64f8]
Event: 5.231 Thread 0x000001937610df50 2931       4       jdk.internal.org.objectweb.asm.ByteVector::putByte (39 bytes)
Event: 5.232 Thread 0x000001937610df50 nmethod 2931 0x0000019367a35690 code [0x0000019367a35820, 0x0000019367a35968]
Event: 5.233 Thread 0x000001937628acb0 2936       3       java.lang.invoke.LambdaForm::useCount (61 bytes)
Event: 5.234 Thread 0x000001937610df50 2937       4       jdk.internal.org.objectweb.asm.SymbolTable::addConstantUtf8 (98 bytes)
Event: 5.234 Thread 0x0000019376111950 2938       3       java.lang.invoke.InvokerBytecodeGenerator::emitPushArguments (45 bytes)
Event: 5.234 Thread 0x000001937628acb0 nmethod 2936 0x00000193603a6d10 code [0x00000193603a6ee0, 0x00000193603a7248]
Event: 5.234 Thread 0x000001937628acb0 2940       3       java.lang.invoke.InvokerBytecodeGenerator::emitStaticInvoke (258 bytes)
Event: 5.234 Thread 0x0000019376111950 nmethod 2938 0x00000193603a7410 code [0x00000193603a7600, 0x00000193603a7a78]
Event: 5.234 Thread 0x0000019376111950 2941       3       java.lang.invoke.InvokerBytecodeGenerator::refKindOpcode (112 bytes)
Event: 5.235 Thread 0x0000019376111950 nmethod 2941 0x00000193603a7d10 code [0x00000193603a7f60, 0x00000193603a87f8]
Event: 5.235 Thread 0x0000019376111950 2939       3       java.lang.invoke.InvokerBytecodeGenerator::emitStoreInsn (21 bytes)
Event: 5.235 Thread 0x0000019376111950 nmethod 2939 0x00000193603a8a90 code [0x00000193603a8c40, 0x00000193603a8e98]
Event: 5.235 Thread 0x000001937628acb0 nmethod 2940 0x00000193603a9010 code [0x00000193603a9320, 0x00000193603aa248]
Event: 5.237 Thread 0x000001937628acb0 2943   !   3       java.lang.invoke.MethodHandle::setVarargs (25 bytes)
Event: 5.237 Thread 0x0000019376111950 2944       3       java.lang.invoke.MemberName::isVarargs (23 bytes)
Event: 5.237 Thread 0x0000019376111950 nmethod 2944 0x00000193603aa890 code [0x00000193603aaa60, 0x00000193603aaef8]

GC Heap History (11 events):
Event: 0.855 GC heap before
{Heap before GC invocations=1 (full 0):
 PSYoungGen      total 29696K, used 25600K [0x00000000eab00000, 0x00000000ecc00000, 0x0000000100000000)
  eden space 25600K, 100% used [0x00000000eab00000,0x00000000ec400000,0x00000000ec400000)
  from space 4096K, 0% used [0x00000000ec800000,0x00000000ec800000,0x00000000ecc00000)
  to   space 4096K, 0% used [0x00000000ec400000,0x00000000ec400000,0x00000000ec800000)
 ParOldGen       total 68608K, used 0K [0x00000000c0000000, 0x00000000c4300000, 0x00000000eab00000)
  object space 68608K, 0% used [0x00000000c0000000,0x00000000c0000000,0x00000000c4300000)
 Metaspace       used 10904K, committed 11072K, reserved 1114112K
  class space    used 1079K, committed 1152K, reserved 1048576K
}
Event: 0.861 GC heap after
{Heap after GC invocations=1 (full 0):
 PSYoungGen      total 29696K, used 3068K [0x00000000eab00000, 0x00000000ecc00000, 0x0000000100000000)
  eden space 25600K, 0% used [0x00000000eab00000,0x00000000eab00000,0x00000000ec400000)
  from space 4096K, 74% used [0x00000000ec400000,0x00000000ec6ff090,0x00000000ec800000)
  to   space 4096K, 0% used [0x00000000ec800000,0x00000000ec800000,0x00000000ecc00000)
 ParOldGen       total 68608K, used 16K [0x00000000c0000000, 0x00000000c4300000, 0x00000000eab00000)
  object space 68608K, 0% used [0x00000000c0000000,0x00000000c0004000,0x00000000c4300000)
 Metaspace       used 10904K, committed 11072K, reserved 1114112K
  class space    used 1079K, committed 1152K, reserved 1048576K
}
Event: 1.822 GC heap before
{Heap before GC invocations=2 (full 0):
 PSYoungGen      total 29696K, used 28668K [0x00000000eab00000, 0x00000000ecc00000, 0x0000000100000000)
  eden space 25600K, 100% used [0x00000000eab00000,0x00000000ec400000,0x00000000ec400000)
  from space 4096K, 74% used [0x00000000ec400000,0x00000000ec6ff090,0x00000000ec800000)
  to   space 4096K, 0% used [0x00000000ec800000,0x00000000ec800000,0x00000000ecc00000)
 ParOldGen       total 68608K, used 16K [0x00000000c0000000, 0x00000000c4300000, 0x00000000eab00000)
  object space 68608K, 0% used [0x00000000c0000000,0x00000000c0004000,0x00000000c4300000)
 Metaspace       used 14635K, committed 14848K, reserved 1114112K
  class space    used 1462K, committed 1600K, reserved 1048576K
}
Event: 1.832 GC heap after
{Heap after GC invocations=2 (full 0):
 PSYoungGen      total 29696K, used 4093K [0x00000000eab00000, 0x00000000ecc00000, 0x0000000100000000)
  eden space 25600K, 0% used [0x00000000eab00000,0x00000000eab00000,0x00000000ec400000)
  from space 4096K, 99% used [0x00000000ec800000,0x00000000ecbff400,0x00000000ecc00000)
  to   space 4096K, 0% used [0x00000000ec400000,0x00000000ec400000,0x00000000ec800000)
 ParOldGen       total 68608K, used 1438K [0x00000000c0000000, 0x00000000c4300000, 0x00000000eab00000)
  object space 68608K, 2% used [0x00000000c0000000,0x00000000c0167b70,0x00000000c4300000)
 Metaspace       used 14635K, committed 14848K, reserved 1114112K
  class space    used 1462K, committed 1600K, reserved 1048576K
}
Event: 2.972 GC heap before
{Heap before GC invocations=3 (full 0):
 PSYoungGen      total 29696K, used 29693K [0x00000000eab00000, 0x00000000ecc00000, 0x0000000100000000)
  eden space 25600K, 100% used [0x00000000eab00000,0x00000000ec400000,0x00000000ec400000)
  from space 4096K, 99% used [0x00000000ec800000,0x00000000ecbff400,0x00000000ecc00000)
  to   space 4096K, 0% used [0x00000000ec400000,0x00000000ec400000,0x00000000ec800000)
 ParOldGen       total 68608K, used 1438K [0x00000000c0000000, 0x00000000c4300000, 0x00000000eab00000)
  object space 68608K, 2% used [0x00000000c0000000,0x00000000c0167b70,0x00000000c4300000)
 Metaspace       used 16789K, committed 17152K, reserved 1114112K
  class space    used 1682K, committed 1856K, reserved 1048576K
}
Event: 2.984 GC heap after
{Heap after GC invocations=3 (full 0):
 PSYoungGen      total 29696K, used 4077K [0x00000000eab00000, 0x00000000ecc00000, 0x0000000100000000)
  eden space 25600K, 0% used [0x00000000eab00000,0x00000000eab00000,0x00000000ec400000)
  from space 4096K, 99% used [0x00000000ec400000,0x00000000ec7fb6d8,0x00000000ec800000)
  to   space 4096K, 0% used [0x00000000ec800000,0x00000000ec800000,0x00000000ecc00000)
 ParOldGen       total 68608K, used 5167K [0x00000000c0000000, 0x00000000c4300000, 0x00000000eab00000)
  object space 68608K, 7% used [0x00000000c0000000,0x00000000c050bc40,0x00000000c4300000)
 Metaspace       used 16789K, committed 17152K, reserved 1114112K
  class space    used 1682K, committed 1856K, reserved 1048576K
}
Event: 5.135 GC heap before
{Heap before GC invocations=4 (full 0):
 PSYoungGen      total 29696K, used 29677K [0x00000000eab00000, 0x00000000ecc00000, 0x0000000100000000)
  eden space 25600K, 100% used [0x00000000eab00000,0x00000000ec400000,0x00000000ec400000)
  from space 4096K, 99% used [0x00000000ec400000,0x00000000ec7fb6d8,0x00000000ec800000)
  to   space 4096K, 0% used [0x00000000ec800000,0x00000000ec800000,0x00000000ecc00000)
 ParOldGen       total 68608K, used 5167K [0x00000000c0000000, 0x00000000c4300000, 0x00000000eab00000)
  object space 68608K, 7% used [0x00000000c0000000,0x00000000c050bc40,0x00000000c4300000)
 Metaspace       used 20446K, committed 20800K, reserved 1114112K
  class space    used 2042K, committed 2176K, reserved 1048576K
}
Event: 5.141 GC heap after
{Heap after GC invocations=4 (full 0):
 PSYoungGen      total 29696K, used 4091K [0x00000000eab00000, 0x00000000ecc00000, 0x0000000100000000)
  eden space 25600K, 0% used [0x00000000eab00000,0x00000000eab00000,0x00000000ec400000)
  from space 4096K, 99% used [0x00000000ec800000,0x00000000ecbfed48,0x00000000ecc00000)
  to   space 4096K, 0% used [0x00000000ec400000,0x00000000ec400000,0x00000000ec800000)
 ParOldGen       total 68608K, used 6326K [0x00000000c0000000, 0x00000000c4300000, 0x00000000eab00000)
  object space 68608K, 9% used [0x00000000c0000000,0x00000000c062d890,0x00000000c4300000)
 Metaspace       used 20446K, committed 20800K, reserved 1114112K
  class space    used 2042K, committed 2176K, reserved 1048576K
}
Event: 5.238 GC heap before
{Heap before GC invocations=5 (full 0):
 PSYoungGen      total 29696K, used 8227K [0x00000000eab00000, 0x00000000ecc00000, 0x0000000100000000)
  eden space 25600K, 16% used [0x00000000eab00000,0x00000000eaf0a160,0x00000000ec400000)
  from space 4096K, 99% used [0x00000000ec800000,0x00000000ecbfed48,0x00000000ecc00000)
  to   space 4096K, 0% used [0x00000000ec400000,0x00000000ec400000,0x00000000ec800000)
 ParOldGen       total 68608K, used 6326K [0x00000000c0000000, 0x00000000c4300000, 0x00000000eab00000)
  object space 68608K, 9% used [0x00000000c0000000,0x00000000c062d890,0x00000000c4300000)
 Metaspace       used 21121K, committed 21504K, reserved 1114112K
  class space    used 2114K, committed 2304K, reserved 1048576K
}
Event: 5.241 GC heap after
{Heap after GC invocations=5 (full 0):
 PSYoungGen      total 29696K, used 4073K [0x00000000eab00000, 0x00000000ecc00000, 0x0000000100000000)
  eden space 25600K, 0% used [0x00000000eab00000,0x00000000eab00000,0x00000000ec400000)
  from space 4096K, 99% used [0x00000000ec400000,0x00000000ec7fa480,0x00000000ec800000)
  to   space 4096K, 0% used [0x00000000ec800000,0x00000000ec800000,0x00000000ecc00000)
 ParOldGen       total 68608K, used 6718K [0x00000000c0000000, 0x00000000c4300000, 0x00000000eab00000)
  object space 68608K, 9% used [0x00000000c0000000,0x00000000c068f8a0,0x00000000c4300000)
 Metaspace       used 21121K, committed 21504K, reserved 1114112K
  class space    used 2114K, committed 2304K, reserved 1048576K
}
Event: 5.241 GC heap before
{Heap before GC invocations=6 (full 1):
 PSYoungGen      total 29696K, used 4073K [0x00000000eab00000, 0x00000000ecc00000, 0x0000000100000000)
  eden space 25600K, 0% used [0x00000000eab00000,0x00000000eab00000,0x00000000ec400000)
  from space 4096K, 99% used [0x00000000ec400000,0x00000000ec7fa480,0x00000000ec800000)
  to   space 4096K, 0% used [0x00000000ec800000,0x00000000ec800000,0x00000000ecc00000)
 ParOldGen       total 68608K, used 6718K [0x00000000c0000000, 0x00000000c4300000, 0x00000000eab00000)
  object space 68608K, 9% used [0x00000000c0000000,0x00000000c068f8a0,0x00000000c4300000)
 Metaspace       used 21121K, committed 21504K, reserved 1114112K
  class space    used 2114K, committed 2304K, reserved 1048576K
}

Dll operation events (9 events):
Event: 0.021 Loaded shared library c:\Users\Admin\.vscode\extensions\redhat.java-1.23.0-win32-x64\jre\17.0.8.1-win32-x86_64\bin\java.dll
Event: 0.211 Loaded shared library c:\Users\Admin\.vscode\extensions\redhat.java-1.23.0-win32-x64\jre\17.0.8.1-win32-x86_64\bin\zip.dll
Event: 0.217 Loaded shared library C:\Users\Admin\.vscode\extensions\redhat.java-1.23.0-win32-x64\jre\17.0.8.1-win32-x86_64\bin\instrument.dll
Event: 0.232 Loaded shared library C:\Users\Admin\.vscode\extensions\redhat.java-1.23.0-win32-x64\jre\17.0.8.1-win32-x86_64\bin\net.dll
Event: 0.235 Loaded shared library C:\Users\Admin\.vscode\extensions\redhat.java-1.23.0-win32-x64\jre\17.0.8.1-win32-x86_64\bin\nio.dll
Event: 0.244 Loaded shared library C:\Users\Admin\.vscode\extensions\redhat.java-1.23.0-win32-x64\jre\17.0.8.1-win32-x86_64\bin\zip.dll
Event: 0.266 Loaded shared library C:\Users\Admin\.vscode\extensions\redhat.java-1.23.0-win32-x64\jre\17.0.8.1-win32-x86_64\bin\jimage.dll
Event: 0.331 Loaded shared library c:\Users\Admin\.vscode\extensions\redhat.java-1.23.0-win32-x64\jre\17.0.8.1-win32-x86_64\bin\verify.dll
Event: 1.713 Loaded shared library C:\Users\Admin\AppData\Roaming\Code\User\globalStorage\redhat.java\1.23.0\config_win\org.eclipse.equinox.launcher\org.eclipse.equinox.launcher.win32.win32.x86_64_1.2.700.v20221108-1024\eclipse_11801.dll

Deoptimization events (20 events):
Event: 4.316 Thread 0x00000193786aa720 Uncommon trap: trap_request=0xffffff45 fr.pc=0x0000019367a11708 relative=0x0000000000000348
Event: 4.316 Thread 0x00000193786aa720 Uncommon trap: reason=unstable_if action=reinterpret pc=0x0000019367a11708 method=com.sun.org.apache.xerces.internal.impl.XMLEntityScanner.scanLiteral(ILcom/sun/org/apache/xerces/internal/xni/XMLString;Z)I @ 189 c2
Event: 4.316 Thread 0x00000193786aa720 DEOPT PACKING pc=0x0000019367a11708 sp=0x0000006a349f86e0
Event: 4.316 Thread 0x00000193786aa720 DEOPT UNPACKING pc=0x00000193672366a3 sp=0x0000006a349f8670 mode 2
Event: 4.325 Thread 0x00000193786aa720 DEOPT PACKING pc=0x000001936026e12e sp=0x0000006a349f88f0
Event: 4.325 Thread 0x00000193786aa720 DEOPT UNPACKING pc=0x0000019367236e43 sp=0x0000006a349f7db0 mode 0
Event: 4.326 Thread 0x00000193786aa720 DEOPT PACKING pc=0x000001936026e12e sp=0x0000006a349f8500
Event: 4.326 Thread 0x00000193786aa720 DEOPT UNPACKING pc=0x0000019367236e43 sp=0x0000006a349f79c0 mode 0
Event: 4.392 Thread 0x00000193786aa720 Uncommon trap: trap_request=0xffffffcc fr.pc=0x0000019367a19178 relative=0x00000000000001d8
Event: 4.392 Thread 0x00000193786aa720 Uncommon trap: reason=intrinsic_or_type_checked_inlining action=make_not_entrant pc=0x0000019367a19178 method=java.util.Arrays.copyOf([Ljava/lang/Object;ILjava/lang/Class;)[Ljava/lang/Object; @ 35 c2
Event: 4.392 Thread 0x00000193786aa720 DEOPT PACKING pc=0x0000019367a19178 sp=0x0000006a349fbe40
Event: 4.392 Thread 0x00000193786aa720 DEOPT UNPACKING pc=0x00000193672366a3 sp=0x0000006a349fbdd0 mode 2
Event: 4.865 Thread 0x00000193786aa720 Uncommon trap: trap_request=0xffffff45 fr.pc=0x0000019367a18180 relative=0x00000000000004a0
Event: 4.865 Thread 0x00000193786aa720 Uncommon trap: reason=unstable_if action=reinterpret pc=0x0000019367a18180 method=com.sun.org.apache.xerces.internal.impl.XMLEntityScanner.scanLiteral(ILcom/sun/org/apache/xerces/internal/xni/XMLString;Z)I @ 299 c2
Event: 4.865 Thread 0x00000193786aa720 DEOPT PACKING pc=0x0000019367a18180 sp=0x0000006a349fda40
Event: 4.865 Thread 0x00000193786aa720 DEOPT UNPACKING pc=0x00000193672366a3 sp=0x0000006a349fd9d0 mode 2
Event: 5.193 Thread 0x00000193786aa720 Uncommon trap: trap_request=0xffffffc6 fr.pc=0x00000193679e76cc relative=0x0000000000000eac
Event: 5.194 Thread 0x00000193786aa720 Uncommon trap: reason=bimorphic_or_optimized_type_check action=maybe_recompile pc=0x00000193679e76cc method=java.util.Properties$LineReader.readLine()I @ 479 c2
Event: 5.194 Thread 0x00000193786aa720 DEOPT PACKING pc=0x00000193679e76cc sp=0x0000006a349f8fd0
Event: 5.194 Thread 0x00000193786aa720 DEOPT UNPACKING pc=0x00000193672366a3 sp=0x0000006a349f8f70 mode 2

Classes unloaded (0 events):
No events

Classes redefined (0 events):
No events

Internal exceptions (20 events):
Event: 1.700 Thread 0x000001935d129800 Exception <a 'java/lang/UnsatisfiedLinkError'{0x00000000ec05be28}: 'void org.eclipse.equinox.launcher.JNIBridge._update_splash()'> (0x00000000ec05be28) 
thrown [s\src\hotspot\share\prims\nativeLookup.cpp, line 543]
Event: 1.806 Thread 0x00000193786aa720 Exception <a 'java/lang/NoSuchMethodError'{0x00000000ec38e7f0}: 'java.lang.Object java.lang.invoke.DirectMethodHandle$Holder.invokeStaticInit(java.lang.Object)'> (0x00000000ec38e7f0) 
thrown [s\src\hotspot\share\interpreter\linkResolver.cpp, line 759]
Event: 1.847 Thread 0x00000193786aa720 Exception <a 'java/lang/NoSuchMethodError'{0x00000000eabcbf68}: 'java.lang.Object java.lang.invoke.DirectMethodHandle$Holder.newInvokeSpecial(java.lang.Object, java.lang.Object, int, java.lang.Object)'> (0x00000000eabcbf68) 
thrown [s\src\hotspot\share\interpreter\linkResolver.cpp, line 759]
Event: 1.848 Thread 0x00000193786aa720 Exception <a 'java/lang/NoSuchMethodError'{0x00000000eabd0250}: 'java.lang.Object java.lang.invoke.DirectMethodHandle$Holder.invokeSpecial(java.lang.Object, java.lang.Object, java.lang.Object, int, java.lang.Object)'> (0x00000000eabd0250) 
thrown [s\src\hotspot\share\interpreter\linkResolver.cpp, line 759]
Event: 1.918 Thread 0x00000193786aa720 Exception <a 'java/lang/ClassNotFoundException'{0x00000000eae5e3b0}: sun/util/logging/resources/spi/loggingProvider> (0x00000000eae5e3b0) 
thrown [s\src\hotspot\share\classfile\systemDictionary.cpp, line 256]
Event: 4.826 Thread 0x00000193786aa720 Exception <a 'java/io/FileNotFoundException'{0x00000000ebb66570}> (0x00000000ebb66570) 
thrown [s\src\hotspot\share\prims\jni.cpp, line 516]
Event: 4.852 Thread 0x00000193786aa720 Exception <a 'java/lang/NullPointerException'{0x00000000ebbe0008}> (0x00000000ebbe0008) 
thrown [s\src\hotspot\share\interpreter\linkResolver.cpp, line 1350]
Event: 4.852 Thread 0x00000193786aa720 Exception <a 'java/lang/NullPointerException'{0x00000000ebbe0830}> (0x00000000ebbe0830) 
thrown [s\src\hotspot\share\interpreter\linkResolver.cpp, line 1350]
Event: 4.992 Thread 0x00000193786aa720 Exception <a 'java/lang/NoSuchMethodError'{0x00000000ebec5518}: 'java.lang.Object java.lang.invoke.Invokers$Holder.invokeExact_MT(java.lang.Object, java.lang.Object, java.lang.Object, java.lang.Object, java.lang.Object, java.lang.Object)'> (0x00000000ebec5518) 
thrown [s\src\hotspot\share\interpreter\linkResolver.cpp, line 759]
Event: 5.035 Thread 0x00000193786aa720 Exception <a 'java/lang/NoSuchMethodError'{0x00000000ebfee5a0}: 'java.lang.Object java.lang.invoke.Invokers$Holder.linkToTargetMethod(java.lang.Object, long, java.lang.Object)'> (0x00000000ebfee5a0) 
thrown [s\src\hotspot\share\interpreter\linkResolver.cpp, line 759]
Event: 5.095 Thread 0x00000193786aa720 Exception <a 'java/lang/NoSuchMethodError'{0x00000000ec2d36d0}: 'void java.lang.invoke.DirectMethodHandle$Holder.invokeInterface(java.lang.Object, java.lang.Object, java.lang.Object)'> (0x00000000ec2d36d0) 
thrown [s\src\hotspot\share\interpreter\linkResolver.cpp, line 759]
Event: 5.226 Thread 0x00000193786aa720 Exception <a 'java/lang/NoSuchMethodError'{0x00000000eae788c8}: 'java.lang.Object java.lang.invoke.DirectMethodHandle$Holder.invokeStatic(java.lang.Object, java.lang.Object, int)'> (0x00000000eae788c8) 
thrown [s\src\hotspot\share\interpreter\linkResolver.cpp, line 759]
Event: 5.227 Thread 0x00000193786aa720 Exception <a 'java/lang/NoSuchMethodError'{0x00000000eae7d478}: 'void java.lang.invoke.DirectMethodHandle$Holder.invokeStatic(java.lang.Object, java.lang.Object, int, java.lang.Object)'> (0x00000000eae7d478) 
thrown [s\src\hotspot\share\interpreter\linkResolver.cpp, line 759]
Event: 5.227 Thread 0x00000193786aa720 Exception <a 'java/lang/NoSuchMethodError'{0x00000000eae84748}: 'void java.lang.invoke.DelegatingMethodHandle$Holder.delegate(java.lang.Object, java.lang.Object, int, java.lang.Object)'> (0x00000000eae84748) 
thrown [s\src\hotspot\share\interpreter\linkResolver.cpp, line 759]
Event: 5.228 Thread 0x00000193786aa720 Exception <a 'java/lang/NoSuchMethodError'{0x00000000eae88b30}: 'int java.lang.invoke.DirectMethodHandle$Holder.invokeSpecial(java.lang.Object, java.lang.Object, java.lang.Object)'> (0x00000000eae88b30) 
thrown [s\src\hotspot\share\interpreter\linkResolver.cpp, line 759]
Event: 5.229 Thread 0x00000193786aa720 Exception <a 'java/lang/NoSuchMethodError'{0x00000000eae99038}: 'int java.lang.invoke.DirectMethodHandle$Holder.invokeStatic(java.lang.Object, java.lang.Object, int)'> (0x00000000eae99038) 
thrown [s\src\hotspot\share\interpreter\linkResolver.cpp, line 759]
Event: 5.230 Thread 0x00000193786aa720 Exception <a 'java/lang/NoSuchMethodError'{0x00000000eae9d0e8}: 'int java.lang.invoke.DirectMethodHandle$Holder.invokeSpecial(java.lang.Object, java.lang.Object, java.lang.Object, int)'> (0x00000000eae9d0e8) 
thrown [s\src\hotspot\share\interpreter\linkResolver.cpp, line 759]
Event: 5.232 Thread 0x00000193786aa720 Exception <a 'java/lang/NoSuchMethodError'{0x00000000eaeb7d68}: 'java.lang.Object java.lang.invoke.DirectMethodHandle$Holder.invokeStatic(java.lang.Object, java.lang.Object, java.lang.Object, java.lang.Object, int)'> (0x00000000eaeb7d68) 
thrown [s\src\hotspot\share\interpreter\linkResolver.cpp, line 759]
Event: 5.233 Thread 0x00000193786aa720 Exception <a 'java/lang/NoSuchMethodError'{0x00000000eaec3cf8}: 'java.lang.Object java.lang.invoke.DelegatingMethodHandle$Holder.reinvoke_L(java.lang.Object, java.lang.Object, java.lang.Object, java.lang.Object, int, int)'> (0x00000000eaec3cf8) 
thrown [s\src\hotspot\share\interpreter\linkResolver.cpp, line 759]
Event: 5.234 Thread 0x00000193786aa720 Exception <a 'java/lang/NoSuchMethodError'{0x00000000eaed82c8}: 'java.lang.Object java.lang.invoke.Invokers$Holder.invokeExact_MT(java.lang.Object, java.lang.Object, java.lang.Object, java.lang.Object)'> (0x00000000eaed82c8) 
thrown [s\src\hotspot\share\interpreter\linkResolver.cpp, line 759]

VM Operations (20 events):
Event: 1.887 Executing VM operation: HandshakeAllThreads done
Event: 1.938 Executing VM operation: HandshakeAllThreads
Event: 1.938 Executing VM operation: HandshakeAllThreads done
Event: 1.963 Executing VM operation: HandshakeAllThreads
Event: 1.963 Executing VM operation: HandshakeAllThreads done
Event: 2.914 Executing VM operation: HandshakeAllThreads
Event: 2.914 Executing VM operation: HandshakeAllThreads done
Event: 2.914 Executing VM operation: Cleanup
Event: 2.914 Executing VM operation: Cleanup done
Event: 2.972 Executing VM operation: ParallelGCFailedAllocation
Event: 2.984 Executing VM operation: ParallelGCFailedAllocation done
Event: 3.997 Executing VM operation: Cleanup
Event: 3.998 Executing VM operation: Cleanup done
Event: 5.007 Executing VM operation: Cleanup
Event: 5.008 Executing VM operation: Cleanup done
Event: 5.135 Executing VM operation: ParallelGCFailedAllocation
Event: 5.141 Executing VM operation: ParallelGCFailedAllocation done
Event: 5.226 Executing VM operation: HandshakeAllThreads
Event: 5.226 Executing VM operation: HandshakeAllThreads done
Event: 5.237 Executing VM operation: CollectForMetadataAllocation

Events (20 events):
Event: 5.224 loading class java/lang/invoke/MethodHandleImpl$LoopClauses
Event: 5.224 loading class java/lang/invoke/MethodHandleImpl$LoopClauses done
Event: 5.224 loading class java/lang/invoke/MethodHandleImpl$ArrayAccess
Event: 5.224 loading class java/lang/invoke/MethodHandleImpl$ArrayAccess done
Event: 5.224 loading class java/lang/invoke/MethodHandleImpl$2
Event: 5.224 loading class java/lang/invoke/MethodHandleImpl$2 done
Event: 5.224 loading class java/lang/invoke/MethodHandleImpl$ArrayAccessor
Event: 5.225 loading class java/lang/invoke/MethodHandleImpl$ArrayAccessor done
Event: 5.225 loading class java/lang/invoke/MethodHandleImpl$ArrayAccessor$1
Event: 5.225 loading class java/lang/invoke/MethodHandleImpl$ArrayAccessor$1 done
Event: 5.225 loading class java/lang/ClassValue$ClassValueMap
Event: 5.225 loading class java/lang/ClassValue$ClassValueMap done
Event: 5.229 loading class sun/invoke/util/ValueConversions$WrapperCache
Event: 5.229 loading class sun/invoke/util/ValueConversions$WrapperCache done
Event: 5.229 loading class sun/invoke/util/ValueConversions$1
Event: 5.229 loading class sun/invoke/util/ValueConversions$1 done
Event: 5.230 loading class java/lang/invoke/BoundMethodHandle$Species_LI
Event: 5.230 loading class java/lang/invoke/BoundMethodHandle$Species_LI done
Event: 5.230 loading class java/lang/invoke/ClassSpecializer$Factory$1Var
Event: 5.231 loading class java/lang/invoke/ClassSpecializer$Factory$1Var done


Dynamic libraries:
0x00007ff6afb80000 - 0x00007ff6afb8e000 	c:\Users\Admin\.vscode\extensions\redhat.java-1.23.0-win32-x64\jre\17.0.8.1-win32-x86_64\bin\java.exe
0x00007ff9f1350000 - 0x00007ff9f1564000 	C:\WINDOWS\SYSTEM32\ntdll.dll
0x00007ff9ef7e0000 - 0x00007ff9ef8a4000 	C:\WINDOWS\System32\KERNEL32.DLL
0x00007ff9eed30000 - 0x00007ff9ef0d4000 	C:\WINDOWS\System32\KERNELBASE.dll
0x00007ff9ebab0000 - 0x00007ff9ebb47000 	C:\WINDOWS\SYSTEM32\apphelp.dll
0x00007ff9ee990000 - 0x00007ff9eeaa1000 	C:\WINDOWS\System32\ucrtbase.dll
0x00007ff9e8e50000 - 0x00007ff9e8e67000 	c:\Users\Admin\.vscode\extensions\redhat.java-1.23.0-win32-x64\jre\17.0.8.1-win32-x86_64\bin\jli.dll
0x00007ff9d57a0000 - 0x00007ff9d57b9000 	c:\Users\Admin\.vscode\extensions\redhat.java-1.23.0-win32-x64\jre\17.0.8.1-win32-x86_64\bin\VCRUNTIME140.dll
0x00007ff9ef380000 - 0x00007ff9ef52e000 	C:\WINDOWS\System32\USER32.dll
0x00007ff9dcdb0000 - 0x00007ff9dd043000 	C:\WINDOWS\WinSxS\amd64_microsoft.windows.common-controls_6595b64144ccf1df_6.0.22621.2215_none_270d72677387dfc3\COMCTL32.dll
0x00007ff9ee8f0000 - 0x00007ff9ee916000 	C:\WINDOWS\System32\win32u.dll
0x00007ff9f1280000 - 0x00007ff9f12a9000 	C:\WINDOWS\System32\GDI32.dll
0x00007ff9f01d0000 - 0x00007ff9f0277000 	C:\WINDOWS\System32\msvcrt.dll
0x00007ff9eec10000 - 0x00007ff9eed28000 	C:\WINDOWS\System32\gdi32full.dll
0x00007ff9eeb70000 - 0x00007ff9eec0a000 	C:\WINDOWS\System32\msvcp_win.dll
0x00007ff9ef0e0000 - 0x00007ff9ef111000 	C:\WINDOWS\System32\IMM32.DLL
0x00007ff9e8e40000 - 0x00007ff9e8e4c000 	c:\Users\Admin\.vscode\extensions\redhat.java-1.23.0-win32-x64\jre\17.0.8.1-win32-x86_64\bin\vcruntime140_1.dll
0x00007ff9ada80000 - 0x00007ff9adb11000 	c:\Users\Admin\.vscode\extensions\redhat.java-1.23.0-win32-x64\jre\17.0.8.1-win32-x86_64\bin\msvcp140.dll
0x00007ff9aade0000 - 0x00007ff9aba2c000 	c:\Users\Admin\.vscode\extensions\redhat.java-1.23.0-win32-x64\jre\17.0.8.1-win32-x86_64\bin\server\jvm.dll
0x00007ff9ef230000 - 0x00007ff9ef2e0000 	C:\WINDOWS\System32\ADVAPI32.dll
0x00007ff9f1020000 - 0x00007ff9f10c6000 	C:\WINDOWS\System32\sechost.dll
0x00007ff9ef6a0000 - 0x00007ff9ef7b7000 	C:\WINDOWS\System32\RPCRT4.dll
0x00007ff9ee5d0000 - 0x00007ff9ee61d000 	C:\WINDOWS\SYSTEM32\POWRPROF.dll
0x00007ff9e74b0000 - 0x00007ff9e74b9000 	C:\WINDOWS\SYSTEM32\WSOCK32.dll
0x00007ff9e5bb0000 - 0x00007ff9e5be4000 	C:\WINDOWS\SYSTEM32\WINMM.dll
0x00007ff9ef300000 - 0x00007ff9ef371000 	C:\WINDOWS\System32\WS2_32.dll
0x00007ff9e4a30000 - 0x00007ff9e4a3a000 	C:\WINDOWS\SYSTEM32\VERSION.dll
0x00007ff9ee5b0000 - 0x00007ff9ee5c3000 	C:\WINDOWS\SYSTEM32\UMPDC.dll
0x00007ff9ed750000 - 0x00007ff9ed768000 	C:\WINDOWS\SYSTEM32\kernel.appcore.dll
0x00007ff9e3860000 - 0x00007ff9e386a000 	c:\Users\Admin\.vscode\extensions\redhat.java-1.23.0-win32-x64\jre\17.0.8.1-win32-x86_64\bin\jimage.dll
0x00007ff9e43b0000 - 0x00007ff9e45de000 	C:\WINDOWS\SYSTEM32\DBGHELP.DLL
0x00007ff9ef8b0000 - 0x00007ff9efc3a000 	C:\WINDOWS\System32\combase.dll
0x00007ff9f11a0000 - 0x00007ff9f1277000 	C:\WINDOWS\System32\OLEAUT32.dll
0x00007ff9e4370000 - 0x00007ff9e43a2000 	C:\WINDOWS\SYSTEM32\dbgcore.DLL
0x00007ff9ee700000 - 0x00007ff9ee77a000 	C:\WINDOWS\System32\bcryptPrimitives.dll
0x00007ff9d8a10000 - 0x00007ff9d8a1e000 	c:\Users\Admin\.vscode\extensions\redhat.java-1.23.0-win32-x64\jre\17.0.8.1-win32-x86_64\bin\instrument.dll
0x00007ff9d4ca0000 - 0x00007ff9d4cc5000 	c:\Users\Admin\.vscode\extensions\redhat.java-1.23.0-win32-x64\jre\17.0.8.1-win32-x86_64\bin\java.dll
0x00007ff9cc320000 - 0x00007ff9cc338000 	c:\Users\Admin\.vscode\extensions\redhat.java-1.23.0-win32-x64\jre\17.0.8.1-win32-x86_64\bin\zip.dll
0x00007ff9f07f0000 - 0x00007ff9f1013000 	C:\WINDOWS\System32\SHELL32.dll
0x00007ff9ec690000 - 0x00007ff9ecf7a000 	C:\WINDOWS\SYSTEM32\windows.storage.dll
0x00007ff9ec550000 - 0x00007ff9ec68e000 	C:\WINDOWS\SYSTEM32\wintypes.dll
0x00007ff9ef130000 - 0x00007ff9ef223000 	C:\WINDOWS\System32\SHCORE.dll
0x00007ff9f12b0000 - 0x00007ff9f130e000 	C:\WINDOWS\System32\shlwapi.dll
0x00007ff9ee630000 - 0x00007ff9ee656000 	C:\WINDOWS\SYSTEM32\profapi.dll
0x00007ff9d4c00000 - 0x00007ff9d4c19000 	C:\Users\Admin\.vscode\extensions\redhat.java-1.23.0-win32-x64\jre\17.0.8.1-win32-x86_64\bin\net.dll
0x00007ff9e8830000 - 0x00007ff9e8967000 	C:\WINDOWS\SYSTEM32\WINHTTP.dll
0x00007ff9edbd0000 - 0x00007ff9edc39000 	C:\WINDOWS\system32\mswsock.dll
0x00007ff9d4be0000 - 0x00007ff9d4bf5000 	C:\Users\Admin\.vscode\extensions\redhat.java-1.23.0-win32-x64\jre\17.0.8.1-win32-x86_64\bin\nio.dll
0x00007ff9d88f0000 - 0x00007ff9d8900000 	c:\Users\Admin\.vscode\extensions\redhat.java-1.23.0-win32-x64\jre\17.0.8.1-win32-x86_64\bin\verify.dll
0x00007ff9c1fb0000 - 0x00007ff9c1fee000 	C:\Users\Admin\AppData\Roaming\Code\User\globalStorage\redhat.java\1.23.0\config_win\org.eclipse.equinox.launcher\org.eclipse.equinox.launcher.win32.win32.x86_64_1.2.700.v20221108-1024\eclipse_11801.dll
0x00007ff9f0020000 - 0x00007ff9f01be000 	C:\WINDOWS\System32\ole32.dll

dbghelp: loaded successfully - version: 4.0.5 - missing functions: none
symbol engine: initialized successfully - sym options: 0x614 - pdb path: .;c:\Users\Admin\.vscode\extensions\redhat.java-1.23.0-win32-x64\jre\17.0.8.1-win32-x86_64\bin;C:\WINDOWS\SYSTEM32;C:\WINDOWS\WinSxS\amd64_microsoft.windows.common-controls_6595b64144ccf1df_6.0.22621.2215_none_270d72677387dfc3;c:\Users\Admin\.vscode\extensions\redhat.java-1.23.0-win32-x64\jre\17.0.8.1-win32-x86_64\bin\server;C:\Users\Admin\AppData\Roaming\Code\User\globalStorage\redhat.java\1.23.0\config_win\org.eclipse.equinox.launcher\org.eclipse.equinox.launcher.win32.win32.x86_64_1.2.700.v20221108-1024

VM Arguments:
jvm_args: --add-modules=ALL-SYSTEM --add-opens=java.base/java.util=ALL-UNNAMED --add-opens=java.base/java.lang=ALL-UNNAMED --add-opens=java.base/sun.nio.fs=ALL-UNNAMED -Declipse.application=org.eclipse.jdt.ls.core.id1 -Dosgi.bundles.defaultStartLevel=4 -Declipse.product=org.eclipse.jdt.ls.core.product -Djava.import.generatesMetadataFilesAtProjectRoot=false -DDetectVMInstallationsJob.disabled=true -Dfile.encoding=utf8 -XX:+UseParallelGC -XX:GCTimeRatio=4 -XX:AdaptiveSizePolicyWeight=90 -Dsun.zip.disableMemoryMapping=true -Xmx1G -Xms100m -Xlog:disable -javaagent:c:\Users\Admin\.vscode\extensions\redhat.java-1.23.0-win32-x64\lombok\lombok-1.18.30.jar -XX:+HeapDumpOnOutOfMemoryError -XX:HeapDumpPath=c:\Users\Admin\AppData\Roaming\Code\User\workspaceStorage\08d266126c36d593499f2867316cb880\redhat.java -Daether.dependencyCollector.impl=bf 
java_command: c:\Users\Admin\.vscode\extensions\redhat.java-1.23.0-win32-x64\server\plugins\org.eclipse.equinox.launcher_1.6.500.v20230717-2134.jar -configuration c:\Users\Admin\AppData\Roaming\Code\User\globalStorage\redhat.java\1.23.0\config_win -data c:\Users\Admin\AppData\Roaming\Code\User\workspaceStorage\08d266126c36d593499f2867316cb880\redhat.java\jdt_ws
java_class_path (initial): c:\Users\Admin\.vscode\extensions\redhat.java-1.23.0-win32-x64\server\plugins\org.eclipse.equinox.launcher_1.6.500.v20230717-2134.jar
Launcher Type: SUN_STANDARD

[Global flags]
    uintx AdaptiveSizePolicyWeight                 = 90                                        {product} {command line}
     intx CICompilerCount                          = 12                                        {product} {ergonomic}
    uintx GCTimeRatio                              = 4                                         {product} {command line}
     bool HeapDumpOnOutOfMemoryError               = true                                   {manageable} {command line}
    ccstr HeapDumpPath                             = c:\Users\Admin\AppData\Roaming\Code\User\workspaceStorage\08d266126c36d593499f2867316cb880\redhat.java         {manageable} {command line}
   size_t InitialHeapSize                          = 104857600                                 {product} {command line}
   size_t MaxHeapSize                              = 1073741824                                {product} {command line}
   size_t MaxNewSize                               = 357564416                                 {product} {ergonomic}
   size_t MinHeapDeltaBytes                        = 524288                                    {product} {ergonomic}
   size_t MinHeapSize                              = 104857600                                 {product} {command line}
   size_t NewSize                                  = 34603008                                  {product} {ergonomic}
    uintx NonNMethodCodeHeapSize                   = 7602480                                {pd product} {ergonomic}
    uintx NonProfiledCodeHeapSize                  = 122027880                              {pd product} {ergonomic}
   size_t OldSize                                  = 70254592                                  {product} {ergonomic}
    uintx ProfiledCodeHeapSize                     = 122027880                              {pd product} {ergonomic}
    uintx ReservedCodeCacheSize                    = 251658240                              {pd product} {ergonomic}
     bool SegmentedCodeCache                       = true                                      {product} {ergonomic}
   size_t SoftMaxHeapSize                          = 1073741824                             {manageable} {ergonomic}
     bool UseCompressedClassPointers               = true                           {product lp64_product} {ergonomic}
     bool UseCompressedOops                        = true                           {product lp64_product} {ergonomic}
     bool UseLargePagesIndividualAllocation        = false                                  {pd product} {ergonomic}
     bool UseParallelGC                            = true                                      {product} {command line}

Logging:
Log output configuration:
 #0: stdout all=off uptime,level,tags
 #1: stderr all=off uptime,level,tags

Environment Variables:
JAVA_HOME=C:\Program Files\Microsoft\jdk-11.0.20.8-hotspot\
PATH=C:\Program Files\Microsoft\jdk-11.0.20.8-hotspot\bin;C:\Windows\system32;C:\Windows;C:\Windows\System32\Wbem;C:\Windows\System32\WindowsPowerShell\v1.0\;C:\Windows\System32\OpenSSH\;C:\Program Files (x86)\NVIDIA Corporation\PhysX\Common;C:\Program Files\NVIDIA Corporation\NVIDIA NvDLISR;C:\Program Files\dotnet\;C:\WINDOWS\system32;C:\WINDOWS;C:\WINDOWS\System32\Wbem;C:\WINDOWS\System32\WindowsPowerShell\v1.0\;C:\WINDOWS\System32\OpenSSH\;C:\Program Files\Git\cmd;C:\ProgramData\chocolatey\bin;C:\Program Files\nodejs\;C:\Users\Admin\AppData\Local\Programs\Python\Python310\Scripts\;C:\Users\Admin\AppData\Local\Programs\Python\Python310\;C:\Users\Admin\AppData\Local\Microsoft\WindowsApps;C:\Users\Admin\AppData\Local\Programs\Microsoft VS Code\bin;C:\Users\Admin\.dotnet\tools;C:\flutter\bin;C:\Users\Admin\AppData\Local\GitHubDesktop\bin;C:\Program Files\Android\Android Studio\jbr\bin;C:\Users\Admin\AppData\Roaming\npm;C:\Users\Admin\AppData\Local\Android\Sdk;C:\Users\Admin\AppData\Local\Android\Sdk\platform-tools;
USERNAME=Admin
OS=Windows_NT
PROCESSOR_IDENTIFIER=AMD64 Family 25 Model 68 Stepping 1, AuthenticAMD
TMP=C:\Users\Admin\AppData\Local\Temp
TEMP=C:\Users\Admin\AppData\Local\Temp



---------------  S Y S T E M  ---------------

OS:
 Windows 11 , 64 bit Build 22621 (10.0.22621.2215)
OS uptime: 0 days 0:59 hours

CPU: total 16 (initial active 16) (16 cores per cpu, 2 threads per core) family 25 model 68 stepping 1 microcode 0x0, cx8, cmov, fxsr, ht, mmx, 3dnowpref, sse, sse2, sse3, ssse3, sse4a, sse4.1, sse4.2, popcnt, lzcnt, tsc, tscinvbit, avx, avx2, aes, clmul, bmi1, bmi2, adx, sha, fma, vzeroupper, clflush, clflushopt
Processor Information for all 16 processors :
  Max Mhz: 3201, Current Mhz: 3201, Mhz Limit: 3201

Memory: 4k page, system-wide physical 7421M (44M free)
TotalPageFile size 19709M (AvailPageFile size 5M)
current process WorkingSet (physical memory assigned to process): 97M, peak: 97M
current process commit charge ("private bytes"): 237M, peak: 238M

vm_info: OpenJDK 64-Bit Server VM (17.0.8.1+1) for windows-amd64 JRE (17.0.8.1+1), built on Aug 23 2023 15:29:17 by "admin" with MS VC++ 16.7 (VS2019)

END.
