#
# There is insufficient memory for the Java Runtime Environment to continue.
# Native memory allocation (malloc) failed to allocate 851328 bytes for Chunk::new
# Possible reasons:
#   The system is out of physical RAM or swap space
#   The process is running with CompressedOops enabled, and the Java Heap may be blocking the growth of the native heap
# Possible solutions:
#   Reduce memory load on the system
#   Increase physical memory or swap space
#   Check if swap backing store is full
#   Decrease Java heap size (-Xmx/-Xms)
#   Decrease number of Java threads
#   Decrease Java thread stack sizes (-Xss)
#   Set larger code cache with -XX:ReservedCodeCacheSize=
#   JVM is running with Unscaled Compressed Oops mode in which the Java heap is
#     placed in the first 4GB address space. The Java Heap base address is the
#     maximum limit for the native heap growth. Please use -XX:HeapBaseMinAddress
#     to set the Java Heap base and to place the Java Heap above 4GB virtual address.
# This output file may be truncated or incomplete.
#
#  Out of Memory Error (arena.cpp:189), pid=10584, tid=3100
#
# JRE version: OpenJDK Runtime Environment Temurin-17.0.8.1+1 (17.0.8.1+1) (build 17.0.8.1+1)
# Java VM: OpenJDK 64-Bit Server VM Temurin-17.0.8.1+1 (17.0.8.1+1, mixed mode, tiered, compressed oops, compressed class ptrs, parallel gc, windows-amd64)
# No core dump will be written. Minidumps are not enabled by default on client versions of Windows
#

---------------  S U M M A R Y ------------

Command Line: --add-modules=ALL-SYSTEM --add-opens=java.base/java.util=ALL-UNNAMED --add-opens=java.base/java.lang=ALL-UNNAMED --add-opens=java.base/sun.nio.fs=ALL-UNNAMED -Declipse.application=org.eclipse.jdt.ls.core.id1 -Dosgi.bundles.defaultStartLevel=4 -Declipse.product=org.eclipse.jdt.ls.core.product -Djava.import.generatesMetadataFilesAtProjectRoot=false -DDetectVMInstallationsJob.disabled=true -Dfile.encoding=utf8 -XX:+UseParallelGC -XX:GCTimeRatio=4 -XX:AdaptiveSizePolicyWeight=90 -Dsun.zip.disableMemoryMapping=true -Xmx1G -Xms100m -Xlog:disable -javaagent:c:\Users\Admin\.vscode\extensions\redhat.java-1.23.0-win32-x64\lombok\lombok-1.18.30.jar -XX:+HeapDumpOnOutOfMemoryError -XX:HeapDumpPath=c:\Users\Admin\AppData\Roaming\Code\User\workspaceStorage\08d266126c36d593499f2867316cb880\redhat.java -Daether.dependencyCollector.impl=bf c:\Users\Admin\.vscode\extensions\redhat.java-1.23.0-win32-x64\server\plugins\org.eclipse.equinox.launcher_1.6.500.v20230717-2134.jar -configuration c:\Users\Admin\AppData\Roaming\Code\User\globalStorage\redhat.java\1.23.0\config_win -data c:\Users\Admin\AppData\Roaming\Code\User\workspaceStorage\08d266126c36d593499f2867316cb880\redhat.java\jdt_ws

Host: AMD Ryzen 7 6800H with Radeon Graphics         , 16 cores, 7G,  Windows 11 , 64 bit Build 22621 (10.0.22621.2215)
Time: Wed Oct  4 20:30:08 2023 SE Asia Standard Time elapsed time: 83.826342 seconds (0d 0h 1m 23s)

---------------  T H R E A D  ---------------

Current thread (0x000001d87ecd5770):  JavaThread "C2 CompilerThread0" daemon [_thread_in_native, id=3100, stack(0x000000c30ea00000,0x000000c30eb00000)]


Current CompileTask:
C2:  83826 9918       4       jdk.internal.jimage.ImageLocation::verify (218 bytes)

Stack: [0x000000c30ea00000,0x000000c30eb00000]
Native frames: (J=compiled Java code, j=interpreted, Vv=VM code, C=native code)
V  [jvm.dll+0x678b0a]
V  [jvm.dll+0x835e84]
V  [jvm.dll+0x83762e]
V  [jvm.dll+0x837c93]
V  [jvm.dll+0x24746f]
V  [jvm.dll+0xac20c]
V  [jvm.dll+0xac7dc]
V  [jvm.dll+0x365ca7]
V  [jvm.dll+0x3301a1]
V  [jvm.dll+0x32f64a]
V  [jvm.dll+0x219bf1]
V  [jvm.dll+0x219011]
V  [jvm.dll+0x1a534d]
V  [jvm.dll+0x228d8a]
V  [jvm.dll+0x226dcc]
V  [jvm.dll+0x7ec09b]
V  [jvm.dll+0x7e64ca]
V  [jvm.dll+0x677955]
C  [ucrtbase.dll+0x29363]
C  [KERNEL32.DLL+0x1257d]
C  [ntdll.dll+0x5aa68]


---------------  P R O C E S S  ---------------

Threads class SMR info:
_java_thread_list=0x000001d80920ec10, length=33, elements={
0x000001d869b28cb0, 0x000001d869bdead0, 0x000001d87d99d170, 0x000001d87ecabfa0,
0x000001d87ecac970, 0x000001d87ecce8c0, 0x000001d87ecd0940, 0x000001d87ecd5770,
0x000001d87ed04cc0, 0x000001d87ed07180, 0x000001d87ed74c60, 0x000001d804cb9bd0,
0x000001d80567c040, 0x000001d805706ff0, 0x000001d8057074d0, 0x000001d805de1dc0,
0x000001d805a8a110, 0x000001d805a87890, 0x000001d805a896f0, 0x000001d805a87da0,
0x000001d805a882b0, 0x000001d805a887c0, 0x000001d805a88cd0, 0x000001d805a89c00,
0x000001d807e92600, 0x000001d807e8fd80, 0x000001d807e90290, 0x000001d807e8cae0,
0x000001d807e8da10, 0x000001d807e8ee50, 0x000001d807e92b10, 0x000001d807e8d500,
0x000001d807e93020
}

Java Threads: ( => current thread )
  0x000001d869b28cb0 JavaThread "main" [_thread_blocked, id=22808, stack(0x000000c30e100000,0x000000c30e200000)]
  0x000001d869bdead0 JavaThread "Reference Handler" daemon [_thread_blocked, id=23420, stack(0x000000c30e400000,0x000000c30e500000)]
  0x000001d87d99d170 JavaThread "Finalizer" daemon [_thread_blocked, id=14504, stack(0x000000c30e500000,0x000000c30e600000)]
  0x000001d87ecabfa0 JavaThread "Signal Dispatcher" daemon [_thread_blocked, id=16300, stack(0x000000c30e600000,0x000000c30e700000)]
  0x000001d87ecac970 JavaThread "Attach Listener" daemon [_thread_blocked, id=2708, stack(0x000000c30e700000,0x000000c30e800000)]
  0x000001d87ecce8c0 JavaThread "Service Thread" daemon [_thread_blocked, id=21640, stack(0x000000c30e800000,0x000000c30e900000)]
  0x000001d87ecd0940 JavaThread "Monitor Deflation Thread" daemon [_thread_blocked, id=2876, stack(0x000000c30e900000,0x000000c30ea00000)]
=>0x000001d87ecd5770 JavaThread "C2 CompilerThread0" daemon [_thread_in_native, id=3100, stack(0x000000c30ea00000,0x000000c30eb00000)]
  0x000001d87ed04cc0 JavaThread "C1 CompilerThread0" daemon [_thread_in_native, id=22572, stack(0x000000c30eb00000,0x000000c30ec00000)]
  0x000001d87ed07180 JavaThread "Sweeper thread" daemon [_thread_blocked, id=22552, stack(0x000000c30ec00000,0x000000c30ed00000)]
  0x000001d87ed74c60 JavaThread "Common-Cleaner" daemon [_thread_blocked, id=10088, stack(0x000000c30ed00000,0x000000c30ee00000)]
  0x000001d804cb9bd0 JavaThread "Notification Thread" daemon [_thread_blocked, id=23356, stack(0x000000c30f300000,0x000000c30f400000)]
  0x000001d80567c040 JavaThread "Active Thread: Equinox Container: fbf9b77d-3f28-44f7-bb1e-94f29ff58833" [_thread_blocked, id=5964, stack(0x000000c30f500000,0x000000c30f600000)]
  0x000001d805706ff0 JavaThread "Framework Event Dispatcher: Equinox Container: fbf9b77d-3f28-44f7-bb1e-94f29ff58833" daemon [_thread_blocked, id=18960, stack(0x000000c30fb00000,0x000000c30fc00000)]
  0x000001d8057074d0 JavaThread "Start Level: Equinox Container: fbf9b77d-3f28-44f7-bb1e-94f29ff58833" daemon [_thread_blocked, id=6848, stack(0x000000c30fc00000,0x000000c30fd00000)]
  0x000001d805de1dc0 JavaThread "Bundle File Closer" daemon [_thread_blocked, id=19916, stack(0x000000c30ff00000,0x000000c310000000)]
  0x000001d805a8a110 JavaThread "SCR Component Actor" daemon [_thread_blocked, id=5024, stack(0x000000c310000000,0x000000c310100000)]
  0x000001d805a87890 JavaThread "Worker-JM" [_thread_blocked, id=22980, stack(0x000000c310500000,0x000000c310600000)]
  0x000001d805a896f0 JavaThread "Worker-0" [_thread_blocked, id=20704, stack(0x000000c310a00000,0x000000c310b00000)]
  0x000001d805a87da0 JavaThread "Worker-1" [_thread_blocked, id=16680, stack(0x000000c310b00000,0x000000c310c00000)]
  0x000001d805a882b0 JavaThread "Java indexing" daemon [_thread_blocked, id=23424, stack(0x000000c310800000,0x000000c310900000)]
  0x000001d805a887c0 JavaThread "JNA Cleaner" daemon [_thread_blocked, id=22100, stack(0x000000c310700000,0x000000c310800000)]
  0x000001d805a88cd0 JavaThread "pool-2-thread-1" [_thread_blocked, id=15300, stack(0x000000c310c00000,0x000000c310d00000)]
  0x000001d805a89c00 JavaThread "Worker-2" [_thread_blocked, id=21856, stack(0x000000c310e00000,0x000000c310f00000)]
  0x000001d807e92600 JavaThread "Worker-3" [_thread_blocked, id=10304, stack(0x000000c310f00000,0x000000c311000000)]
  0x000001d807e8fd80 JavaThread "WorkspaceEventsHandler" [_thread_in_vm, id=22888, stack(0x000000c311000000,0x000000c311100000)]
  0x000001d807e90290 JavaThread "pool-1-thread-1" [_thread_in_native, id=16476, stack(0x000000c311100000,0x000000c311200000)]
  0x000001d807e8cae0 JavaThread "Timer-0" [_thread_blocked, id=9864, stack(0x000000c30ee00000,0x000000c30ef00000)]
  0x000001d807e8da10 JavaThread "Timer-1" [_thread_blocked, id=15204, stack(0x000000c30f000000,0x000000c30f100000)]
  0x000001d807e8ee50 JavaThread "ForkJoinPool.commonPool-worker-1" daemon [_thread_blocked, id=18792, stack(0x000000c30f100000,0x000000c30f200000)]
  0x000001d807e92b10 JavaThread "ForkJoinPool.commonPool-worker-2" daemon [_thread_blocked, id=23988, stack(0x000000c311300000,0x000000c311400000)]
  0x000001d807e8d500 JavaThread "ForkJoinPool.commonPool-worker-3" daemon [_thread_blocked, id=23984, stack(0x000000c311400000,0x000000c311500000)]
  0x000001d807e93020 JavaThread "ForkJoinPool.commonPool-worker-4" daemon [_thread_blocked, id=23972, stack(0x000000c311500000,0x000000c311600000)]

Other Threads:
  0x000001d869bd9930 VMThread "VM Thread" [stack: 0x000000c30e300000,0x000000c30e400000] [id=1708]
  0x000001d804c8cc60 WatcherThread [stack: 0x000000c30f400000,0x000000c30f500000] [id=16364]
  0x000001d869b409d0 GCTaskThread "GC Thread#0" [stack: 0x000000c30e200000,0x000000c30e300000] [id=19828]
  0x000001d805490430 GCTaskThread "GC Thread#1" [stack: 0x000000c30f600000,0x000000c30f700000] [id=8332]
  0x000001d80507a8f0 GCTaskThread "GC Thread#2" [stack: 0x000000c30f700000,0x000000c30f800000] [id=23300]
  0x000001d80507abb0 GCTaskThread "GC Thread#3" [stack: 0x000000c30f800000,0x000000c30f900000] [id=2964]
  0x000001d80507ae70 GCTaskThread "GC Thread#4" [stack: 0x000000c30f900000,0x000000c30fa00000] [id=15640]
  0x000001d805410900 GCTaskThread "GC Thread#5" [stack: 0x000000c30fa00000,0x000000c30fb00000] [id=22364]
  0x000001d8054effb0 GCTaskThread "GC Thread#6" [stack: 0x000000c30fd00000,0x000000c30fe00000] [id=16664]
  0x000001d805619d00 GCTaskThread "GC Thread#7" [stack: 0x000000c30fe00000,0x000000c30ff00000] [id=3604]
  0x000001d806065100 GCTaskThread "GC Thread#8" [stack: 0x000000c310100000,0x000000c310200000] [id=22900]
  0x000001d805ee7bc0 GCTaskThread "GC Thread#9" [stack: 0x000000c310300000,0x000000c310400000] [id=23136]
  0x000001d805fedcd0 GCTaskThread "GC Thread#10" [stack: 0x000000c310400000,0x000000c310500000] [id=22268]
  0x000001d8061446b0 GCTaskThread "GC Thread#11" [stack: 0x000000c310600000,0x000000c310700000] [id=22424]
  0x000001d805efcf60 GCTaskThread "GC Thread#12" [stack: 0x000000c310900000,0x000000c310a00000] [id=21840]

Threads with active compile tasks:
C2 CompilerThread0    83887 9918       4       jdk.internal.jimage.ImageLocation::verify (218 bytes)
C1 CompilerThread0    83887 9932       3       lombok.patcher.MethodTarget::typeSpecMatch (260 bytes)

VM state: not at safepoint (normal execution)

VM Mutex/Monitor currently owned by a thread: None

Heap address: 0x00000000c0000000, size: 1024 MB, Compressed Oops mode: 32-bit

CDS archive(s) not mapped
Compressed class space mapped at: 0x0000000100000000-0x0000000140000000, reserved size: 1073741824
Narrow klass base: 0x0000000000000000, Narrow klass shift: 3, Narrow klass range: 0x140000000

GC Precious Log:
 CPUs: 16 total, 16 available
 Memory: 7421M
 Large Page Support: Disabled
 NUMA Support: Disabled
 Compressed Oops: Enabled (32-bit)
 Alignments: Space 512K, Generation 512K, Heap 2M
 Heap Min Capacity: 100M
 Heap Initial Capacity: 100M
 Heap Max Capacity: 1G
 Pre-touch: Disabled
 Parallel Workers: 13

Heap:
 PSYoungGen      total 9216K, used 6984K [0x00000000eab00000, 0x00000000eb700000, 0x0000000100000000)
  eden space 8704K, 76% used [0x00000000eab00000,0x00000000eb17a030,0x00000000eb380000)
  from space 512K, 68% used [0x00000000eb600000,0x00000000eb658000,0x00000000eb680000)
  to   space 512K, 0% used [0x00000000eb680000,0x00000000eb680000,0x00000000eb700000)
 ParOldGen       total 92672K, used 69577K [0x00000000c0000000, 0x00000000c5a80000, 0x00000000eab00000)
  object space 92672K, 75% used [0x00000000c0000000,0x00000000c43f2488,0x00000000c5a80000)
 Metaspace       used 73465K, committed 74560K, reserved 1179648K
  class space    used 8404K, committed 8896K, reserved 1048576K

Card table byte_map: [0x000001d8694c0000,0x000001d8696d0000] _byte_map_base: 0x000001d868ec0000

Marking Bits: (ParMarkBitMap*) 0x00007ffc453283a0
 Begin Bits: [0x000001d87b7a0000, 0x000001d87c7a0000)
 End Bits:   [0x000001d87c7a0000, 0x000001d87d7a0000)

Polling page: 0x000001d867a40000

Metaspace:

Usage:
  Non-class:     63.54 MB used.
      Class:      8.21 MB used.
       Both:     71.74 MB used.

Virtual space:
  Non-class space:      128.00 MB reserved,      64.12 MB ( 50%) committed,  2 nodes.
      Class space:        1.00 GB reserved,       8.69 MB ( <1%) committed,  1 nodes.
             Both:        1.12 GB reserved,      72.81 MB (  6%) committed. 

Chunk freelists:
   Non-Class:  15.77 MB
       Class:  7.36 MB
        Both:  23.12 MB

MaxMetaspaceSize: unlimited
CompressedClassSpaceSize: 1.00 GB
Initial GC threshold: 21.00 MB
Current GC threshold: 114.38 MB
CDS: off
MetaspaceReclaimPolicy: balanced
 - commit_granule_bytes: 65536.
 - commit_granule_words: 8192.
 - virtual_space_node_default_size: 8388608.
 - enlarge_chunks_in_place: 1.
 - new_chunks_are_fully_committed: 0.
 - uncommit_free_chunks: 1.
 - use_allocation_guard: 0.
 - handle_deallocations: 1.


Internal statistics:

num_allocs_failed_limit: 9.
num_arena_births: 644.
num_arena_deaths: 14.
num_vsnodes_births: 3.
num_vsnodes_deaths: 0.
num_space_committed: 1165.
num_space_uncommitted: 0.
num_chunks_returned_to_freelist: 23.
num_chunks_taken_from_freelist: 3325.
num_chunk_merges: 13.
num_chunk_splits: 2169.
num_chunks_enlarged: 1389.
num_inconsistent_stats: 0.

CodeHeap 'non-profiled nmethods': size=119168Kb used=6245Kb max_used=6245Kb free=112922Kb
 bounds [0x000001d874340000, 0x000001d874960000, 0x000001d87b7a0000]
CodeHeap 'profiled nmethods': size=119104Kb used=17701Kb max_used=17701Kb free=101402Kb
 bounds [0x000001d86c7a0000, 0x000001d86d8f0000, 0x000001d873bf0000]
CodeHeap 'non-nmethods': size=7488Kb used=1381Kb max_used=3062Kb free=6106Kb
 bounds [0x000001d873bf0000, 0x000001d873f00000, 0x000001d874340000]
 total_blobs=9107 nmethods=8389 adapters=631
 compilation: enabled
              stopped_count=0, restarted_count=0
 full_count=0

Compilation events (20 events):
Event: 83.423 Thread 0x000001d87ed04cc0 9910       3       sun.net.www.protocol.jar.URLJarFile::<init> (32 bytes)
Event: 83.424 Thread 0x000001d87ed04cc0 nmethod 9910 0x000001d86d8ddf10 code [0x000001d86d8de0e0, 0x000001d86d8de368]
Event: 83.424 Thread 0x000001d87ed04cc0 9911       3       sun.net.www.protocol.jar.URLJarFile::close (22 bytes)
Event: 83.424 Thread 0x000001d87ed04cc0 nmethod 9911 0x000001d86d8de510 code [0x000001d86d8de6c0, 0x000001d86d8de8b8]
Event: 83.424 Thread 0x000001d87ed04cc0 9912   !   3       sun.net.www.protocol.jar.JarFileFactory::close (46 bytes)
Event: 83.424 Thread 0x000001d87ed04cc0 nmethod 9912 0x000001d86d8dea10 code [0x000001d86d8debe0, 0x000001d86d8df0a8]
Event: 83.431 Thread 0x000001d87ecd5770 nmethod 9907 0x000001d874955a90 code [0x000001d874955c40, 0x000001d8749569b8]
Event: 83.450 Thread 0x000001d87ecd5770 9913       4       jdk.internal.org.objectweb.asm.Frame::getAbstractTypeFromDescriptor (415 bytes)
Event: 83.468 Thread 0x000001d87ecd5770 nmethod 9913 0x000001d874957190 code [0x000001d874957380, 0x000001d874958010]
Event: 83.508 Thread 0x000001d87ed04cc0 9914   !   3       sun.net.www.protocol.jar.Handler::parseAbsoluteSpec (85 bytes)
Event: 83.509 Thread 0x000001d87ed04cc0 nmethod 9914 0x000001d86d8df290 code [0x000001d86d8df580, 0x000001d86d8e02b8]
Event: 83.521 Thread 0x000001d87ed04cc0 9915   !   3       sun.net.www.protocol.jar.JarFileFactory::getOrCreate (91 bytes)
Event: 83.522 Thread 0x000001d87ed04cc0 nmethod 9915 0x000001d86d8e0810 code [0x000001d86d8e0a60, 0x000001d86d8e1178]
Event: 83.522 Thread 0x000001d87ed04cc0 9916   !   3       sun.net.www.protocol.jar.JarFileFactory::get (146 bytes)
Event: 83.523 Thread 0x000001d87ed04cc0 nmethod 9916 0x000001d86d8e1490 code [0x000001d86d8e1700, 0x000001d86d8e2168]
Event: 83.534 Thread 0x000001d87ecd5770 9917       4       java.util.concurrent.ConcurrentHashMap::get (162 bytes)
Event: 83.538 Thread 0x000001d87ecd5770 nmethod 9917 0x000001d874958910 code [0x000001d874958aa0, 0x000001d874958d78]
Event: 83.704 Thread 0x000001d87ecd5770 9918       4       jdk.internal.jimage.ImageLocation::verify (218 bytes)
Event: 83.724 Thread 0x000001d87ed04cc0 9920       3       java.util.IdentityHashMap$IdentityHashMapIterator::hasNext (50 bytes)
Event: 83.724 Thread 0x000001d87ed04cc0 nmethod 9920 0x000001d86d8e2610 code [0x000001d86d8e27c0, 0x000001d86d8e2a18]

GC Heap History (20 events):
Event: 25.243 GC heap before
{Heap before GC invocations=91 (full 4):
 PSYoungGen      total 10752K, used 8673K [0x00000000eab00000, 0x00000000eb900000, 0x0000000100000000)
  eden space 8704K, 99% used [0x00000000eab00000,0x00000000eb3787e8,0x00000000eb380000)
  from space 2048K, 0% used [0x00000000eb500000,0x00000000eb500000,0x00000000eb700000)
  to   space 2048K, 0% used [0x00000000eb700000,0x00000000eb700000,0x00000000eb900000)
 ParOldGen       total 92672K, used 66044K [0x00000000c0000000, 0x00000000c5a80000, 0x00000000eab00000)
  object space 92672K, 71% used [0x00000000c0000000,0x00000000c407f2d0,0x00000000c5a80000)
 Metaspace       used 70367K, committed 71488K, reserved 1114112K
  class space    used 8089K, committed 8576K, reserved 1048576K
}
Event: 25.244 GC heap after
{Heap after GC invocations=91 (full 4):
 PSYoungGen      total 9728K, used 645K [0x00000000eab00000, 0x00000000eb800000, 0x0000000100000000)
  eden space 8704K, 0% used [0x00000000eab00000,0x00000000eab00000,0x00000000eb380000)
  from space 1024K, 63% used [0x00000000eb700000,0x00000000eb7a1510,0x00000000eb800000)
  to   space 1024K, 0% used [0x00000000eb600000,0x00000000eb600000,0x00000000eb700000)
 ParOldGen       total 92672K, used 66044K [0x00000000c0000000, 0x00000000c5a80000, 0x00000000eab00000)
  object space 92672K, 71% used [0x00000000c0000000,0x00000000c407f2d0,0x00000000c5a80000)
 Metaspace       used 70367K, committed 71488K, reserved 1114112K
  class space    used 8089K, committed 8576K, reserved 1048576K
}
Event: 25.363 GC heap before
{Heap before GC invocations=92 (full 4):
 PSYoungGen      total 9728K, used 9349K [0x00000000eab00000, 0x00000000eb800000, 0x0000000100000000)
  eden space 8704K, 100% used [0x00000000eab00000,0x00000000eb380000,0x00000000eb380000)
  from space 1024K, 63% used [0x00000000eb700000,0x00000000eb7a1510,0x00000000eb800000)
  to   space 1024K, 0% used [0x00000000eb600000,0x00000000eb600000,0x00000000eb700000)
 ParOldGen       total 92672K, used 66044K [0x00000000c0000000, 0x00000000c5a80000, 0x00000000eab00000)
  object space 92672K, 71% used [0x00000000c0000000,0x00000000c407f2d0,0x00000000c5a80000)
 Metaspace       used 70862K, committed 71936K, reserved 1114112K
  class space    used 8148K, committed 8640K, reserved 1048576K
}
Event: 25.363 GC heap after
{Heap after GC invocations=92 (full 4):
 PSYoungGen      total 9728K, used 819K [0x00000000eab00000, 0x00000000eb780000, 0x0000000100000000)
  eden space 8704K, 0% used [0x00000000eab00000,0x00000000eab00000,0x00000000eb380000)
  from space 1024K, 79% used [0x00000000eb600000,0x00000000eb6cccc8,0x00000000eb700000)
  to   space 512K, 0% used [0x00000000eb700000,0x00000000eb700000,0x00000000eb780000)
 ParOldGen       total 92672K, used 66443K [0x00000000c0000000, 0x00000000c5a80000, 0x00000000eab00000)
  object space 92672K, 71% used [0x00000000c0000000,0x00000000c40e2f58,0x00000000c5a80000)
 Metaspace       used 70862K, committed 71936K, reserved 1114112K
  class space    used 8148K, committed 8640K, reserved 1048576K
}
Event: 25.765 GC heap before
{Heap before GC invocations=93 (full 4):
 PSYoungGen      total 9728K, used 9523K [0x00000000eab00000, 0x00000000eb780000, 0x0000000100000000)
  eden space 8704K, 100% used [0x00000000eab00000,0x00000000eb380000,0x00000000eb380000)
  from space 1024K, 79% used [0x00000000eb600000,0x00000000eb6cccc8,0x00000000eb700000)
  to   space 512K, 0% used [0x00000000eb700000,0x00000000eb700000,0x00000000eb780000)
 ParOldGen       total 92672K, used 66443K [0x00000000c0000000, 0x00000000c5a80000, 0x00000000eab00000)
  object space 92672K, 71% used [0x00000000c0000000,0x00000000c40e2f58,0x00000000c5a80000)
 Metaspace       used 70990K, committed 72064K, reserved 1114112K
  class space    used 8153K, committed 8640K, reserved 1048576K
}
Event: 25.766 GC heap after
{Heap after GC invocations=93 (full 4):
 PSYoungGen      total 9216K, used 416K [0x00000000eab00000, 0x00000000eb780000, 0x0000000100000000)
  eden space 8704K, 0% used [0x00000000eab00000,0x00000000eab00000,0x00000000eb380000)
  from space 512K, 81% used [0x00000000eb700000,0x00000000eb768000,0x00000000eb780000)
  to   space 1024K, 0% used [0x00000000eb580000,0x00000000eb580000,0x00000000eb680000)
 ParOldGen       total 92672K, used 67009K [0x00000000c0000000, 0x00000000c5a80000, 0x00000000eab00000)
  object space 92672K, 72% used [0x00000000c0000000,0x00000000c4170488,0x00000000c5a80000)
 Metaspace       used 70990K, committed 72064K, reserved 1114112K
  class space    used 8153K, committed 8640K, reserved 1048576K
}
Event: 71.164 GC heap before
{Heap before GC invocations=94 (full 4):
 PSYoungGen      total 9216K, used 9119K [0x00000000eab00000, 0x00000000eb780000, 0x0000000100000000)
  eden space 8704K, 99% used [0x00000000eab00000,0x00000000eb37ffa8,0x00000000eb380000)
  from space 512K, 81% used [0x00000000eb700000,0x00000000eb768000,0x00000000eb780000)
  to   space 1024K, 0% used [0x00000000eb580000,0x00000000eb580000,0x00000000eb680000)
 ParOldGen       total 92672K, used 67009K [0x00000000c0000000, 0x00000000c5a80000, 0x00000000eab00000)
  object space 92672K, 72% used [0x00000000c0000000,0x00000000c4170488,0x00000000c5a80000)
 Metaspace       used 71064K, committed 72128K, reserved 1114112K
  class space    used 8157K, committed 8640K, reserved 1048576K
}
Event: 71.189 GC heap after
{Heap after GC invocations=94 (full 4):
 PSYoungGen      total 9728K, used 992K [0x00000000eab00000, 0x00000000eb780000, 0x0000000100000000)
  eden space 8704K, 0% used [0x00000000eab00000,0x00000000eab00000,0x00000000eb380000)
  from space 1024K, 96% used [0x00000000eb580000,0x00000000eb678000,0x00000000eb680000)
  to   space 1024K, 0% used [0x00000000eb680000,0x00000000eb680000,0x00000000eb780000)
 ParOldGen       total 92672K, used 67193K [0x00000000c0000000, 0x00000000c5a80000, 0x00000000eab00000)
  object space 92672K, 72% used [0x00000000c0000000,0x00000000c419e488,0x00000000c5a80000)
 Metaspace       used 71064K, committed 72128K, reserved 1114112K
  class space    used 8157K, committed 8640K, reserved 1048576K
}
Event: 71.725 GC heap before
{Heap before GC invocations=95 (full 4):
 PSYoungGen      total 9728K, used 9696K [0x00000000eab00000, 0x00000000eb780000, 0x0000000100000000)
  eden space 8704K, 100% used [0x00000000eab00000,0x00000000eb380000,0x00000000eb380000)
  from space 1024K, 96% used [0x00000000eb580000,0x00000000eb678000,0x00000000eb680000)
  to   space 1024K, 0% used [0x00000000eb680000,0x00000000eb680000,0x00000000eb780000)
 ParOldGen       total 92672K, used 67193K [0x00000000c0000000, 0x00000000c5a80000, 0x00000000eab00000)
  object space 92672K, 72% used [0x00000000c0000000,0x00000000c419e488,0x00000000c5a80000)
 Metaspace       used 71100K, committed 72192K, reserved 1114112K
  class space    used 8159K, committed 8640K, reserved 1048576K
}
Event: 71.727 GC heap after
{Heap after GC invocations=95 (full 4):
 PSYoungGen      total 9728K, used 736K [0x00000000eab00000, 0x00000000eb780000, 0x0000000100000000)
  eden space 8704K, 0% used [0x00000000eab00000,0x00000000eab00000,0x00000000eb380000)
  from space 1024K, 71% used [0x00000000eb680000,0x00000000eb738000,0x00000000eb780000)
  to   space 1024K, 0% used [0x00000000eb580000,0x00000000eb580000,0x00000000eb680000)
 ParOldGen       total 92672K, used 68017K [0x00000000c0000000, 0x00000000c5a80000, 0x00000000eab00000)
  object space 92672K, 73% used [0x00000000c0000000,0x00000000c426c488,0x00000000c5a80000)
 Metaspace       used 71100K, committed 72192K, reserved 1114112K
  class space    used 8159K, committed 8640K, reserved 1048576K
}
Event: 72.130 GC heap before
{Heap before GC invocations=96 (full 4):
 PSYoungGen      total 9728K, used 9440K [0x00000000eab00000, 0x00000000eb780000, 0x0000000100000000)
  eden space 8704K, 100% used [0x00000000eab00000,0x00000000eb380000,0x00000000eb380000)
  from space 1024K, 71% used [0x00000000eb680000,0x00000000eb738000,0x00000000eb780000)
  to   space 1024K, 0% used [0x00000000eb580000,0x00000000eb580000,0x00000000eb680000)
 ParOldGen       total 92672K, used 68017K [0x00000000c0000000, 0x00000000c5a80000, 0x00000000eab00000)
  object space 92672K, 73% used [0x00000000c0000000,0x00000000c426c488,0x00000000c5a80000)
 Metaspace       used 71195K, committed 72256K, reserved 1114112K
  class space    used 8167K, committed 8640K, reserved 1048576K
}
Event: 72.134 GC heap after
{Heap after GC invocations=96 (full 4):
 PSYoungGen      total 9728K, used 544K [0x00000000eab00000, 0x00000000eb700000, 0x0000000100000000)
  eden space 8704K, 0% used [0x00000000eab00000,0x00000000eab00000,0x00000000eb380000)
  from space 1024K, 53% used [0x00000000eb580000,0x00000000eb608000,0x00000000eb680000)
  to   space 512K, 0% used [0x00000000eb680000,0x00000000eb680000,0x00000000eb700000)
 ParOldGen       total 92672K, used 68665K [0x00000000c0000000, 0x00000000c5a80000, 0x00000000eab00000)
  object space 92672K, 74% used [0x00000000c0000000,0x00000000c430e488,0x00000000c5a80000)
 Metaspace       used 71195K, committed 72256K, reserved 1114112K
  class space    used 8167K, committed 8640K, reserved 1048576K
}
Event: 83.026 GC heap before
{Heap before GC invocations=97 (full 4):
 PSYoungGen      total 9728K, used 9248K [0x00000000eab00000, 0x00000000eb700000, 0x0000000100000000)
  eden space 8704K, 100% used [0x00000000eab00000,0x00000000eb380000,0x00000000eb380000)
  from space 1024K, 53% used [0x00000000eb580000,0x00000000eb608000,0x00000000eb680000)
  to   space 512K, 0% used [0x00000000eb680000,0x00000000eb680000,0x00000000eb700000)
 ParOldGen       total 92672K, used 68665K [0x00000000c0000000, 0x00000000c5a80000, 0x00000000eab00000)
  object space 92672K, 74% used [0x00000000c0000000,0x00000000c430e488,0x00000000c5a80000)
 Metaspace       used 72023K, committed 73024K, reserved 1114112K
  class space    used 8247K, committed 8704K, reserved 1048576K
}
Event: 83.027 GC heap after
{Heap after GC invocations=97 (full 4):
 PSYoungGen      total 9216K, used 320K [0x00000000eab00000, 0x00000000eb700000, 0x0000000100000000)
  eden space 8704K, 0% used [0x00000000eab00000,0x00000000eab00000,0x00000000eb380000)
  from space 512K, 62% used [0x00000000eb680000,0x00000000eb6d0000,0x00000000eb700000)
  to   space 512K, 0% used [0x00000000eb600000,0x00000000eb600000,0x00000000eb680000)
 ParOldGen       total 92672K, used 69097K [0x00000000c0000000, 0x00000000c5a80000, 0x00000000eab00000)
  object space 92672K, 74% used [0x00000000c0000000,0x00000000c437a488,0x00000000c5a80000)
 Metaspace       used 72023K, committed 73024K, reserved 1114112K
  class space    used 8247K, committed 8704K, reserved 1048576K
}
Event: 83.181 GC heap before
{Heap before GC invocations=98 (full 4):
 PSYoungGen      total 9216K, used 9024K [0x00000000eab00000, 0x00000000eb700000, 0x0000000100000000)
  eden space 8704K, 100% used [0x00000000eab00000,0x00000000eb380000,0x00000000eb380000)
  from space 512K, 62% used [0x00000000eb680000,0x00000000eb6d0000,0x00000000eb700000)
  to   space 512K, 0% used [0x00000000eb600000,0x00000000eb600000,0x00000000eb680000)
 ParOldGen       total 92672K, used 69097K [0x00000000c0000000, 0x00000000c5a80000, 0x00000000eab00000)
  object space 92672K, 74% used [0x00000000c0000000,0x00000000c437a488,0x00000000c5a80000)
 Metaspace       used 72211K, committed 73216K, reserved 1114112K
  class space    used 8294K, committed 8768K, reserved 1048576K
}
Event: 83.182 GC heap after
{Heap after GC invocations=98 (full 4):
 PSYoungGen      total 9216K, used 352K [0x00000000eab00000, 0x00000000eb700000, 0x0000000100000000)
  eden space 8704K, 0% used [0x00000000eab00000,0x00000000eab00000,0x00000000eb380000)
  from space 512K, 68% used [0x00000000eb600000,0x00000000eb658000,0x00000000eb680000)
  to   space 512K, 0% used [0x00000000eb680000,0x00000000eb680000,0x00000000eb700000)
 ParOldGen       total 92672K, used 69265K [0x00000000c0000000, 0x00000000c5a80000, 0x00000000eab00000)
  object space 92672K, 74% used [0x00000000c0000000,0x00000000c43a4488,0x00000000c5a80000)
 Metaspace       used 72211K, committed 73216K, reserved 1114112K
  class space    used 8294K, committed 8768K, reserved 1048576K
}
Event: 83.405 GC heap before
{Heap before GC invocations=99 (full 4):
 PSYoungGen      total 9216K, used 9056K [0x00000000eab00000, 0x00000000eb700000, 0x0000000100000000)
  eden space 8704K, 100% used [0x00000000eab00000,0x00000000eb380000,0x00000000eb380000)
  from space 512K, 68% used [0x00000000eb600000,0x00000000eb658000,0x00000000eb680000)
  to   space 512K, 0% used [0x00000000eb680000,0x00000000eb680000,0x00000000eb700000)
 ParOldGen       total 92672K, used 69265K [0x00000000c0000000, 0x00000000c5a80000, 0x00000000eab00000)
  object space 92672K, 74% used [0x00000000c0000000,0x00000000c43a4488,0x00000000c5a80000)
 Metaspace       used 72693K, committed 73728K, reserved 1114112K
  class space    used 8339K, committed 8832K, reserved 1048576K
}
Event: 83.406 GC heap after
{Heap after GC invocations=99 (full 4):
 PSYoungGen      total 9216K, used 384K [0x00000000eab00000, 0x00000000eb700000, 0x0000000100000000)
  eden space 8704K, 0% used [0x00000000eab00000,0x00000000eab00000,0x00000000eb380000)
  from space 512K, 75% used [0x00000000eb680000,0x00000000eb6e0000,0x00000000eb700000)
  to   space 512K, 0% used [0x00000000eb600000,0x00000000eb600000,0x00000000eb680000)
 ParOldGen       total 92672K, used 69369K [0x00000000c0000000, 0x00000000c5a80000, 0x00000000eab00000)
  object space 92672K, 74% used [0x00000000c0000000,0x00000000c43be488,0x00000000c5a80000)
 Metaspace       used 72693K, committed 73728K, reserved 1114112K
  class space    used 8339K, committed 8832K, reserved 1048576K
}
Event: 83.762 GC heap before
{Heap before GC invocations=100 (full 4):
 PSYoungGen      total 9216K, used 9070K [0x00000000eab00000, 0x00000000eb700000, 0x0000000100000000)
  eden space 8704K, 99% used [0x00000000eab00000,0x00000000eb37b8d8,0x00000000eb380000)
  from space 512K, 75% used [0x00000000eb680000,0x00000000eb6e0000,0x00000000eb700000)
  to   space 512K, 0% used [0x00000000eb600000,0x00000000eb600000,0x00000000eb680000)
 ParOldGen       total 92672K, used 69369K [0x00000000c0000000, 0x00000000c5a80000, 0x00000000eab00000)
  object space 92672K, 74% used [0x00000000c0000000,0x00000000c43be488,0x00000000c5a80000)
 Metaspace       used 73186K, committed 74240K, reserved 1114112K
  class space    used 8388K, committed 8832K, reserved 1048576K
}
Event: 83.766 GC heap after
{Heap after GC invocations=100 (full 4):
 PSYoungGen      total 9216K, used 352K [0x00000000eab00000, 0x00000000eb700000, 0x0000000100000000)
  eden space 8704K, 0% used [0x00000000eab00000,0x00000000eab00000,0x00000000eb380000)
  from space 512K, 68% used [0x00000000eb600000,0x00000000eb658000,0x00000000eb680000)
  to   space 512K, 0% used [0x00000000eb680000,0x00000000eb680000,0x00000000eb700000)
 ParOldGen       total 92672K, used 69577K [0x00000000c0000000, 0x00000000c5a80000, 0x00000000eab00000)
  object space 92672K, 75% used [0x00000000c0000000,0x00000000c43f2488,0x00000000c5a80000)
 Metaspace       used 73186K, committed 74240K, reserved 1114112K
  class space    used 8388K, committed 8832K, reserved 1048576K
}

Dll operation events (14 events):
Event: 0.010 Loaded shared library c:\Users\Admin\.vscode\extensions\redhat.java-1.23.0-win32-x64\jre\17.0.8.1-win32-x86_64\bin\java.dll
Event: 0.137 Loaded shared library c:\Users\Admin\.vscode\extensions\redhat.java-1.23.0-win32-x64\jre\17.0.8.1-win32-x86_64\bin\zip.dll
Event: 0.140 Loaded shared library C:\Users\Admin\.vscode\extensions\redhat.java-1.23.0-win32-x64\jre\17.0.8.1-win32-x86_64\bin\instrument.dll
Event: 0.150 Loaded shared library C:\Users\Admin\.vscode\extensions\redhat.java-1.23.0-win32-x64\jre\17.0.8.1-win32-x86_64\bin\net.dll
Event: 0.151 Loaded shared library C:\Users\Admin\.vscode\extensions\redhat.java-1.23.0-win32-x64\jre\17.0.8.1-win32-x86_64\bin\nio.dll
Event: 0.156 Loaded shared library C:\Users\Admin\.vscode\extensions\redhat.java-1.23.0-win32-x64\jre\17.0.8.1-win32-x86_64\bin\zip.dll
Event: 0.168 Loaded shared library C:\Users\Admin\.vscode\extensions\redhat.java-1.23.0-win32-x64\jre\17.0.8.1-win32-x86_64\bin\jimage.dll
Event: 0.207 Loaded shared library c:\Users\Admin\.vscode\extensions\redhat.java-1.23.0-win32-x64\jre\17.0.8.1-win32-x86_64\bin\verify.dll
Event: 0.816 Loaded shared library C:\Users\Admin\AppData\Roaming\Code\User\globalStorage\redhat.java\1.23.0\config_win\org.eclipse.equinox.launcher\org.eclipse.equinox.launcher.win32.win32.x86_64_1.2.700.v20221108-1024\eclipse_11801.dll
Event: 3.117 Loaded shared library C:\Users\Admin\AppData\Local\Temp\jna-63116079\jna7711229963609408633.dll
Event: 7.712 Loaded shared library C:\Users\Admin\.vscode\extensions\redhat.java-1.23.0-win32-x64\jre\17.0.8.1-win32-x86_64\bin\sunmscapi.dll
Event: 9.585 Loaded shared library C:\Users\Admin\.gradle\native\68d5fa5c4cc2d200863cafc0d521ce42e7d3e7ee720ec0a83991735586a16f82\windows-amd64\native-platform.dll
Event: 10.462 Loaded shared library C:\Users\Admin\.vscode\extensions\redhat.java-1.23.0-win32-x64\jre\17.0.8.1-win32-x86_64\bin\management.dll
Event: 10.467 Loaded shared library C:\Users\Admin\.vscode\extensions\redhat.java-1.23.0-win32-x64\jre\17.0.8.1-win32-x86_64\bin\management_ext.dll

Deoptimization events (20 events):
Event: 83.254 Thread 0x000001d807e8fd80 DEOPT PACKING pc=0x000001d874953a30 sp=0x000000c3110f9350
Event: 83.254 Thread 0x000001d807e8fd80 DEOPT UNPACKING pc=0x000001d873c466a3 sp=0x000000c3110f92c8 mode 2
Event: 83.254 Thread 0x000001d807e8fd80 Uncommon trap: trap_request=0xffffffbe fr.pc=0x000001d874953a30 relative=0x0000000000000590
Event: 83.254 Thread 0x000001d807e8fd80 Uncommon trap: reason=profile_predicate action=maybe_recompile pc=0x000001d874953a30 method=jdk.internal.jimage.ImageStringsReader.stringFromByteBufferMatches(Ljava/nio/ByteBuffer;ILjava/lang/String;I)I @ 19 c2
Event: 83.254 Thread 0x000001d807e8fd80 DEOPT PACKING pc=0x000001d874953a30 sp=0x000000c3110f9350
Event: 83.254 Thread 0x000001d807e8fd80 DEOPT UNPACKING pc=0x000001d873c466a3 sp=0x000000c3110f92c8 mode 2
Event: 83.254 Thread 0x000001d807e8fd80 Uncommon trap: trap_request=0xffffffbe fr.pc=0x000001d874953a30 relative=0x0000000000000590
Event: 83.254 Thread 0x000001d807e8fd80 Uncommon trap: reason=profile_predicate action=maybe_recompile pc=0x000001d874953a30 method=jdk.internal.jimage.ImageStringsReader.stringFromByteBufferMatches(Ljava/nio/ByteBuffer;ILjava/lang/String;I)I @ 19 c2
Event: 83.254 Thread 0x000001d807e8fd80 DEOPT PACKING pc=0x000001d874953a30 sp=0x000000c3110f9350
Event: 83.254 Thread 0x000001d807e8fd80 DEOPT UNPACKING pc=0x000001d873c466a3 sp=0x000000c3110f92c8 mode 2
Event: 83.254 Thread 0x000001d807e8fd80 Uncommon trap: trap_request=0xffffffbe fr.pc=0x000001d874953a30 relative=0x0000000000000590
Event: 83.254 Thread 0x000001d807e8fd80 Uncommon trap: reason=profile_predicate action=maybe_recompile pc=0x000001d874953a30 method=jdk.internal.jimage.ImageStringsReader.stringFromByteBufferMatches(Ljava/nio/ByteBuffer;ILjava/lang/String;I)I @ 19 c2
Event: 83.254 Thread 0x000001d807e8fd80 DEOPT PACKING pc=0x000001d874953a30 sp=0x000000c3110f9350
Event: 83.254 Thread 0x000001d807e8fd80 DEOPT UNPACKING pc=0x000001d873c466a3 sp=0x000000c3110f92c8 mode 2
Event: 83.413 Thread 0x000001d807e8fd80 DEOPT PACKING pc=0x000001d86d6c8367 sp=0x000000c3110fcad0
Event: 83.413 Thread 0x000001d807e8fd80 DEOPT UNPACKING pc=0x000001d873c46e43 sp=0x000000c3110fbfe0 mode 0
Event: 83.711 Thread 0x000001d807e8fd80 Uncommon trap: trap_request=0xffffff45 fr.pc=0x000001d874864be8 relative=0x0000000000001028
Event: 83.711 Thread 0x000001d807e8fd80 Uncommon trap: reason=unstable_if action=reinterpret pc=0x000001d874864be8 method=java.util.regex.Pattern.sequence(Ljava/util/regex/Pattern$Node;)Ljava/util/regex/Pattern$Node; @ 364 c2
Event: 83.711 Thread 0x000001d807e8fd80 DEOPT PACKING pc=0x000001d874864be8 sp=0x000000c3110fca60
Event: 83.711 Thread 0x000001d807e8fd80 DEOPT UNPACKING pc=0x000001d873c466a3 sp=0x000000c3110fc9f0 mode 2

Classes unloaded (7 events):
Event: 3.140 Thread 0x000001d869bd9930 Unloading class 0x0000000100254000 'java/lang/invoke/LambdaForm$MH+0x0000000100254000'
Event: 3.140 Thread 0x000001d869bd9930 Unloading class 0x0000000100253c00 'java/lang/invoke/LambdaForm$MH+0x0000000100253c00'
Event: 3.140 Thread 0x000001d869bd9930 Unloading class 0x0000000100253800 'java/lang/invoke/LambdaForm$MH+0x0000000100253800'
Event: 3.140 Thread 0x000001d869bd9930 Unloading class 0x0000000100253400 'java/lang/invoke/LambdaForm$MH+0x0000000100253400'
Event: 3.140 Thread 0x000001d869bd9930 Unloading class 0x0000000100253000 'java/lang/invoke/LambdaForm$BMH+0x0000000100253000'
Event: 3.140 Thread 0x000001d869bd9930 Unloading class 0x0000000100252c00 'java/lang/invoke/LambdaForm$DMH+0x0000000100252c00'
Event: 3.140 Thread 0x000001d869bd9930 Unloading class 0x0000000100250000 'java/lang/invoke/LambdaForm$DMH+0x0000000100250000'

Classes redefined (0 events):
No events

Internal exceptions (20 events):
Event: 24.710 Thread 0x000001d807e90290 Exception <a 'sun/nio/fs/WindowsException'{0x00000000eaf7eb38}> (0x00000000eaf7eb38) 
thrown [s\src\hotspot\share\prims\jni.cpp, line 516]
Event: 24.728 Thread 0x000001d807e90290 Exception <a 'sun/nio/fs/WindowsException'{0x00000000eb16c5a0}> (0x00000000eb16c5a0) 
thrown [s\src\hotspot\share\prims\jni.cpp, line 516]
Event: 24.738 Thread 0x000001d807e90290 Exception <a 'java/lang/NoSuchMethodError'{0x00000000eb270720}: 'java.lang.Object java.lang.invoke.DirectMethodHandle$Holder.invokeStatic(java.lang.Object, java.lang.Object, int, java.lang.Object)'> (0x00000000eb270720) 
thrown [s\src\hotspot\share\interpreter\linkResolver.cpp, line 759]
Event: 24.738 Thread 0x000001d807e90290 Exception <a 'java/lang/NoSuchMethodError'{0x00000000eb285a50}: 'java.lang.Object java.lang.invoke.DirectMethodHandle$Holder.newInvokeSpecial(java.lang.Object, java.lang.Object, int)'> (0x00000000eb285a50) 
thrown [s\src\hotspot\share\interpreter\linkResolver.cpp, line 759]
Event: 24.745 Thread 0x000001d805a896f0 Exception <a 'java/io/FileNotFoundException'{0x00000000eb37ecb8}> (0x00000000eb37ecb8) 
thrown [s\src\hotspot\share\prims\jni.cpp, line 516]
Event: 24.746 Thread 0x000001d805a896f0 Exception <a 'java/io/FileNotFoundException'{0x00000000eb818000}> (0x00000000eb818000) 
thrown [s\src\hotspot\share\prims\jni.cpp, line 516]
Event: 24.799 Thread 0x000001d805a896f0 Exception <a 'java/io/FileNotFoundException'{0x00000000eb0b9680}> (0x00000000eb0b9680) 
thrown [s\src\hotspot\share\prims\jni.cpp, line 516]
Event: 24.809 Thread 0x000001d807e8ee50 Implicit null exception at 0x000001d874896966 to 0x000001d8748971e0
Event: 24.975 Thread 0x000001d807e8ee50 Exception <a 'java/lang/NoSuchMethodError'{0x00000000eb0feb30}: 'java.lang.Object java.lang.invoke.DirectMethodHandle$Holder.newInvokeSpecial(java.lang.Object, java.lang.Object, java.lang.Object, java.lang.Object, java.lang.Object, java.lang.Object)'> (0x00000000eb0feb30) 
thrown [s\src\hotspot\share\interpreter\linkResolver.cpp, line 759]
Event: 24.976 Thread 0x000001d807e8ee50 Exception <a 'java/lang/NoSuchMethodError'{0x00000000eb11bf20}: 'int java.lang.invoke.DirectMethodHandle$Holder.invokeStatic(java.lang.Object)'> (0x00000000eb11bf20) 
thrown [s\src\hotspot\share\interpreter\linkResolver.cpp, line 759]
Event: 24.990 Thread 0x000001d807e8ee50 Exception <a 'java/io/FileNotFoundException'{0x00000000eb1c66d8}> (0x00000000eb1c66d8) 
thrown [s\src\hotspot\share\prims\jni.cpp, line 516]
Event: 24.990 Thread 0x000001d807e8ee50 Exception <a 'java/io/FileNotFoundException'{0x00000000eb1c7f78}> (0x00000000eb1c7f78) 
thrown [s\src\hotspot\share\prims\jni.cpp, line 516]
Event: 24.990 Thread 0x000001d807e8ee50 Exception <a 'java/io/FileNotFoundException'{0x00000000eb1c94a8}> (0x00000000eb1c94a8) 
thrown [s\src\hotspot\share\prims\jni.cpp, line 516]
Event: 25.192 Thread 0x000001d807e93020 Exception <a 'java/lang/NoSuchMethodError'{0x00000000eae65960}: 'java.lang.Object java.lang.invoke.DirectMethodHandle$Holder.invokeInterface(java.lang.Object, java.lang.Object, java.lang.Object)'> (0x00000000eae65960) 
thrown [s\src\hotspot\share\interpreter\linkResolver.cpp, line 759]
Event: 25.339 Thread 0x000001d807e92600 Exception <a 'java/io/FileNotFoundException'{0x00000000eb14a298}> (0x00000000eb14a298) 
thrown [s\src\hotspot\share\prims\jni.cpp, line 516]
Event: 82.977 Thread 0x000001d807e8fd80 Exception <a 'java/lang/NoClassDefFoundError'{0x00000000eb2ce450}: org/eclipse/jdt/core/dom/Name> (0x00000000eb2ce450) 
thrown [s\src\hotspot\share\classfile\systemDictionary.cpp, line 245]
Event: 82.977 Thread 0x000001d807e8fd80 Exception <a 'java/lang/NullPointerException'{0x00000000eb2ce738}> (0x00000000eb2ce738) 
thrown [s\src\hotspot\share\interpreter\linkResolver.cpp, line 1350]
Event: 82.980 Thread 0x000001d807e8fd80 Exception <a 'java/lang/NullPointerException'{0x00000000eb2d0508}> (0x00000000eb2d0508) 
thrown [s\src\hotspot\share\interpreter\linkResolver.cpp, line 1350]
Event: 82.980 Thread 0x000001d807e8fd80 Exception <a 'java/lang/NullPointerException'{0x00000000eb2d0938}> (0x00000000eb2d0938) 
thrown [s\src\hotspot\share\interpreter\linkResolver.cpp, line 1350]
Event: 82.981 Thread 0x000001d807e8fd80 Exception <a 'java/lang/NullPointerException'{0x00000000eb2d0d70}> (0x00000000eb2d0d70) 
thrown [s\src\hotspot\share\interpreter\linkResolver.cpp, line 1350]

VM Operations (20 events):
Event: 71.163 Executing VM operation: ParallelGCFailedAllocation
Event: 71.189 Executing VM operation: ParallelGCFailedAllocation done
Event: 71.291 Executing VM operation: HandshakeAllThreads
Event: 71.291 Executing VM operation: HandshakeAllThreads done
Event: 71.725 Executing VM operation: ParallelGCFailedAllocation
Event: 71.727 Executing VM operation: ParallelGCFailedAllocation done
Event: 72.130 Executing VM operation: ParallelGCFailedAllocation
Event: 72.134 Executing VM operation: ParallelGCFailedAllocation done
Event: 74.134 Executing VM operation: Cleanup
Event: 74.134 Executing VM operation: Cleanup done
Event: 75.134 Executing VM operation: Cleanup
Event: 75.134 Executing VM operation: Cleanup done
Event: 83.026 Executing VM operation: ParallelGCFailedAllocation
Event: 83.028 Executing VM operation: ParallelGCFailedAllocation done
Event: 83.181 Executing VM operation: ParallelGCFailedAllocation
Event: 83.183 Executing VM operation: ParallelGCFailedAllocation done
Event: 83.405 Executing VM operation: ParallelGCFailedAllocation
Event: 83.406 Executing VM operation: ParallelGCFailedAllocation done
Event: 83.762 Executing VM operation: ParallelGCFailedAllocation
Event: 83.766 Executing VM operation: ParallelGCFailedAllocation done

Events (20 events):
Event: 25.179 Thread 0x000001d807e8d500 Thread added: 0x000001d807e8d500
Event: 25.181 Thread 0x000001d807e93020 Thread added: 0x000001d807e93020
Event: 25.350 loading class java/util/stream/DistinctOps
Event: 25.350 loading class java/util/stream/DistinctOps done
Event: 25.350 loading class java/util/stream/DistinctOps$1
Event: 25.350 loading class java/util/stream/DistinctOps$1 done
Event: 25.352 loading class java/util/stream/DistinctOps$1$2
Event: 25.352 loading class java/util/stream/DistinctOps$1$2 done
Event: 35.741 Thread 0x000001d805deb2f0 Thread exited: 0x000001d805deb2f0
Event: 70.969 Thread 0x000001d807e907a0 Thread exited: 0x000001d807e907a0
Event: 70.985 Thread 0x000001d807e920f0 Thread exited: 0x000001d807e920f0
Event: 70.986 Thread 0x000001d807e916d0 Thread exited: 0x000001d807e916d0
Event: 71.943 loading class java/util/WeakHashMap$KeyIterator
Event: 71.947 loading class java/util/WeakHashMap$KeyIterator done
Event: 72.113 Thread 0x000001d805defd50 Thread added: 0x000001d805defd50
Event: 79.713 Thread 0x000001d805defd50 Thread exited: 0x000001d805defd50
Event: 83.540 loading class java/util/Collections$UnmodifiableSortedSet
Event: 83.541 loading class java/util/Collections$UnmodifiableSortedSet done
Event: 83.711 loading class java/util/regex/Pattern$Caret
Event: 83.712 loading class java/util/regex/Pattern$Caret done


Dynamic libraries:
0x00007ff753c40000 - 0x00007ff753c4e000 	c:\Users\Admin\.vscode\extensions\redhat.java-1.23.0-win32-x64\jre\17.0.8.1-win32-x86_64\bin\java.exe
0x00007ffc8bb30000 - 0x00007ffc8bd44000 	C:\WINDOWS\SYSTEM32\ntdll.dll
0x00007ffc89fe0000 - 0x00007ffc8a0a4000 	C:\WINDOWS\System32\KERNEL32.DLL
0x00007ffc89280000 - 0x00007ffc89624000 	C:\WINDOWS\System32\KERNELBASE.dll
0x00007ffc896e0000 - 0x00007ffc897f1000 	C:\WINDOWS\System32\ucrtbase.dll
0x00007ffc7e520000 - 0x00007ffc7e539000 	c:\Users\Admin\.vscode\extensions\redhat.java-1.23.0-win32-x64\jre\17.0.8.1-win32-x86_64\bin\VCRUNTIME140.dll
0x00007ffc7e920000 - 0x00007ffc7e937000 	c:\Users\Admin\.vscode\extensions\redhat.java-1.23.0-win32-x64\jre\17.0.8.1-win32-x86_64\bin\jli.dll
0x00007ffc8a9f0000 - 0x00007ffc8ab9e000 	C:\WINDOWS\System32\USER32.dll
0x00007ffc786a0000 - 0x00007ffc78933000 	C:\WINDOWS\WinSxS\amd64_microsoft.windows.common-controls_6595b64144ccf1df_6.0.22621.2215_none_270d72677387dfc3\COMCTL32.dll
0x00007ffc89630000 - 0x00007ffc89656000 	C:\WINDOWS\System32\win32u.dll
0x00007ffc898e0000 - 0x00007ffc89909000 	C:\WINDOWS\System32\GDI32.dll
0x00007ffc899c0000 - 0x00007ffc89a67000 	C:\WINDOWS\System32\msvcrt.dll
0x00007ffc88ee0000 - 0x00007ffc88ff8000 	C:\WINDOWS\System32\gdi32full.dll
0x00007ffc89070000 - 0x00007ffc8910a000 	C:\WINDOWS\System32\msvcp_win.dll
0x00007ffc8aba0000 - 0x00007ffc8abd1000 	C:\WINDOWS\System32\IMM32.DLL
0x00007ffc84550000 - 0x00007ffc8455c000 	c:\Users\Admin\.vscode\extensions\redhat.java-1.23.0-win32-x64\jre\17.0.8.1-win32-x86_64\bin\vcruntime140_1.dll
0x00007ffc6fe60000 - 0x00007ffc6fef1000 	c:\Users\Admin\.vscode\extensions\redhat.java-1.23.0-win32-x64\jre\17.0.8.1-win32-x86_64\bin\msvcp140.dll
0x00007ffc447a0000 - 0x00007ffc453ec000 	c:\Users\Admin\.vscode\extensions\redhat.java-1.23.0-win32-x64\jre\17.0.8.1-win32-x86_64\bin\server\jvm.dll
0x00007ffc8a0b0000 - 0x00007ffc8a160000 	C:\WINDOWS\System32\ADVAPI32.dll
0x00007ffc8b7d0000 - 0x00007ffc8b876000 	C:\WINDOWS\System32\sechost.dll
0x00007ffc8a6b0000 - 0x00007ffc8a7c7000 	C:\WINDOWS\System32\RPCRT4.dll
0x00007ffc88db0000 - 0x00007ffc88dfd000 	C:\WINDOWS\SYSTEM32\POWRPROF.dll
0x00007ffc81660000 - 0x00007ffc81669000 	C:\WINDOWS\SYSTEM32\WSOCK32.dll
0x00007ffc812b0000 - 0x00007ffc812e4000 	C:\WINDOWS\SYSTEM32\WINMM.dll
0x00007ffc8b9e0000 - 0x00007ffc8ba51000 	C:\WINDOWS\System32\WS2_32.dll
0x00007ffc81ce0000 - 0x00007ffc81cea000 	C:\WINDOWS\SYSTEM32\VERSION.dll
0x00007ffc88d90000 - 0x00007ffc88da3000 	C:\WINDOWS\SYSTEM32\UMPDC.dll
0x00007ffc87f30000 - 0x00007ffc87f48000 	C:\WINDOWS\SYSTEM32\kernel.appcore.dll
0x00007ffc82570000 - 0x00007ffc8257a000 	c:\Users\Admin\.vscode\extensions\redhat.java-1.23.0-win32-x64\jre\17.0.8.1-win32-x86_64\bin\jimage.dll
0x00007ffc80050000 - 0x00007ffc8027e000 	C:\WINDOWS\SYSTEM32\DBGHELP.DLL
0x00007ffc8a320000 - 0x00007ffc8a6aa000 	C:\WINDOWS\System32\combase.dll
0x00007ffc8a910000 - 0x00007ffc8a9e7000 	C:\WINDOWS\System32\OLEAUT32.dll
0x00007ffc80010000 - 0x00007ffc80042000 	C:\WINDOWS\SYSTEM32\dbgcore.DLL
0x00007ffc89660000 - 0x00007ffc896da000 	C:\WINDOWS\System32\bcryptPrimitives.dll
0x00007ffc80370000 - 0x00007ffc8037e000 	c:\Users\Admin\.vscode\extensions\redhat.java-1.23.0-win32-x64\jre\17.0.8.1-win32-x86_64\bin\instrument.dll
0x00007ffc72fd0000 - 0x00007ffc72ff5000 	c:\Users\Admin\.vscode\extensions\redhat.java-1.23.0-win32-x64\jre\17.0.8.1-win32-x86_64\bin\java.dll
0x00007ffc7e4c0000 - 0x00007ffc7e4d8000 	c:\Users\Admin\.vscode\extensions\redhat.java-1.23.0-win32-x64\jre\17.0.8.1-win32-x86_64\bin\zip.dll
0x00007ffc8ac50000 - 0x00007ffc8b473000 	C:\WINDOWS\System32\SHELL32.dll
0x00007ffc86e70000 - 0x00007ffc8775a000 	C:\WINDOWS\SYSTEM32\windows.storage.dll
0x00007ffc86d30000 - 0x00007ffc86e6e000 	C:\WINDOWS\SYSTEM32\wintypes.dll
0x00007ffc8a800000 - 0x00007ffc8a8f3000 	C:\WINDOWS\System32\SHCORE.dll
0x00007ffc8b620000 - 0x00007ffc8b67e000 	C:\WINDOWS\System32\shlwapi.dll
0x00007ffc88e10000 - 0x00007ffc88e36000 	C:\WINDOWS\SYSTEM32\profapi.dll
0x00007ffc7e2c0000 - 0x00007ffc7e2d9000 	C:\Users\Admin\.vscode\extensions\redhat.java-1.23.0-win32-x64\jre\17.0.8.1-win32-x86_64\bin\net.dll
0x00007ffc83cd0000 - 0x00007ffc83e07000 	C:\WINDOWS\SYSTEM32\WINHTTP.dll
0x00007ffc883b0000 - 0x00007ffc88419000 	C:\WINDOWS\system32\mswsock.dll
0x00007ffc76f50000 - 0x00007ffc76f65000 	C:\Users\Admin\.vscode\extensions\redhat.java-1.23.0-win32-x64\jre\17.0.8.1-win32-x86_64\bin\nio.dll
0x00007ffc802a0000 - 0x00007ffc802b0000 	c:\Users\Admin\.vscode\extensions\redhat.java-1.23.0-win32-x64\jre\17.0.8.1-win32-x86_64\bin\verify.dll
0x00007ffc6fde0000 - 0x00007ffc6fe1e000 	C:\Users\Admin\AppData\Roaming\Code\User\globalStorage\redhat.java\1.23.0\config_win\org.eclipse.equinox.launcher\org.eclipse.equinox.launcher.win32.win32.x86_64_1.2.700.v20221108-1024\eclipse_11801.dll
0x00007ffc8b480000 - 0x00007ffc8b61e000 	C:\WINDOWS\System32\ole32.dll
0x00007ffc88610000 - 0x00007ffc8862b000 	C:\WINDOWS\SYSTEM32\CRYPTSP.dll
0x00007ffc87ea0000 - 0x00007ffc87ed5000 	C:\WINDOWS\system32\rsaenh.dll
0x00007ffc884a0000 - 0x00007ffc884cc000 	C:\WINDOWS\SYSTEM32\USERENV.dll
0x00007ffc887a0000 - 0x00007ffc887c8000 	C:\WINDOWS\SYSTEM32\bcrypt.dll
0x00007ffc88600000 - 0x00007ffc8860c000 	C:\WINDOWS\SYSTEM32\CRYPTBASE.dll
0x00007ffc879c0000 - 0x00007ffc879ed000 	C:\WINDOWS\SYSTEM32\IPHLPAPI.DLL
0x00007ffc8a900000 - 0x00007ffc8a909000 	C:\WINDOWS\System32\NSI.dll
0x00007ffc81830000 - 0x00007ffc81849000 	C:\WINDOWS\SYSTEM32\dhcpcsvc6.DLL
0x00007ffc813c0000 - 0x00007ffc813df000 	C:\WINDOWS\SYSTEM32\dhcpcsvc.DLL
0x00007ffc879f0000 - 0x00007ffc87ae2000 	C:\WINDOWS\SYSTEM32\DNSAPI.dll
0x00007ffc4a480000 - 0x00007ffc4a4c5000 	C:\Users\Admin\AppData\Local\Temp\jna-63116079\jna7711229963609408633.dll
0x00007ffc8a7d0000 - 0x00007ffc8a7d8000 	C:\WINDOWS\System32\PSAPI.DLL
0x00007ffc72510000 - 0x00007ffc7251e000 	C:\Users\Admin\.vscode\extensions\redhat.java-1.23.0-win32-x64\jre\17.0.8.1-win32-x86_64\bin\sunmscapi.dll
0x00007ffc89110000 - 0x00007ffc89276000 	C:\WINDOWS\System32\CRYPT32.dll
0x00007ffc88770000 - 0x00007ffc8879e000 	C:\WINDOWS\SYSTEM32\ncrypt.dll
0x00007ffc88730000 - 0x00007ffc88767000 	C:\WINDOWS\SYSTEM32\NTASN1.dll
0x00007ffc81cf0000 - 0x00007ffc81cfa000 	C:\Windows\System32\rasadhlp.dll
0x00007ffc811a0000 - 0x00007ffc81224000 	C:\WINDOWS\System32\fwpuclnt.dll
0x00007ffc4a190000 - 0x00007ffc4a1b7000 	C:\Users\Admin\.gradle\native\68d5fa5c4cc2d200863cafc0d521ce42e7d3e7ee720ec0a83991735586a16f82\windows-amd64\native-platform.dll
0x00007ffc4a260000 - 0x00007ffc4a269000 	C:\Users\Admin\.vscode\extensions\redhat.java-1.23.0-win32-x64\jre\17.0.8.1-win32-x86_64\bin\management.dll
0x00007ffc48ea0000 - 0x00007ffc48eab000 	C:\Users\Admin\.vscode\extensions\redhat.java-1.23.0-win32-x64\jre\17.0.8.1-win32-x86_64\bin\management_ext.dll
0x00007ffc48e90000 - 0x00007ffc48e98000 	C:\WINDOWS\system32\wshunix.dll

dbghelp: loaded successfully - version: 4.0.5 - missing functions: none
symbol engine: initialized successfully - sym options: 0x614 - pdb path: .;c:\Users\Admin\.vscode\extensions\redhat.java-1.23.0-win32-x64\jre\17.0.8.1-win32-x86_64\bin;C:\WINDOWS\SYSTEM32;C:\WINDOWS\WinSxS\amd64_microsoft.windows.common-controls_6595b64144ccf1df_6.0.22621.2215_none_270d72677387dfc3;c:\Users\Admin\.vscode\extensions\redhat.java-1.23.0-win32-x64\jre\17.0.8.1-win32-x86_64\bin\server;C:\Users\Admin\AppData\Roaming\Code\User\globalStorage\redhat.java\1.23.0\config_win\org.eclipse.equinox.launcher\org.eclipse.equinox.launcher.win32.win32.x86_64_1.2.700.v20221108-1024;C:\Users\Admin\AppData\Local\Temp\jna-63116079;C:\Users\Admin\.gradle\native\68d5fa5c4cc2d200863cafc0d521ce42e7d3e7ee720ec0a83991735586a16f82\windows-amd64

VM Arguments:
jvm_args: --add-modules=ALL-SYSTEM --add-opens=java.base/java.util=ALL-UNNAMED --add-opens=java.base/java.lang=ALL-UNNAMED --add-opens=java.base/sun.nio.fs=ALL-UNNAMED -Declipse.application=org.eclipse.jdt.ls.core.id1 -Dosgi.bundles.defaultStartLevel=4 -Declipse.product=org.eclipse.jdt.ls.core.product -Djava.import.generatesMetadataFilesAtProjectRoot=false -DDetectVMInstallationsJob.disabled=true -Dfile.encoding=utf8 -XX:+UseParallelGC -XX:GCTimeRatio=4 -XX:AdaptiveSizePolicyWeight=90 -Dsun.zip.disableMemoryMapping=true -Xmx1G -Xms100m -Xlog:disable -javaagent:c:\Users\Admin\.vscode\extensions\redhat.java-1.23.0-win32-x64\lombok\lombok-1.18.30.jar -XX:+HeapDumpOnOutOfMemoryError -XX:HeapDumpPath=c:\Users\Admin\AppData\Roaming\Code\User\workspaceStorage\08d266126c36d593499f2867316cb880\redhat.java -Daether.dependencyCollector.impl=bf 
java_command: c:\Users\Admin\.vscode\extensions\redhat.java-1.23.0-win32-x64\server\plugins\org.eclipse.equinox.launcher_1.6.500.v20230717-2134.jar -configuration c:\Users\Admin\AppData\Roaming\Code\User\globalStorage\redhat.java\1.23.0\config_win -data c:\Users\Admin\AppData\Roaming\Code\User\workspaceStorage\08d266126c36d593499f2867316cb880\redhat.java\jdt_ws
java_class_path (initial): c:\Users\Admin\.vscode\extensions\redhat.java-1.23.0-win32-x64\server\plugins\org.eclipse.equinox.launcher_1.6.500.v20230717-2134.jar
Launcher Type: SUN_STANDARD

[Global flags]
    uintx AdaptiveSizePolicyWeight                 = 90                                        {product} {command line}
     intx CICompilerCount                          = 12                                        {product} {ergonomic}
    uintx GCTimeRatio                              = 4                                         {product} {command line}
     bool HeapDumpOnOutOfMemoryError               = true                                   {manageable} {command line}
    ccstr HeapDumpPath                             = c:\Users\Admin\AppData\Roaming\Code\User\workspaceStorage\08d266126c36d593499f2867316cb880\redhat.java         {manageable} {command line}
   size_t InitialHeapSize                          = 104857600                                 {product} {command line}
   size_t MaxHeapSize                              = 1073741824                                {product} {command line}
   size_t MaxNewSize                               = 357564416                                 {product} {ergonomic}
   size_t MinHeapDeltaBytes                        = 524288                                    {product} {ergonomic}
   size_t MinHeapSize                              = 104857600                                 {product} {command line}
   size_t NewSize                                  = 34603008                                  {product} {ergonomic}
    uintx NonNMethodCodeHeapSize                   = 7602480                                {pd product} {ergonomic}
    uintx NonProfiledCodeHeapSize                  = 122027880                              {pd product} {ergonomic}
   size_t OldSize                                  = 70254592                                  {product} {ergonomic}
    uintx ProfiledCodeHeapSize                     = 122027880                              {pd product} {ergonomic}
    uintx ReservedCodeCacheSize                    = 251658240                              {pd product} {ergonomic}
     bool SegmentedCodeCache                       = true                                      {product} {ergonomic}
   size_t SoftMaxHeapSize                          = 1073741824                             {manageable} {ergonomic}
     bool UseCompressedClassPointers               = true                           {product lp64_product} {ergonomic}
     bool UseCompressedOops                        = true                           {product lp64_product} {ergonomic}
     bool UseLargePagesIndividualAllocation        = false                                  {pd product} {ergonomic}
     bool UseParallelGC                            = true                                      {product} {command line}

Logging:
Log output configuration:
 #0: stdout all=off uptime,level,tags
 #1: stderr all=off uptime,level,tags

Environment Variables:
JAVA_HOME=C:\Program Files\Microsoft\jdk-11.0.20.8-hotspot\
PATH=C:\Program Files\Microsoft\jdk-11.0.20.8-hotspot\bin;C:\Windows\system32;C:\Windows;C:\Windows\System32\Wbem;C:\Windows\System32\WindowsPowerShell\v1.0\;C:\Windows\System32\OpenSSH\;C:\Program Files (x86)\NVIDIA Corporation\PhysX\Common;C:\Program Files\NVIDIA Corporation\NVIDIA NvDLISR;C:\Program Files\dotnet\;C:\WINDOWS\system32;C:\WINDOWS;C:\WINDOWS\System32\Wbem;C:\WINDOWS\System32\WindowsPowerShell\v1.0\;C:\WINDOWS\System32\OpenSSH\;C:\Program Files\Git\cmd;C:\ProgramData\chocolatey\bin;C:\Program Files\nodejs\;C:\Users\Admin\AppData\Local\Programs\Python\Python310\Scripts\;C:\Users\Admin\AppData\Local\Programs\Python\Python310\;C:\Users\Admin\AppData\Local\Microsoft\WindowsApps;C:\Users\Admin\AppData\Local\Programs\Microsoft VS Code\bin;C:\Users\Admin\.dotnet\tools;C:\flutter\bin;C:\Users\Admin\AppData\Local\GitHubDesktop\bin;C:\Program Files\Android\Android Studio\jbr\bin;C:\Users\Admin\AppData\Roaming\npm;C:\Users\Admin\AppData\Local\Android\Sdk;C:\Users\Admin\AppData\Local\Android\Sdk\platform-tools;
USERNAME=Admin
OS=Windows_NT
PROCESSOR_IDENTIFIER=AMD64 Family 25 Model 68 Stepping 1, AuthenticAMD
TMP=C:\Users\Admin\AppData\Local\Temp
TEMP=C:\Users\Admin\AppData\Local\Temp



---------------  S Y S T E M  ---------------

OS:
 Windows 11 , 64 bit Build 22621 (10.0.22621.2215)
OS uptime: 0 days 0:38 hours

CPU: total 16 (initial active 16) (16 cores per cpu, 2 threads per core) family 25 model 68 stepping 1 microcode 0x0, cx8, cmov, fxsr, ht, mmx, 3dnowpref, sse, sse2, sse3, ssse3, sse4a, sse4.1, sse4.2, popcnt, lzcnt, tsc, tscinvbit, avx, avx2, aes, clmul, bmi1, bmi2, adx, sha, fma, vzeroupper, clflush, clflushopt
Processor Information for all 16 processors :
  Max Mhz: 3201, Current Mhz: 3201, Mhz Limit: 3201

Memory: 4k page, system-wide physical 7421M (170M free)
TotalPageFile size 19709M (AvailPageFile size 5M)
current process WorkingSet (physical memory assigned to process): 137M, peak: 307M
current process commit charge ("private bytes"): 356M, peak: 378M

vm_info: OpenJDK 64-Bit Server VM (17.0.8.1+1) for windows-amd64 JRE (17.0.8.1+1), built on Aug 23 2023 15:29:17 by "admin" with MS VC++ 16.7 (VS2019)

END.
