#
# There is insufficient memory for the Java Runtime Environment to continue.
# Native memory allocation (malloc) failed to allocate 32744 bytes for ChunkPool::allocate
# Possible reasons:
#   The system is out of physical RAM or swap space
#   The process is running with CompressedOops enabled, and the Java Heap may be blocking the growth of the native heap
# Possible solutions:
#   Reduce memory load on the system
#   Increase physical memory or swap space
#   Check if swap backing store is full
#   Decrease Java heap size (-Xmx/-Xms)
#   Decrease number of Java threads
#   Decrease Java thread stack sizes (-Xss)
#   Set larger code cache with -XX:ReservedCodeCacheSize=
#   JVM is running with Unscaled Compressed Oops mode in which the Java heap is
#     placed in the first 4GB address space. The Java Heap base address is the
#     maximum limit for the native heap growth. Please use -XX:HeapBaseMinAddress
#     to set the Java Heap base and to place the Java Heap above 4GB virtual address.
# This output file may be truncated or incomplete.
#
#  Out of Memory Error (arena.cpp:81), pid=24380, tid=22768
#
# JRE version: OpenJDK Runtime Environment Microsoft-8035250 (11.0.20+8) (build 11.0.20+8-LTS)
# Java VM: OpenJDK 64-Bit Server VM Microsoft-8035250 (11.0.20+8-LTS, mixed mode, tiered, compressed oops, g1 gc, windows-amd64)
# No core dump will be written. Minidumps are not enabled by default on client versions of Windows
#

---------------  S U M M A R Y ------------

Command Line: -Xmx64m -Xms64m -Dorg.gradle.appname=gradlew org.gradle.wrapper.GradleWrapperMain app:installDebug -PreactNativeDevServerPort=8081

Host: AMD Ryzen 7 6800H with Radeon Graphics         , 16 cores, 7G,  Windows 11 , 64 bit Build 22621 (10.0.22621.2215)
Time: Sat Oct  7 09:25:42 2023 SE Asia Standard Time elapsed time: 49.048987 seconds (0d 0h 0m 49s)

---------------  T H R E A D  ---------------

Current thread (0x0000024437ed9000):  JavaThread "C1 CompilerThread0" daemon [_thread_in_native, id=22768, stack(0x0000006fc2d00000,0x0000006fc2e00000)]


Current CompileTask:
C1:  49049 1794       3       org.gradle.internal.logging.console.DefaultAnsiExecutor$AnsiContextImpl::newLine (82 bytes)

Stack: [0x0000006fc2d00000,0x0000006fc2e00000]
Native frames: (J=compiled Java code, j=interpreted, Vv=VM code, C=native code)
V  [jvm.dll+0x62e9da]
V  [jvm.dll+0x7bc4e9]
V  [jvm.dll+0x7bdbd8]
V  [jvm.dll+0x7be2b3]
V  [jvm.dll+0x2505a8]
V  [jvm.dll+0xc289b]
V  [jvm.dll+0xc2bfc]
V  [jvm.dll+0x253880]
V  [jvm.dll+0x12ab47]
V  [jvm.dll+0x129f04]
V  [jvm.dll+0x12be17]
V  [jvm.dll+0x2181ec]
V  [jvm.dll+0x21642b]
V  [jvm.dll+0x77efc0]
V  [jvm.dll+0x777db4]
V  [jvm.dll+0x62d845]
C  [ucrtbase.dll+0x29363]
C  [KERNEL32.DLL+0x1257d]
C  [ntdll.dll+0x5aa68]


---------------  P R O C E S S  ---------------

Threads class SMR info:
_java_thread_list=0x0000024438f6a530, length=13, elements={
0x000002441a31c000, 0x0000024437536000, 0x0000024437564000, 0x00000244375bb800,
0x00000244375bd800, 0x00000244375c0800, 0x0000024437ed0800, 0x0000024437ed9000,
0x0000024437edf800, 0x0000024438075800, 0x0000024438073000, 0x0000024438074000,
0x0000024438076800
}

Java Threads: ( => current thread )
  0x000002441a31c000 JavaThread "main" [_thread_in_native, id=23768, stack(0x0000006fc2000000,0x0000006fc2100000)]
  0x0000024437536000 JavaThread "Reference Handler" daemon [_thread_blocked, id=25024, stack(0x0000006fc2700000,0x0000006fc2800000)]
  0x0000024437564000 JavaThread "Finalizer" daemon [_thread_blocked, id=9508, stack(0x0000006fc2800000,0x0000006fc2900000)]
  0x00000244375bb800 JavaThread "Signal Dispatcher" daemon [_thread_blocked, id=4252, stack(0x0000006fc2900000,0x0000006fc2a00000)]
  0x00000244375bd800 JavaThread "Attach Listener" daemon [_thread_blocked, id=24568, stack(0x0000006fc2a00000,0x0000006fc2b00000)]
  0x00000244375c0800 JavaThread "Service Thread" daemon [_thread_blocked, id=14468, stack(0x0000006fc2b00000,0x0000006fc2c00000)]
  0x0000024437ed0800 JavaThread "C2 CompilerThread0" daemon [_thread_in_native, id=10648, stack(0x0000006fc2c00000,0x0000006fc2d00000)]
=>0x0000024437ed9000 JavaThread "C1 CompilerThread0" daemon [_thread_in_native, id=22768, stack(0x0000006fc2d00000,0x0000006fc2e00000)]
  0x0000024437edf800 JavaThread "Sweeper thread" daemon [_thread_blocked, id=22924, stack(0x0000006fc2e00000,0x0000006fc2f00000)]
  0x0000024438075800 JavaThread "Common-Cleaner" daemon [_thread_blocked, id=23164, stack(0x0000006fc3100000,0x0000006fc3200000)]
  0x0000024438073000 JavaThread "pool-1-thread-1" [_thread_blocked, id=8592, stack(0x0000006fc3700000,0x0000006fc3800000)]
  0x0000024438074000 JavaThread "DisconnectableInputStream source reader" daemon [_thread_in_native, id=14680, stack(0x0000006fc3600000,0x0000006fc3700000)]
  0x0000024438076800 JavaThread "Forward input" [_thread_blocked, id=9884, stack(0x0000006fc3800000,0x0000006fc3900000)]

Other Threads:
  0x0000024437534000 VMThread "VM Thread" [stack: 0x0000006fc2600000,0x0000006fc2700000] [id=3020]
  0x0000024438062800 WatcherThread [stack: 0x0000006fc3000000,0x0000006fc3100000] [id=25104]
  0x000002441c409000 GCTaskThread "GC Thread#0" [stack: 0x0000006fc2100000,0x0000006fc2200000] [id=22568]
  0x0000024438d17000 GCTaskThread "GC Thread#1" [stack: 0x0000006fc3500000,0x0000006fc3600000] [id=22464]
  0x000002441c411000 ConcurrentGCThread "G1 Main Marker" [stack: 0x0000006fc2200000,0x0000006fc2300000] [id=23408]
  0x000002441c414800 ConcurrentGCThread "G1 Conc#0" [stack: 0x0000006fc2300000,0x0000006fc2400000] [id=23448]
  0x000002441c493800 ConcurrentGCThread "G1 Refine#0" [stack: 0x0000006fc2400000,0x0000006fc2500000] [id=14892]
  0x000002441c494800 ConcurrentGCThread "G1 Young RemSet Sampling" [stack: 0x0000006fc2500000,0x0000006fc2600000] [id=23732]

Threads with active compile tasks:
C2 CompilerThread0    49087 1793       4       org.gradle.internal.logging.text.AbstractLineChoppingStyledTextOutput::doAppend (43 bytes)
C1 CompilerThread0    49087 1794       3       org.gradle.internal.logging.console.DefaultAnsiExecutor$AnsiContextImpl::newLine (82 bytes)

VM state:not at safepoint (normal execution)

VM Mutex/Monitor currently owned by a thread: None

Heap address: 0x00000000fc000000, size: 64 MB, Compressed Oops mode: 32-bit
Narrow klass base: 0x0000000000000000, Narrow klass shift: 3
Compressed class space size: 1073741824 Address: 0x0000000100000000

Heap:
 garbage-first heap   total 65536K, used 33678K [0x00000000fc000000, 0x0000000100000000)
  region size 1024K, 27 young (27648K), 3 survivors (3072K)
 Metaspace       used 16250K, capacity 16502K, committed 16768K, reserved 1064960K
  class space    used 1814K, capacity 1908K, committed 1920K, reserved 1048576K
Heap Regions: E=young(eden), S=young(survivor), O=old, HS=humongous(starts), HC=humongous(continues), CS=collection set, F=free, A=archive, TAMS=top-at-mark-start (previous, next)
|   0|0x00000000fc000000, 0x00000000fc100000, 0x00000000fc100000|100%|HS|  |TAMS 0x00000000fc000000, 0x00000000fc000000| Complete 
|   1|0x00000000fc100000, 0x00000000fc200000, 0x00000000fc200000|100%|HC|  |TAMS 0x00000000fc100000, 0x00000000fc100000| Complete 
|   2|0x00000000fc200000, 0x00000000fc300000, 0x00000000fc300000|100%|HC|  |TAMS 0x00000000fc200000, 0x00000000fc200000| Complete 
|   3|0x00000000fc300000, 0x00000000fc400000, 0x00000000fc400000|100%|HC|  |TAMS 0x00000000fc300000, 0x00000000fc300000| Complete 
|   4|0x00000000fc400000, 0x00000000fc500000, 0x00000000fc500000|100%| O|  |TAMS 0x00000000fc400000, 0x00000000fc400000| Untracked 
|   5|0x00000000fc500000, 0x00000000fc600000, 0x00000000fc600000|100%| O|  |TAMS 0x00000000fc500000, 0x00000000fc500000| Untracked 
|   6|0x00000000fc600000, 0x00000000fc6e3800, 0x00000000fc700000| 88%| O|  |TAMS 0x00000000fc600000, 0x00000000fc600000| Untracked 
|   7|0x00000000fc700000, 0x00000000fc700000, 0x00000000fc800000|  0%| F|  |TAMS 0x00000000fc700000, 0x00000000fc700000| Untracked 
|   8|0x00000000fc800000, 0x00000000fc800000, 0x00000000fc900000|  0%| F|  |TAMS 0x00000000fc800000, 0x00000000fc800000| Untracked 
|   9|0x00000000fc900000, 0x00000000fc900000, 0x00000000fca00000|  0%| F|  |TAMS 0x00000000fc900000, 0x00000000fc900000| Untracked 
|  10|0x00000000fca00000, 0x00000000fca00000, 0x00000000fcb00000|  0%| F|  |TAMS 0x00000000fca00000, 0x00000000fca00000| Untracked 
|  11|0x00000000fcb00000, 0x00000000fcb00000, 0x00000000fcc00000|  0%| F|  |TAMS 0x00000000fcb00000, 0x00000000fcb00000| Untracked 
|  12|0x00000000fcc00000, 0x00000000fcc00000, 0x00000000fcd00000|  0%| F|  |TAMS 0x00000000fcc00000, 0x00000000fcc00000| Untracked 
|  13|0x00000000fcd00000, 0x00000000fcd00000, 0x00000000fce00000|  0%| F|  |TAMS 0x00000000fcd00000, 0x00000000fcd00000| Untracked 
|  14|0x00000000fce00000, 0x00000000fce00000, 0x00000000fcf00000|  0%| F|  |TAMS 0x00000000fce00000, 0x00000000fce00000| Untracked 
|  15|0x00000000fcf00000, 0x00000000fcf00000, 0x00000000fd000000|  0%| F|  |TAMS 0x00000000fcf00000, 0x00000000fcf00000| Untracked 
|  16|0x00000000fd000000, 0x00000000fd000000, 0x00000000fd100000|  0%| F|  |TAMS 0x00000000fd000000, 0x00000000fd000000| Untracked 
|  17|0x00000000fd100000, 0x00000000fd100000, 0x00000000fd200000|  0%| F|  |TAMS 0x00000000fd100000, 0x00000000fd100000| Untracked 
|  18|0x00000000fd200000, 0x00000000fd200000, 0x00000000fd300000|  0%| F|  |TAMS 0x00000000fd200000, 0x00000000fd200000| Untracked 
|  19|0x00000000fd300000, 0x00000000fd300000, 0x00000000fd400000|  0%| F|  |TAMS 0x00000000fd300000, 0x00000000fd300000| Untracked 
|  20|0x00000000fd400000, 0x00000000fd400000, 0x00000000fd500000|  0%| F|  |TAMS 0x00000000fd400000, 0x00000000fd400000| Untracked 
|  21|0x00000000fd500000, 0x00000000fd500000, 0x00000000fd600000|  0%| F|  |TAMS 0x00000000fd500000, 0x00000000fd500000| Untracked 
|  22|0x00000000fd600000, 0x00000000fd600000, 0x00000000fd700000|  0%| F|  |TAMS 0x00000000fd600000, 0x00000000fd600000| Untracked 
|  23|0x00000000fd700000, 0x00000000fd700000, 0x00000000fd800000|  0%| F|  |TAMS 0x00000000fd700000, 0x00000000fd700000| Untracked 
|  24|0x00000000fd800000, 0x00000000fd800000, 0x00000000fd900000|  0%| F|  |TAMS 0x00000000fd800000, 0x00000000fd800000| Untracked 
|  25|0x00000000fd900000, 0x00000000fd900000, 0x00000000fda00000|  0%| F|  |TAMS 0x00000000fd900000, 0x00000000fd900000| Untracked 
|  26|0x00000000fda00000, 0x00000000fda00000, 0x00000000fdb00000|  0%| F|  |TAMS 0x00000000fda00000, 0x00000000fda00000| Untracked 
|  27|0x00000000fdb00000, 0x00000000fdb00000, 0x00000000fdc00000|  0%| F|  |TAMS 0x00000000fdb00000, 0x00000000fdb00000| Untracked 
|  28|0x00000000fdc00000, 0x00000000fdc00000, 0x00000000fdd00000|  0%| F|  |TAMS 0x00000000fdc00000, 0x00000000fdc00000| Untracked 
|  29|0x00000000fdd00000, 0x00000000fdd00000, 0x00000000fde00000|  0%| F|  |TAMS 0x00000000fdd00000, 0x00000000fdd00000| Untracked 
|  30|0x00000000fde00000, 0x00000000fde00000, 0x00000000fdf00000|  0%| F|  |TAMS 0x00000000fde00000, 0x00000000fde00000| Untracked 
|  31|0x00000000fdf00000, 0x00000000fdf00000, 0x00000000fe000000|  0%| F|  |TAMS 0x00000000fdf00000, 0x00000000fdf00000| Untracked 
|  32|0x00000000fe000000, 0x00000000fe000000, 0x00000000fe100000|  0%| F|  |TAMS 0x00000000fe000000, 0x00000000fe000000| Untracked 
|  33|0x00000000fe100000, 0x00000000fe100000, 0x00000000fe200000|  0%| F|  |TAMS 0x00000000fe100000, 0x00000000fe100000| Untracked 
|  34|0x00000000fe200000, 0x00000000fe200000, 0x00000000fe300000|  0%| F|  |TAMS 0x00000000fe200000, 0x00000000fe200000| Untracked 
|  35|0x00000000fe300000, 0x00000000fe300000, 0x00000000fe400000|  0%| F|  |TAMS 0x00000000fe300000, 0x00000000fe300000| Untracked 
|  36|0x00000000fe400000, 0x00000000fe400000, 0x00000000fe500000|  0%| F|  |TAMS 0x00000000fe400000, 0x00000000fe400000| Untracked 
|  37|0x00000000fe500000, 0x00000000fe600000, 0x00000000fe600000|100%| S|CS|TAMS 0x00000000fe500000, 0x00000000fe500000| Complete 
|  38|0x00000000fe600000, 0x00000000fe700000, 0x00000000fe700000|100%| S|CS|TAMS 0x00000000fe600000, 0x00000000fe600000| Complete 
|  39|0x00000000fe700000, 0x00000000fe800000, 0x00000000fe800000|100%| S|CS|TAMS 0x00000000fe700000, 0x00000000fe700000| Complete 
|  40|0x00000000fe800000, 0x00000000fe8e45b8, 0x00000000fe900000| 89%| E|  |TAMS 0x00000000fe800000, 0x00000000fe800000| Complete 
|  41|0x00000000fe900000, 0x00000000fea00000, 0x00000000fea00000|100%| E|CS|TAMS 0x00000000fe900000, 0x00000000fe900000| Complete 
|  42|0x00000000fea00000, 0x00000000feb00000, 0x00000000feb00000|100%| E|CS|TAMS 0x00000000fea00000, 0x00000000fea00000| Complete 
|  43|0x00000000feb00000, 0x00000000fec00000, 0x00000000fec00000|100%| E|CS|TAMS 0x00000000feb00000, 0x00000000feb00000| Complete 
|  44|0x00000000fec00000, 0x00000000fed00000, 0x00000000fed00000|100%| E|CS|TAMS 0x00000000fec00000, 0x00000000fec00000| Complete 
|  45|0x00000000fed00000, 0x00000000fee00000, 0x00000000fee00000|100%| E|CS|TAMS 0x00000000fed00000, 0x00000000fed00000| Complete 
|  46|0x00000000fee00000, 0x00000000fef00000, 0x00000000fef00000|100%| E|CS|TAMS 0x00000000fee00000, 0x00000000fee00000| Complete 
|  47|0x00000000fef00000, 0x00000000ff000000, 0x00000000ff000000|100%| E|CS|TAMS 0x00000000fef00000, 0x00000000fef00000| Complete 
|  48|0x00000000ff000000, 0x00000000ff100000, 0x00000000ff100000|100%| E|CS|TAMS 0x00000000ff000000, 0x00000000ff000000| Complete 
|  49|0x00000000ff100000, 0x00000000ff200000, 0x00000000ff200000|100%| E|CS|TAMS 0x00000000ff100000, 0x00000000ff100000| Complete 
|  50|0x00000000ff200000, 0x00000000ff300000, 0x00000000ff300000|100%| E|CS|TAMS 0x00000000ff200000, 0x00000000ff200000| Complete 
|  51|0x00000000ff300000, 0x00000000ff400000, 0x00000000ff400000|100%| E|CS|TAMS 0x00000000ff300000, 0x00000000ff300000| Complete 
|  52|0x00000000ff400000, 0x00000000ff500000, 0x00000000ff500000|100%| E|CS|TAMS 0x00000000ff400000, 0x00000000ff400000| Complete 
|  53|0x00000000ff500000, 0x00000000ff600000, 0x00000000ff600000|100%| E|CS|TAMS 0x00000000ff500000, 0x00000000ff500000| Complete 
|  54|0x00000000ff600000, 0x00000000ff700000, 0x00000000ff700000|100%| E|CS|TAMS 0x00000000ff600000, 0x00000000ff600000| Complete 
|  55|0x00000000ff700000, 0x00000000ff800000, 0x00000000ff800000|100%| E|CS|TAMS 0x00000000ff700000, 0x00000000ff700000| Complete 
|  56|0x00000000ff800000, 0x00000000ff900000, 0x00000000ff900000|100%| E|CS|TAMS 0x00000000ff800000, 0x00000000ff800000| Complete 
|  57|0x00000000ff900000, 0x00000000ffa00000, 0x00000000ffa00000|100%| E|CS|TAMS 0x00000000ff900000, 0x00000000ff900000| Complete 
|  58|0x00000000ffa00000, 0x00000000ffb00000, 0x00000000ffb00000|100%| E|CS|TAMS 0x00000000ffa00000, 0x00000000ffa00000| Complete 
|  59|0x00000000ffb00000, 0x00000000ffc00000, 0x00000000ffc00000|100%| E|CS|TAMS 0x00000000ffb00000, 0x00000000ffb00000| Complete 
|  60|0x00000000ffc00000, 0x00000000ffd00000, 0x00000000ffd00000|100%| E|CS|TAMS 0x00000000ffc00000, 0x00000000ffc00000| Complete 
|  61|0x00000000ffd00000, 0x00000000ffe00000, 0x00000000ffe00000|100%| E|CS|TAMS 0x00000000ffd00000, 0x00000000ffd00000| Complete 
|  62|0x00000000ffe00000, 0x00000000fff00000, 0x00000000fff00000|100%| E|CS|TAMS 0x00000000ffe00000, 0x00000000ffe00000| Complete 
|  63|0x00000000fff00000, 0x0000000100000000, 0x0000000100000000|100%| E|CS|TAMS 0x00000000fff00000, 0x00000000fff00000| Complete 

Card table byte_map: [0x000002441c350000,0x000002441c370000] _byte_map_base: 0x000002441bb70000

Marking Bits (Prev, Next): (CMBitMap*) 0x000002441c410108, (CMBitMap*) 0x000002441c410140
 Prev Bits: [0x00000244343f0000, 0x00000244344f0000)
 Next Bits: [0x00000244344f0000, 0x00000244345f0000)

Polling page: 0x000002441bbc0000

Metaspace:

Usage:
  Non-class:     14.25 MB capacity,    14.10 MB ( 99%) used,   134.43 KB ( <1%) free+waste,    23.00 KB ( <1%) overhead. 
      Class:      1.86 MB capacity,     1.77 MB ( 95%) used,    82.94 KB (  4%) free+waste,    11.00 KB ( <1%) overhead. 
       Both:     16.12 MB capacity,    15.87 MB ( 98%) used,   217.37 KB (  1%) free+waste,    34.00 KB ( <1%) overhead. 

Virtual space:
  Non-class space:       16.00 MB reserved,      14.50 MB ( 91%) committed 
      Class space:        1.00 GB reserved,       1.88 MB ( <1%) committed 
             Both:        1.02 GB reserved,      16.38 MB (  2%) committed 

Chunk freelists:
   Non-Class:  62.00 KB
       Class:  12.00 KB
        Both:  74.00 KB

MaxMetaspaceSize: 17179869184.00 GB
CompressedClassSpaceSize: 1.00 GB
Initial GC threshold: 20.80 MB
Current GC threshold: 20.80 MB
CDS: off

CodeHeap 'non-profiled nmethods': size=119168Kb used=600Kb max_used=600Kb free=118567Kb
 bounds [0x000002442c700000, 0x000002442c970000, 0x0000024433b60000]
CodeHeap 'profiled nmethods': size=119168Kb used=3427Kb max_used=3427Kb free=115740Kb
 bounds [0x00000244252a0000, 0x0000024425600000, 0x000002442c700000]
CodeHeap 'non-nmethods': size=7424Kb used=1164Kb max_used=2863Kb free=6259Kb
 bounds [0x0000024424b60000, 0x0000024424e30000, 0x00000244252a0000]
 total_blobs=2220 nmethods=1792 adapters=341
 compilation: enabled
              stopped_count=0, restarted_count=0
 full_count=0

Compilation events (20 events):
Event: 45.854 Thread 0x0000024437ed9000 1783       3       java.io.FileOutputStream::write (20 bytes)
Event: 45.855 Thread 0x0000024437ed9000 nmethod 1783 0x00000244255f6590 code [0x00000244255f6760, 0x00000244255f6908]
Event: 45.855 Thread 0x0000024437ed9000 1784       3       java.io.FileDescriptor$1::getAppend (5 bytes)
Event: 45.855 Thread 0x0000024437ed9000 nmethod 1784 0x00000244255f6a10 code [0x00000244255f6bc0, 0x00000244255f6cd8]
Event: 47.951 Thread 0x0000024437ed9000 1786       3       org.gradle.internal.logging.console.ProgressBar::trimToConsole (45 bytes)
Event: 47.951 Thread 0x0000024437ed9000 nmethod 1786 0x00000244255f6d90 code [0x00000244255f6f60, 0x00000244255f7288]
Event: 48.341 Thread 0x0000024437ed9000 1787       3       org.fusesource.jansi.Ansi::cursorDown (8 bytes)
Event: 48.342 Thread 0x0000024437ed9000 nmethod 1787 0x00000244255f7410 code [0x00000244255f75c0, 0x00000244255f76e8]
Event: 48.462 Thread 0x0000024437ed9000 1788       1       org.fusesource.jansi.Ansi$Erase::value (5 bytes)
Event: 48.463 Thread 0x0000024437ed9000 nmethod 1788 0x000002442c795f10 code [0x000002442c7960c0, 0x000002442c796178]
Event: 48.463 Thread 0x0000024437ed9000 1789       3       org.fusesource.jansi.Ansi::cursorLeft (8 bytes)
Event: 48.463 Thread 0x0000024437ed9000 nmethod 1789 0x00000244255f7790 code [0x00000244255f7940, 0x00000244255f7a68]
Event: 49.013 Thread 0x0000024437ed9000 1790       3       org.gradle.internal.serialize.kryo.KryoBackedDecoder::maybeReadBytes (11 bytes)
Event: 49.013 Thread 0x0000024437ed9000 nmethod 1790 0x00000244255f7b10 code [0x00000244255f7cc0, 0x00000244255f7e08]
Event: 49.013 Thread 0x0000024437ed9000 1791       3       com.esotericsoftware.kryo.io.Input::read (115 bytes)
Event: 49.014 Thread 0x0000024437ed9000 nmethod 1791 0x00000244255f7f10 code [0x00000244255f8120, 0x00000244255f8708]
Event: 49.015 Thread 0x0000024437ed9000 1792       3       java.io.ObjectInputStream$BlockDataInputStream::setBlockDataMode (74 bytes)
Event: 49.018 Thread 0x0000024437ed9000 nmethod 1792 0x00000244255f8890 code [0x00000244255f8a60, 0x00000244255f8d88]
Event: 49.043 Thread 0x0000024437ed0800 1793       4       org.gradle.internal.logging.text.AbstractLineChoppingStyledTextOutput::doAppend (43 bytes)
Event: 49.045 Thread 0x0000024437ed9000 1794       3       org.gradle.internal.logging.console.DefaultAnsiExecutor$AnsiContextImpl::newLine (82 bytes)

GC Heap History (2 events):
Event: 0.470 GC heap before
{Heap before GC invocations=0 (full 0):
 garbage-first heap   total 65536K, used 27648K [0x00000000fc000000, 0x0000000100000000)
  region size 1024K, 24 young (24576K), 0 survivors (0K)
 Metaspace       used 10174K, capacity 10382K, committed 10624K, reserved 1058816K
  class space    used 1017K, capacity 1097K, committed 1152K, reserved 1048576K
}
Event: 0.476 GC heap after
{Heap after GC invocations=1 (full 0):
 garbage-first heap   total 65536K, used 10126K [0x00000000fc000000, 0x0000000100000000)
  region size 1024K, 3 young (3072K), 3 survivors (3072K)
 Metaspace       used 10174K, capacity 10382K, committed 10624K, reserved 1058816K
  class space    used 1017K, capacity 1097K, committed 1152K, reserved 1048576K
}

Deoptimization events (20 events):
Event: 0.652 Thread 0x000002441a31c000 Uncommon trap: trap_request=0xffffff4d fr.pc=0x000002442c7631e0 relative=0x00000000000001a0
Event: 0.652 Thread 0x000002441a31c000 Uncommon trap: reason=unstable_if action=reinterpret pc=0x000002442c7631e0 method=java.util.HashMap.getNode(ILjava/lang/Object;)Ljava/util/HashMap$Node; @ 129 c2
Event: 0.652 Thread 0x000002441a31c000 DEOPT PACKING pc=0x000002442c7631e0 sp=0x0000006fc20fa390
Event: 0.652 Thread 0x000002441a31c000 DEOPT UNPACKING pc=0x0000024424baa1af sp=0x0000006fc20fa290 mode 2
Event: 0.749 Thread 0x000002441a31c000 Uncommon trap: trap_request=0xffffff4d fr.pc=0x000002442c7538ac relative=0x000000000000174c
Event: 0.749 Thread 0x000002441a31c000 Uncommon trap: reason=unstable_if action=reinterpret pc=0x000002442c7538ac method=java.io.WinNTFileSystem.normalize(Ljava/lang/String;)Ljava/lang/String; @ 128 c2
Event: 0.749 Thread 0x000002441a31c000 DEOPT PACKING pc=0x000002442c7538ac sp=0x0000006fc20f9e40
Event: 0.749 Thread 0x000002441a31c000 DEOPT UNPACKING pc=0x0000024424baa1af sp=0x0000006fc20f9e08 mode 2
Event: 0.885 Thread 0x000002441a31c000 Uncommon trap: trap_request=0xffffff4d fr.pc=0x000002442c73b674 relative=0x0000000000000534
Event: 0.885 Thread 0x000002441a31c000 Uncommon trap: reason=unstable_if action=reinterpret pc=0x000002442c73b674 method=java.lang.AbstractStringBuilder.append(Ljava/lang/String;)Ljava/lang/AbstractStringBuilder; @ 1 c2
Event: 0.885 Thread 0x000002441a31c000 DEOPT PACKING pc=0x000002442c73b674 sp=0x0000006fc20fc380
Event: 0.885 Thread 0x000002441a31c000 DEOPT UNPACKING pc=0x0000024424baa1af sp=0x0000006fc20fc2f0 mode 2
Event: 0.885 Thread 0x000002441a31c000 Uncommon trap: trap_request=0xffffff4d fr.pc=0x000002442c7367e0 relative=0x0000000000000520
Event: 0.885 Thread 0x000002441a31c000 Uncommon trap: reason=unstable_if action=reinterpret pc=0x000002442c7367e0 method=java.lang.AbstractStringBuilder.append(Ljava/lang/String;)Ljava/lang/AbstractStringBuilder; @ 1 c2
Event: 0.885 Thread 0x000002441a31c000 DEOPT PACKING pc=0x000002442c7367e0 sp=0x0000006fc20fc320
Event: 0.885 Thread 0x000002441a31c000 DEOPT UNPACKING pc=0x0000024424baa1af sp=0x0000006fc20fc2f8 mode 2
Event: 29.511 Thread 0x000002441a31c000 DEOPT PACKING pc=0x000002442550776a sp=0x0000006fc20fbf80
Event: 29.511 Thread 0x000002441a31c000 DEOPT UNPACKING pc=0x0000024424baa95e sp=0x0000006fc20fb418 mode 0
Event: 49.043 Thread 0x0000024438073000 DEOPT PACKING pc=0x0000024425564d81 sp=0x0000006fc37fe6a0
Event: 49.044 Thread 0x0000024438073000 DEOPT UNPACKING pc=0x0000024424baa95e sp=0x0000006fc37fdb70 mode 0

Classes redefined (0 events):
No events

Internal exceptions (15 events):
Event: 0.157 Thread 0x000002441a31c000 Exception <a 'java/lang/NoSuchMethodError'{0x00000000ffce2990}: 'int java.lang.invoke.DirectMethodHandle$Holder.invokeStaticInit(java.lang.Object, java.lang.Object)'> (0x00000000ffce2990) thrown at [s\src\hotspot\share\interpreter\linkResolver.cpp, line 773]
Event: 0.184 Thread 0x000002441a31c000 Exception <a 'java/lang/NoSuchMethodError'{0x00000000ffbb8f60}: 'int java.lang.invoke.DirectMethodHandle$Holder.invokeSpecial(java.lang.Object, java.lang.Object, java.lang.Object, java.lang.Object)'> (0x00000000ffbb8f60) thrown at [s\src\hotspot\share\interpreter\linkResolver.cpp, line 773]
Event: 0.188 Thread 0x000002441a31c000 Exception <a 'java/lang/NoSuchMethodError'{0x00000000ffbf1328}: 'int java.lang.invoke.DirectMethodHandle$Holder.invokeSpecialIFC(java.lang.Object, java.lang.Object, int)'> (0x00000000ffbf1328) thrown at [s\src\hotspot\share\interpreter\linkResolver.cpp, line 773]
Event: 0.456 Thread 0x000002441a31c000 Implicit null exception at 0x000002442c744b75 to 0x000002442c744d44
Event: 0.456 Thread 0x000002441a31c000 Implicit null exception at 0x000002442c72f0af to 0x000002442c72f11d
Event: 0.482 Thread 0x000002441a31c000 Exception <a 'java/lang/NoClassDefFoundError'{0x00000000fff19f10}: org/slf4j/impl/StaticMarkerBinder> (0x00000000fff19f10) thrown at [s\src\hotspot\share\classfile\systemDictionary.cpp, line 219]
Event: 0.494 Thread 0x000002441a31c000 Exception <a 'java/lang/NoSuchMethodError'{0x00000000ffe1b980}: 'java.lang.Object java.lang.invoke.DirectMethodHandle$Holder.invokeVirtual(java.lang.Object, java.lang.Object, java.lang.Object, java.lang.Object, java.lang.Object, java.lang.Object, java.lang.Object)'> (0x00000000ffe1b980) thrown at [s\src\hotspot\share\interpreter\linkResolver.cpp, line 773]
Event: 0.495 Thread 0x000002441a31c000 Exception <a 'java/lang/NoSuchMethodError'{0x00000000ffe2f560}: 'java.lang.Object java.lang.invoke.Invokers$Holder.invoker(java.lang.Object, java.lang.Object, java.lang.Object)'> (0x00000000ffe2f560) thrown at [s\src\hotspot\share\interpreter\linkResolver.cpp, line 773]
Event: 0.497 Thread 0x000002441a31c000 Exception <a 'java/lang/NoSuchMethodError'{0x00000000ffe40200}: 'void java.lang.invoke.DelegatingMethodHandle$Holder.delegate(java.lang.Object, java.lang.Object, int, java.lang.Object)'> (0x00000000ffe40200) thrown at [s\src\hotspot\share\interpreter\linkResolver.cpp, line 773]
Event: 0.603 Thread 0x000002441a31c000 Exception <a 'java/lang/NoSuchMethodError'{0x00000000ff4619a0}: 'java.lang.Object java.lang.invoke.DirectMethodHandle$Holder.invokeStaticInit(java.lang.Object, java.lang.Object, java.lang.Object)'> (0x00000000ff4619a0) thrown at [s\src\hotspot\share\interpreter\linkResolver.cpp, line 773]
Event: 0.662 Thread 0x000002441a31c000 Exception <a 'java/lang/NoSuchMethodError'{0x00000000fee3c708}: 'java.lang.Object java.lang.invoke.DirectMethodHandle$Holder.invokeStaticInit(java.lang.Object, int, int, int, int)'> (0x00000000fee3c708) thrown at [s\src\hotspot\share\interpreter\linkResolver.cpp, line 773]
Event: 0.752 Thread 0x000002441a31c000 Exception <a 'java/lang/NoSuchMethodError'{0x00000000fee60598}: 'java.lang.Object java.lang.invoke.DirectMethodHandle$Holder.invokeStaticInit(java.lang.Object, java.lang.Object, int, int, int, int)'> (0x00000000fee60598) thrown at [s\src\hotspot\share\interpreter\linkResolver.cpp, line 773]
Event: 0.884 Thread 0x000002441a31c000 Exception <a 'java/lang/NoSuchMethodError'{0x00000000fed4c980}: 'void java.lang.invoke.DirectMethodHandle$Holder.invokeSpecial(java.lang.Object, java.lang.Object)'> (0x00000000fed4c980) thrown at [s\src\hotspot\share\interpreter\linkResolver.cpp, line 773]
Event: 0.885 Thread 0x000002441a31c000 Implicit null exception at 0x000002442c73b174 to 0x000002442c73b65c
Event: 0.885 Thread 0x000002441a31c000 Implicit null exception at 0x000002442c7362f4 to 0x000002442c7367c8

Events (20 events):
Event: 5.633 loading class java/io/ObjectInputStream$HandleTable done
Event: 5.633 loading class java/io/ObjectInputStream$HandleTable$HandleList
Event: 5.633 loading class java/io/ObjectInputStream$HandleTable$HandleList done
Event: 5.633 loading class java/io/ObjectInputStream$ValidationList
Event: 5.633 loading class java/io/ObjectInputStream$ValidationList done
Event: 5.633 loading class java/io/ObjectInputFilter$Config
Event: 5.633 loading class java/io/ObjectInputFilter$Config done
Event: 5.633 loading class java/io/ObjectInputFilter
Event: 5.633 loading class java/io/ObjectInputFilter done
Event: 5.634 loading class jdk/internal/misc/JavaObjectInputFilterAccess
Event: 5.634 loading class jdk/internal/misc/JavaObjectInputFilterAccess done
Event: 5.634 loading class java/io/Bits
Event: 5.634 loading class java/io/Bits done
Event: 5.634 loading class org/gradle/internal/serialize/ExceptionReplacingObjectInputStream$1
Event: 5.634 loading class org/gradle/internal/serialize/ExceptionReplacingObjectInputStream$1 done
Event: 7.193 Thread 0x000002443811b000 Thread added: 0x000002443811b000
Event: 11.950 Thread 0x000002443811b000 Thread exited: 0x000002443811b000
Event: 11.950 Thread 0x000002441c4bd800 Thread exited: 0x000002441c4bd800
Event: 38.964 Thread 0x0000024439316800 Thread added: 0x0000024439316800
Event: 40.779 Thread 0x0000024439316800 Thread exited: 0x0000024439316800


Dynamic libraries:
0x00007ff6ff630000 - 0x00007ff6ff63d000 	C:\Program Files\Microsoft\jdk-11.0.20.8-hotspot\bin\java.exe
0x00007ffc72fd0000 - 0x00007ffc731e4000 	C:\WINDOWS\SYSTEM32\ntdll.dll
0x00007ffc720f0000 - 0x00007ffc721b4000 	C:\WINDOWS\System32\KERNEL32.DLL
0x00007ffc70640000 - 0x00007ffc709e4000 	C:\WINDOWS\System32\KERNELBASE.dll
0x00007ffc703b0000 - 0x00007ffc704c1000 	C:\WINDOWS\System32\ucrtbase.dll
0x00007ffbd9940000 - 0x00007ffbd9955000 	C:\Program Files\Microsoft\jdk-11.0.20.8-hotspot\bin\VCRUNTIME140.dll
0x00007ffbd9920000 - 0x00007ffbd9937000 	C:\Program Files\Microsoft\jdk-11.0.20.8-hotspot\bin\jli.dll
0x00007ffc71430000 - 0x00007ffc715de000 	C:\WINDOWS\System32\USER32.dll
0x00007ffc5fbe0000 - 0x00007ffc5fe73000 	C:\WINDOWS\WinSxS\amd64_microsoft.windows.common-controls_6595b64144ccf1df_6.0.22621.2215_none_270d72677387dfc3\COMCTL32.dll
0x00007ffc70380000 - 0x00007ffc703a6000 	C:\WINDOWS\System32\win32u.dll
0x00007ffc72060000 - 0x00007ffc72089000 	C:\WINDOWS\System32\GDI32.dll
0x00007ffc72ee0000 - 0x00007ffc72f87000 	C:\WINDOWS\System32\msvcrt.dll
0x00007ffc70bc0000 - 0x00007ffc70cd8000 	C:\WINDOWS\System32\gdi32full.dll
0x00007ffc70a60000 - 0x00007ffc70afa000 	C:\WINDOWS\System32\msvcp_win.dll
0x00007ffc71230000 - 0x00007ffc71261000 	C:\WINDOWS\System32\IMM32.DLL
0x00007ffbd9110000 - 0x00007ffbd91ab000 	C:\Program Files\Microsoft\jdk-11.0.20.8-hotspot\bin\msvcp140.dll
0x00007ffbd0700000 - 0x00007ffbd1296000 	C:\Program Files\Microsoft\jdk-11.0.20.8-hotspot\bin\server\jvm.dll
0x00007ffc71110000 - 0x00007ffc711c0000 	C:\WINDOWS\System32\ADVAPI32.dll
0x00007ffc71e10000 - 0x00007ffc71eb6000 	C:\WINDOWS\System32\sechost.dll
0x00007ffc70ec0000 - 0x00007ffc70fd7000 	C:\WINDOWS\System32\RPCRT4.dll
0x00007ffc71000000 - 0x00007ffc71008000 	C:\WINDOWS\System32\PSAPI.DLL
0x00007ffc69c90000 - 0x00007ffc69cc4000 	C:\WINDOWS\SYSTEM32\WINMM.dll
0x00007ffc412a0000 - 0x00007ffc412a9000 	C:\WINDOWS\SYSTEM32\WSOCK32.dll
0x00007ffc69ae0000 - 0x00007ffc69aea000 	C:\WINDOWS\SYSTEM32\VERSION.dll
0x00007ffc72810000 - 0x00007ffc72881000 	C:\WINDOWS\System32\WS2_32.dll
0x00007ffc6f3d0000 - 0x00007ffc6f3e8000 	C:\WINDOWS\SYSTEM32\kernel.appcore.dll
0x00007ffbf7f90000 - 0x00007ffbf7fa0000 	C:\Program Files\Microsoft\jdk-11.0.20.8-hotspot\bin\verify.dll
0x00007ffc67600000 - 0x00007ffc6782e000 	C:\WINDOWS\SYSTEM32\DBGHELP.DLL
0x00007ffc72a80000 - 0x00007ffc72e0a000 	C:\WINDOWS\System32\combase.dll
0x00007ffc72730000 - 0x00007ffc72807000 	C:\WINDOWS\System32\OLEAUT32.dll
0x00007ffc67940000 - 0x00007ffc67972000 	C:\WINDOWS\SYSTEM32\dbgcore.DLL
0x00007ffc70ce0000 - 0x00007ffc70d5a000 	C:\WINDOWS\System32\bcryptPrimitives.dll
0x00007ffbd98f0000 - 0x00007ffbd9918000 	C:\Program Files\Microsoft\jdk-11.0.20.8-hotspot\bin\java.dll
0x00007ffbd98c0000 - 0x00007ffbd98ca000 	C:\Program Files\Microsoft\jdk-11.0.20.8-hotspot\bin\jimage.dll
0x00007ffbd90f0000 - 0x00007ffbd9108000 	C:\Program Files\Microsoft\jdk-11.0.20.8-hotspot\bin\zip.dll
0x00007ffc715e0000 - 0x00007ffc71e03000 	C:\WINDOWS\System32\SHELL32.dll
0x00007ffc6e310000 - 0x00007ffc6ebfa000 	C:\WINDOWS\SYSTEM32\windows.storage.dll
0x00007ffc6e1d0000 - 0x00007ffc6e30e000 	C:\WINDOWS\SYSTEM32\wintypes.dll
0x00007ffc72980000 - 0x00007ffc72a73000 	C:\WINDOWS\System32\SHCORE.dll
0x00007ffc72920000 - 0x00007ffc7297e000 	C:\WINDOWS\System32\shlwapi.dll
0x00007ffc702b0000 - 0x00007ffc702d6000 	C:\WINDOWS\SYSTEM32\profapi.dll
0x00007ffbce7b0000 - 0x00007ffbce7c9000 	C:\Program Files\Microsoft\jdk-11.0.20.8-hotspot\bin\net.dll
0x00007ffc6b190000 - 0x00007ffc6b2c7000 	C:\WINDOWS\SYSTEM32\WINHTTP.dll
0x00007ffc6f850000 - 0x00007ffc6f8b9000 	C:\WINDOWS\system32\mswsock.dll
0x00007ffbce790000 - 0x00007ffbce7a3000 	C:\Program Files\Microsoft\jdk-11.0.20.8-hotspot\bin\nio.dll
0x00007ffc27190000 - 0x00007ffc271b7000 	C:\Users\Admin\.gradle\native\68d5fa5c4cc2d200863cafc0d521ce42e7d3e7ee720ec0a83991735586a16f82\windows-amd64\native-platform.dll
0x00007ffc6b700000 - 0x00007ffc6b70a000 	C:\Users\Admin\.gradle\native\jansi\1.18\windows64\jansi.dll
0x00007ffbcfae0000 - 0x00007ffbcfae9000 	C:\Program Files\Microsoft\jdk-11.0.20.8-hotspot\bin\management.dll
0x00007ffbcfad0000 - 0x00007ffbcfadb000 	C:\Program Files\Microsoft\jdk-11.0.20.8-hotspot\bin\management_ext.dll
0x00007ffc6fab0000 - 0x00007ffc6facb000 	C:\WINDOWS\SYSTEM32\CRYPTSP.dll
0x00007ffc6f340000 - 0x00007ffc6f375000 	C:\WINDOWS\system32\rsaenh.dll
0x00007ffc6f940000 - 0x00007ffc6f96c000 	C:\WINDOWS\SYSTEM32\USERENV.dll
0x00007ffc6fc40000 - 0x00007ffc6fc68000 	C:\WINDOWS\SYSTEM32\bcrypt.dll
0x00007ffc6faa0000 - 0x00007ffc6faac000 	C:\WINDOWS\SYSTEM32\CRYPTBASE.dll
0x00007ffc6ee60000 - 0x00007ffc6ee8d000 	C:\WINDOWS\SYSTEM32\IPHLPAPI.DLL
0x00007ffc72090000 - 0x00007ffc72099000 	C:\WINDOWS\System32\NSI.dll
0x00007ffc69df0000 - 0x00007ffc69e09000 	C:\WINDOWS\SYSTEM32\dhcpcsvc6.DLL
0x00007ffc69db0000 - 0x00007ffc69dcf000 	C:\WINDOWS\SYSTEM32\dhcpcsvc.DLL
0x00007ffc6ee90000 - 0x00007ffc6ef82000 	C:\WINDOWS\SYSTEM32\DNSAPI.dll

dbghelp: loaded successfully - version: 4.0.5 - missing functions: none
symbol engine: initialized successfully - sym options: 0x614 - pdb path: .;C:\Program Files\Microsoft\jdk-11.0.20.8-hotspot\bin;C:\WINDOWS\SYSTEM32;C:\WINDOWS\WinSxS\amd64_microsoft.windows.common-controls_6595b64144ccf1df_6.0.22621.2215_none_270d72677387dfc3;C:\Program Files\Microsoft\jdk-11.0.20.8-hotspot\bin\server;C:\Users\Admin\.gradle\native\68d5fa5c4cc2d200863cafc0d521ce42e7d3e7ee720ec0a83991735586a16f82\windows-amd64;C:\Users\Admin\.gradle\native\jansi\1.18\windows64

VM Arguments:
jvm_args: -Xmx64m -Xms64m -Dorg.gradle.appname=gradlew 
java_command: org.gradle.wrapper.GradleWrapperMain app:installDebug -PreactNativeDevServerPort=8081
java_class_path (initial): E:\Mobile App\App Mobile Course\thesis\thesisBiomedicalFinal\android\\gradle\wrapper\gradle-wrapper.jar
Launcher Type: SUN_STANDARD

[Global flags]
     intx CICompilerCount                          = 12                                        {product} {ergonomic}
     uint ConcGCThreads                            = 3                                         {product} {ergonomic}
     uint G1ConcRefinementThreads                  = 13                                        {product} {ergonomic}
   size_t G1HeapRegionSize                         = 1048576                                   {product} {ergonomic}
    uintx GCDrainStackTargetSize                   = 64                                        {product} {ergonomic}
   size_t InitialHeapSize                          = 67108864                                  {product} {command line}
   size_t MarkStackSize                            = 4194304                                   {product} {ergonomic}
   size_t MaxHeapSize                              = 67108864                                  {product} {command line}
   size_t MaxNewSize                               = 39845888                                  {product} {ergonomic}
   size_t MinHeapDeltaBytes                        = 1048576                                   {product} {ergonomic}
    uintx NonNMethodCodeHeapSize                   = 7594288                                {pd product} {ergonomic}
    uintx NonProfiledCodeHeapSize                  = 122031976                              {pd product} {ergonomic}
    uintx ProfiledCodeHeapSize                     = 122031976                              {pd product} {ergonomic}
    uintx ReservedCodeCacheSize                    = 251658240                              {pd product} {ergonomic}
     bool SegmentedCodeCache                       = true                                      {product} {ergonomic}
     bool UseCompressedClassPointers               = true                                 {lp64_product} {ergonomic}
     bool UseCompressedOops                        = true                                 {lp64_product} {ergonomic}
     bool UseG1GC                                  = true                                      {product} {ergonomic}
     bool UseLargePagesIndividualAllocation        = false                                  {pd product} {ergonomic}

Logging:
Log output configuration:
 #0: stdout all=warning uptime,level,tags
 #1: stderr all=off uptime,level,tags

Environment Variables:
JAVA_HOME=C:\Program Files\Microsoft\jdk-11.0.20.8-hotspot\
CLASSPATH=E:\Mobile App\App Mobile Course\thesis\thesisBiomedicalFinal\android\\gradle\wrapper\gradle-wrapper.jar
PATH=E:\Mobile App\App Mobile Course\thesis\thesisBiomedicalFinal\node_modules\.bin;E:\Mobile App\App Mobile Course\thesis\node_modules\.bin;E:\Mobile App\App Mobile Course\node_modules\.bin;E:\Mobile App\node_modules\.bin;E:\node_modules\.bin;C:\Users\Admin\AppData\Roaming\npm\node_modules\npm\node_modules\@npmcli\run-script\lib\node-gyp-bin;C:\Program Files\Microsoft\jdk-11.0.20.8-hotspot\bin;C:\Windows\system32;C:\Windows;C:\Windows\System32\Wbem;C:\Windows\System32\WindowsPowerShell\v1.0\;C:\Windows\System32\OpenSSH\;C:\Program Files (x86)\NVIDIA Corporation\PhysX\Common;C:\Program Files\NVIDIA Corporation\NVIDIA NvDLISR;C:\Program Files\dotnet\;C:\WINDOWS\system32;C:\WINDOWS;C:\WINDOWS\System32\Wbem;C:\WINDOWS\System32\WindowsPowerShell\v1.0\;C:\WINDOWS\System32\OpenSSH\;C:\Program Files\Git\cmd;C:\ProgramData\chocolatey\bin;C:\Program Files\nodejs\;C:\Users\Admin\AppData\Local\Programs\Python\Python310\Scripts\;C:\Users\Admin\AppData\Local\Programs\Python\Python310\;C:\Users\Admin\AppData\Local\Microsoft\WindowsApps;C:\Users\Admin\AppData\Local\Programs\Microsoft VS Code\bin;C:\Users\Admin\.dotnet\tools;C:\flutter\bin;C:\Users\Admin\AppData\Local\GitHubDesktop\bin;C:\Program Files\Android\Android Studio\jbr\bin;C:\Users\Admin\AppData\Roaming\npm;C:\Users\Admin\AppData\Local\Android\Sdk;C:\Users\Admin\AppData\Local\Android\Sdk\platform-tools;
USERNAME=Admin
LANG=en_US.UTF-8
OS=Windows_NT
PROCESSOR_IDENTIFIER=AMD64 Family 25 Model 68 Stepping 1, AuthenticAMD
TMP=C:\Users\Admin\AppData\Local\Temp
TEMP=C:\Users\Admin\AppData\Local\Temp



---------------  S Y S T E M  ---------------

OS: Windows 11 , 64 bit Build 22621 (10.0.22621.2215)
OS uptime: 0 days 0:53 hours

CPU:total 16 (initial active 16) (16 cores per cpu, 2 threads per core) family 25 model 68 stepping 1 microcode 0x0, cmov, cx8, fxsr, mmx, sse, sse2, sse3, ssse3, sse4.1, sse4.2, popcnt, avx, avx2, aes, clmul, mmxext, 3dnowpref, lzcnt, sse4a, ht, tsc, tscinvbit, tscinv, bmi1, bmi2, adx, sha, fma

Memory: 4k page, system-wide physical 7421M (183M free)
TotalPageFile size 19709M (AvailPageFile size 13M)
current process WorkingSet (physical memory assigned to process): 26M, peak: 94M
current process commit charge ("private bytes"): 172M, peak: 177M

vm_info: OpenJDK 64-Bit Server VM (11.0.20+8-LTS) for windows-amd64 JRE (11.0.20+8-LTS), built on Jul  7 2023 17:05:21 by "MicrosoftCorporation" with MS VC++ 15.9 (VS2017)

END.
