#
# There is insufficient memory for the Java Runtime Environment to continue.
# Native memory allocation (malloc) failed to allocate 581776 bytes for Chunk::new
# Possible reasons:
#   The system is out of physical RAM or swap space
#   The process is running with CompressedOops enabled, and the Java Heap may be blocking the growth of the native heap
# Possible solutions:
#   Reduce memory load on the system
#   Increase physical memory or swap space
#   Check if swap backing store is full
#   Decrease Java heap size (-Xmx/-Xms)
#   Decrease number of Java threads
#   Decrease Java thread stack sizes (-Xss)
#   Set larger code cache with -XX:ReservedCodeCacheSize=
#   JVM is running with Unscaled Compressed Oops mode in which the Java heap is
#     placed in the first 4GB address space. The Java Heap base address is the
#     maximum limit for the native heap growth. Please use -XX:HeapBaseMinAddress
#     to set the Java Heap base and to place the Java Heap above 4GB virtual address.
# This output file may be truncated or incomplete.
#
#  Out of Memory Error (arena.cpp:197), pid=23736, tid=7120
#
# JRE version: OpenJDK Runtime Environment Microsoft-8035250 (11.0.20+8) (build 11.0.20+8-LTS)
# Java VM: OpenJDK 64-Bit Server VM Microsoft-8035250 (11.0.20+8-LTS, mixed mode, tiered, compressed oops, g1 gc, windows-amd64)
# No core dump will be written. Minidumps are not enabled by default on client versions of Windows
#

---------------  S U M M A R Y ------------

Command Line: org.jetbrains.kotlin.cli.jvm.K2JVMCompiler @E:\Mobile App\App Mobile Course\thesis\thesisBiomedicalFinal\node_modules\react-native-screens\android\build\20231007_4375657577865355641.compiler.options

Host: AMD Ryzen 7 6800H with Radeon Graphics         , 16 cores, 7G,  Windows 11 , 64 bit Build 22621 (10.0.22621.2215)
Time: Sat Oct  7 17:10:48 2023 SE Asia Standard Time elapsed time: 12.324703 seconds (0d 0h 0m 12s)

---------------  T H R E A D  ---------------

Current thread (0x000001869fce7000):  JavaThread "C2 CompilerThread1" daemon [_thread_in_native, id=7120, stack(0x00000049a8900000,0x00000049a8a00000)]


Current CompileTask:
C2:  12324 8170       4       org.jetbrains.kotlin.types.TypeSubstitutor::substitute (55 bytes)

Stack: [0x00000049a8900000,0x00000049a8a00000]
Native frames: (J=compiled Java code, j=interpreted, Vv=VM code, C=native code)
V  [jvm.dll+0x62e9da]
V  [jvm.dll+0x7bc4e9]
V  [jvm.dll+0x7bdbd8]
V  [jvm.dll+0x7be2b3]
V  [jvm.dll+0x2505a8]
V  [jvm.dll+0xc263c]
V  [jvm.dll+0xc2bfc]
V  [jvm.dll+0x35fdc7]
V  [jvm.dll+0x19eeb3]
V  [jvm.dll+0x2098c5]
V  [jvm.dll+0x20893d]
V  [jvm.dll+0x18a7de]
V  [jvm.dll+0x2181ec]
V  [jvm.dll+0x21642b]
V  [jvm.dll+0x77efc0]
V  [jvm.dll+0x777db4]
V  [jvm.dll+0x62d845]
C  [ucrtbase.dll+0x29363]
C  [KERNEL32.DLL+0x1257d]
C  [ntdll.dll+0x5aa68]


---------------  P R O C E S S  ---------------

Threads class SMR info:
_java_thread_list=0x00000186a0f40400, length=14, elements={
0x00000186fa82e000, 0x000001869bf0a000, 0x000001869bf38800, 0x000001869c89d000,
0x000001869c89f000, 0x000001869c8a0000, 0x000001869c8a1800, 0x000001869c8a2800,
0x000001869c84c000, 0x000001869ca42000, 0x000001869ca4c000, 0x000001869ca50000,
0x000001869cdf5800, 0x000001869fce7000
}

Java Threads: ( => current thread )
  0x00000186fa82e000 JavaThread "main" [_thread_in_Java, id=23000, stack(0x00000049a7100000,0x00000049a7200000)]
  0x000001869bf0a000 JavaThread "Reference Handler" daemon [_thread_blocked, id=22928, stack(0x00000049a7800000,0x00000049a7900000)]
  0x000001869bf38800 JavaThread "Finalizer" daemon [_thread_blocked, id=4020, stack(0x00000049a7900000,0x00000049a7a00000)]
  0x000001869c89d000 JavaThread "Signal Dispatcher" daemon [_thread_blocked, id=2040, stack(0x00000049a7a00000,0x00000049a7b00000)]
  0x000001869c89f000 JavaThread "Attach Listener" daemon [_thread_blocked, id=26376, stack(0x00000049a7b00000,0x00000049a7c00000)]
  0x000001869c8a0000 JavaThread "Service Thread" daemon [_thread_blocked, id=23220, stack(0x00000049a7c00000,0x00000049a7d00000)]
  0x000001869c8a1800 JavaThread "C2 CompilerThread0" daemon [_thread_in_native, id=2588, stack(0x00000049a7d00000,0x00000049a7e00000)]
  0x000001869c8a2800 JavaThread "C1 CompilerThread0" daemon [_thread_blocked, id=26404, stack(0x00000049a7e00000,0x00000049a7f00000)]
  0x000001869c84c000 JavaThread "Sweeper thread" daemon [_thread_blocked, id=24888, stack(0x00000049a7f00000,0x00000049a8000000)]
  0x000001869ca42000 JavaThread "Common-Cleaner" daemon [_thread_blocked, id=13036, stack(0x00000049a8100000,0x00000049a8200000)]
  0x000001869ca4c000 JavaThread "C1 CompilerThread1" daemon [_thread_blocked, id=22000, stack(0x00000049a8200000,0x00000049a8300000)]
  0x000001869ca50000 JavaThread "C1 CompilerThread2" daemon [_thread_blocked, id=9412, stack(0x00000049a8400000,0x00000049a8500000)]
  0x000001869cdf5800 JavaThread "C1 CompilerThread3" daemon [_thread_blocked, id=15252, stack(0x00000049a8500000,0x00000049a8600000)]
=>0x000001869fce7000 JavaThread "C2 CompilerThread1" daemon [_thread_in_native, id=7120, stack(0x00000049a8900000,0x00000049a8a00000)]

Other Threads:
  0x000001869bf09000 VMThread "VM Thread" [stack: 0x00000049a7700000,0x00000049a7800000] [id=26372]
  0x000001869ca39800 WatcherThread [stack: 0x00000049a8000000,0x00000049a8100000] [id=2792]
  0x00000186fca5a000 GCTaskThread "GC Thread#0" [stack: 0x00000049a7200000,0x00000049a7300000] [id=6564]
  0x000001869d07b800 GCTaskThread "GC Thread#1" [stack: 0x00000049a8600000,0x00000049a8700000] [id=1784]
  0x000001869e9d4800 GCTaskThread "GC Thread#2" [stack: 0x00000049a8800000,0x00000049a8900000] [id=23972]
  0x00000186fca87800 ConcurrentGCThread "G1 Main Marker" [stack: 0x00000049a7300000,0x00000049a7400000] [id=6612]
  0x00000186fca89000 ConcurrentGCThread "G1 Conc#0" [stack: 0x00000049a7400000,0x00000049a7500000] [id=25704]
  0x000001869dddf800 ConcurrentGCThread "G1 Conc#1" [stack: 0x00000049a8300000,0x00000049a8400000] [id=17752]
  0x000001869cc38000 ConcurrentGCThread "G1 Conc#2" [stack: 0x00000049a8700000,0x00000049a8800000] [id=23296]
  0x000001869bd76800 ConcurrentGCThread "G1 Refine#0" [stack: 0x00000049a7500000,0x00000049a7600000] [id=25532]
  0x000001869e57e800 ConcurrentGCThread "G1 Refine#1" [stack: 0x00000049a8a00000,0x00000049a8b00000] [id=22456]
  0x00000186a078c800 ConcurrentGCThread "G1 Refine#2" [stack: 0x00000049a8b00000,0x00000049a8c00000] [id=24180]
  0x000001869bd77000 ConcurrentGCThread "G1 Young RemSet Sampling" [stack: 0x00000049a7600000,0x00000049a7700000] [id=23648]

Threads with active compile tasks:
C2 CompilerThread0    12349 8171       4       org.jetbrains.kotlin.types.TypeSubstitutor::substitute (49 bytes)
C2 CompilerThread1    12349 8170       4       org.jetbrains.kotlin.types.TypeSubstitutor::substitute (55 bytes)

VM state:not at safepoint (normal execution)

VM Mutex/Monitor currently owned by a thread: None

Heap address: 0x000000008c000000, size: 1856 MB, Compressed Oops mode: 32-bit
Narrow klass base: 0x0000000000000000, Narrow klass shift: 3
Compressed class space size: 1073741824 Address: 0x0000000100000000

Heap:
 garbage-first heap   total 182272K, used 58157K [0x000000008c000000, 0x0000000100000000)
  region size 1024K, 15 young (15360K), 7 survivors (7168K)
 Metaspace       used 61013K, capacity 61797K, committed 62080K, reserved 1103872K
  class space    used 6894K, capacity 7238K, committed 7296K, reserved 1048576K
Heap Regions: E=young(eden), S=young(survivor), O=old, HS=humongous(starts), HC=humongous(continues), CS=collection set, F=free, A=archive, TAMS=top-at-mark-start (previous, next)
|   0|0x000000008c000000, 0x000000008c100000, 0x000000008c100000|100%|HS|  |TAMS 0x000000008c100000, 0x000000008c000000| Complete 
|   1|0x000000008c100000, 0x000000008c200000, 0x000000008c200000|100%|HC|  |TAMS 0x000000008c200000, 0x000000008c100000| Complete 
|   2|0x000000008c200000, 0x000000008c300000, 0x000000008c300000|100%|HC|  |TAMS 0x000000008c300000, 0x000000008c200000| Complete 
|   3|0x000000008c300000, 0x000000008c400000, 0x000000008c400000|100%|HS|  |TAMS 0x000000008c400000, 0x000000008c300000| Complete 
|   4|0x000000008c400000, 0x000000008c500000, 0x000000008c500000|100%|HC|  |TAMS 0x000000008c500000, 0x000000008c400000| Complete 
|   5|0x000000008c500000, 0x000000008c600000, 0x000000008c600000|100%|HC|  |TAMS 0x000000008c600000, 0x000000008c500000| Complete 
|   6|0x000000008c600000, 0x000000008c700000, 0x000000008c700000|100%|HS|  |TAMS 0x000000008c700000, 0x000000008c600000| Complete 
|   7|0x000000008c700000, 0x000000008c800000, 0x000000008c800000|100%|HC|  |TAMS 0x000000008c800000, 0x000000008c700000| Complete 
|   8|0x000000008c800000, 0x000000008c900000, 0x000000008c900000|100%| O|  |TAMS 0x000000008c900000, 0x000000008c800000| Untracked 
|   9|0x000000008c900000, 0x000000008ca00000, 0x000000008ca00000|100%| O|  |TAMS 0x000000008ca00000, 0x000000008c900000| Untracked 
|  10|0x000000008ca00000, 0x000000008cb00000, 0x000000008cb00000|100%| O|  |TAMS 0x000000008cb00000, 0x000000008ca00000| Untracked 
|  11|0x000000008cb00000, 0x000000008cc00000, 0x000000008cc00000|100%| O|  |TAMS 0x000000008cc00000, 0x000000008cb00000| Untracked 
|  12|0x000000008cc00000, 0x000000008cd00000, 0x000000008cd00000|100%| O|  |TAMS 0x000000008cd00000, 0x000000008cc00000| Untracked 
|  13|0x000000008cd00000, 0x000000008ce00000, 0x000000008ce00000|100%| O|  |TAMS 0x000000008ce00000, 0x000000008cd00000| Untracked 
|  14|0x000000008ce00000, 0x000000008cf00000, 0x000000008cf00000|100%| O|  |TAMS 0x000000008cf00000, 0x000000008ce00000| Untracked 
|  15|0x000000008cf00000, 0x000000008d000000, 0x000000008d000000|100%| O|  |TAMS 0x000000008d000000, 0x000000008cf00000| Untracked 
|  16|0x000000008d000000, 0x000000008d100000, 0x000000008d100000|100%| O|  |TAMS 0x000000008d100000, 0x000000008d000000| Untracked 
|  17|0x000000008d100000, 0x000000008d200000, 0x000000008d200000|100%| O|  |TAMS 0x000000008d200000, 0x000000008d100000| Untracked 
|  18|0x000000008d200000, 0x000000008d300000, 0x000000008d300000|100%| O|  |TAMS 0x000000008d300000, 0x000000008d200000| Untracked 
|  19|0x000000008d300000, 0x000000008d400000, 0x000000008d400000|100%| O|  |TAMS 0x000000008d400000, 0x000000008d300000| Untracked 
|  20|0x000000008d400000, 0x000000008d500000, 0x000000008d500000|100%| O|  |TAMS 0x000000008d500000, 0x000000008d400000| Untracked 
|  21|0x000000008d500000, 0x000000008d600000, 0x000000008d600000|100%| O|  |TAMS 0x000000008d600000, 0x000000008d500000| Untracked 
|  22|0x000000008d600000, 0x000000008d700000, 0x000000008d700000|100%| O|  |TAMS 0x000000008d700000, 0x000000008d600000| Untracked 
|  23|0x000000008d700000, 0x000000008d800000, 0x000000008d800000|100%| O|  |TAMS 0x000000008d800000, 0x000000008d700000| Untracked 
|  24|0x000000008d800000, 0x000000008d900000, 0x000000008d900000|100%| O|  |TAMS 0x000000008d900000, 0x000000008d800000| Untracked 
|  25|0x000000008d900000, 0x000000008da00000, 0x000000008da00000|100%| O|  |TAMS 0x000000008da00000, 0x000000008d900000| Untracked 
|  26|0x000000008da00000, 0x000000008db00000, 0x000000008db00000|100%| O|  |TAMS 0x000000008db00000, 0x000000008da00000| Untracked 
|  27|0x000000008db00000, 0x000000008dc00000, 0x000000008dc00000|100%| O|  |TAMS 0x000000008dc00000, 0x000000008db00000| Untracked 
|  28|0x000000008dc00000, 0x000000008dd00000, 0x000000008dd00000|100%| O|  |TAMS 0x000000008dd00000, 0x000000008dc00000| Untracked 
|  29|0x000000008dd00000, 0x000000008de00000, 0x000000008de00000|100%| O|  |TAMS 0x000000008de00000, 0x000000008dd00000| Untracked 
|  30|0x000000008de00000, 0x000000008df00000, 0x000000008df00000|100%| O|  |TAMS 0x000000008df00000, 0x000000008de00000| Untracked 
|  31|0x000000008df00000, 0x000000008e000000, 0x000000008e000000|100%| O|  |TAMS 0x000000008e000000, 0x000000008df00000| Untracked 
|  32|0x000000008e000000, 0x000000008e100000, 0x000000008e100000|100%| O|  |TAMS 0x000000008e100000, 0x000000008e000000| Untracked 
|  33|0x000000008e100000, 0x000000008e200000, 0x000000008e200000|100%| O|  |TAMS 0x000000008e200000, 0x000000008e100000| Untracked 
|  34|0x000000008e200000, 0x000000008e300000, 0x000000008e300000|100%| O|  |TAMS 0x000000008e300000, 0x000000008e200000| Untracked 
|  35|0x000000008e300000, 0x000000008e400000, 0x000000008e400000|100%| O|  |TAMS 0x000000008e400000, 0x000000008e300000| Untracked 
|  36|0x000000008e400000, 0x000000008e500000, 0x000000008e500000|100%| O|  |TAMS 0x000000008e4bfe00, 0x000000008e400000| Untracked 
|  37|0x000000008e500000, 0x000000008e600000, 0x000000008e600000|100%| O|  |TAMS 0x000000008e500000, 0x000000008e500000| Untracked 
|  38|0x000000008e600000, 0x000000008e700000, 0x000000008e700000|100%| O|  |TAMS 0x000000008e600000, 0x000000008e600000| Untracked 
|  39|0x000000008e700000, 0x000000008e800000, 0x000000008e800000|100%| O|  |TAMS 0x000000008e700000, 0x000000008e700000| Untracked 
|  40|0x000000008e800000, 0x000000008e900000, 0x000000008e900000|100%| O|  |TAMS 0x000000008e800000, 0x000000008e800000| Untracked 
|  41|0x000000008e900000, 0x000000008ea00000, 0x000000008ea00000|100%| O|  |TAMS 0x000000008e900000, 0x000000008e900000| Untracked 
|  42|0x000000008ea00000, 0x000000008eacb400, 0x000000008eb00000| 79%| O|  |TAMS 0x000000008ea00000, 0x000000008ea00000| Untracked 
|  43|0x000000008eb00000, 0x000000008eb00000, 0x000000008ec00000|  0%| F|  |TAMS 0x000000008eb00000, 0x000000008eb00000| Untracked 
|  44|0x000000008ec00000, 0x000000008ec00000, 0x000000008ed00000|  0%| F|  |TAMS 0x000000008ec00000, 0x000000008ec00000| Untracked 
|  45|0x000000008ed00000, 0x000000008ed00000, 0x000000008ee00000|  0%| F|  |TAMS 0x000000008ed00000, 0x000000008ed00000| Untracked 
|  46|0x000000008ee00000, 0x000000008ee00000, 0x000000008ef00000|  0%| F|  |TAMS 0x000000008ee00000, 0x000000008ee00000| Untracked 
|  47|0x000000008ef00000, 0x000000008ef00000, 0x000000008f000000|  0%| F|  |TAMS 0x000000008ef00000, 0x000000008ef00000| Untracked 
|  48|0x000000008f000000, 0x000000008f000000, 0x000000008f100000|  0%| F|  |TAMS 0x000000008f000000, 0x000000008f000000| Untracked 
|  49|0x000000008f100000, 0x000000008f100000, 0x000000008f200000|  0%| F|  |TAMS 0x000000008f100000, 0x000000008f100000| Untracked 
|  50|0x000000008f200000, 0x000000008f200000, 0x000000008f300000|  0%| F|  |TAMS 0x000000008f200000, 0x000000008f200000| Untracked 
|  51|0x000000008f300000, 0x000000008f300000, 0x000000008f400000|  0%| F|  |TAMS 0x000000008f300000, 0x000000008f300000| Untracked 
|  52|0x000000008f400000, 0x000000008f400000, 0x000000008f500000|  0%| F|  |TAMS 0x000000008f400000, 0x000000008f400000| Untracked 
|  53|0x000000008f500000, 0x000000008f500000, 0x000000008f600000|  0%| F|  |TAMS 0x000000008f500000, 0x000000008f500000| Untracked 
|  54|0x000000008f600000, 0x000000008f600000, 0x000000008f700000|  0%| F|  |TAMS 0x000000008f600000, 0x000000008f600000| Untracked 
|  55|0x000000008f700000, 0x000000008f700000, 0x000000008f800000|  0%| F|  |TAMS 0x000000008f700000, 0x000000008f700000| Untracked 
|  56|0x000000008f800000, 0x000000008f800000, 0x000000008f900000|  0%| F|  |TAMS 0x000000008f800000, 0x000000008f800000| Untracked 
|  57|0x000000008f900000, 0x000000008f900000, 0x000000008fa00000|  0%| F|  |TAMS 0x000000008f900000, 0x000000008f900000| Untracked 
|  58|0x000000008fa00000, 0x000000008fa00000, 0x000000008fb00000|  0%| F|  |TAMS 0x000000008fa00000, 0x000000008fa00000| Untracked 
|  59|0x000000008fb00000, 0x000000008fb00000, 0x000000008fc00000|  0%| F|  |TAMS 0x000000008fb00000, 0x000000008fb00000| Untracked 
|  60|0x000000008fc00000, 0x000000008fc00000, 0x000000008fd00000|  0%| F|  |TAMS 0x000000008fc00000, 0x000000008fc00000| Untracked 
|  61|0x000000008fd00000, 0x000000008fd00000, 0x000000008fe00000|  0%| F|  |TAMS 0x000000008fd00000, 0x000000008fd00000| Untracked 
|  62|0x000000008fe00000, 0x000000008fe00000, 0x000000008ff00000|  0%| F|  |TAMS 0x000000008fe00000, 0x000000008fe00000| Untracked 
|  63|0x000000008ff00000, 0x000000008ff00000, 0x0000000090000000|  0%| F|  |TAMS 0x000000008ff00000, 0x000000008ff00000| Untracked 
|  64|0x0000000090000000, 0x0000000090000000, 0x0000000090100000|  0%| F|  |TAMS 0x0000000090000000, 0x0000000090000000| Untracked 
|  65|0x0000000090100000, 0x0000000090100000, 0x0000000090200000|  0%| F|  |TAMS 0x0000000090100000, 0x0000000090100000| Untracked 
|  66|0x0000000090200000, 0x0000000090200000, 0x0000000090300000|  0%| F|  |TAMS 0x0000000090200000, 0x0000000090200000| Untracked 
|  67|0x0000000090300000, 0x0000000090300000, 0x0000000090400000|  0%| F|  |TAMS 0x0000000090300000, 0x0000000090300000| Untracked 
|  68|0x0000000090400000, 0x0000000090400000, 0x0000000090500000|  0%| F|  |TAMS 0x0000000090400000, 0x0000000090400000| Untracked 
|  69|0x0000000090500000, 0x0000000090500000, 0x0000000090600000|  0%| F|  |TAMS 0x0000000090500000, 0x0000000090500000| Untracked 
|  70|0x0000000090600000, 0x0000000090600000, 0x0000000090700000|  0%| F|  |TAMS 0x0000000090600000, 0x0000000090600000| Untracked 
|  71|0x0000000090700000, 0x0000000090700000, 0x0000000090800000|  0%| F|  |TAMS 0x0000000090700000, 0x0000000090700000| Untracked 
|  72|0x0000000090800000, 0x0000000090800000, 0x0000000090900000|  0%| F|  |TAMS 0x0000000090800000, 0x0000000090800000| Untracked 
|  73|0x0000000090900000, 0x0000000090900000, 0x0000000090a00000|  0%| F|  |TAMS 0x0000000090900000, 0x0000000090900000| Untracked 
|  74|0x0000000090a00000, 0x0000000090a00000, 0x0000000090b00000|  0%| F|  |TAMS 0x0000000090a00000, 0x0000000090a00000| Untracked 
|  75|0x0000000090b00000, 0x0000000090b00000, 0x0000000090c00000|  0%| F|  |TAMS 0x0000000090b00000, 0x0000000090b00000| Untracked 
|  76|0x0000000090c00000, 0x0000000090c00000, 0x0000000090d00000|  0%| F|  |TAMS 0x0000000090c00000, 0x0000000090c00000| Untracked 
|  77|0x0000000090d00000, 0x0000000090d00000, 0x0000000090e00000|  0%| F|  |TAMS 0x0000000090d00000, 0x0000000090d00000| Untracked 
|  78|0x0000000090e00000, 0x0000000090e00000, 0x0000000090f00000|  0%| F|  |TAMS 0x0000000090e00000, 0x0000000090e00000| Untracked 
|  79|0x0000000090f00000, 0x0000000090f00000, 0x0000000091000000|  0%| F|  |TAMS 0x0000000090f00000, 0x0000000090f00000| Untracked 
|  80|0x0000000091000000, 0x0000000091100000, 0x0000000091100000|100%| S|CS|TAMS 0x0000000091000000, 0x0000000091000000| Complete 
|  81|0x0000000091100000, 0x0000000091200000, 0x0000000091200000|100%| S|CS|TAMS 0x0000000091100000, 0x0000000091100000| Complete 
|  82|0x0000000091200000, 0x0000000091300000, 0x0000000091300000|100%| S|CS|TAMS 0x0000000091200000, 0x0000000091200000| Complete 
|  83|0x0000000091300000, 0x0000000091400000, 0x0000000091400000|100%| S|CS|TAMS 0x0000000091300000, 0x0000000091300000| Complete 
|  84|0x0000000091400000, 0x0000000091500000, 0x0000000091500000|100%| S|CS|TAMS 0x0000000091400000, 0x0000000091400000| Complete 
|  85|0x0000000091500000, 0x0000000091600000, 0x0000000091600000|100%| S|CS|TAMS 0x0000000091500000, 0x0000000091500000| Complete 
|  86|0x0000000091600000, 0x0000000091700000, 0x0000000091700000|100%| S|CS|TAMS 0x0000000091600000, 0x0000000091600000| Complete 
|  87|0x0000000091700000, 0x0000000091700000, 0x0000000091800000|  0%| F|  |TAMS 0x0000000091700000, 0x0000000091700000| Untracked 
|  88|0x0000000091800000, 0x0000000091800000, 0x0000000091900000|  0%| F|  |TAMS 0x0000000091800000, 0x0000000091800000| Untracked 
|  89|0x0000000091900000, 0x0000000091900000, 0x0000000091a00000|  0%| F|  |TAMS 0x0000000091900000, 0x0000000091900000| Untracked 
|  90|0x0000000091a00000, 0x0000000091a00000, 0x0000000091b00000|  0%| F|  |TAMS 0x0000000091a00000, 0x0000000091a00000| Untracked 
|  91|0x0000000091b00000, 0x0000000091b00000, 0x0000000091c00000|  0%| F|  |TAMS 0x0000000091b00000, 0x0000000091b00000| Untracked 
|  92|0x0000000091c00000, 0x0000000091c00000, 0x0000000091d00000|  0%| F|  |TAMS 0x0000000091c00000, 0x0000000091c00000| Untracked 
|  93|0x0000000091d00000, 0x0000000091d00000, 0x0000000091e00000|  0%| F|  |TAMS 0x0000000091d00000, 0x0000000091d00000| Untracked 
|  94|0x0000000091e00000, 0x0000000091e00000, 0x0000000091f00000|  0%| F|  |TAMS 0x0000000091e00000, 0x0000000091e00000| Untracked 
|  95|0x0000000091f00000, 0x0000000091f00000, 0x0000000092000000|  0%| F|  |TAMS 0x0000000091f00000, 0x0000000091f00000| Untracked 
|  96|0x0000000092000000, 0x0000000092000000, 0x0000000092100000|  0%| F|  |TAMS 0x0000000092000000, 0x0000000092000000| Untracked 
|  97|0x0000000092100000, 0x0000000092100000, 0x0000000092200000|  0%| F|  |TAMS 0x0000000092100000, 0x0000000092100000| Untracked 
|  98|0x0000000092200000, 0x0000000092200000, 0x0000000092300000|  0%| F|  |TAMS 0x0000000092200000, 0x0000000092200000| Untracked 
|  99|0x0000000092300000, 0x0000000092300000, 0x0000000092400000|  0%| F|  |TAMS 0x0000000092300000, 0x0000000092300000| Untracked 
| 100|0x0000000092400000, 0x0000000092400000, 0x0000000092500000|  0%| F|  |TAMS 0x0000000092400000, 0x0000000092400000| Untracked 
| 101|0x0000000092500000, 0x0000000092500000, 0x0000000092600000|  0%| F|  |TAMS 0x0000000092500000, 0x0000000092500000| Untracked 
| 102|0x0000000092600000, 0x0000000092600000, 0x0000000092700000|  0%| F|  |TAMS 0x0000000092600000, 0x0000000092600000| Untracked 
| 103|0x0000000092700000, 0x0000000092700000, 0x0000000092800000|  0%| F|  |TAMS 0x0000000092700000, 0x0000000092700000| Untracked 
| 104|0x0000000092800000, 0x0000000092800000, 0x0000000092900000|  0%| F|  |TAMS 0x0000000092800000, 0x0000000092800000| Untracked 
| 105|0x0000000092900000, 0x0000000092900000, 0x0000000092a00000|  0%| F|  |TAMS 0x0000000092900000, 0x0000000092900000| Untracked 
| 106|0x0000000092a00000, 0x0000000092a00000, 0x0000000092b00000|  0%| F|  |TAMS 0x0000000092a00000, 0x0000000092a00000| Untracked 
| 107|0x0000000092b00000, 0x0000000092b00000, 0x0000000092c00000|  0%| F|  |TAMS 0x0000000092b00000, 0x0000000092b00000| Untracked 
| 108|0x0000000092c00000, 0x0000000092c00000, 0x0000000092d00000|  0%| F|  |TAMS 0x0000000092c00000, 0x0000000092c00000| Untracked 
| 109|0x0000000092d00000, 0x0000000092d00000, 0x0000000092e00000|  0%| F|  |TAMS 0x0000000092d00000, 0x0000000092d00000| Untracked 
| 110|0x0000000092e00000, 0x0000000092e00000, 0x0000000092f00000|  0%| F|  |TAMS 0x0000000092e00000, 0x0000000092e00000| Untracked 
| 111|0x0000000092f00000, 0x0000000092f00000, 0x0000000093000000|  0%| F|  |TAMS 0x0000000092f00000, 0x0000000092f00000| Untracked 
| 112|0x0000000093000000, 0x0000000093000000, 0x0000000093100000|  0%| F|  |TAMS 0x0000000093000000, 0x0000000093000000| Untracked 
| 113|0x0000000093100000, 0x0000000093100000, 0x0000000093200000|  0%| F|  |TAMS 0x0000000093100000, 0x0000000093100000| Untracked 
| 114|0x0000000093200000, 0x0000000093200000, 0x0000000093300000|  0%| F|  |TAMS 0x0000000093200000, 0x0000000093200000| Untracked 
| 115|0x0000000093300000, 0x0000000093300000, 0x0000000093400000|  0%| F|  |TAMS 0x0000000093300000, 0x0000000093300000| Untracked 
| 116|0x0000000093400000, 0x0000000093400000, 0x0000000093500000|  0%| F|  |TAMS 0x0000000093400000, 0x0000000093400000| Untracked 
| 117|0x0000000093500000, 0x0000000093500000, 0x0000000093600000|  0%| F|  |TAMS 0x0000000093500000, 0x0000000093500000| Untracked 
| 118|0x0000000093600000, 0x0000000093600000, 0x0000000093700000|  0%| F|  |TAMS 0x0000000093600000, 0x0000000093600000| Untracked 
| 119|0x0000000093700000, 0x0000000093700000, 0x0000000093800000|  0%| F|  |TAMS 0x0000000093700000, 0x0000000093700000| Untracked 
| 120|0x0000000093800000, 0x0000000093800000, 0x0000000093900000|  0%| F|  |TAMS 0x0000000093800000, 0x0000000093800000| Untracked 
| 121|0x0000000093900000, 0x0000000093900000, 0x0000000093a00000|  0%| F|  |TAMS 0x0000000093900000, 0x0000000093900000| Untracked 
| 122|0x0000000093a00000, 0x0000000093a00000, 0x0000000093b00000|  0%| F|  |TAMS 0x0000000093a00000, 0x0000000093a00000| Untracked 
| 123|0x0000000093b00000, 0x0000000093b00000, 0x0000000093c00000|  0%| F|  |TAMS 0x0000000093b00000, 0x0000000093b00000| Untracked 
| 124|0x0000000093c00000, 0x0000000093c00000, 0x0000000093d00000|  0%| F|  |TAMS 0x0000000093c00000, 0x0000000093c00000| Untracked 
| 125|0x0000000093d00000, 0x0000000093d00000, 0x0000000093e00000|  0%| F|  |TAMS 0x0000000093d00000, 0x0000000093d00000| Untracked 
| 126|0x0000000093e00000, 0x0000000093e00000, 0x0000000093f00000|  0%| F|  |TAMS 0x0000000093e00000, 0x0000000093e00000| Untracked 
| 127|0x0000000093f00000, 0x0000000093f00000, 0x0000000094000000|  0%| F|  |TAMS 0x0000000093f00000, 0x0000000093f00000| Untracked 
| 128|0x0000000094000000, 0x0000000094000000, 0x0000000094100000|  0%| F|  |TAMS 0x0000000094000000, 0x0000000094000000| Untracked 
| 129|0x0000000094100000, 0x0000000094100000, 0x0000000094200000|  0%| F|  |TAMS 0x0000000094100000, 0x0000000094100000| Untracked 
| 130|0x0000000094200000, 0x0000000094200000, 0x0000000094300000|  0%| F|  |TAMS 0x0000000094200000, 0x0000000094200000| Untracked 
| 131|0x0000000094300000, 0x0000000094300000, 0x0000000094400000|  0%| F|  |TAMS 0x0000000094300000, 0x0000000094300000| Untracked 
| 132|0x0000000094400000, 0x0000000094400000, 0x0000000094500000|  0%| F|  |TAMS 0x0000000094400000, 0x0000000094400000| Untracked 
| 133|0x0000000094500000, 0x0000000094500000, 0x0000000094600000|  0%| F|  |TAMS 0x0000000094500000, 0x0000000094500000| Untracked 
| 134|0x0000000094600000, 0x0000000094600000, 0x0000000094700000|  0%| F|  |TAMS 0x0000000094600000, 0x0000000094600000| Untracked 
| 135|0x0000000094700000, 0x0000000094700000, 0x0000000094800000|  0%| F|  |TAMS 0x0000000094700000, 0x0000000094700000| Untracked 
| 136|0x0000000094800000, 0x0000000094800000, 0x0000000094900000|  0%| F|  |TAMS 0x0000000094800000, 0x0000000094800000| Untracked 
| 137|0x0000000094900000, 0x0000000094900000, 0x0000000094a00000|  0%| F|  |TAMS 0x0000000094900000, 0x0000000094900000| Untracked 
| 138|0x0000000094a00000, 0x0000000094a00000, 0x0000000094b00000|  0%| F|  |TAMS 0x0000000094a00000, 0x0000000094a00000| Untracked 
| 139|0x0000000094b00000, 0x0000000094b00000, 0x0000000094c00000|  0%| F|  |TAMS 0x0000000094b00000, 0x0000000094b00000| Untracked 
| 140|0x0000000094c00000, 0x0000000094c00000, 0x0000000094d00000|  0%| F|  |TAMS 0x0000000094c00000, 0x0000000094c00000| Untracked 
| 141|0x0000000094d00000, 0x0000000094d00000, 0x0000000094e00000|  0%| F|  |TAMS 0x0000000094d00000, 0x0000000094d00000| Untracked 
| 142|0x0000000094e00000, 0x0000000094e00000, 0x0000000094f00000|  0%| F|  |TAMS 0x0000000094e00000, 0x0000000094e00000| Untracked 
| 143|0x0000000094f00000, 0x0000000094f00000, 0x0000000095000000|  0%| F|  |TAMS 0x0000000094f00000, 0x0000000094f00000| Untracked 
| 144|0x0000000095000000, 0x0000000095000000, 0x0000000095100000|  0%| F|  |TAMS 0x0000000095000000, 0x0000000095000000| Untracked 
| 145|0x0000000095100000, 0x0000000095100000, 0x0000000095200000|  0%| F|  |TAMS 0x0000000095100000, 0x0000000095100000| Untracked 
| 146|0x0000000095200000, 0x0000000095200000, 0x0000000095300000|  0%| F|  |TAMS 0x0000000095200000, 0x0000000095200000| Untracked 
| 147|0x0000000095300000, 0x0000000095300000, 0x0000000095400000|  0%| F|  |TAMS 0x0000000095300000, 0x0000000095300000| Untracked 
| 148|0x0000000095400000, 0x0000000095400000, 0x0000000095500000|  0%| F|  |TAMS 0x0000000095400000, 0x0000000095400000| Untracked 
| 149|0x0000000095500000, 0x0000000095500000, 0x0000000095600000|  0%| F|  |TAMS 0x0000000095500000, 0x0000000095500000| Untracked 
| 150|0x0000000095600000, 0x0000000095600000, 0x0000000095700000|  0%| F|  |TAMS 0x0000000095600000, 0x0000000095600000| Untracked 
| 151|0x0000000095700000, 0x0000000095700000, 0x0000000095800000|  0%| F|  |TAMS 0x0000000095700000, 0x0000000095700000| Untracked 
| 152|0x0000000095800000, 0x0000000095800000, 0x0000000095900000|  0%| F|  |TAMS 0x0000000095800000, 0x0000000095800000| Untracked 
| 153|0x0000000095900000, 0x0000000095900000, 0x0000000095a00000|  0%| F|  |TAMS 0x0000000095900000, 0x0000000095900000| Untracked 
| 154|0x0000000095a00000, 0x0000000095a00000, 0x0000000095b00000|  0%| F|  |TAMS 0x0000000095a00000, 0x0000000095a00000| Untracked 
| 155|0x0000000095b00000, 0x0000000095b00000, 0x0000000095c00000|  0%| F|  |TAMS 0x0000000095b00000, 0x0000000095b00000| Untracked 
| 156|0x0000000095c00000, 0x0000000095c00000, 0x0000000095d00000|  0%| F|  |TAMS 0x0000000095c00000, 0x0000000095c00000| Untracked 
| 157|0x0000000095d00000, 0x0000000095d00000, 0x0000000095e00000|  0%| F|  |TAMS 0x0000000095d00000, 0x0000000095d00000| Untracked 
| 158|0x0000000095e00000, 0x0000000095e00000, 0x0000000095f00000|  0%| F|  |TAMS 0x0000000095e00000, 0x0000000095e00000| Untracked 
| 159|0x0000000095f00000, 0x0000000095f00000, 0x0000000096000000|  0%| F|  |TAMS 0x0000000095f00000, 0x0000000095f00000| Untracked 
| 160|0x0000000096000000, 0x0000000096000000, 0x0000000096100000|  0%| F|  |TAMS 0x0000000096000000, 0x0000000096000000| Untracked 
| 161|0x0000000096100000, 0x0000000096100000, 0x0000000096200000|  0%| F|  |TAMS 0x0000000096100000, 0x0000000096100000| Untracked 
| 162|0x0000000096200000, 0x0000000096200000, 0x0000000096300000|  0%| F|  |TAMS 0x0000000096200000, 0x0000000096200000| Untracked 
| 163|0x0000000096300000, 0x0000000096300000, 0x0000000096400000|  0%| F|  |TAMS 0x0000000096300000, 0x0000000096300000| Untracked 
| 164|0x0000000096400000, 0x0000000096400000, 0x0000000096500000|  0%| F|  |TAMS 0x0000000096400000, 0x0000000096400000| Untracked 
| 165|0x0000000096500000, 0x0000000096500000, 0x0000000096600000|  0%| F|  |TAMS 0x0000000096500000, 0x0000000096500000| Untracked 
| 166|0x0000000096600000, 0x0000000096600000, 0x0000000096700000|  0%| F|  |TAMS 0x0000000096600000, 0x0000000096600000| Untracked 
| 167|0x0000000096700000, 0x0000000096700000, 0x0000000096800000|  0%| F|  |TAMS 0x0000000096700000, 0x0000000096700000| Untracked 
| 168|0x0000000096800000, 0x0000000096800000, 0x0000000096900000|  0%| F|  |TAMS 0x0000000096800000, 0x0000000096800000| Untracked 
| 169|0x0000000096900000, 0x0000000096900000, 0x0000000096a00000|  0%| F|  |TAMS 0x0000000096900000, 0x0000000096900000| Untracked 
| 170|0x0000000096a00000, 0x0000000096b00000, 0x0000000096b00000|100%| E|  |TAMS 0x0000000096a00000, 0x0000000096a00000| Complete 
| 171|0x0000000096b00000, 0x0000000096c00000, 0x0000000096c00000|100%| E|CS|TAMS 0x0000000096b00000, 0x0000000096b00000| Complete 
| 172|0x0000000096c00000, 0x0000000096d00000, 0x0000000096d00000|100%| E|CS|TAMS 0x0000000096c00000, 0x0000000096c00000| Complete 
| 173|0x0000000096d00000, 0x0000000096e00000, 0x0000000096e00000|100%| E|CS|TAMS 0x0000000096d00000, 0x0000000096d00000| Complete 
| 174|0x0000000096e00000, 0x0000000096f00000, 0x0000000096f00000|100%| E|CS|TAMS 0x0000000096e00000, 0x0000000096e00000| Complete 
| 175|0x0000000096f00000, 0x0000000097000000, 0x0000000097000000|100%| E|CS|TAMS 0x0000000096f00000, 0x0000000096f00000| Complete 
| 176|0x0000000097000000, 0x0000000097100000, 0x0000000097100000|100%| E|CS|TAMS 0x0000000097000000, 0x0000000097000000| Complete 
| 177|0x0000000097100000, 0x0000000097200000, 0x0000000097200000|100%| E|CS|TAMS 0x0000000097100000, 0x0000000097100000| Complete 

Card table byte_map: [0x00000186fd740000,0x00000186fdae0000] _byte_map_base: 0x00000186fd2e0000

Marking Bits (Prev, Next): (CMBitMap*) 0x00000186fca7fa40, (CMBitMap*) 0x00000186fca7fa08
 Prev Bits: [0x00000186976a0000, 0x00000186993a0000)
 Next Bits: [0x00000186fde80000, 0x00000186ffb80000)

Polling page: 0x00000186fa990000

Metaspace:

Usage:
  Non-class:     53.28 MB capacity,    52.87 MB (>99%) used,   315.98 KB ( <1%) free+waste,   108.13 KB ( <1%) overhead. 
      Class:      7.07 MB capacity,     6.73 MB ( 95%) used,   293.70 KB (  4%) free+waste,    47.94 KB ( <1%) overhead. 
       Both:     60.35 MB capacity,    59.60 MB ( 99%) used,   609.67 KB ( <1%) free+waste,   156.06 KB ( <1%) overhead. 

Virtual space:
  Non-class space:       54.00 MB reserved,      53.50 MB (>99%) committed 
      Class space:        1.00 GB reserved,       7.13 MB ( <1%) committed 
             Both:        1.05 GB reserved,      60.63 MB (  6%) committed 

Chunk freelists:
   Non-Class:  33.00 KB
       Class:  26.00 KB
        Both:  59.00 KB

MaxMetaspaceSize: 17179869184.00 GB
CompressedClassSpaceSize: 1.00 GB
Initial GC threshold: 20.80 MB
Current GC threshold: 98.34 MB
CDS: off

CodeHeap 'non-profiled nmethods': size=119168Kb used=3077Kb max_used=3077Kb free=116091Kb
 bounds [0x0000018690240000, 0x0000018690550000, 0x00000186976a0000]
CodeHeap 'profiled nmethods': size=119168Kb used=21159Kb max_used=21159Kb free=98008Kb
 bounds [0x0000018688de0000, 0x000001868a290000, 0x0000018690240000]
CodeHeap 'non-nmethods': size=7424Kb used=2985Kb max_used=3029Kb free=4438Kb
 bounds [0x00000186886a0000, 0x00000186889a0000, 0x0000018688de0000]
 total_blobs=8666 nmethods=8083 adapters=491
 compilation: enabled
              stopped_count=0, restarted_count=0
 full_count=0

Compilation events (20 events):
Event: 12.236 Thread 0x000001869ca50000 8330       3       org.jetbrains.kotlin.resolve.calls.context.ResolutionContext::self (11 bytes)
Event: 12.236 Thread 0x000001869ca50000 nmethod 8330 0x000001868a284910 code [0x000001868a284ac0, 0x000001868a284bd8]
Event: 12.252 Thread 0x000001869c8a2800 8331       3       jdk.internal.org.objectweb.asm.ClassWriter::<init> (117 bytes)
Event: 12.252 Thread 0x000001869cdf5800 8332       3       jdk.internal.org.objectweb.asm.ClassWriter::visitField (16 bytes)
Event: 12.252 Thread 0x000001869ca4c000 8333       3       jdk.internal.org.objectweb.asm.FieldWriter::<init> (97 bytes)
Event: 12.252 Thread 0x000001869ca50000 8334       3       jdk.internal.org.objectweb.asm.FieldVisitor::<init> (7 bytes)
Event: 12.252 Thread 0x000001869cdf5800 nmethod 8332 0x000001868a284c90 code [0x000001868a284e40, 0x000001868a285008]
Event: 12.252 Thread 0x000001869ca50000 nmethod 8334 0x000001868a285110 code [0x000001868a2852e0, 0x000001868a285608]
Event: 12.253 Thread 0x000001869ca4c000 nmethod 8333 0x000001868a285710 code [0x000001868a285940, 0x000001868a285ec8]
Event: 12.253 Thread 0x000001869c8a2800 nmethod 8331 0x000001868a286110 code [0x000001868a2863a0, 0x000001868a286fc8]
Event: 12.253 Thread 0x000001869cdf5800 8335       3       jdk.internal.org.objectweb.asm.FieldVisitor::<init> (35 bytes)
Event: 12.253 Thread 0x000001869ca50000 8336       3       jdk.internal.org.objectweb.asm.FieldWriter::visitEnd (1 bytes)
Event: 12.253 Thread 0x000001869cdf5800 nmethod 8335 0x000001868a287290 code [0x000001868a287460, 0x000001868a287748]
Event: 12.253 Thread 0x000001869ca50000 nmethod 8336 0x000001868a287890 code [0x000001868a287a40, 0x000001868a287b38]
Event: 12.291 Thread 0x000001869ca4c000 8337       3       gnu.trove.THashIterator::next (13 bytes)
Event: 12.291 Thread 0x000001869c8a2800 8338       3       gnu.trove.TIterator::moveToNextIndex (21 bytes)
Event: 12.291 Thread 0x000001869cdf5800 8339       3       gnu.trove.TObjectHashIterator::objectAtIndex (10 bytes)
Event: 12.292 Thread 0x000001869cdf5800 nmethod 8339 0x000001868a287c10 code [0x000001868a287dc0, 0x000001868a287ef8]
Event: 12.292 Thread 0x000001869ca4c000 nmethod 8337 0x000001868a288010 code [0x000001868a288200, 0x000001868a2885c8]
Event: 12.292 Thread 0x000001869c8a2800 nmethod 8338 0x000001868a288710 code [0x000001868a2888e0, 0x000001868a288bb8]

GC Heap History (18 events):
Event: 1.123 GC heap before
{Heap before GC invocations=0 (full 0):
 garbage-first heap   total 118784K, used 27648K [0x000000008c000000, 0x0000000100000000)
  region size 1024K, 24 young (24576K), 0 survivors (0K)
 Metaspace       used 12262K, capacity 12408K, committed 12544K, reserved 1060864K
  class space    used 1134K, capacity 1175K, committed 1280K, reserved 1048576K
}
Event: 1.132 GC heap after
{Heap after GC invocations=1 (full 0):
 garbage-first heap   total 118784K, used 5723K [0x000000008c000000, 0x0000000100000000)
  region size 1024K, 3 young (3072K), 3 survivors (3072K)
 Metaspace       used 12262K, capacity 12408K, committed 12544K, reserved 1060864K
  class space    used 1134K, capacity 1175K, committed 1280K, reserved 1048576K
}
Event: 2.319 GC heap before
{Heap before GC invocations=1 (full 0):
 garbage-first heap   total 118784K, used 42587K [0x000000008c000000, 0x0000000100000000)
  region size 1024K, 40 young (40960K), 3 survivors (3072K)
 Metaspace       used 20966K, capacity 21182K, committed 21248K, reserved 1069056K
  class space    used 2188K, capacity 2280K, committed 2304K, reserved 1048576K
}
Event: 2.338 GC heap after
{Heap after GC invocations=2 (full 0):
 garbage-first heap   total 118784K, used 9387K [0x000000008c000000, 0x0000000100000000)
  region size 1024K, 7 young (7168K), 7 survivors (7168K)
 Metaspace       used 20966K, capacity 21182K, committed 21248K, reserved 1069056K
  class space    used 2188K, capacity 2280K, committed 2304K, reserved 1048576K
}
Event: 4.023 GC heap before
{Heap before GC invocations=3 (full 0):
 garbage-first heap   total 118784K, used 62635K [0x000000008c000000, 0x0000000100000000)
  region size 1024K, 54 young (55296K), 7 survivors (7168K)
 Metaspace       used 32029K, capacity 32474K, committed 32640K, reserved 1077248K
  class space    used 3923K, capacity 4116K, committed 4224K, reserved 1048576K
}
Event: 4.065 GC heap after
{Heap after GC invocations=4 (full 0):
 garbage-first heap   total 118784K, used 20601K [0x000000008c000000, 0x0000000100000000)
  region size 1024K, 7 young (7168K), 7 survivors (7168K)
 Metaspace       used 32029K, capacity 32474K, committed 32640K, reserved 1077248K
  class space    used 3923K, capacity 4116K, committed 4224K, reserved 1048576K
}
Event: 4.494 GC heap before
{Heap before GC invocations=4 (full 0):
 garbage-first heap   total 118784K, used 34937K [0x000000008c000000, 0x0000000100000000)
  region size 1024K, 22 young (22528K), 7 survivors (7168K)
 Metaspace       used 35363K, capacity 35786K, committed 35840K, reserved 1081344K
  class space    used 4294K, capacity 4474K, committed 4480K, reserved 1048576K
}
Event: 4.521 GC heap after
{Heap after GC invocations=5 (full 0):
 garbage-first heap   total 118784K, used 22528K [0x000000008c000000, 0x0000000100000000)
  region size 1024K, 6 young (6144K), 6 survivors (6144K)
 Metaspace       used 35363K, capacity 35786K, committed 35840K, reserved 1081344K
  class space    used 4294K, capacity 4474K, committed 4480K, reserved 1048576K
}
Event: 4.849 GC heap before
{Heap before GC invocations=6 (full 0):
 garbage-first heap   total 118784K, used 36864K [0x000000008c000000, 0x0000000100000000)
  region size 1024K, 20 young (20480K), 6 survivors (6144K)
 Metaspace       used 37780K, capacity 38243K, committed 38272K, reserved 1083392K
  class space    used 4562K, capacity 4736K, committed 4736K, reserved 1048576K
}
Event: 4.870 GC heap after
{Heap after GC invocations=7 (full 0):
 garbage-first heap   total 146432K, used 22288K [0x000000008c000000, 0x0000000100000000)
  region size 1024K, 3 young (3072K), 3 survivors (3072K)
 Metaspace       used 37780K, capacity 38243K, committed 38272K, reserved 1083392K
  class space    used 4562K, capacity 4736K, committed 4736K, reserved 1048576K
}
Event: 6.587 GC heap before
{Heap before GC invocations=7 (full 0):
 garbage-first heap   total 146432K, used 77584K [0x000000008c000000, 0x0000000100000000)
  region size 1024K, 55 young (56320K), 3 survivors (3072K)
 Metaspace       used 48159K, capacity 48643K, committed 48896K, reserved 1091584K
  class space    used 5578K, capacity 5789K, committed 5888K, reserved 1048576K
}
Event: 6.619 GC heap after
{Heap after GC invocations=8 (full 0):
 garbage-first heap   total 146432K, used 30991K [0x000000008c000000, 0x0000000100000000)
  region size 1024K, 7 young (7168K), 7 survivors (7168K)
 Metaspace       used 48159K, capacity 48643K, committed 48896K, reserved 1091584K
  class space    used 5578K, capacity 5789K, committed 5888K, reserved 1048576K
}
Event: 7.919 GC heap before
{Heap before GC invocations=8 (full 0):
 garbage-first heap   total 146432K, used 85263K [0x000000008c000000, 0x0000000100000000)
  region size 1024K, 59 young (60416K), 7 survivors (7168K)
 Metaspace       used 51003K, capacity 51562K, committed 51712K, reserved 1095680K
  class space    used 5797K, capacity 6039K, committed 6144K, reserved 1048576K
}
Event: 7.954 GC heap after
{Heap after GC invocations=9 (full 0):
 garbage-first heap   total 146432K, used 38125K [0x000000008c000000, 0x0000000100000000)
  region size 1024K, 7 young (7168K), 7 survivors (7168K)
 Metaspace       used 51003K, capacity 51562K, committed 51712K, reserved 1095680K
  class space    used 5797K, capacity 6039K, committed 6144K, reserved 1048576K
}
Event: 10.331 GC heap before
{Heap before GC invocations=9 (full 0):
 garbage-first heap   total 146432K, used 71917K [0x000000008c000000, 0x0000000100000000)
  region size 1024K, 41 young (41984K), 7 survivors (7168K)
 Metaspace       used 59301K, capacity 60071K, committed 60160K, reserved 1101824K
  class space    used 6762K, capacity 7094K, committed 7168K, reserved 1048576K
}
Event: 10.364 GC heap after
{Heap after GC invocations=10 (full 0):
 garbage-first heap   total 146432K, used 41727K [0x000000008c000000, 0x0000000100000000)
  region size 1024K, 4 young (4096K), 4 survivors (4096K)
 Metaspace       used 59301K, capacity 60071K, committed 60160K, reserved 1101824K
  class space    used 6762K, capacity 7094K, committed 7168K, reserved 1048576K
}
Event: 11.997 GC heap before
{Heap before GC invocations=11 (full 0):
 garbage-first heap   total 146432K, used 94975K [0x000000008c000000, 0x0000000100000000)
  region size 1024K, 56 young (57344K), 4 survivors (4096K)
 Metaspace       used 60508K, capacity 61330K, committed 61440K, reserved 1103872K
  class space    used 6822K, capacity 7167K, committed 7168K, reserved 1048576K
}
Event: 12.045 GC heap after
{Heap after GC invocations=12 (full 0):
 garbage-first heap   total 182272K, used 50989K [0x000000008c000000, 0x0000000100000000)
  region size 1024K, 7 young (7168K), 7 survivors (7168K)
 Metaspace       used 60508K, capacity 61330K, committed 61440K, reserved 1103872K
  class space    used 6822K, capacity 7167K, committed 7168K, reserved 1048576K
}

Deoptimization events (20 events):
Event: 12.290 Thread 0x00000186fa82e000 Uncommon trap: trap_request=0xffffffc6 fr.pc=0x00000186904fba90 relative=0x0000000000000ad0
Event: 12.290 Thread 0x00000186fa82e000 Uncommon trap: reason=bimorphic_or_optimized_type_check action=maybe_recompile pc=0x00000186904fba90 method=kotlin.collections.CollectionsKt__MutableCollectionsKt.addAll(Ljava/util/Collection;Ljava/lang/Iterable;)Z @ 24 c2
Event: 12.290 Thread 0x00000186fa82e000 DEOPT PACKING pc=0x00000186904fba90 sp=0x00000049a71fbf70
Event: 12.290 Thread 0x00000186fa82e000 DEOPT UNPACKING pc=0x00000186886ea1af sp=0x00000049a71fbf60 mode 2
Event: 12.290 Thread 0x00000186fa82e000 Uncommon trap: trap_request=0xffffffc6 fr.pc=0x00000186904fba90 relative=0x0000000000000ad0
Event: 12.290 Thread 0x00000186fa82e000 Uncommon trap: reason=bimorphic_or_optimized_type_check action=maybe_recompile pc=0x00000186904fba90 method=kotlin.collections.CollectionsKt__MutableCollectionsKt.addAll(Ljava/util/Collection;Ljava/lang/Iterable;)Z @ 24 c2
Event: 12.290 Thread 0x00000186fa82e000 DEOPT PACKING pc=0x00000186904fba90 sp=0x00000049a71fbf70
Event: 12.290 Thread 0x00000186fa82e000 DEOPT UNPACKING pc=0x00000186886ea1af sp=0x00000049a71fbf60 mode 2
Event: 12.290 Thread 0x00000186fa82e000 Uncommon trap: trap_request=0xffffffc6 fr.pc=0x00000186904fba90 relative=0x0000000000000ad0
Event: 12.290 Thread 0x00000186fa82e000 Uncommon trap: reason=bimorphic_or_optimized_type_check action=maybe_recompile pc=0x00000186904fba90 method=kotlin.collections.CollectionsKt__MutableCollectionsKt.addAll(Ljava/util/Collection;Ljava/lang/Iterable;)Z @ 24 c2
Event: 12.290 Thread 0x00000186fa82e000 DEOPT PACKING pc=0x00000186904fba90 sp=0x00000049a71fbf70
Event: 12.290 Thread 0x00000186fa82e000 DEOPT UNPACKING pc=0x00000186886ea1af sp=0x00000049a71fbf60 mode 2
Event: 12.290 Thread 0x00000186fa82e000 Uncommon trap: trap_request=0xffffffc6 fr.pc=0x00000186904fba90 relative=0x0000000000000ad0
Event: 12.290 Thread 0x00000186fa82e000 Uncommon trap: reason=bimorphic_or_optimized_type_check action=maybe_recompile pc=0x00000186904fba90 method=kotlin.collections.CollectionsKt__MutableCollectionsKt.addAll(Ljava/util/Collection;Ljava/lang/Iterable;)Z @ 24 c2
Event: 12.290 Thread 0x00000186fa82e000 DEOPT PACKING pc=0x00000186904fba90 sp=0x00000049a71fbf70
Event: 12.290 Thread 0x00000186fa82e000 DEOPT UNPACKING pc=0x00000186886ea1af sp=0x00000049a71fbf60 mode 2
Event: 12.301 Thread 0x00000186fa82e000 Uncommon trap: trap_request=0xffffff4d fr.pc=0x00000186902a57e8 relative=0x0000000000000048
Event: 12.301 Thread 0x00000186fa82e000 Uncommon trap: reason=unstable_if action=reinterpret pc=0x00000186902a57e8 method=kotlin.jvm.internal.Intrinsics.areEqual(Ljava/lang/Object;Ljava/lang/Object;)Z @ 5 c2
Event: 12.301 Thread 0x00000186fa82e000 DEOPT PACKING pc=0x00000186902a57e8 sp=0x00000049a71fc250
Event: 12.301 Thread 0x00000186fa82e000 DEOPT UNPACKING pc=0x00000186886ea1af sp=0x00000049a71fc1e0 mode 2

Classes redefined (0 events):
No events

Internal exceptions (20 events):
Event: 5.603 Thread 0x00000186fa82e000 Exception <a 'java/lang/NoSuchMethodError'{0x0000000093665048}: 'java.lang.Object java.lang.invoke.Invokers$Holder.linkToTargetMethod(java.lang.Object, int, java.lang.Object)'> (0x0000000093665048) thrown at [s\src\hotspot\share\interpreter\linkResolver.cpp, line 773]
Event: 5.951 Thread 0x00000186fa82e000 Exception <a 'java/lang/NoSuchMethodError'{0x0000000092e13898}: 'java.lang.Object java.lang.invoke.DirectMethodHandle$Holder.invokeStatic(java.lang.Object, java.lang.Object, java.lang.Object, int)'> (0x0000000092e13898) thrown at [s\src\hotspot\share\interpreter\linkResolver.cpp, line 773]
Event: 5.951 Thread 0x00000186fa82e000 Exception <a 'java/lang/NoSuchMethodError'{0x0000000092e17508}: 'java.lang.Object java.lang.invoke.DirectMethodHandle$Holder.invokeSpecial(java.lang.Object, java.lang.Object, java.lang.Object, java.lang.Object, int)'> (0x0000000092e17508) thrown at [s\src\hotspot\share\interpreter\linkResolver.cpp, line 773]
Event: 5.952 Thread 0x00000186fa82e000 Exception <a 'java/lang/NoSuchMethodError'{0x0000000092e1a818}: 'java.lang.Object java.lang.invoke.Invokers$Holder.linkToTargetMethod(java.lang.Object, java.lang.Object, int, java.lang.Object)'> (0x0000000092e1a818) thrown at [s\src\hotspot\share\interpreter\linkResolver.cpp, line 773]
Event: 7.081 Thread 0x00000186fa82e000 Exception <a 'java/lang/NoSuchMethodError'{0x00000000945b12d0}: 'java.lang.Object java.lang.invoke.DirectMethodHandle$Holder.invokeSpecial(java.lang.Object, java.lang.Object, java.lang.Object, java.lang.Object, java.lang.Object, java.lang.Object, java.lang.Object, java.lang.Object, java.lang.Object)'> (0x00000000945b12d0) thrown at [s\src\hotspot\share\interpreter\linkResolver.cpp, line 773]
Event: 7.081 Thread 0x00000186fa82e000 Exception <a 'java/lang/NoSuchMethodError'{0x00000000945b54c8}: 'java.lang.Object java.lang.invoke.Invokers$Holder.linkToTargetMethod(java.lang.Object, java.lang.Object, java.lang.Object, java.lang.Object, java.lang.Object, java.lang.Object, java.lang.Object, java.lang.Object)'> (0x00000000945b54c8) thrown at [s\src\hotspot\share\interpreter\linkResolver.cpp, line 773]
Event: 7.714 Thread 0x00000186fa82e000 Implicit null exception at 0x00000186902dddf5 to 0x00000186902ddfb8
Event: 7.714 Thread 0x00000186fa82e000 Implicit null exception at 0x000001869029002f to 0x000001869029009d
Event: 8.549 Thread 0x00000186fa82e000 Implicit null exception at 0x00000186903b1f5c to 0x00000186903b24b4
Event: 8.612 Thread 0x00000186fa82e000 Implicit null exception at 0x0000018690419105 to 0x000001869041e2f8
Event: 9.224 Thread 0x00000186fa82e000 Exception <a 'java/lang/NoSuchMethodError'{0x0000000093be7168}: 'int java.lang.invoke.DirectMethodHandle$Holder.invokeVirtual(java.lang.Object, java.lang.Object, java.lang.Object)'> (0x0000000093be7168) thrown at [s\src\hotspot\share\interpreter\linkResolver.cpp, line 773]
Event: 9.236 Thread 0x00000186fa82e000 Exception <a 'java/lang/NoSuchMethodError'{0x0000000093a27500}: 'java.lang.Object java.lang.invoke.DirectMethodHandle$Holder.invokeSpecial(java.lang.Object, java.lang.Object, java.lang.Object, java.lang.Object, java.lang.Object, int)'> (0x0000000093a27500) thrown at [s\src\hotspot\share\interpreter\linkResolver.cpp, line 773]
Event: 9.236 Thread 0x00000186fa82e000 Exception <a 'java/lang/NoSuchMethodError'{0x0000000093a2adf8}: 'java.lang.Object java.lang.invoke.Invokers$Holder.linkToTargetMethod(java.lang.Object, java.lang.Object, java.lang.Object, int, java.lang.Object)'> (0x0000000093a2adf8) thrown at [s\src\hotspot\share\interpreter\linkResolver.cpp, line 773]
Event: 9.364 Thread 0x00000186fa82e000 Exception <a 'java/lang/NoSuchMethodError'{0x0000000093acf090}: 'java.lang.Object java.lang.invoke.DirectMethodHandle$Holder.invokeStaticInit(java.lang.Object, java.lang.Object, java.lang.Object)'> (0x0000000093acf090) thrown at [s\src\hotspot\share\interpreter\linkResolver.cpp, line 773]
Event: 9.446 Thread 0x00000186fa82e000 Exception <a 'java/lang/NoSuchMethodError'{0x0000000093832410}: 'int java.lang.invoke.DirectMethodHandle$Holder.invokeStatic(java.lang.Object, java.lang.Object, java.lang.Object, java.lang.Object, java.lang.Object)'> (0x0000000093832410) thrown at [s\src\hotspot\share\interpreter\linkResolver.cpp, line 773]
Event: 9.538 Thread 0x00000186fa82e000 Exception <a 'java/lang/NoSuchMethodError'{0x00000000937a7938}: 'void java.lang.invoke.DirectMethodHandle$Holder.invokeInterface(java.lang.Object, java.lang.Object)'> (0x00000000937a7938) thrown at [s\src\hotspot\share\interpreter\linkResolver.cpp, line 773]
Event: 11.009 Thread 0x00000186fa82e000 Exception <a 'java/lang/NoSuchMethodError'{0x000000009451dd70}: 'int java.lang.invoke.DirectMethodHandle$Holder.invokeInterface(java.lang.Object, java.lang.Object)'> (0x000000009451dd70) thrown at [s\src\hotspot\share\interpreter\linkResolver.cpp, line 773]
Event: 12.085 Thread 0x00000186fa82e000 Exception <a 'java/lang/NoSuchMethodError'{0x00000000970d7650}: 'java.lang.Object java.lang.invoke.DirectMethodHandle$Holder.invokeStatic(java.lang.Object, int, java.lang.Object, java.lang.Object)'> (0x00000000970d7650) thrown at [s\src\hotspot\share\interpreter\linkResolver.cpp, line 773]
Event: 12.086 Thread 0x00000186fa82e000 Exception <a 'java/lang/NoSuchMethodError'{0x00000000970dee18}: 'java.lang.Object java.lang.invoke.DirectMethodHandle$Holder.invokeStatic(java.lang.Object, int, java.lang.Object)'> (0x00000000970dee18) thrown at [s\src\hotspot\share\interpreter\linkResolver.cpp, line 773]
Event: 12.255 Thread 0x00000186fa82e000 Exception <a 'java/lang/NoSuchMethodError'{0x0000000096b3a9c8}: 'java.lang.Object java.lang.invoke.Invokers$Holder.linkToTargetMethod(java.lang.Object, java.lang.Object, java.lang.Object, java.lang.Object, java.lang.Object, java.lang.Object)'> (0x0000000096b3a9c8) thrown at [s\src\hotspot\share\interpreter\linkResolver.cpp, line 773]

Events (20 events):
Event: 12.307 loading class org/jetbrains/kotlin/resolve/calls/CallExpressionElement
Event: 12.307 loading class org/jetbrains/kotlin/resolve/calls/CallExpressionElement done
Event: 12.307 loading class org/jetbrains/kotlin/com/intellij/lang/ASTNode
Event: 12.307 loading class org/jetbrains/kotlin/com/intellij/lang/ASTNode done
Event: 12.307 loading class org/jetbrains/kotlin/resolve/calls/CallExpressionElement
Event: 12.307 loading class org/jetbrains/kotlin/resolve/calls/CallExpressionElement done
Event: 12.308 loading class org/jetbrains/kotlin/resolve/calls/tower/QualifierScopeTowerProcessor
Event: 12.308 loading class org/jetbrains/kotlin/resolve/calls/tower/QualifierScopeTowerProcessor done
Event: 12.310 loading class org/jetbrains/kotlin/resolve/scopes/receivers/ClassifierQualifier$DefaultImpls
Event: 12.310 loading class org/jetbrains/kotlin/resolve/scopes/receivers/ClassifierQualifier$DefaultImpls done
Event: 12.310 loading class org/jetbrains/kotlin/resolve/scopes/receivers/Qualifier$DefaultImpls
Event: 12.310 loading class org/jetbrains/kotlin/resolve/scopes/receivers/Qualifier$DefaultImpls done
Event: 12.313 loading class org/jetbrains/kotlin/resolve/scopes/receivers/QualifierReceiver$DefaultImpls
Event: 12.313 loading class org/jetbrains/kotlin/resolve/scopes/receivers/QualifierReceiver$DefaultImpls done
Event: 12.313 loading class org/jetbrains/kotlin/resolve/calls/tower/ExplicitReceiverScopeTowerProcessor
Event: 12.313 loading class org/jetbrains/kotlin/resolve/calls/tower/ExplicitReceiverScopeTowerProcessor done
Event: 12.315 loading class org/jetbrains/kotlin/resolve/calls/tower/QualifierScopeTowerLevel
Event: 12.315 loading class org/jetbrains/kotlin/resolve/calls/tower/QualifierScopeTowerLevel done
Event: 12.316 loading class org/jetbrains/kotlin/resolve/calls/tower/MemberScopeTowerLevel
Event: 12.316 loading class org/jetbrains/kotlin/resolve/calls/tower/MemberScopeTowerLevel done


Dynamic libraries:
0x00007ff7215b0000 - 0x00007ff7215bd000 	C:\Program Files\Microsoft\jdk-11.0.20.8-hotspot\bin\java.exe
0x00007fffcf690000 - 0x00007fffcf8a4000 	C:\WINDOWS\SYSTEM32\ntdll.dll
0x00007fffce1e0000 - 0x00007fffce2a4000 	C:\WINDOWS\System32\KERNEL32.DLL
0x00007fffcca40000 - 0x00007fffccde4000 	C:\WINDOWS\System32\KERNELBASE.dll
0x00007fffccdf0000 - 0x00007fffccf01000 	C:\WINDOWS\System32\ucrtbase.dll
0x00007fff9f770000 - 0x00007fff9f787000 	C:\Program Files\Microsoft\jdk-11.0.20.8-hotspot\bin\jli.dll
0x00007fffa0230000 - 0x00007fffa0245000 	C:\Program Files\Microsoft\jdk-11.0.20.8-hotspot\bin\VCRUNTIME140.dll
0x00007fffcf2d0000 - 0x00007fffcf47e000 	C:\WINDOWS\System32\USER32.dll
0x00007fffccf10000 - 0x00007fffccf36000 	C:\WINDOWS\System32\win32u.dll
0x00007fffbc290000 - 0x00007fffbc523000 	C:\WINDOWS\WinSxS\amd64_microsoft.windows.common-controls_6595b64144ccf1df_6.0.22621.2215_none_270d72677387dfc3\COMCTL32.dll
0x00007fffcf480000 - 0x00007fffcf4a9000 	C:\WINDOWS\System32\GDI32.dll
0x00007fffcf160000 - 0x00007fffcf207000 	C:\WINDOWS\System32\msvcrt.dll
0x00007fffcd1e0000 - 0x00007fffcd2f8000 	C:\WINDOWS\System32\gdi32full.dll
0x00007fffcd380000 - 0x00007fffcd41a000 	C:\WINDOWS\System32\msvcp_win.dll
0x00007fffcdd50000 - 0x00007fffcdd81000 	C:\WINDOWS\System32\IMM32.DLL
0x00007fff40150000 - 0x00007fff401eb000 	C:\Program Files\Microsoft\jdk-11.0.20.8-hotspot\bin\msvcp140.dll
0x00007fff2d160000 - 0x00007fff2dcf6000 	C:\Program Files\Microsoft\jdk-11.0.20.8-hotspot\bin\server\jvm.dll
0x00007fffcf210000 - 0x00007fffcf2c0000 	C:\WINDOWS\System32\ADVAPI32.dll
0x00007fffcdfd0000 - 0x00007fffce076000 	C:\WINDOWS\System32\sechost.dll
0x00007fffceda0000 - 0x00007fffceeb7000 	C:\WINDOWS\System32\RPCRT4.dll
0x00007fffce880000 - 0x00007fffce888000 	C:\WINDOWS\System32\PSAPI.DLL
0x00007fffc1ba0000 - 0x00007fffc1ba9000 	C:\WINDOWS\SYSTEM32\WSOCK32.dll
0x00007fffc4710000 - 0x00007fffc471a000 	C:\WINDOWS\SYSTEM32\VERSION.dll
0x00007fffced20000 - 0x00007fffced91000 	C:\WINDOWS\System32\WS2_32.dll
0x00007fffc46d0000 - 0x00007fffc4704000 	C:\WINDOWS\SYSTEM32\WINMM.dll
0x00007fffcba90000 - 0x00007fffcbaa8000 	C:\WINDOWS\SYSTEM32\kernel.appcore.dll
0x00007fffa2ef0000 - 0x00007fffa2f00000 	C:\Program Files\Microsoft\jdk-11.0.20.8-hotspot\bin\verify.dll
0x00007fffc18b0000 - 0x00007fffc1ade000 	C:\WINDOWS\SYSTEM32\DBGHELP.DLL
0x00007fffce490000 - 0x00007fffce81a000 	C:\WINDOWS\System32\combase.dll
0x00007fffcf080000 - 0x00007fffcf157000 	C:\WINDOWS\System32\OLEAUT32.dll
0x00007fffc1870000 - 0x00007fffc18a2000 	C:\WINDOWS\SYSTEM32\dbgcore.DLL
0x00007fffcd300000 - 0x00007fffcd37a000 	C:\WINDOWS\System32\bcryptPrimitives.dll
0x00007fff9f590000 - 0x00007fff9f5b8000 	C:\Program Files\Microsoft\jdk-11.0.20.8-hotspot\bin\java.dll
0x00007fffa2eb0000 - 0x00007fffa2eba000 	C:\Program Files\Microsoft\jdk-11.0.20.8-hotspot\bin\jimage.dll
0x00007fff9dcb0000 - 0x00007fff9dcc8000 	C:\Program Files\Microsoft\jdk-11.0.20.8-hotspot\bin\zip.dll
0x00007fffcd520000 - 0x00007fffcdd43000 	C:\WINDOWS\System32\SHELL32.dll
0x00007fffca9d0000 - 0x00007fffcb2ba000 	C:\WINDOWS\SYSTEM32\windows.storage.dll
0x00007fffca890000 - 0x00007fffca9ce000 	C:\WINDOWS\SYSTEM32\wintypes.dll
0x00007fffce390000 - 0x00007fffce483000 	C:\WINDOWS\System32\SHCORE.dll
0x00007fffce820000 - 0x00007fffce87e000 	C:\WINDOWS\System32\shlwapi.dll
0x00007fffcc970000 - 0x00007fffcc996000 	C:\WINDOWS\SYSTEM32\profapi.dll
0x00007fff924d0000 - 0x00007fff924e9000 	C:\Program Files\Microsoft\jdk-11.0.20.8-hotspot\bin\net.dll
0x00007fffc6910000 - 0x00007fffc6a47000 	C:\WINDOWS\SYSTEM32\WINHTTP.dll
0x00007fffcbf10000 - 0x00007fffcbf79000 	C:\WINDOWS\system32\mswsock.dll
0x00007fff924b0000 - 0x00007fff924c3000 	C:\Program Files\Microsoft\jdk-11.0.20.8-hotspot\bin\nio.dll

dbghelp: loaded successfully - version: 4.0.5 - missing functions: none
symbol engine: initialized successfully - sym options: 0x614 - pdb path: .;C:\Program Files\Microsoft\jdk-11.0.20.8-hotspot\bin;C:\WINDOWS\SYSTEM32;C:\WINDOWS\WinSxS\amd64_microsoft.windows.common-controls_6595b64144ccf1df_6.0.22621.2215_none_270d72677387dfc3;C:\Program Files\Microsoft\jdk-11.0.20.8-hotspot\bin\server

VM Arguments:
java_command: org.jetbrains.kotlin.cli.jvm.K2JVMCompiler @E:\Mobile App\App Mobile Course\thesis\thesisBiomedicalFinal\node_modules\react-native-screens\android\build\20231007_4375657577865355641.compiler.options
java_class_path (initial): C:\Users\Admin\.gradle\caches\modules-2\files-2.1\org.jetbrains.kotlin\kotlin-compiler-embeddable\1.6.21\97bdd5a752ce73b58ef16c17bc7f0ea2faff7a2e\kotlin-compiler-embeddable-1.6.21.jar;C:\Users\Admin\.gradle\caches\modules-2\files-2.1\org.jetbrains.kotlin\kotlin-reflect\1.6.21\5dc3574d9b7bebfcb4ec6b10ada4aaa9e140bd0b\kotlin-reflect-1.6.21.jar;C:\Users\Admin\.gradle\caches\modules-2\files-2.1\org.jetbrains.kotlin\kotlin-stdlib\1.6.21\11ef67f1900634fd951bad28c53ec957fabbe5b8\kotlin-stdlib-1.6.21.jar;C:\Users\Admin\.gradle\caches\modules-2\files-2.1\org.jetbrains.kotlin\kotlin-script-runtime\1.6.21\99c6675100da5d6d5b1c5a1032f27f28008d101b\kotlin-script-runtime-1.6.21.jar;C:\Users\Admin\.gradle\caches\modules-2\files-2.1\org.jetbrains.kotlin\kotlin-daemon-embeddable\1.6.21\46b78cf392e1c4f10854c3cadba44abb7b82250f\kotlin-daemon-embeddable-1.6.21.jar;C:\Users\Admin\.gradle\caches\modules-2\files-2.1\org.jetbrains.intellij.deps\trove4j\1.0.20200330\3afb14d5f9ceb459d724e907a21145e8ff394f02\trove4j-1.0.20200330.jar;C:\Users\Admin\.gradle\caches\modules-2\files-2.1\net.java.dev.jna\jna\5.6.0\330f2244e9030119ab3030fc3fededc86713d9cc\jna-5.6.0.jar;C:\Users\Admin\.gradle\caches\modules-2\files-2.1\org.jetbrains.kotlin\kotlin-stdlib-common\1.6.21\5e5b55c26dbc80372a920aef60eb774b714559b8\kotlin-stdlib-common-1.6.21.jar;C:\Users\Admin\.gradle\caches\modules-2\files-2.1\org.jetbrains\annotations\13.0\919f0dfe192fb4e063e7dacadee7f8bb9a2672a9\annotations-13.0.jar
Launcher Type: SUN_STANDARD

[Global flags]
     intx CICompilerCount                          = 12                                        {product} {ergonomic}
     uint ConcGCThreads                            = 3                                         {product} {ergonomic}
     uint G1ConcRefinementThreads                  = 13                                        {product} {ergonomic}
   size_t G1HeapRegionSize                         = 1048576                                   {product} {ergonomic}
    uintx GCDrainStackTargetSize                   = 64                                        {product} {ergonomic}
   size_t InitialHeapSize                          = 121634816                                 {product} {ergonomic}
   size_t MarkStackSize                            = 4194304                                   {product} {ergonomic}
   size_t MaxHeapSize                              = 1946157056                                {product} {ergonomic}
   size_t MaxNewSize                               = 1167065088                                {product} {ergonomic}
   size_t MinHeapDeltaBytes                        = 1048576                                   {product} {ergonomic}
    uintx NonNMethodCodeHeapSize                   = 7594288                                {pd product} {ergonomic}
    uintx NonProfiledCodeHeapSize                  = 122031976                              {pd product} {ergonomic}
    uintx ProfiledCodeHeapSize                     = 122031976                              {pd product} {ergonomic}
    uintx ReservedCodeCacheSize                    = 251658240                              {pd product} {ergonomic}
     bool SegmentedCodeCache                       = true                                      {product} {ergonomic}
     bool UseCompressedClassPointers               = true                                 {lp64_product} {ergonomic}
     bool UseCompressedOops                        = true                                 {lp64_product} {ergonomic}
     bool UseG1GC                                  = true                                      {product} {ergonomic}
     bool UseLargePagesIndividualAllocation        = false                                  {pd product} {ergonomic}

Logging:
Log output configuration:
 #0: stdout all=warning uptime,level,tags
 #1: stderr all=off uptime,level,tags

Environment Variables:
JAVA_HOME=C:\Program Files\Microsoft\jdk-11.0.20.8-hotspot\
CLASSPATH=E:\Mobile App\App Mobile Course\thesis\thesisBiomedicalFinal\android\\gradle\wrapper\gradle-wrapper.jar
PATH=E:\Mobile App\App Mobile Course\thesis\thesisBiomedicalFinal\node_modules\.bin;E:\Mobile App\App Mobile Course\thesis\node_modules\.bin;E:\Mobile App\App Mobile Course\node_modules\.bin;E:\Mobile App\node_modules\.bin;E:\node_modules\.bin;C:\Users\Admin\AppData\Roaming\npm\node_modules\npm\node_modules\@npmcli\run-script\lib\node-gyp-bin;C:\Program Files\Microsoft\jdk-11.0.20.8-hotspot\bin;C:\Windows\system32;C:\Windows;C:\Windows\System32\Wbem;C:\Windows\System32\WindowsPowerShell\v1.0\;C:\Windows\System32\OpenSSH\;C:\Program Files (x86)\NVIDIA Corporation\PhysX\Common;C:\Program Files\NVIDIA Corporation\NVIDIA NvDLISR;C:\Program Files\dotnet\;C:\WINDOWS\system32;C:\WINDOWS;C:\WINDOWS\System32\Wbem;C:\WINDOWS\System32\WindowsPowerShell\v1.0\;C:\WINDOWS\System32\OpenSSH\;C:\Program Files\Git\cmd;C:\ProgramData\chocolatey\bin;C:\Program Files\nodejs\;C:\Users\Admin\AppData\Local\Programs\Python\Python310\Scripts\;C:\Users\Admin\AppData\Local\Programs\Python\Python310\;C:\Users\Admin\AppData\Local\Microsoft\WindowsApps;C:\Users\Admin\AppData\Local\Programs\Microsoft VS Code\bin;C:\Users\Admin\.dotnet\tools;C:\flutter\bin;C:\Users\Admin\AppData\Local\GitHubDesktop\bin;C:\Program Files\Android\Android Studio\jbr\bin;C:\Users\Admin\AppData\Roaming\npm;C:\Users\Admin\AppData\Local\Android\Sdk;C:\Users\Admin\AppData\Local\Android\Sdk\platform-tools;
USERNAME=Admin
LANG=en_US.UTF-8
OS=Windows_NT
PROCESSOR_IDENTIFIER=AMD64 Family 25 Model 68 Stepping 1, AuthenticAMD
TMP=C:\Users\Admin\AppData\Local\Temp
TEMP=C:\Users\Admin\AppData\Local\Temp



---------------  S Y S T E M  ---------------

OS: Windows 11 , 64 bit Build 22621 (10.0.22621.2215)
OS uptime: 0 days 4:37 hours

CPU:total 16 (initial active 16) (16 cores per cpu, 2 threads per core) family 25 model 68 stepping 1 microcode 0x0, cmov, cx8, fxsr, mmx, sse, sse2, sse3, ssse3, sse4.1, sse4.2, popcnt, avx, avx2, aes, clmul, mmxext, 3dnowpref, lzcnt, sse4a, ht, tsc, tscinvbit, tscinv, bmi1, bmi2, adx, sha, fma

Memory: 4k page, system-wide physical 7421M (136M free)
TotalPageFile size 19709M (AvailPageFile size 0M)
current process WorkingSet (physical memory assigned to process): 304M, peak: 307M
current process commit charge ("private bytes"): 398M, peak: 401M

vm_info: OpenJDK 64-Bit Server VM (11.0.20+8-LTS) for windows-amd64 JRE (11.0.20+8-LTS), built on Jul  7 2023 17:05:21 by "MicrosoftCorporation" with MS VC++ 15.9 (VS2017)

END.
