#
# There is insufficient memory for the Java Runtime Environment to continue.
# Native memory allocation (malloc) failed to allocate 947456 bytes for Chunk::new
# Possible reasons:
#   The system is out of physical RAM or swap space
#   The process is running with CompressedOops enabled, and the Java Heap may be blocking the growth of the native heap
# Possible solutions:
#   Reduce memory load on the system
#   Increase physical memory or swap space
#   Check if swap backing store is full
#   Decrease Java heap size (-Xmx/-Xms)
#   Decrease number of Java threads
#   Decrease Java thread stack sizes (-Xss)
#   Set larger code cache with -XX:ReservedCodeCacheSize=
#   JVM is running with Unscaled Compressed Oops mode in which the Java heap is
#     placed in the first 4GB address space. The Java Heap base address is the
#     maximum limit for the native heap growth. Please use -XX:HeapBaseMinAddress
#     to set the Java Heap base and to place the Java Heap above 4GB virtual address.
# This output file may be truncated or incomplete.
#
#  Out of Memory Error (arena.cpp:197), pid=29196, tid=28936
#
# JRE version: OpenJDK Runtime Environment Microsoft-8035250 (11.0.20+8) (build 11.0.20+8-LTS)
# Java VM: OpenJDK 64-Bit Server VM Microsoft-8035250 (11.0.20+8-LTS, mixed mode, tiered, compressed oops, g1 gc, windows-amd64)
# No core dump will be written. Minidumps are not enabled by default on client versions of Windows
#

---------------  S U M M A R Y ------------

Command Line: org.jetbrains.kotlin.cli.jvm.K2JVMCompiler @E:\Mobile App\App Mobile Course\thesis\thesisBiomedicalFinal\node_modules\@react-native\gradle-plugin\build\20231007_479816260852506740.compiler.options

Host: AMD Ryzen 7 6800H with Radeon Graphics         , 16 cores, 7G,  Windows 11 , 64 bit Build 22621 (10.0.22621.2215)
Time: Sat Oct  7 09:47:39 2023 SE Asia Standard Time elapsed time: 6.134902 seconds (0d 0h 0m 6s)

---------------  T H R E A D  ---------------

Current thread (0x0000011bfaa67800):  JavaThread "C2 CompilerThread1" daemon [_thread_in_native, id=28936, stack(0x0000001442d00000,0x0000001442e00000)]


Current CompileTask:
C2:   6134 8476       4       org.jetbrains.kotlin.parsing.KotlinExpressionParsing::parseBinaryExpression (70 bytes)

Stack: [0x0000001442d00000,0x0000001442e00000]
Native frames: (J=compiled Java code, j=interpreted, Vv=VM code, C=native code)
V  [jvm.dll+0x62e9da]
V  [jvm.dll+0x7bc4e9]
V  [jvm.dll+0x7bdbd8]
V  [jvm.dll+0x7be2b3]
V  [jvm.dll+0x2505a8]
V  [jvm.dll+0xc263c]
V  [jvm.dll+0xc2bfc]
V  [jvm.dll+0x2c56a4]
V  [jvm.dll+0x536a1c]
V  [jvm.dll+0x211a7b]
V  [jvm.dll+0x20b6b4]
V  [jvm.dll+0x20881b]
V  [jvm.dll+0x18a7de]
V  [jvm.dll+0x2181ec]
V  [jvm.dll+0x21642b]
V  [jvm.dll+0x77efc0]
V  [jvm.dll+0x777db4]
V  [jvm.dll+0x62d845]
C  [ucrtbase.dll+0x29363]
C  [KERNEL32.DLL+0x1257d]
C  [ntdll.dll+0x5aa68]


---------------  P R O C E S S  ---------------

Threads class SMR info:
_java_thread_list=0x0000011bf9f359a0, length=15, elements={
0x0000011bd8abf800, 0x0000011bf9f1b800, 0x0000011bf9f26800, 0x0000011bf9f36000,
0x0000011bf9f38000, 0x0000011bf9f39800, 0x0000011bfa850800, 0x0000011bfa859000,
0x0000011bfa8c4000, 0x0000011bfa996800, 0x0000011bfaa5f800, 0x0000011bfaa67800,
0x0000011bfaf27000, 0x0000011bfae2f800, 0x0000011bfbd26800
}

Java Threads: ( => current thread )
  0x0000011bd8abf800 JavaThread "main" [_thread_in_Java, id=29580, stack(0x0000001441b00000,0x0000001441c00000)]
  0x0000011bf9f1b800 JavaThread "Reference Handler" daemon [_thread_blocked, id=28736, stack(0x0000001442200000,0x0000001442300000)]
  0x0000011bf9f26800 JavaThread "Finalizer" daemon [_thread_blocked, id=28760, stack(0x0000001442300000,0x0000001442400000)]
  0x0000011bf9f36000 JavaThread "Signal Dispatcher" daemon [_thread_blocked, id=29612, stack(0x0000001442400000,0x0000001442500000)]
  0x0000011bf9f38000 JavaThread "Attach Listener" daemon [_thread_blocked, id=29200, stack(0x0000001442500000,0x0000001442600000)]
  0x0000011bf9f39800 JavaThread "Service Thread" daemon [_thread_blocked, id=28744, stack(0x0000001442600000,0x0000001442700000)]
  0x0000011bfa850800 JavaThread "C2 CompilerThread0" daemon [_thread_in_native, id=28772, stack(0x0000001442700000,0x0000001442800000)]
  0x0000011bfa859000 JavaThread "C1 CompilerThread0" daemon [_thread_blocked, id=28776, stack(0x0000001442800000,0x0000001442900000)]
  0x0000011bfa8c4000 JavaThread "Sweeper thread" daemon [_thread_blocked, id=28684, stack(0x0000001442900000,0x0000001442a00000)]
  0x0000011bfa996800 JavaThread "C1 CompilerThread1" daemon [_thread_blocked, id=29012, stack(0x0000001442a00000,0x0000001442b00000)]
  0x0000011bfaa5f800 JavaThread "Common-Cleaner" daemon [_thread_blocked, id=29076, stack(0x0000001442c00000,0x0000001442d00000)]
=>0x0000011bfaa67800 JavaThread "C2 CompilerThread1" daemon [_thread_in_native, id=28936, stack(0x0000001442d00000,0x0000001442e00000)]
  0x0000011bfaf27000 JavaThread "C1 CompilerThread2" daemon [_thread_blocked, id=29240, stack(0x0000001442e00000,0x0000001442f00000)]
  0x0000011bfae2f800 JavaThread "C1 CompilerThread3" daemon [_thread_blocked, id=29252, stack(0x0000001442f00000,0x0000001443000000)]
  0x0000011bfbd26800 JavaThread "C2 CompilerThread2" daemon [_thread_in_native, id=4872, stack(0x0000001443100000,0x0000001443200000)]

Other Threads:
  0x0000011bf9ef5800 VMThread "VM Thread" [stack: 0x0000001442100000,0x0000001442200000] [id=29404]
  0x0000011bfaa55000 WatcherThread [stack: 0x0000001442b00000,0x0000001442c00000] [id=28948]
  0x0000011bd8ad9800 GCTaskThread "GC Thread#0" [stack: 0x0000001441c00000,0x0000001441d00000] [id=28720]
  0x0000011bfb127800 GCTaskThread "GC Thread#1" [stack: 0x0000001443000000,0x0000001443100000] [id=29680]
  0x0000011bfd681800 GCTaskThread "GC Thread#2" [stack: 0x0000001443900000,0x0000001443a00000] [id=28332]
  0x0000011bfed82800 GCTaskThread "GC Thread#3" [stack: 0x0000001443a00000,0x0000001443b00000] [id=22924]
  0x0000011bd8b08000 ConcurrentGCThread "G1 Main Marker" [stack: 0x0000001441d00000,0x0000001441e00000] [id=29540]
  0x0000011bd8b09800 ConcurrentGCThread "G1 Conc#0" [stack: 0x0000001441e00000,0x0000001441f00000] [id=28696]
  0x0000011bfc2c5800 ConcurrentGCThread "G1 Conc#1" [stack: 0x0000001443200000,0x0000001443300000] [id=9220]
  0x0000011bfc11b000 ConcurrentGCThread "G1 Conc#2" [stack: 0x0000001443300000,0x0000001443400000] [id=26000]
  0x0000011bf9d64800 ConcurrentGCThread "G1 Refine#0" [stack: 0x0000001441f00000,0x0000001442000000] [id=28708]
  0x0000011bfc26f800 ConcurrentGCThread "G1 Refine#1" [stack: 0x0000001443400000,0x0000001443500000] [id=29504]
  0x0000011bfc2c4800 ConcurrentGCThread "G1 Refine#2" [stack: 0x0000001443500000,0x0000001443600000] [id=28932]
  0x0000011bfc2c0800 ConcurrentGCThread "G1 Refine#3" [stack: 0x0000001443600000,0x0000001443700000] [id=29428]
  0x0000011bfeeac800 ConcurrentGCThread "G1 Refine#4" [stack: 0x0000001443700000,0x0000001443800000] [id=25952]
  0x0000011bfc5f1800 ConcurrentGCThread "G1 Refine#5" [stack: 0x0000001443800000,0x0000001443900000] [id=28632]
  0x0000011bf9d65000 ConcurrentGCThread "G1 Young RemSet Sampling" [stack: 0x0000001442000000,0x0000001442100000] [id=28768]

Threads with active compile tasks:
C2 CompilerThread0     6155 8037       4       org.jetbrains.kotlin.types.TypeSubstitutor::unsafeSubstitute (793 bytes)
C1 CompilerThread1     6155 8724       3       org.jetbrains.kotlin.com.intellij.psi.impl.PsiElementBase::getProject (32 bytes)
C2 CompilerThread1     6155 8476       4       org.jetbrains.kotlin.parsing.KotlinExpressionParsing::parseBinaryExpression (70 bytes)
C2 CompilerThread2     6155 8575       4       org.jetbrains.kotlin.lexer._JetLexer::advance (2257 bytes)

VM state:not at safepoint (normal execution)

VM Mutex/Monitor currently owned by a thread: None

Heap address: 0x000000008c000000, size: 1856 MB, Compressed Oops mode: 32-bit
Narrow klass base: 0x0000000000000000, Narrow klass shift: 3
Compressed class space size: 1073741824 Address: 0x0000000100000000

Heap:
 garbage-first heap   total 179200K, used 82758K [0x000000008c000000, 0x0000000100000000)
  region size 1024K, 29 young (29696K), 5 survivors (5120K)
 Metaspace       used 62675K, capacity 63504K, committed 63564K, reserved 1105920K
  class space    used 6965K, capacity 7286K, committed 7296K, reserved 1048576K
Heap Regions: E=young(eden), S=young(survivor), O=old, HS=humongous(starts), HC=humongous(continues), CS=collection set, F=free, A=archive, TAMS=top-at-mark-start (previous, next)
|   0|0x000000008c000000, 0x000000008c100000, 0x000000008c100000|100%|HS|  |TAMS 0x000000008c100000, 0x000000008c000000| Complete 
|   1|0x000000008c100000, 0x000000008c200000, 0x000000008c200000|100%|HC|  |TAMS 0x000000008c200000, 0x000000008c100000| Complete 
|   2|0x000000008c200000, 0x000000008c300000, 0x000000008c300000|100%|HC|  |TAMS 0x000000008c300000, 0x000000008c200000| Complete 
|   3|0x000000008c300000, 0x000000008c400000, 0x000000008c400000|100%|HC|  |TAMS 0x000000008c400000, 0x000000008c300000| Complete 
|   4|0x000000008c400000, 0x000000008c500000, 0x000000008c500000|100%| O|  |TAMS 0x000000008c500000, 0x000000008c400000| Untracked 
|   5|0x000000008c500000, 0x000000008c600000, 0x000000008c600000|100%| O|  |TAMS 0x000000008c600000, 0x000000008c500000| Untracked 
|   6|0x000000008c600000, 0x000000008c700000, 0x000000008c700000|100%|HS|  |TAMS 0x000000008c700000, 0x000000008c600000| Complete 
|   7|0x000000008c700000, 0x000000008c800000, 0x000000008c800000|100%|HC|  |TAMS 0x000000008c800000, 0x000000008c700000| Complete 
|   8|0x000000008c800000, 0x000000008c900000, 0x000000008c900000|100%|HC|  |TAMS 0x000000008c900000, 0x000000008c800000| Complete 
|   9|0x000000008c900000, 0x000000008ca00000, 0x000000008ca00000|100%|HC|  |TAMS 0x000000008ca00000, 0x000000008c900000| Complete 
|  10|0x000000008ca00000, 0x000000008cb00000, 0x000000008cb00000|100%|HS|  |TAMS 0x000000008cb00000, 0x000000008ca00000| Complete 
|  11|0x000000008cb00000, 0x000000008cc00000, 0x000000008cc00000|100%|HC|  |TAMS 0x000000008cc00000, 0x000000008cb00000| Complete 
|  12|0x000000008cc00000, 0x000000008cd00000, 0x000000008cd00000|100%|HC|  |TAMS 0x000000008cd00000, 0x000000008cc00000| Complete 
|  13|0x000000008cd00000, 0x000000008ce00000, 0x000000008ce00000|100%|HC|  |TAMS 0x000000008ce00000, 0x000000008cd00000| Complete 
|  14|0x000000008ce00000, 0x000000008cf00000, 0x000000008cf00000|100%|HC|  |TAMS 0x000000008cf00000, 0x000000008ce00000| Complete 
|  15|0x000000008cf00000, 0x000000008d000000, 0x000000008d000000|100%|HC|  |TAMS 0x000000008d000000, 0x000000008cf00000| Complete 
|  16|0x000000008d000000, 0x000000008d100000, 0x000000008d100000|100%| O|  |TAMS 0x000000008d100000, 0x000000008d000000| Untracked 
|  17|0x000000008d100000, 0x000000008d200000, 0x000000008d200000|100%| O|  |TAMS 0x000000008d200000, 0x000000008d100000| Untracked 
|  18|0x000000008d200000, 0x000000008d300000, 0x000000008d300000|100%| O|  |TAMS 0x000000008d300000, 0x000000008d200000| Untracked 
|  19|0x000000008d300000, 0x000000008d400000, 0x000000008d400000|100%| O|  |TAMS 0x000000008d400000, 0x000000008d300000| Untracked 
|  20|0x000000008d400000, 0x000000008d500000, 0x000000008d500000|100%|HS|  |TAMS 0x000000008d500000, 0x000000008d400000| Complete 
|  21|0x000000008d500000, 0x000000008d600000, 0x000000008d600000|100%| O|  |TAMS 0x000000008d600000, 0x000000008d500000| Untracked 
|  22|0x000000008d600000, 0x000000008d700000, 0x000000008d700000|100%| O|  |TAMS 0x000000008d700000, 0x000000008d600000| Untracked 
|  23|0x000000008d700000, 0x000000008d800000, 0x000000008d800000|100%| O|  |TAMS 0x000000008d800000, 0x000000008d700000| Untracked 
|  24|0x000000008d800000, 0x000000008d900000, 0x000000008d900000|100%| O|  |TAMS 0x000000008d900000, 0x000000008d800000| Untracked 
|  25|0x000000008d900000, 0x000000008da00000, 0x000000008da00000|100%| O|  |TAMS 0x000000008da00000, 0x000000008d900000| Untracked 
|  26|0x000000008da00000, 0x000000008db00000, 0x000000008db00000|100%| O|  |TAMS 0x000000008db00000, 0x000000008da00000| Untracked 
|  27|0x000000008db00000, 0x000000008dc00000, 0x000000008dc00000|100%| O|  |TAMS 0x000000008dc00000, 0x000000008db00000| Untracked 
|  28|0x000000008dc00000, 0x000000008dd00000, 0x000000008dd00000|100%| O|  |TAMS 0x000000008dd00000, 0x000000008dc00000| Untracked 
|  29|0x000000008dd00000, 0x000000008de00000, 0x000000008de00000|100%| O|  |TAMS 0x000000008de00000, 0x000000008dd00000| Untracked 
|  30|0x000000008de00000, 0x000000008df00000, 0x000000008df00000|100%| O|  |TAMS 0x000000008df00000, 0x000000008de00000| Untracked 
|  31|0x000000008df00000, 0x000000008e000000, 0x000000008e000000|100%| O|  |TAMS 0x000000008e000000, 0x000000008df00000| Untracked 
|  32|0x000000008e000000, 0x000000008e100000, 0x000000008e100000|100%| O|  |TAMS 0x000000008e100000, 0x000000008e000000| Untracked 
|  33|0x000000008e100000, 0x000000008e200000, 0x000000008e200000|100%| O|  |TAMS 0x000000008e200000, 0x000000008e100000| Untracked 
|  34|0x000000008e200000, 0x000000008e300000, 0x000000008e300000|100%| O|  |TAMS 0x000000008e300000, 0x000000008e200000| Untracked 
|  35|0x000000008e300000, 0x000000008e400000, 0x000000008e400000|100%| O|  |TAMS 0x000000008e400000, 0x000000008e300000| Untracked 
|  36|0x000000008e400000, 0x000000008e500000, 0x000000008e500000|100%| O|  |TAMS 0x000000008e500000, 0x000000008e400000| Untracked 
|  37|0x000000008e500000, 0x000000008e600000, 0x000000008e600000|100%| O|  |TAMS 0x000000008e600000, 0x000000008e500000| Untracked 
|  38|0x000000008e600000, 0x000000008e700000, 0x000000008e700000|100%| O|  |TAMS 0x000000008e700000, 0x000000008e600000| Untracked 
|  39|0x000000008e700000, 0x000000008e800000, 0x000000008e800000|100%| O|  |TAMS 0x000000008e800000, 0x000000008e700000| Untracked 
|  40|0x000000008e800000, 0x000000008e900000, 0x000000008e900000|100%| O|  |TAMS 0x000000008e900000, 0x000000008e800000| Untracked 
|  41|0x000000008e900000, 0x000000008ea00000, 0x000000008ea00000|100%| O|  |TAMS 0x000000008ea00000, 0x000000008e900000| Untracked 
|  42|0x000000008ea00000, 0x000000008eb00000, 0x000000008eb00000|100%| O|  |TAMS 0x000000008eb00000, 0x000000008ea00000| Untracked 
|  43|0x000000008eb00000, 0x000000008ec00000, 0x000000008ec00000|100%| O|  |TAMS 0x000000008ec00000, 0x000000008eb00000| Untracked 
|  44|0x000000008ec00000, 0x000000008ed00000, 0x000000008ed00000|100%| O|  |TAMS 0x000000008ed00000, 0x000000008ec00000| Untracked 
|  45|0x000000008ed00000, 0x000000008ee00000, 0x000000008ee00000|100%| O|  |TAMS 0x000000008ee00000, 0x000000008ed00000| Untracked 
|  46|0x000000008ee00000, 0x000000008ef00000, 0x000000008ef00000|100%| O|  |TAMS 0x000000008ef00000, 0x000000008ee00000| Untracked 
|  47|0x000000008ef00000, 0x000000008f000000, 0x000000008f000000|100%| O|  |TAMS 0x000000008f000000, 0x000000008ef00000| Untracked 
|  48|0x000000008f000000, 0x000000008f100000, 0x000000008f100000|100%| O|  |TAMS 0x000000008f100000, 0x000000008f000000| Untracked 
|  49|0x000000008f100000, 0x000000008f200000, 0x000000008f200000|100%| O|  |TAMS 0x000000008f200000, 0x000000008f100000| Untracked 
|  50|0x000000008f200000, 0x000000008f300000, 0x000000008f300000|100%| O|  |TAMS 0x000000008f300000, 0x000000008f200000| Untracked 
|  51|0x000000008f300000, 0x000000008f400000, 0x000000008f400000|100%| O|  |TAMS 0x000000008f400000, 0x000000008f300000| Untracked 
|  52|0x000000008f400000, 0x000000008f4d1a00, 0x000000008f500000| 81%| O|  |TAMS 0x000000008f4d1a00, 0x000000008f400000| Untracked 
|  53|0x000000008f500000, 0x000000008f500000, 0x000000008f600000|  0%| F|  |TAMS 0x000000008f500000, 0x000000008f500000| Untracked 
|  54|0x000000008f600000, 0x000000008f600000, 0x000000008f700000|  0%| F|  |TAMS 0x000000008f600000, 0x000000008f600000| Untracked 
|  55|0x000000008f700000, 0x000000008f700000, 0x000000008f800000|  0%| F|  |TAMS 0x000000008f700000, 0x000000008f700000| Untracked 
|  56|0x000000008f800000, 0x000000008f800000, 0x000000008f900000|  0%| F|  |TAMS 0x000000008f800000, 0x000000008f800000| Untracked 
|  57|0x000000008f900000, 0x000000008f900000, 0x000000008fa00000|  0%| F|  |TAMS 0x000000008f900000, 0x000000008f900000| Untracked 
|  58|0x000000008fa00000, 0x000000008fa00000, 0x000000008fb00000|  0%| F|  |TAMS 0x000000008fa00000, 0x000000008fa00000| Untracked 
|  59|0x000000008fb00000, 0x000000008fb00000, 0x000000008fc00000|  0%| F|  |TAMS 0x000000008fb00000, 0x000000008fb00000| Untracked 
|  60|0x000000008fc00000, 0x000000008fc00000, 0x000000008fd00000|  0%| F|  |TAMS 0x000000008fc00000, 0x000000008fc00000| Untracked 
|  61|0x000000008fd00000, 0x000000008fd00000, 0x000000008fe00000|  0%| F|  |TAMS 0x000000008fd00000, 0x000000008fd00000| Untracked 
|  62|0x000000008fe00000, 0x000000008fe00000, 0x000000008ff00000|  0%| F|  |TAMS 0x000000008fe00000, 0x000000008fe00000| Untracked 
|  63|0x000000008ff00000, 0x000000008ff00000, 0x0000000090000000|  0%| F|  |TAMS 0x000000008ff00000, 0x000000008ff00000| Untracked 
|  64|0x0000000090000000, 0x0000000090000000, 0x0000000090100000|  0%| F|  |TAMS 0x0000000090000000, 0x0000000090000000| Untracked 
|  65|0x0000000090100000, 0x0000000090100000, 0x0000000090200000|  0%| F|  |TAMS 0x0000000090100000, 0x0000000090100000| Untracked 
|  66|0x0000000090200000, 0x0000000090200000, 0x0000000090300000|  0%| F|  |TAMS 0x0000000090200000, 0x0000000090200000| Untracked 
|  67|0x0000000090300000, 0x0000000090300000, 0x0000000090400000|  0%| F|  |TAMS 0x0000000090300000, 0x0000000090300000| Untracked 
|  68|0x0000000090400000, 0x0000000090400000, 0x0000000090500000|  0%| F|  |TAMS 0x0000000090400000, 0x0000000090400000| Untracked 
|  69|0x0000000090500000, 0x0000000090500000, 0x0000000090600000|  0%| F|  |TAMS 0x0000000090500000, 0x0000000090500000| Untracked 
|  70|0x0000000090600000, 0x0000000090600000, 0x0000000090700000|  0%| F|  |TAMS 0x0000000090600000, 0x0000000090600000| Untracked 
|  71|0x0000000090700000, 0x0000000090700000, 0x0000000090800000|  0%| F|  |TAMS 0x0000000090700000, 0x0000000090700000| Untracked 
|  72|0x0000000090800000, 0x0000000090800000, 0x0000000090900000|  0%| F|  |TAMS 0x0000000090800000, 0x0000000090800000| Untracked 
|  73|0x0000000090900000, 0x0000000090900000, 0x0000000090a00000|  0%| F|  |TAMS 0x0000000090900000, 0x0000000090900000| Untracked 
|  74|0x0000000090a00000, 0x0000000090a00000, 0x0000000090b00000|  0%| F|  |TAMS 0x0000000090a00000, 0x0000000090a00000| Untracked 
|  75|0x0000000090b00000, 0x0000000090b00000, 0x0000000090c00000|  0%| F|  |TAMS 0x0000000090b00000, 0x0000000090b00000| Untracked 
|  76|0x0000000090c00000, 0x0000000090c00000, 0x0000000090d00000|  0%| F|  |TAMS 0x0000000090c00000, 0x0000000090c00000| Untracked 
|  77|0x0000000090d00000, 0x0000000090d00000, 0x0000000090e00000|  0%| F|  |TAMS 0x0000000090d00000, 0x0000000090d00000| Untracked 
|  78|0x0000000090e00000, 0x0000000090e00000, 0x0000000090f00000|  0%| F|  |TAMS 0x0000000090e00000, 0x0000000090e00000| Untracked 
|  79|0x0000000090f00000, 0x0000000090f00000, 0x0000000091000000|  0%| F|  |TAMS 0x0000000090f00000, 0x0000000090f00000| Untracked 
|  80|0x0000000091000000, 0x0000000091000000, 0x0000000091100000|  0%| F|  |TAMS 0x0000000091000000, 0x0000000091000000| Untracked 
|  81|0x0000000091100000, 0x0000000091100000, 0x0000000091200000|  0%| F|  |TAMS 0x0000000091100000, 0x0000000091100000| Untracked 
|  82|0x0000000091200000, 0x0000000091200000, 0x0000000091300000|  0%| F|  |TAMS 0x0000000091200000, 0x0000000091200000| Untracked 
|  83|0x0000000091300000, 0x0000000091300000, 0x0000000091400000|  0%| F|  |TAMS 0x0000000091300000, 0x0000000091300000| Untracked 
|  84|0x0000000091400000, 0x0000000091400000, 0x0000000091500000|  0%| F|  |TAMS 0x0000000091400000, 0x0000000091400000| Untracked 
|  85|0x0000000091500000, 0x0000000091500000, 0x0000000091600000|  0%| F|  |TAMS 0x0000000091500000, 0x0000000091500000| Untracked 
|  86|0x0000000091600000, 0x0000000091600000, 0x0000000091700000|  0%| F|  |TAMS 0x0000000091600000, 0x0000000091600000| Untracked 
|  87|0x0000000091700000, 0x0000000091700000, 0x0000000091800000|  0%| F|  |TAMS 0x0000000091700000, 0x0000000091700000| Untracked 
|  88|0x0000000091800000, 0x0000000091800000, 0x0000000091900000|  0%| F|  |TAMS 0x0000000091800000, 0x0000000091800000| Untracked 
|  89|0x0000000091900000, 0x0000000091900000, 0x0000000091a00000|  0%| F|  |TAMS 0x0000000091900000, 0x0000000091900000| Untracked 
|  90|0x0000000091a00000, 0x0000000091a00000, 0x0000000091b00000|  0%| F|  |TAMS 0x0000000091a00000, 0x0000000091a00000| Untracked 
|  91|0x0000000091b00000, 0x0000000091b00000, 0x0000000091c00000|  0%| F|  |TAMS 0x0000000091b00000, 0x0000000091b00000| Untracked 
|  92|0x0000000091c00000, 0x0000000091c00000, 0x0000000091d00000|  0%| F|  |TAMS 0x0000000091c00000, 0x0000000091c00000| Untracked 
|  93|0x0000000091d00000, 0x0000000091d00000, 0x0000000091e00000|  0%| F|  |TAMS 0x0000000091d00000, 0x0000000091d00000| Untracked 
|  94|0x0000000091e00000, 0x0000000091e00000, 0x0000000091f00000|  0%| F|  |TAMS 0x0000000091e00000, 0x0000000091e00000| Untracked 
|  95|0x0000000091f00000, 0x0000000091f00000, 0x0000000092000000|  0%| F|  |TAMS 0x0000000091f00000, 0x0000000091f00000| Untracked 
|  96|0x0000000092000000, 0x0000000092000000, 0x0000000092100000|  0%| F|  |TAMS 0x0000000092000000, 0x0000000092000000| Untracked 
|  97|0x0000000092100000, 0x0000000092100000, 0x0000000092200000|  0%| F|  |TAMS 0x0000000092100000, 0x0000000092100000| Untracked 
|  98|0x0000000092200000, 0x0000000092200000, 0x0000000092300000|  0%| F|  |TAMS 0x0000000092200000, 0x0000000092200000| Untracked 
|  99|0x0000000092300000, 0x0000000092300000, 0x0000000092400000|  0%| F|  |TAMS 0x0000000092300000, 0x0000000092300000| Untracked 
| 100|0x0000000092400000, 0x0000000092400000, 0x0000000092500000|  0%| F|  |TAMS 0x0000000092400000, 0x0000000092400000| Untracked 
| 101|0x0000000092500000, 0x0000000092500000, 0x0000000092600000|  0%| F|  |TAMS 0x0000000092500000, 0x0000000092500000| Untracked 
| 102|0x0000000092600000, 0x0000000092600000, 0x0000000092700000|  0%| F|  |TAMS 0x0000000092600000, 0x0000000092600000| Untracked 
| 103|0x0000000092700000, 0x0000000092700000, 0x0000000092800000|  0%| F|  |TAMS 0x0000000092700000, 0x0000000092700000| Untracked 
| 104|0x0000000092800000, 0x0000000092800000, 0x0000000092900000|  0%| F|  |TAMS 0x0000000092800000, 0x0000000092800000| Untracked 
| 105|0x0000000092900000, 0x0000000092900000, 0x0000000092a00000|  0%| F|  |TAMS 0x0000000092900000, 0x0000000092900000| Untracked 
| 106|0x0000000092a00000, 0x0000000092a00000, 0x0000000092b00000|  0%| F|  |TAMS 0x0000000092a00000, 0x0000000092a00000| Untracked 
| 107|0x0000000092b00000, 0x0000000092b00000, 0x0000000092c00000|  0%| F|  |TAMS 0x0000000092b00000, 0x0000000092b00000| Untracked 
| 108|0x0000000092c00000, 0x0000000092c00000, 0x0000000092d00000|  0%| F|  |TAMS 0x0000000092c00000, 0x0000000092c00000| Untracked 
| 109|0x0000000092d00000, 0x0000000092d00000, 0x0000000092e00000|  0%| F|  |TAMS 0x0000000092d00000, 0x0000000092d00000| Untracked 
| 110|0x0000000092e00000, 0x0000000092e00000, 0x0000000092f00000|  0%| F|  |TAMS 0x0000000092e00000, 0x0000000092e00000| Untracked 
| 111|0x0000000092f00000, 0x0000000092f00000, 0x0000000093000000|  0%| F|  |TAMS 0x0000000092f00000, 0x0000000092f00000| Untracked 
| 112|0x0000000093000000, 0x0000000093000000, 0x0000000093100000|  0%| F|  |TAMS 0x0000000093000000, 0x0000000093000000| Untracked 
| 113|0x0000000093100000, 0x0000000093100000, 0x0000000093200000|  0%| F|  |TAMS 0x0000000093100000, 0x0000000093100000| Untracked 
| 114|0x0000000093200000, 0x0000000093200000, 0x0000000093300000|  0%| F|  |TAMS 0x0000000093200000, 0x0000000093200000| Untracked 
| 115|0x0000000093300000, 0x0000000093300000, 0x0000000093400000|  0%| F|  |TAMS 0x0000000093300000, 0x0000000093300000| Untracked 
| 116|0x0000000093400000, 0x0000000093400000, 0x0000000093500000|  0%| F|  |TAMS 0x0000000093400000, 0x0000000093400000| Untracked 
| 117|0x0000000093500000, 0x0000000093500000, 0x0000000093600000|  0%| F|  |TAMS 0x0000000093500000, 0x0000000093500000| Untracked 
| 118|0x0000000093600000, 0x0000000093600000, 0x0000000093700000|  0%| F|  |TAMS 0x0000000093600000, 0x0000000093600000| Untracked 
| 119|0x0000000093700000, 0x0000000093700000, 0x0000000093800000|  0%| F|  |TAMS 0x0000000093700000, 0x0000000093700000| Untracked 
| 120|0x0000000093800000, 0x0000000093800000, 0x0000000093900000|  0%| F|  |TAMS 0x0000000093800000, 0x0000000093800000| Untracked 
| 121|0x0000000093900000, 0x0000000093900000, 0x0000000093a00000|  0%| F|  |TAMS 0x0000000093900000, 0x0000000093900000| Untracked 
| 122|0x0000000093a00000, 0x0000000093a00000, 0x0000000093b00000|  0%| F|  |TAMS 0x0000000093a00000, 0x0000000093a00000| Untracked 
| 123|0x0000000093b00000, 0x0000000093b00000, 0x0000000093c00000|  0%| F|  |TAMS 0x0000000093b00000, 0x0000000093b00000| Untracked 
| 124|0x0000000093c00000, 0x0000000093c00000, 0x0000000093d00000|  0%| F|  |TAMS 0x0000000093c00000, 0x0000000093c00000| Untracked 
| 125|0x0000000093d00000, 0x0000000093d00000, 0x0000000093e00000|  0%| F|  |TAMS 0x0000000093d00000, 0x0000000093d00000| Untracked 
| 126|0x0000000093e00000, 0x0000000093e00000, 0x0000000093f00000|  0%| F|  |TAMS 0x0000000093e00000, 0x0000000093e00000| Untracked 
| 127|0x0000000093f00000, 0x0000000093f00000, 0x0000000094000000|  0%| F|  |TAMS 0x0000000093f00000, 0x0000000093f00000| Untracked 
| 128|0x0000000094000000, 0x0000000094000000, 0x0000000094100000|  0%| F|  |TAMS 0x0000000094000000, 0x0000000094000000| Untracked 
| 129|0x0000000094100000, 0x0000000094100000, 0x0000000094200000|  0%| F|  |TAMS 0x0000000094100000, 0x0000000094100000| Untracked 
| 130|0x0000000094200000, 0x0000000094200000, 0x0000000094300000|  0%| F|  |TAMS 0x0000000094200000, 0x0000000094200000| Untracked 
| 131|0x0000000094300000, 0x0000000094300000, 0x0000000094400000|  0%| F|  |TAMS 0x0000000094300000, 0x0000000094300000| Untracked 
| 132|0x0000000094400000, 0x0000000094400000, 0x0000000094500000|  0%| F|  |TAMS 0x0000000094400000, 0x0000000094400000| Untracked 
| 133|0x0000000094500000, 0x0000000094500000, 0x0000000094600000|  0%| F|  |TAMS 0x0000000094500000, 0x0000000094500000| Untracked 
| 134|0x0000000094600000, 0x0000000094600000, 0x0000000094700000|  0%| F|  |TAMS 0x0000000094600000, 0x0000000094600000| Untracked 
| 135|0x0000000094700000, 0x0000000094800000, 0x0000000094800000|100%| S|CS|TAMS 0x0000000094700000, 0x0000000094700000| Complete 
| 136|0x0000000094800000, 0x0000000094900000, 0x0000000094900000|100%| S|CS|TAMS 0x0000000094800000, 0x0000000094800000| Complete 
| 137|0x0000000094900000, 0x0000000094a00000, 0x0000000094a00000|100%| S|CS|TAMS 0x0000000094900000, 0x0000000094900000| Complete 
| 138|0x0000000094a00000, 0x0000000094b00000, 0x0000000094b00000|100%| S|CS|TAMS 0x0000000094a00000, 0x0000000094a00000| Complete 
| 139|0x0000000094b00000, 0x0000000094c00000, 0x0000000094c00000|100%| S|CS|TAMS 0x0000000094b00000, 0x0000000094b00000| Complete 
| 140|0x0000000094c00000, 0x0000000094c00000, 0x0000000094d00000|  0%| F|  |TAMS 0x0000000094c00000, 0x0000000094c00000| Untracked 
| 141|0x0000000094d00000, 0x0000000094d00000, 0x0000000094e00000|  0%| F|  |TAMS 0x0000000094d00000, 0x0000000094d00000| Untracked 
| 142|0x0000000094e00000, 0x0000000094e00000, 0x0000000094f00000|  0%| F|  |TAMS 0x0000000094e00000, 0x0000000094e00000| Untracked 
| 143|0x0000000094f00000, 0x0000000094f00000, 0x0000000095000000|  0%| F|  |TAMS 0x0000000094f00000, 0x0000000094f00000| Untracked 
| 144|0x0000000095000000, 0x0000000095000000, 0x0000000095100000|  0%| F|  |TAMS 0x0000000095000000, 0x0000000095000000| Untracked 
| 145|0x0000000095100000, 0x0000000095100000, 0x0000000095200000|  0%| F|  |TAMS 0x0000000095100000, 0x0000000095100000| Untracked 
| 146|0x0000000095200000, 0x0000000095200000, 0x0000000095300000|  0%| F|  |TAMS 0x0000000095200000, 0x0000000095200000| Untracked 
| 147|0x0000000095300000, 0x0000000095300000, 0x0000000095400000|  0%| F|  |TAMS 0x0000000095300000, 0x0000000095300000| Untracked 
| 148|0x0000000095400000, 0x0000000095400000, 0x0000000095500000|  0%| F|  |TAMS 0x0000000095400000, 0x0000000095400000| Untracked 
| 149|0x0000000095500000, 0x0000000095500000, 0x0000000095600000|  0%| F|  |TAMS 0x0000000095500000, 0x0000000095500000| Untracked 
| 150|0x0000000095600000, 0x0000000095600000, 0x0000000095700000|  0%| F|  |TAMS 0x0000000095600000, 0x0000000095600000| Untracked 
| 151|0x0000000095700000, 0x0000000095800000, 0x0000000095800000|100%| E|  |TAMS 0x0000000095700000, 0x0000000095700000| Complete 
| 152|0x0000000095800000, 0x0000000095900000, 0x0000000095900000|100%| E|CS|TAMS 0x0000000095800000, 0x0000000095800000| Complete 
| 153|0x0000000095900000, 0x0000000095a00000, 0x0000000095a00000|100%| E|CS|TAMS 0x0000000095900000, 0x0000000095900000| Complete 
| 154|0x0000000095a00000, 0x0000000095b00000, 0x0000000095b00000|100%| E|CS|TAMS 0x0000000095a00000, 0x0000000095a00000| Complete 
| 155|0x0000000095b00000, 0x0000000095c00000, 0x0000000095c00000|100%| E|CS|TAMS 0x0000000095b00000, 0x0000000095b00000| Complete 
| 156|0x0000000095c00000, 0x0000000095d00000, 0x0000000095d00000|100%| E|CS|TAMS 0x0000000095c00000, 0x0000000095c00000| Complete 
| 157|0x0000000095d00000, 0x0000000095e00000, 0x0000000095e00000|100%| E|CS|TAMS 0x0000000095d00000, 0x0000000095d00000| Complete 
| 158|0x0000000095e00000, 0x0000000095f00000, 0x0000000095f00000|100%| E|CS|TAMS 0x0000000095e00000, 0x0000000095e00000| Complete 
| 159|0x0000000095f00000, 0x0000000096000000, 0x0000000096000000|100%| E|CS|TAMS 0x0000000095f00000, 0x0000000095f00000| Complete 
| 160|0x0000000096000000, 0x0000000096100000, 0x0000000096100000|100%| E|CS|TAMS 0x0000000096000000, 0x0000000096000000| Complete 
| 161|0x0000000096100000, 0x0000000096200000, 0x0000000096200000|100%| E|CS|TAMS 0x0000000096100000, 0x0000000096100000| Complete 
| 162|0x0000000096200000, 0x0000000096300000, 0x0000000096300000|100%| E|CS|TAMS 0x0000000096200000, 0x0000000096200000| Complete 
| 163|0x0000000096300000, 0x0000000096400000, 0x0000000096400000|100%| E|CS|TAMS 0x0000000096300000, 0x0000000096300000| Complete 
| 164|0x0000000096400000, 0x0000000096500000, 0x0000000096500000|100%| E|CS|TAMS 0x0000000096400000, 0x0000000096400000| Complete 
| 165|0x0000000096500000, 0x0000000096600000, 0x0000000096600000|100%| E|CS|TAMS 0x0000000096500000, 0x0000000096500000| Complete 
| 166|0x0000000096600000, 0x0000000096700000, 0x0000000096700000|100%| E|CS|TAMS 0x0000000096600000, 0x0000000096600000| Complete 
| 167|0x0000000096700000, 0x0000000096800000, 0x0000000096800000|100%| E|CS|TAMS 0x0000000096700000, 0x0000000096700000| Complete 
| 168|0x0000000096800000, 0x0000000096900000, 0x0000000096900000|100%| E|CS|TAMS 0x0000000096800000, 0x0000000096800000| Complete 
| 169|0x0000000096900000, 0x0000000096a00000, 0x0000000096a00000|100%| E|CS|TAMS 0x0000000096900000, 0x0000000096900000| Complete 
| 170|0x0000000096a00000, 0x0000000096b00000, 0x0000000096b00000|100%| E|CS|TAMS 0x0000000096a00000, 0x0000000096a00000| Complete 
| 171|0x0000000096b00000, 0x0000000096c00000, 0x0000000096c00000|100%| E|CS|TAMS 0x0000000096b00000, 0x0000000096b00000| Complete 
| 172|0x0000000096c00000, 0x0000000096d00000, 0x0000000096d00000|100%| E|CS|TAMS 0x0000000096c00000, 0x0000000096c00000| Complete 
| 173|0x0000000096d00000, 0x0000000096e00000, 0x0000000096e00000|100%| E|CS|TAMS 0x0000000096d00000, 0x0000000096d00000| Complete 
| 174|0x0000000096e00000, 0x0000000096f00000, 0x0000000096f00000|100%| E|CS|TAMS 0x0000000096e00000, 0x0000000096e00000| Complete 

Card table byte_map: [0x0000011bf2d60000,0x0000011bf3100000] _byte_map_base: 0x0000011bf2900000

Marking Bits (Prev, Next): (CMBitMap*) 0x0000011bd8affe70, (CMBitMap*) 0x0000011bd8affe38
 Prev Bits: [0x0000011bf51a0000, 0x0000011bf6ea0000)
 Next Bits: [0x0000011bf34a0000, 0x0000011bf51a0000)

Polling page: 0x0000011bd8b90000

Metaspace:

Usage:
  Non-class:     54.90 MB capacity,    54.40 MB (>99%) used,   405.20 KB ( <1%) free+waste,   102.13 KB ( <1%) overhead. 
      Class:      7.12 MB capacity,     6.80 MB ( 96%) used,   276.10 KB (  4%) free+waste,    44.63 KB ( <1%) overhead. 
       Both:     62.02 MB capacity,    61.21 MB ( 99%) used,   681.30 KB (  1%) free+waste,   146.75 KB ( <1%) overhead. 

Virtual space:
  Non-class space:       56.00 MB reserved,      54.95 MB ( 98%) committed 
      Class space:        1.00 GB reserved,       7.13 MB ( <1%) committed 
             Both:        1.05 GB reserved,      62.07 MB (  6%) committed 

Chunk freelists:
   Non-Class:  50.00 KB
       Class:  10.00 KB
        Both:  60.00 KB

MaxMetaspaceSize: 17179869184.00 GB
CompressedClassSpaceSize: 1.00 GB
Initial GC threshold: 20.80 MB
Current GC threshold: 98.46 MB
CDS: off

CodeHeap 'non-profiled nmethods': size=119168Kb used=3759Kb max_used=3759Kb free=115408Kb
 bounds [0x0000011bea5a0000, 0x0000011bea950000, 0x0000011bf1a00000]
CodeHeap 'profiled nmethods': size=119168Kb used=24209Kb max_used=24209Kb free=94958Kb
 bounds [0x0000011be3140000, 0x0000011be48f0000, 0x0000011bea5a0000]
CodeHeap 'non-nmethods': size=7424Kb used=2989Kb max_used=3054Kb free=4434Kb
 bounds [0x0000011be2a00000, 0x0000011be2d10000, 0x0000011be3140000]
 total_blobs=9171 nmethods=8584 adapters=494
 compilation: enabled
              stopped_count=0, restarted_count=0
 full_count=0

Compilation events (20 events):
Event: 6.124 Thread 0x0000011bfa996800 nmethod 8690 0x0000011bea94b310 code [0x0000011bea94b4c0, 0x0000011bea94b578]
Event: 6.124 Thread 0x0000011bfa996800 8695       1       org.jetbrains.kotlin.resolve.lazy.descriptors.LazyAnnotationsContext::getTrace (5 bytes)
Event: 6.125 Thread 0x0000011bfa996800 nmethod 8695 0x0000011bea94b610 code [0x0000011bea94b7c0, 0x0000011bea94b878]
Event: 6.125 Thread 0x0000011bfa996800 8696       3       org.jetbrains.kotlin.com.intellij.psi.util.PsiTreeUtil::getNextSiblingOfType (55 bytes)
Event: 6.125 Thread 0x0000011bfae2f800 nmethod 8693 0x0000011be48a9890 code [0x0000011be48a9c00, 0x0000011be48ab038]
Event: 6.125 Thread 0x0000011bfae2f800 8697       3       org.jetbrains.kotlin.resolve.calls.model.DataFlowInfoForArgumentsImpl::<init> (42 bytes)
Event: 6.125 Thread 0x0000011bfa859000 nmethod 8694 0x0000011be48ab710 code [0x0000011be48abb80, 0x0000011be48ad8e8]
Event: 6.125 Thread 0x0000011bfa859000 8698       3       org.jetbrains.kotlin.resolve.calls.util.CallMaker$CallImpl::getCallType (14 bytes)
Event: 6.125 Thread 0x0000011bfa996800 nmethod 8696 0x0000011be48ae290 code [0x0000011be48ae4c0, 0x0000011be48aec28]
Event: 6.125 Thread 0x0000011bfa859000 nmethod 8698 0x0000011be48aee90 code [0x0000011be48af040, 0x0000011be48af1c8]
Event: 6.125 Thread 0x0000011bfae2f800 nmethod 8697 0x0000011be48af290 code [0x0000011be48af4a0, 0x0000011be48af988]
Event: 6.127 Thread 0x0000011bfaf27000 nmethod 8677 0x0000011be48afb90 code [0x0000011be48b0960, 0x0000011be48b9ae8]
Event: 6.130 Thread 0x0000011bfa996800 8699       3       org.jetbrains.kotlin.resolve.calls.tower.KotlinResolutionStatelessCallbacksImpl::isHiddenInResolution (119 bytes)
Event: 6.130 Thread 0x0000011bfa859000 8700       3       org.jetbrains.kotlin.resolve.calls.tower.NewResolutionOldInferenceKt::isCallWithSuperReceiver (16 bytes)
Event: 6.130 Thread 0x0000011bfae2f800 8701       3       org.jetbrains.kotlin.resolve.calls.components.CheckVisibility::process (216 bytes)
Event: 6.130 Thread 0x0000011bfa859000 nmethod 8700 0x0000011be48bc610 code [0x0000011be48bc840, 0x0000011be48bcf68]
Event: 6.130 Thread 0x0000011bfaf27000 8702       3       org.jetbrains.kotlin.resolve.AnnotationChecker$Companion::getActualTargetList (620 bytes)
Event: 6.132 Thread 0x0000011bfa996800 nmethod 8699 0x0000011be48bd210 code [0x0000011be48bd660, 0x0000011be48bf5f8]
Event: 6.133 Thread 0x0000011bfa859000 8706       1       org.jetbrains.kotlin.load.java.structure.impl.classFiles.PlainJavaWildcardType::isExtends (5 bytes)
Event: 6.133 Thread 0x0000011bfa859000 nmethod 8706 0x0000011bea94b910 code [0x0000011bea94bac0, 0x0000011bea94bb78]

GC Heap History (16 events):
Event: 0.471 GC heap before
{Heap before GC invocations=0 (full 0):
 garbage-first heap   total 118784K, used 28672K [0x000000008c000000, 0x0000000100000000)
  region size 1024K, 24 young (24576K), 0 survivors (0K)
 Metaspace       used 12076K, capacity 12210K, committed 12416K, reserved 1060864K
  class space    used 1059K, capacity 1109K, committed 1152K, reserved 1048576K
}
Event: 0.477 GC heap after
{Heap after GC invocations=1 (full 0):
 garbage-first heap   total 118784K, used 7317K [0x000000008c000000, 0x0000000100000000)
  region size 1024K, 3 young (3072K), 3 survivors (3072K)
 Metaspace       used 12076K, capacity 12210K, committed 12416K, reserved 1060864K
  class space    used 1059K, capacity 1109K, committed 1152K, reserved 1048576K
}
Event: 0.921 GC heap before
{Heap before GC invocations=1 (full 0):
 garbage-first heap   total 118784K, used 45205K [0x000000008c000000, 0x0000000100000000)
  region size 1024K, 41 young (41984K), 3 survivors (3072K)
 Metaspace       used 20876K, capacity 21149K, committed 21248K, reserved 1069056K
  class space    used 2163K, capacity 2263K, committed 2304K, reserved 1048576K
}
Event: 0.930 GC heap after
{Heap after GC invocations=2 (full 0):
 garbage-first heap   total 118784K, used 11229K [0x000000008c000000, 0x0000000100000000)
  region size 1024K, 7 young (7168K), 7 survivors (7168K)
 Metaspace       used 20876K, capacity 21149K, committed 21248K, reserved 1069056K
  class space    used 2163K, capacity 2263K, committed 2304K, reserved 1048576K
}
Event: 1.499 GC heap before
{Heap before GC invocations=3 (full 0):
 garbage-first heap   total 118784K, used 71645K [0x000000008c000000, 0x0000000100000000)
  region size 1024K, 56 young (57344K), 7 survivors (7168K)
 Metaspace       used 32076K, capacity 32669K, committed 33024K, reserved 1079296K
  class space    used 3752K, capacity 3973K, committed 4096K, reserved 1048576K
}
Event: 1.516 GC heap after
{Heap after GC invocations=4 (full 0):
 garbage-first heap   total 118784K, used 27639K [0x000000008c000000, 0x0000000100000000)
  region size 1024K, 7 young (7168K), 7 survivors (7168K)
 Metaspace       used 32076K, capacity 32669K, committed 33024K, reserved 1079296K
  class space    used 3752K, capacity 3973K, committed 4096K, reserved 1048576K
}
Event: 1.851 GC heap before
{Heap before GC invocations=4 (full 0):
 garbage-first heap   total 118784K, used 71671K [0x000000008c000000, 0x0000000100000000)
  region size 1024K, 51 young (52224K), 7 survivors (7168K)
 Metaspace       used 35088K, capacity 35656K, committed 35840K, reserved 1081344K
  class space    used 4206K, capacity 4429K, committed 4480K, reserved 1048576K
}
Event: 1.889 GC heap after
{Heap after GC invocations=5 (full 0):
 garbage-first heap   total 118784K, used 30386K [0x000000008c000000, 0x0000000100000000)
  region size 1024K, 8 young (8192K), 8 survivors (8192K)
 Metaspace       used 35088K, capacity 35656K, committed 35840K, reserved 1081344K
  class space    used 4206K, capacity 4429K, committed 4480K, reserved 1048576K
}
Event: 2.319 GC heap before
{Heap before GC invocations=6 (full 0):
 garbage-first heap   total 118784K, used 66226K [0x000000008c000000, 0x0000000100000000)
  region size 1024K, 37 young (37888K), 8 survivors (8192K)
 Metaspace       used 40550K, capacity 41166K, committed 41472K, reserved 1085440K
  class space    used 4810K, capacity 5023K, committed 5120K, reserved 1048576K
}
Event: 2.347 GC heap after
{Heap after GC invocations=7 (full 0):
 garbage-first heap   total 179200K, used 43008K [0x000000008c000000, 0x0000000100000000)
  region size 1024K, 5 young (5120K), 5 survivors (5120K)
 Metaspace       used 40550K, capacity 41166K, committed 41472K, reserved 1085440K
  class space    used 4810K, capacity 5023K, committed 5120K, reserved 1048576K
}
Event: 3.114 GC heap before
{Heap before GC invocations=7 (full 0):
 garbage-first heap   total 179200K, used 100352K [0x000000008c000000, 0x0000000100000000)
  region size 1024K, 61 young (62464K), 5 survivors (5120K)
 Metaspace       used 50234K, capacity 50945K, committed 51200K, reserved 1093632K
  class space    used 5794K, capacity 6040K, committed 6144K, reserved 1048576K
}
Event: 3.124 GC heap after
{Heap after GC invocations=8 (full 0):
 garbage-first heap   total 179200K, used 50403K [0x000000008c000000, 0x0000000100000000)
  region size 1024K, 7 young (7168K), 7 survivors (7168K)
 Metaspace       used 50234K, capacity 50945K, committed 51200K, reserved 1093632K
  class space    used 5794K, capacity 6040K, committed 6144K, reserved 1048576K
}
Event: 4.124 GC heap before
{Heap before GC invocations=8 (full 0):
 garbage-first heap   total 179200K, used 110819K [0x000000008c000000, 0x0000000100000000)
  region size 1024K, 66 young (67584K), 7 survivors (7168K)
 Metaspace       used 57196K, capacity 57998K, committed 58112K, reserved 1099776K
  class space    used 6536K, capacity 6863K, committed 6912K, reserved 1048576K
}
Event: 4.142 GC heap after
{Heap after GC invocations=9 (full 0):
 garbage-first heap   total 179200K, used 54094K [0x000000008c000000, 0x0000000100000000)
  region size 1024K, 5 young (5120K), 5 survivors (5120K)
 Metaspace       used 57196K, capacity 57998K, committed 58112K, reserved 1099776K
  class space    used 6536K, capacity 6863K, committed 6912K, reserved 1048576K
}
Event: 4.890 GC heap before
{Heap before GC invocations=9 (full 0):
 garbage-first heap   total 179200K, used 88910K [0x000000008c000000, 0x0000000100000000)
  region size 1024K, 40 young (40960K), 5 survivors (5120K)
 Metaspace       used 59277K, capacity 60055K, committed 60160K, reserved 1101824K
  class space    used 6641K, capacity 6973K, committed 7040K, reserved 1048576K
}
Event: 4.907 GC heap after
{Heap after GC invocations=10 (full 0):
 garbage-first heap   total 179200K, used 59206K [0x000000008c000000, 0x0000000100000000)
  region size 1024K, 5 young (5120K), 5 survivors (5120K)
 Metaspace       used 59277K, capacity 60055K, committed 60160K, reserved 1101824K
  class space    used 6641K, capacity 6973K, committed 7040K, reserved 1048576K
}

Deoptimization events (20 events):
Event: 6.007 Thread 0x0000011bd8abf800 Uncommon trap: trap_request=0xffffffde fr.pc=0x0000011bea8d56c0 relative=0x0000000000000660
Event: 6.007 Thread 0x0000011bd8abf800 Uncommon trap: reason=class_check action=maybe_recompile pc=0x0000011bea8d56c0 method=kotlin.collections.CollectionsKt__MutableCollectionsKt.addAll(Ljava/util/Collection;Ljava/lang/Iterable;)Z @ 49 c2
Event: 6.007 Thread 0x0000011bd8abf800 DEOPT PACKING pc=0x0000011bea8d56c0 sp=0x0000001441bfb9b0
Event: 6.007 Thread 0x0000011bd8abf800 DEOPT UNPACKING pc=0x0000011be2a4a1af sp=0x0000001441bfb998 mode 2
Event: 6.008 Thread 0x0000011bd8abf800 Uncommon trap: trap_request=0xffffffde fr.pc=0x0000011bea8d56c0 relative=0x0000000000000660
Event: 6.008 Thread 0x0000011bd8abf800 Uncommon trap: reason=class_check action=maybe_recompile pc=0x0000011bea8d56c0 method=kotlin.collections.CollectionsKt__MutableCollectionsKt.addAll(Ljava/util/Collection;Ljava/lang/Iterable;)Z @ 49 c2
Event: 6.008 Thread 0x0000011bd8abf800 DEOPT PACKING pc=0x0000011bea8d56c0 sp=0x0000001441bfb9b0
Event: 6.008 Thread 0x0000011bd8abf800 DEOPT UNPACKING pc=0x0000011be2a4a1af sp=0x0000001441bfb998 mode 2
Event: 6.039 Thread 0x0000011bd8abf800 Uncommon trap: trap_request=0xffffff4d fr.pc=0x0000011bea8bcc48 relative=0x0000000000002dc8
Event: 6.039 Thread 0x0000011bd8abf800 Uncommon trap: reason=unstable_if action=reinterpret pc=0x0000011bea8bcc48 method=org.jetbrains.kotlin.types.AbstractStrictEqualityTypeChecker.strictEqualSimpleTypes(Lorg/jetbrains/kotlin/types/model/TypeSystemContext;Lorg/jetbrains/kotlin/types/model/Sim
Event: 6.039 Thread 0x0000011bd8abf800 DEOPT PACKING pc=0x0000011bea8bcc48 sp=0x0000001441bfd7d0
Event: 6.039 Thread 0x0000011bd8abf800 DEOPT UNPACKING pc=0x0000011be2a4a1af sp=0x0000001441bfd758 mode 2
Event: 6.058 Thread 0x0000011bd8abf800 Uncommon trap: trap_request=0xffffffc6 fr.pc=0x0000011bea812788 relative=0x0000000000000488
Event: 6.058 Thread 0x0000011bd8abf800 Uncommon trap: reason=bimorphic_or_optimized_type_check action=maybe_recompile pc=0x0000011bea812788 method=org.jetbrains.kotlin.com.intellij.psi.impl.source.tree.TreeElement.rawRemoveUpToWithoutNotifications(Lorg/jetbrains/kotlin/com/intellij/psi/impl/so
Event: 6.058 Thread 0x0000011bd8abf800 DEOPT PACKING pc=0x0000011bea812788 sp=0x0000001441bfc870
Event: 6.058 Thread 0x0000011bd8abf800 DEOPT UNPACKING pc=0x0000011be2a4a1af sp=0x0000001441bfc810 mode 2
Event: 6.131 Thread 0x0000011bd8abf800 Uncommon trap: trap_request=0xffffffc6 fr.pc=0x0000011bea812788 relative=0x0000000000000488
Event: 6.131 Thread 0x0000011bd8abf800 Uncommon trap: reason=bimorphic_or_optimized_type_check action=maybe_recompile pc=0x0000011bea812788 method=org.jetbrains.kotlin.com.intellij.psi.impl.source.tree.TreeElement.rawRemoveUpToWithoutNotifications(Lorg/jetbrains/kotlin/com/intellij/psi/impl/so
Event: 6.131 Thread 0x0000011bd8abf800 DEOPT PACKING pc=0x0000011bea812788 sp=0x0000001441bfc7d0
Event: 6.131 Thread 0x0000011bd8abf800 DEOPT UNPACKING pc=0x0000011be2a4a1af sp=0x0000001441bfc770 mode 2

Classes redefined (0 events):
No events

Internal exceptions (20 events):
Event: 2.810 Thread 0x0000011bd8abf800 Exception <a 'java/lang/NoSuchMethodError'{0x00000000950a93e0}: 'java.lang.Object java.lang.invoke.DirectMethodHandle$Holder.invokeStatic(java.lang.Object, java.lang.Object, java.lang.Object, int)'> (0x00000000950a93e0) thrown at [s\src\hotspot\share\interpreter\linkResolver.cpp, line 773]
Event: 2.810 Thread 0x0000011bd8abf800 Exception <a 'java/lang/NoSuchMethodError'{0x00000000950ad050}: 'java.lang.Object java.lang.invoke.DirectMethodHandle$Holder.invokeSpecial(java.lang.Object, java.lang.Object, java.lang.Object, java.lang.Object, int)'> (0x00000000950ad050) thrown at [s\src\hotspot\share\interpreter\linkResolver.cpp, line 773]
Event: 2.811 Thread 0x0000011bd8abf800 Exception <a 'java/lang/NoSuchMethodError'{0x00000000950b0360}: 'java.lang.Object java.lang.invoke.Invokers$Holder.linkToTargetMethod(java.lang.Object, java.lang.Object, int, java.lang.Object)'> (0x00000000950b0360) thrown at [s\src\hotspot\share\interpreter\linkResolver.cpp, line 773]
Event: 3.407 Thread 0x0000011bd8abf800 Exception <a 'java/lang/NoSuchMethodError'{0x0000000094f79870}: 'java.lang.Object java.lang.invoke.DirectMethodHandle$Holder.invokeSpecial(java.lang.Object, java.lang.Object, java.lang.Object, java.lang.Object, java.lang.Object, int)'> (0x0000000094f79870) thrown at [s\src\hotspot\share\interpreter\linkResolver.cpp, line 773]
Event: 3.407 Thread 0x0000011bd8abf800 Exception <a 'java/lang/NoSuchMethodError'{0x0000000094f7d6b8}: 'java.lang.Object java.lang.invoke.Invokers$Holder.linkToTargetMethod(java.lang.Object, java.lang.Object, java.lang.Object, int, java.lang.Object)'> (0x0000000094f7d6b8) thrown at [s\src\hotspot\share\interpreter\linkResolver.cpp, line 773]
Event: 3.846 Thread 0x0000011bd8abf800 Exception <a 'java/lang/NoSuchMethodError'{0x0000000093caab38}: 'java.lang.Object java.lang.invoke.DirectMethodHandle$Holder.invokeSpecial(java.lang.Object, java.lang.Object, java.lang.Object, java.lang.Object, java.lang.Object, java.lang.Object, java.lang.Object, java.lang.Object, java.lang.Object)'> (0x0000000093caab38) thrown at [s\src\hotspot\share\interpreter\linkResolver.cpp, line 773]
Event: 3.847 Thread 0x0000011bd8abf800 Exception <a 'java/lang/NoSuchMethodError'{0x0000000093caed30}: 'java.lang.Object java.lang.invoke.Invokers$Holder.linkToTargetMethod(java.lang.Object, java.lang.Object, java.lang.Object, java.lang.Object, java.lang.Object, java.lang.Object, java.lang.Object, java.lang.Object)'> (0x0000000093caed30) thrown at [s\src\hotspot\share\interpreter\linkResolver.cpp, line 773]
Event: 4.196 Thread 0x0000011bd8abf800 Exception <a 'java/lang/NoSuchMethodError'{0x0000000096b8e6c0}: 'java.lang.Object java.lang.invoke.DirectMethodHandle$Holder.invokeStaticInit(java.lang.Object, java.lang.Object, java.lang.Object)'> (0x0000000096b8e6c0) thrown at [s\src\hotspot\share\interpreter\linkResolver.cpp, line 773]
Event: 4.203 Thread 0x0000011bd8abf800 Exception <a 'java/lang/NoSuchMethodError'{0x0000000096bc37d0}: 'java.lang.Object java.lang.invoke.DirectMethodHandle$Holder.invokeStatic(java.lang.Object, int, java.lang.Object, java.lang.Object)'> (0x0000000096bc37d0) thrown at [s\src\hotspot\share\interpreter\linkResolver.cpp, line 773]
Event: 4.203 Thread 0x0000011bd8abf800 Exception <a 'java/lang/NoSuchMethodError'{0x0000000096bcb5e8}: 'java.lang.Object java.lang.invoke.DirectMethodHandle$Holder.invokeStatic(java.lang.Object, int, java.lang.Object)'> (0x0000000096bcb5e8) thrown at [s\src\hotspot\share\interpreter\linkResolver.cpp, line 773]
Event: 4.204 Thread 0x0000011bd8abf800 Exception <a 'java/lang/NoSuchMethodError'{0x0000000096bd1bf0}: 'int java.lang.invoke.DirectMethodHandle$Holder.invokeInterface(java.lang.Object, java.lang.Object)'> (0x0000000096bd1bf0) thrown at [s\src\hotspot\share\interpreter\linkResolver.cpp, line 773]
Event: 4.207 Thread 0x0000011bd8abf800 Implicit null exception at 0x0000011bea641675 to 0x0000011bea641830
Event: 4.207 Thread 0x0000011bd8abf800 Implicit null exception at 0x0000011bea73672f to 0x0000011bea73679d
Event: 4.928 Thread 0x0000011bd8abf800 Exception <a 'java/lang/NoSuchMethodError'{0x0000000096e76d78}: 'java.lang.Object java.lang.invoke.Invokers$Holder.linkToTargetMethod(java.lang.Object, java.lang.Object, java.lang.Object, java.lang.Object, java.lang.Object, java.lang.Object)'> (0x0000000096e76d78) thrown at [s\src\hotspot\share\interpreter\linkResolver.cpp, line 773]
Event: 4.999 Thread 0x0000011bd8abf800 Implicit null exception at 0x0000011bea6058de to 0x0000011bea60608e
Event: 5.192 Thread 0x0000011bd8abf800 Implicit null exception at 0x0000011bea8a677b to 0x0000011bea8a96d4
Event: 5.775 Thread 0x0000011bd8abf800 Exception <a 'java/lang/NoSuchMethodError'{0x0000000095ed3980}: 'java.lang.Object java.lang.invoke.Invokers$Holder.linkToTargetMethod(java.lang.Object, java.lang.Object, java.lang.Object, java.lang.Object, java.lang.Object, java.lang.Object, java.lang.Object)'> (0x0000000095ed3980) thrown at [s\src\hotspot\share\interpreter\linkResolver.cpp, line 773]
Event: 5.979 Thread 0x0000011bd8abf800 Exception <a 'java/lang/NoSuchMethodError'{0x0000000095bfdb80}: 'java.lang.Object java.lang.invoke.DirectMethodHandle$Holder.invokeInterface(java.lang.Object, java.lang.Object, java.lang.Object)'> (0x0000000095bfdb80) thrown at [s\src\hotspot\share\interpreter\linkResolver.cpp, line 773]
Event: 5.979 Thread 0x0000011bd8abf800 Exception <a 'java/lang/IncompatibleClassChangeError'{0x0000000095a01378}: Found class java.lang.Object, but interface was expected> (0x0000000095a01378) thrown at [s\src\hotspot\share\interpreter\linkResolver.cpp, line 839]
Event: 6.039 Thread 0x0000011bd8abf800 Implicit null exception at 0x0000011bea8bacfc to 0x0000011bea8bcc2c

Events (20 events):
Event: 6.030 loading class org/jetbrains/kotlin/resolve/calls/inference/components/ResultTypeResolver$sinkIntegerLiteralTypes$1$containsILT$1
Event: 6.030 loading class org/jetbrains/kotlin/resolve/calls/inference/components/ResultTypeResolver$sinkIntegerLiteralTypes$1$containsILT$1 done
Event: 6.031 loading class org/jetbrains/kotlin/resolve/calls/inference/model/ConstraintStorageKt
Event: 6.031 loading class org/jetbrains/kotlin/resolve/calls/inference/model/ConstraintStorageKt done
Event: 6.031 loading class org/jetbrains/kotlin/resolve/calls/inference/model/ConstraintStorageKt$WhenMappings
Event: 6.031 loading class org/jetbrains/kotlin/resolve/calls/inference/model/ConstraintStorageKt$WhenMappings done
Event: 6.033 loading class org/jetbrains/kotlin/resolve/calls/inference/model/NewConstraintSystemImpl$fixVariable$1$1
Event: 6.033 loading class org/jetbrains/kotlin/resolve/calls/inference/model/NewConstraintSystemImpl$fixVariable$1$1 done
Event: 6.035 loading class org/jetbrains/kotlin/resolve/calls/tower/ResolutionResultCallInfo
Event: 6.035 loading class org/jetbrains/kotlin/resolve/calls/tower/ResolutionResultCallInfo done
Event: 6.036 loading class org/jetbrains/kotlin/resolve/calls/CommonSuperTypeUtilsKt
Event: 6.036 loading class org/jetbrains/kotlin/resolve/calls/CommonSuperTypeUtilsKt done
Event: 6.036 loading class org/jetbrains/kotlin/resolve/calls/tower/FunctionLiteralTypes$ProcessedType
Event: 6.036 loading class org/jetbrains/kotlin/resolve/calls/tower/FunctionLiteralTypes$ProcessedType done
Event: 6.037 loading class org/jetbrains/kotlin/resolve/calls/tower/FunctionLiteralTypes
Event: 6.037 loading class org/jetbrains/kotlin/resolve/calls/tower/FunctionLiteralTypes done
Event: 6.105 Executing VM operation: ICBufferFull
Event: 6.105 Executing VM operation: ICBufferFull done
Event: 6.126 loading class org/jetbrains/kotlin/resolve/calls/tower/VisibilityError
Event: 6.126 loading class org/jetbrains/kotlin/resolve/calls/tower/VisibilityError done


Dynamic libraries:
0x00007ff6ff630000 - 0x00007ff6ff63d000 	C:\Program Files\Microsoft\jdk-11.0.20.8-hotspot\bin\java.exe
0x00007ffc72fd0000 - 0x00007ffc731e4000 	C:\WINDOWS\SYSTEM32\ntdll.dll
0x00007ffc720f0000 - 0x00007ffc721b4000 	C:\WINDOWS\System32\KERNEL32.DLL
0x00007ffc70640000 - 0x00007ffc709e4000 	C:\WINDOWS\System32\KERNELBASE.dll
0x00007ffc703b0000 - 0x00007ffc704c1000 	C:\WINDOWS\System32\ucrtbase.dll
0x00007ffbd9940000 - 0x00007ffbd9955000 	C:\Program Files\Microsoft\jdk-11.0.20.8-hotspot\bin\VCRUNTIME140.dll
0x00007ffbd9920000 - 0x00007ffbd9937000 	C:\Program Files\Microsoft\jdk-11.0.20.8-hotspot\bin\jli.dll
0x00007ffc71430000 - 0x00007ffc715de000 	C:\WINDOWS\System32\USER32.dll
0x00007ffc70380000 - 0x00007ffc703a6000 	C:\WINDOWS\System32\win32u.dll
0x00007ffc5fbe0000 - 0x00007ffc5fe73000 	C:\WINDOWS\WinSxS\amd64_microsoft.windows.common-controls_6595b64144ccf1df_6.0.22621.2215_none_270d72677387dfc3\COMCTL32.dll
0x00007ffc72060000 - 0x00007ffc72089000 	C:\WINDOWS\System32\GDI32.dll
0x00007ffc72ee0000 - 0x00007ffc72f87000 	C:\WINDOWS\System32\msvcrt.dll
0x00007ffc70bc0000 - 0x00007ffc70cd8000 	C:\WINDOWS\System32\gdi32full.dll
0x00007ffc70a60000 - 0x00007ffc70afa000 	C:\WINDOWS\System32\msvcp_win.dll
0x00007ffc71230000 - 0x00007ffc71261000 	C:\WINDOWS\System32\IMM32.DLL
0x00007ffbd9110000 - 0x00007ffbd91ab000 	C:\Program Files\Microsoft\jdk-11.0.20.8-hotspot\bin\msvcp140.dll
0x00007ffbd0700000 - 0x00007ffbd1296000 	C:\Program Files\Microsoft\jdk-11.0.20.8-hotspot\bin\server\jvm.dll
0x00007ffc71110000 - 0x00007ffc711c0000 	C:\WINDOWS\System32\ADVAPI32.dll
0x00007ffc71e10000 - 0x00007ffc71eb6000 	C:\WINDOWS\System32\sechost.dll
0x00007ffc70ec0000 - 0x00007ffc70fd7000 	C:\WINDOWS\System32\RPCRT4.dll
0x00007ffc71000000 - 0x00007ffc71008000 	C:\WINDOWS\System32\PSAPI.DLL
0x00007ffc412a0000 - 0x00007ffc412a9000 	C:\WINDOWS\SYSTEM32\WSOCK32.dll
0x00007ffc69c90000 - 0x00007ffc69cc4000 	C:\WINDOWS\SYSTEM32\WINMM.dll
0x00007ffc69ae0000 - 0x00007ffc69aea000 	C:\WINDOWS\SYSTEM32\VERSION.dll
0x00007ffc72810000 - 0x00007ffc72881000 	C:\WINDOWS\System32\WS2_32.dll
0x00007ffc6f3d0000 - 0x00007ffc6f3e8000 	C:\WINDOWS\SYSTEM32\kernel.appcore.dll
0x00007ffbf7f90000 - 0x00007ffbf7fa0000 	C:\Program Files\Microsoft\jdk-11.0.20.8-hotspot\bin\verify.dll
0x00007ffc67600000 - 0x00007ffc6782e000 	C:\WINDOWS\SYSTEM32\DBGHELP.DLL
0x00007ffc72a80000 - 0x00007ffc72e0a000 	C:\WINDOWS\System32\combase.dll
0x00007ffc72730000 - 0x00007ffc72807000 	C:\WINDOWS\System32\OLEAUT32.dll
0x00007ffc67940000 - 0x00007ffc67972000 	C:\WINDOWS\SYSTEM32\dbgcore.DLL
0x00007ffc70ce0000 - 0x00007ffc70d5a000 	C:\WINDOWS\System32\bcryptPrimitives.dll
0x00007ffbd98f0000 - 0x00007ffbd9918000 	C:\Program Files\Microsoft\jdk-11.0.20.8-hotspot\bin\java.dll
0x00007ffbd98c0000 - 0x00007ffbd98ca000 	C:\Program Files\Microsoft\jdk-11.0.20.8-hotspot\bin\jimage.dll
0x00007ffbd90f0000 - 0x00007ffbd9108000 	C:\Program Files\Microsoft\jdk-11.0.20.8-hotspot\bin\zip.dll
0x00007ffc715e0000 - 0x00007ffc71e03000 	C:\WINDOWS\System32\SHELL32.dll
0x00007ffc6e310000 - 0x00007ffc6ebfa000 	C:\WINDOWS\SYSTEM32\windows.storage.dll
0x00007ffc6e1d0000 - 0x00007ffc6e30e000 	C:\WINDOWS\SYSTEM32\wintypes.dll
0x00007ffc72980000 - 0x00007ffc72a73000 	C:\WINDOWS\System32\SHCORE.dll
0x00007ffc72920000 - 0x00007ffc7297e000 	C:\WINDOWS\System32\shlwapi.dll
0x00007ffc702b0000 - 0x00007ffc702d6000 	C:\WINDOWS\SYSTEM32\profapi.dll
0x00007ffbce7b0000 - 0x00007ffbce7c9000 	C:\Program Files\Microsoft\jdk-11.0.20.8-hotspot\bin\net.dll
0x00007ffc6b190000 - 0x00007ffc6b2c7000 	C:\WINDOWS\SYSTEM32\WINHTTP.dll
0x00007ffc6f850000 - 0x00007ffc6f8b9000 	C:\WINDOWS\system32\mswsock.dll
0x00007ffbce790000 - 0x00007ffbce7a3000 	C:\Program Files\Microsoft\jdk-11.0.20.8-hotspot\bin\nio.dll

dbghelp: loaded successfully - version: 4.0.5 - missing functions: none
symbol engine: initialized successfully - sym options: 0x614 - pdb path: .;C:\Program Files\Microsoft\jdk-11.0.20.8-hotspot\bin;C:\WINDOWS\SYSTEM32;C:\WINDOWS\WinSxS\amd64_microsoft.windows.common-controls_6595b64144ccf1df_6.0.22621.2215_none_270d72677387dfc3;C:\Program Files\Microsoft\jdk-11.0.20.8-hotspot\bin\server

VM Arguments:
java_command: org.jetbrains.kotlin.cli.jvm.K2JVMCompiler @E:\Mobile App\App Mobile Course\thesis\thesisBiomedicalFinal\node_modules\@react-native\gradle-plugin\build\20231007_479816260852506740.compiler.options
java_class_path (initial): C:\Users\Admin\.gradle\caches\modules-2\files-2.1\org.jetbrains.kotlin\kotlin-compiler-embeddable\1.7.22\1a39d9a56c9d1618300cd3444f070a5399663403\kotlin-compiler-embeddable-1.7.22.jar;C:\Users\Admin\.gradle\caches\modules-2\files-2.1\org.jetbrains.kotlin\kotlin-reflect\1.7.22\e61a16c5c838d324529a6aa72dfb88ea98958a29\kotlin-reflect-1.7.22.jar;C:\Users\Admin\.gradle\caches\modules-2\files-2.1\org.jetbrains.kotlin\kotlin-stdlib\1.7.22\9fb43bccb6cf8cfaaf3776c75f5df4f052f09b72\kotlin-stdlib-1.7.22.jar;C:\Users\Admin\.gradle\caches\modules-2\files-2.1\org.jetbrains.kotlin\kotlin-script-runtime\1.7.22\703a4d56168f3517532bc04481e3c8b751f685cb\kotlin-script-runtime-1.7.22.jar;C:\Users\Admin\.gradle\caches\modules-2\files-2.1\org.jetbrains.kotlin\kotlin-daemon-embeddable\1.7.22\a4f231458e1bb6fffbb8e1224f97d20a3ecc9c83\kotlin-daemon-embeddable-1.7.22.jar;C:\Users\Admin\.gradle\caches\modules-2\files-2.1\org.jetbrains.intellij.deps\trove4j\1.0.20200330\3afb14d5f9ceb459d724e907a21145e8ff394f02\trove4j-1.0.20200330.jar;C:\Users\Admin\.gradle\caches\modules-2\files-2.1\net.java.dev.jna\jna\5.6.0\330f2244e9030119ab3030fc3fededc86713d9cc\jna-5.6.0.jar;C:\Users\Admin\.gradle\caches\modules-2\files-2.1\org.jetbrains.kotlin\kotlin-stdlib-common\1.7.22\5dd2c9dcf64c94b46cf4bdb6fa4035b9bb726e2e\kotlin-stdlib-common-1.7.22.jar;C:\Users\Admin\.gradle\caches\modules-2\files-2.1\org.jetbrains\annotations\13.0\919f0dfe192fb4e063e7dacadee7f8bb9a2672a9\annotations-13.0.jar
Launcher Type: SUN_STANDARD

[Global flags]
     intx CICompilerCount                          = 12                                        {product} {ergonomic}
     uint ConcGCThreads                            = 3                                         {product} {ergonomic}
     uint G1ConcRefinementThreads                  = 13                                        {product} {ergonomic}
   size_t G1HeapRegionSize                         = 1048576                                   {product} {ergonomic}
    uintx GCDrainStackTargetSize                   = 64                                        {product} {ergonomic}
   size_t InitialHeapSize                          = 121634816                                 {product} {ergonomic}
   size_t MarkStackSize                            = 4194304                                   {product} {ergonomic}
   size_t MaxHeapSize                              = 1946157056                                {product} {ergonomic}
   size_t MaxNewSize                               = 1167065088                                {product} {ergonomic}
   size_t MinHeapDeltaBytes                        = 1048576                                   {product} {ergonomic}
    uintx NonNMethodCodeHeapSize                   = 7594288                                {pd product} {ergonomic}
    uintx NonProfiledCodeHeapSize                  = 122031976                              {pd product} {ergonomic}
    uintx ProfiledCodeHeapSize                     = 122031976                              {pd product} {ergonomic}
    uintx ReservedCodeCacheSize                    = 251658240                              {pd product} {ergonomic}
     bool SegmentedCodeCache                       = true                                      {product} {ergonomic}
     bool UseCompressedClassPointers               = true                                 {lp64_product} {ergonomic}
     bool UseCompressedOops                        = true                                 {lp64_product} {ergonomic}
     bool UseG1GC                                  = true                                      {product} {ergonomic}
     bool UseLargePagesIndividualAllocation        = false                                  {pd product} {ergonomic}

Logging:
Log output configuration:
 #0: stdout all=warning uptime,level,tags
 #1: stderr all=off uptime,level,tags

Environment Variables:
JAVA_HOME=C:\Program Files\Microsoft\jdk-11.0.20.8-hotspot\
CLASSPATH=E:\Mobile App\App Mobile Course\thesis\thesisBiomedicalFinal\android\\gradle\wrapper\gradle-wrapper.jar
PATH=E:\Mobile App\App Mobile Course\thesis\thesisBiomedicalFinal\node_modules\.bin;E:\Mobile App\App Mobile Course\thesis\node_modules\.bin;E:\Mobile App\App Mobile Course\node_modules\.bin;E:\Mobile App\node_modules\.bin;E:\node_modules\.bin;C:\Users\Admin\AppData\Roaming\npm\node_modules\npm\node_modules\@npmcli\run-script\lib\node-gyp-bin;C:\Program Files\Microsoft\jdk-11.0.20.8-hotspot\bin;C:\Windows\system32;C:\Windows;C:\Windows\System32\Wbem;C:\Windows\System32\WindowsPowerShell\v1.0\;C:\Windows\System32\OpenSSH\;C:\Program Files (x86)\NVIDIA Corporation\PhysX\Common;C:\Program Files\NVIDIA Corporation\NVIDIA NvDLISR;C:\Program Files\dotnet\;C:\WINDOWS\system32;C:\WINDOWS;C:\WINDOWS\System32\Wbem;C:\WINDOWS\System32\WindowsPowerShell\v1.0\;C:\WINDOWS\System32\OpenSSH\;C:\Program Files\Git\cmd;C:\ProgramData\chocolatey\bin;C:\Program Files\nodejs\;C:\Users\Admin\AppData\Local\Programs\Python\Python310\Scripts\;C:\Users\Admin\AppData\Local\Programs\Python\Python310\;C:\Users\Admin\AppData\Local\Microsoft\WindowsApps;C:\Users\Admin\AppData\Local\Programs\Microsoft VS Code\bin;C:\Users\Admin\.dotnet\tools;C:\flutter\bin;C:\Users\Admin\AppData\Local\GitHubDesktop\bin;C:\Program Files\Android\Android Studio\jbr\bin;C:\Users\Admin\AppData\Roaming\npm;C:\Users\Admin\AppData\Local\Android\Sdk;C:\Users\Admin\AppData\Local\Android\Sdk\platform-tools;
USERNAME=Admin
LANG=en_US.UTF-8
OS=Windows_NT
PROCESSOR_IDENTIFIER=AMD64 Family 25 Model 68 Stepping 1, AuthenticAMD
TMP=C:\Users\Admin\AppData\Local\Temp
TEMP=C:\Users\Admin\AppData\Local\Temp



---------------  S Y S T E M  ---------------

OS: Windows 11 , 64 bit Build 22621 (10.0.22621.2215)
OS uptime: 0 days 1:15 hours

CPU:total 16 (initial active 16) (16 cores per cpu, 2 threads per core) family 25 model 68 stepping 1 microcode 0x0, cmov, cx8, fxsr, mmx, sse, sse2, sse3, ssse3, sse4.1, sse4.2, popcnt, avx, avx2, aes, clmul, mmxext, 3dnowpref, lzcnt, sse4a, ht, tsc, tscinvbit, tscinv, bmi1, bmi2, adx, sha, fma

Memory: 4k page, system-wide physical 7421M (389M free)
TotalPageFile size 19709M (AvailPageFile size 6M)
current process WorkingSet (physical memory assigned to process): 372M, peak: 376M
current process commit charge ("private bytes"): 426M, peak: 431M

vm_info: OpenJDK 64-Bit Server VM (11.0.20+8-LTS) for windows-amd64 JRE (11.0.20+8-LTS), built on Jul  7 2023 17:05:21 by "MicrosoftCorporation" with MS VC++ 15.9 (VS2017)

END.
