#
# There is insufficient memory for the Java Runtime Environment to continue.
# Native memory allocation (malloc) failed to allocate 1036656 bytes for Chunk::new
# Possible reasons:
#   The system is out of physical RAM or swap space
#   The process is running with CompressedOops enabled, and the Java Heap may be blocking the growth of the native heap
# Possible solutions:
#   Reduce memory load on the system
#   Increase physical memory or swap space
#   Check if swap backing store is full
#   Decrease Java heap size (-Xmx/-Xms)
#   Decrease number of Java threads
#   Decrease Java thread stack sizes (-Xss)
#   Set larger code cache with -XX:ReservedCodeCacheSize=
#   JVM is running with Unscaled Compressed Oops mode in which the Java heap is
#     placed in the first 4GB address space. The Java Heap base address is the
#     maximum limit for the native heap growth. Please use -XX:HeapBaseMinAddress
#     to set the Java Heap base and to place the Java Heap above 4GB virtual address.
# This output file may be truncated or incomplete.
#
#  Out of Memory Error (arena.cpp:197), pid=15584, tid=24364
#
# JRE version: OpenJDK Runtime Environment Microsoft-8035250 (11.0.20+8) (build 11.0.20+8-LTS)
# Java VM: OpenJDK 64-Bit Server VM Microsoft-8035250 (11.0.20+8-LTS, mixed mode, tiered, compressed oops, g1 gc, windows-amd64)
# No core dump will be written. Minidumps are not enabled by default on client versions of Windows
#

---------------  S U M M A R Y ------------

Command Line: -XX:MaxMetaspaceSize=512m --add-opens=java.base/java.util=ALL-UNNAMED --add-opens=java.base/java.lang=ALL-UNNAMED --add-opens=java.base/java.lang.invoke=ALL-UNNAMED --add-opens=java.prefs/java.util.prefs=ALL-UNNAMED --add-opens=java.base/java.nio.charset=ALL-UNNAMED --add-opens=java.base/java.net=ALL-UNNAMED --add-opens=java.base/java.util.concurrent.atomic=ALL-UNNAMED -Xmx2048m -Dfile.encoding=windows-1252 -Duser.country=US -Duser.language=en -Duser.variant org.gradle.launcher.daemon.bootstrap.GradleDaemon 8.0.1

Host: AMD Ryzen 7 6800H with Radeon Graphics         , 16 cores, 7G,  Windows 11 , 64 bit Build 22621 (10.0.22621.2215)
Time: Tue Oct  3 18:52:52 2023 SE Asia Standard Time elapsed time: 22.096431 seconds (0d 0h 0m 22s)

---------------  T H R E A D  ---------------

Current thread (0x000001f2619b5800):  JavaThread "C2 CompilerThread1" daemon [_thread_in_native, id=24364, stack(0x00000014cc900000,0x00000014cca00000)]


Current CompileTask:
C2:  22096 10559       4       java.beans.Introspector::addMethod (196 bytes)

Stack: [0x00000014cc900000,0x00000014cca00000]
Native frames: (J=compiled Java code, j=interpreted, Vv=VM code, C=native code)
V  [jvm.dll+0x62e9da]
V  [jvm.dll+0x7bc4e9]
V  [jvm.dll+0x7bdbd8]
V  [jvm.dll+0x7be2b3]
V  [jvm.dll+0x2505a8]
V  [jvm.dll+0xc263c]
V  [jvm.dll+0xc2bfc]
V  [jvm.dll+0x2c56a4]
V  [jvm.dll+0x536a1c]
V  [jvm.dll+0x209056]
V  [jvm.dll+0x20b17f]
V  [jvm.dll+0x20881b]
V  [jvm.dll+0x18a7de]
V  [jvm.dll+0x2181ec]
V  [jvm.dll+0x21642b]
V  [jvm.dll+0x77efc0]
V  [jvm.dll+0x777db4]
V  [jvm.dll+0x62d845]
C  [ucrtbase.dll+0x29363]
C  [KERNEL32.DLL+0x1257d]
C  [ntdll.dll+0x5aa68]


---------------  P R O C E S S  ---------------

Threads class SMR info:
_java_thread_list=0x000001f2647cb460, length=234, elements={
0x000001f239aad800, 0x000001f25b65a000, 0x000001f25b663000, 0x000001f25b673800,
0x000001f25b676000, 0x000001f25b677800, 0x000001f25b67c800, 0x000001f25b689000,
0x000001f25b68a000, 0x000001f25c13b800, 0x000001f25d450800, 0x000001f25d1a2000,
0x000001f25cd19800, 0x000001f25e277800, 0x000001f25df06000, 0x000001f25db54800,
0x000001f25e35c800, 0x000001f25e276000, 0x000001f25e0b2800, 0x000001f25e162800,
0x000001f25e2a1800, 0x000001f25e2a5000, 0x000001f25e2a2800, 0x000001f25e2a3000,
0x000001f25e2a6800, 0x000001f25e2a5800, 0x000001f25e2a4000, 0x000001f25e2a1000,
0x000001f25e2a7800, 0x000001f260e77000, 0x000001f260e79800, 0x000001f260e79000,
0x000001f260e76800, 0x000001f260e7a800, 0x000001f260e7b800, 0x000001f25b5f5000,
0x000001f260e75800, 0x000001f260e7d000, 0x000001f260e7d800, 0x000001f260e82000,
0x000001f260e7e800, 0x000001f260e81000, 0x000001f260e7f800, 0x000001f260e80000,
0x000001f260e7c000, 0x000001f260e82800, 0x000001f260e83800, 0x000001f25ce00800,
0x000001f25cdfb800, 0x000001f25cdfe000, 0x000001f25cdfd000, 0x000001f25cdff000,
0x000001f25cdfb000, 0x000001f25cdff800, 0x000001f25ce01800, 0x000001f25ce02000,
0x000001f25cdfc800, 0x000001f25ce06000, 0x000001f25ce04000, 0x000001f25ce03000,
0x000001f25ce08800, 0x000001f25ce07000, 0x000001f25ce08000, 0x000001f25ce09800,
0x000001f25ce04800, 0x000001f25ce05800, 0x000001f26134c800, 0x000001f26134d000,
0x000001f261348800, 0x000001f26134e000, 0x000001f26134f000, 0x000001f26134b800,
0x000001f261349000, 0x000001f26134f800, 0x000001f26134a000, 0x000001f261350800,
0x000001f26134a800, 0x000001f2619b5800, 0x000001f261353000, 0x000001f2622c8800,
0x000001f260ddf000, 0x000001f261356000, 0x000001f261357000, 0x000001f261353800,
0x000001f261352000, 0x000001f261354800, 0x000001f261355800, 0x000001f261351000,
0x000001f260c15000, 0x000001f260c16000, 0x000001f260c18800, 0x000001f260c13000,
0x000001f260c13800, 0x000001f260c14800, 0x000001f260c17800, 0x000001f260c1c800,
0x000001f260c19800, 0x000001f260c1a000, 0x000001f260c1c000, 0x000001f260c17000,
0x000001f260c20000, 0x000001f260c1d800, 0x000001f260c1e000, 0x000001f260c1b000,
0x000001f260c1f000, 0x000001f260c21800, 0x000001f260c20800, 0x000001f26183d000,
0x000001f261839000, 0x000001f26183a800, 0x000001f261837000, 0x000001f261839800,
0x000001f26183b800, 0x000001f26183d800, 0x000001f261838000, 0x000001f261841000,
0x000001f26183f800, 0x000001f261840000, 0x000001f261842000, 0x000001f26183c000,
0x000001f261842800, 0x000001f261844800, 0x000001f261843800, 0x000001f26183e800,
0x000001f264093800, 0x000001f261845000, 0x000001f261846000, 0x000001f2644df000,
0x000001f2644da000, 0x000001f2644de000, 0x000001f2644dd000, 0x000001f2644e0800,
0x000001f2644df800, 0x000001f2644dc800, 0x000001f2644da800, 0x000001f2644e1800,
0x000001f2644db800, 0x000001f2644e3000, 0x000001f2644e2000, 0x000001f2644e8800,
0x000001f2644e8000, 0x000001f2644e3800, 0x000001f2644e7000, 0x000001f2644e4800,
0x000001f2644e5800, 0x000001f2644e6000, 0x000001f266318000, 0x000001f26631a000,
0x000001f266315800, 0x000001f266317800, 0x000001f26631a800, 0x000001f266315000,
0x000001f26631b800, 0x000001f266319000, 0x000001f26631c000, 0x000001f266316800,
0x000001f266321000, 0x000001f26631e800, 0x000001f266323000, 0x000001f266322000,
0x000001f26631d000, 0x000001f266320800, 0x000001f266323800, 0x000001f26631e000,
0x000001f26631f800, 0x000001f2606f4000, 0x000001f2606f9000, 0x000001f2606f5000,
0x000001f2606f7800, 0x000001f2606f9800, 0x000001f2606fa800, 0x000001f2606f8000,
0x000001f2606fb800, 0x000001f2606f5800, 0x000001f2606fc000, 0x000001f2606f6800,
0x000001f2606fd000, 0x000001f2606ff800, 0x000001f260702000, 0x000001f260700000,
0x000001f260701000, 0x000001f2606fe000, 0x000001f2606fe800, 0x000001f260702800,
0x000001f264552800, 0x000001f264551800, 0x000001f26454d800, 0x000001f26454e800,
0x000001f264551000, 0x000001f264555000, 0x000001f264553000, 0x000001f264554000,
0x000001f26454f000, 0x000001f264555800, 0x000001f264550000, 0x000001f26455b800,
0x000001f26455c000, 0x000001f26455a000, 0x000001f264556800, 0x000001f264559000,
0x000001f26455d000, 0x000001f26455a800, 0x000001f264557800, 0x000001f26455e000,
0x000001f264558000, 0x000001f264561000, 0x000001f264562800, 0x000001f264562000,
0x000001f264563800, 0x000001f264564800, 0x000001f264560800, 0x000001f26455e800,
0x000001f26455f800, 0x000001f264568800, 0x000001f264567000, 0x000001f264565000,
0x000001f264567800, 0x000001f26456b000, 0x000001f264566000, 0x000001f26456b800,
0x000001f26456c800, 0x000001f264569800, 0x000001f26456a000, 0x000001f263fe4000,
0x000001f263fe5000, 0x000001f263feb800, 0x000001f263fe8000, 0x000001f263fe9000,
0x000001f263fe6800, 0x000001f263fea000, 0x000001f263fe7800, 0x000001f263fea800,
0x000001f263fe5800, 0x000001f263fed000
}

Java Threads: ( => current thread )
  0x000001f239aad800 JavaThread "main" [_thread_blocked, id=28028, stack(0x00000014c6500000,0x00000014c6600000)]
  0x000001f25b65a000 JavaThread "Reference Handler" daemon [_thread_blocked, id=14828, stack(0x00000014c6c00000,0x00000014c6d00000)]
  0x000001f25b663000 JavaThread "Finalizer" daemon [_thread_blocked, id=9740, stack(0x00000014c6d00000,0x00000014c6e00000)]
  0x000001f25b673800 JavaThread "Signal Dispatcher" daemon [_thread_blocked, id=27892, stack(0x00000014c6e00000,0x00000014c6f00000)]
  0x000001f25b676000 JavaThread "Attach Listener" daemon [_thread_blocked, id=10652, stack(0x00000014c6f00000,0x00000014c7000000)]
  0x000001f25b677800 JavaThread "Service Thread" daemon [_thread_blocked, id=6164, stack(0x00000014c7000000,0x00000014c7100000)]
  0x000001f25b67c800 JavaThread "C2 CompilerThread0" daemon [_thread_in_native, id=23208, stack(0x00000014c7100000,0x00000014c7200000)]
  0x000001f25b689000 JavaThread "C1 CompilerThread0" daemon [_thread_blocked, id=28312, stack(0x00000014c7200000,0x00000014c7300000)]
  0x000001f25b68a000 JavaThread "Sweeper thread" daemon [_thread_blocked, id=27920, stack(0x00000014c7300000,0x00000014c7400000)]
  0x000001f25c13b800 JavaThread "Common-Cleaner" daemon [_thread_blocked, id=23180, stack(0x00000014c7500000,0x00000014c7600000)]
  0x000001f25d450800 JavaThread "Daemon health stats" [_thread_blocked, id=28472, stack(0x00000014c7800000,0x00000014c7900000)]
  0x000001f25d1a2000 JavaThread "Incoming local TCP Connector on port 51004" [_thread_in_native, id=28296, stack(0x00000014c7a00000,0x00000014c7b00000)]
  0x000001f25cd19800 JavaThread "Daemon periodic checks" [_thread_blocked, id=14372, stack(0x00000014c7c00000,0x00000014c7d00000)]
  0x000001f25e277800 JavaThread "Daemon" [_thread_blocked, id=14424, stack(0x00000014c7d00000,0x00000014c7e00000)]
  0x000001f25df06000 JavaThread "Handler for socket connection from /127.0.0.1:51004 to /127.0.0.1:51005" [_thread_in_native, id=14356, stack(0x00000014c7e00000,0x00000014c7f00000)]
  0x000001f25db54800 JavaThread "Cancel handler" [_thread_blocked, id=10084, stack(0x00000014c7f00000,0x00000014c8000000)]
  0x000001f25e35c800 JavaThread "Daemon worker" [_thread_in_native, id=22484, stack(0x00000014c8000000,0x00000014c8100000)]
  0x000001f25e276000 JavaThread "Asynchronous log dispatcher for DefaultDaemonConnection: socket connection from /127.0.0.1:51004 to /127.0.0.1:51005" [_thread_blocked, id=5864, stack(0x00000014c8100000,0x00000014c8200000)]
  0x000001f25e0b2800 JavaThread "Stdin handler" [_thread_blocked, id=12840, stack(0x00000014c8200000,0x00000014c8300000)]
  0x000001f25e162800 JavaThread "Daemon client event forwarder" [_thread_blocked, id=10924, stack(0x00000014c8300000,0x00000014c8400000)]
  0x000001f25e2a1800 JavaThread "Cache worker for journal cache (C:\Users\Admin\.gradle\caches\journal-1)" [_thread_blocked, id=20760, stack(0x00000014c9300000,0x00000014c9400000)]
  0x000001f25e2a5000 JavaThread "File lock request listener" [_thread_in_native, id=22916, stack(0x00000014c9400000,0x00000014c9500000)]
  0x000001f25e2a2800 JavaThread "Cache worker for file hash cache (C:\Users\Admin\.gradle\caches\8.0.1\fileHashes)" [_thread_blocked, id=3060, stack(0x00000014c9500000,0x00000014c9600000)]
  0x000001f25e2a3000 JavaThread "File watcher server" daemon [_thread_in_native, id=21304, stack(0x00000014c9600000,0x00000014c9700000)]
  0x000001f25e2a6800 JavaThread "File watcher consumer" daemon [_thread_blocked, id=6280, stack(0x00000014c9700000,0x00000014c9800000)]
  0x000001f25e2a5800 JavaThread "Cache worker for checksums cache (E:\Mobile App\App Mobile Course\thesis\thesisBiomedicalFinal\android\.gradle\8.0.1\checksums)" [_thread_blocked, id=27776, stack(0x00000014c9800000,0x00000014c9900000)]
  0x000001f25e2a4000 JavaThread "Cache worker for cache directory md-rule (C:\Users\Admin\.gradle\caches\8.0.1\md-rule)" [_thread_blocked, id=27960, stack(0x00000014c9900000,0x00000014c9a00000)]
  0x000001f25e2a1000 JavaThread "Cache worker for file content cache (C:\Users\Admin\.gradle\caches\8.0.1\fileContent)" [_thread_blocked, id=1244, stack(0x00000014c9a00000,0x00000014c9b00000)]
  0x000001f25e2a7800 JavaThread "Cache worker for file hash cache (E:\Mobile App\App Mobile Course\thesis\thesisBiomedicalFinal\android\.gradle\8.0.1\fileHashes)" [_thread_blocked, id=12744, stack(0x00000014c9b00000,0x00000014c9c00000)]
  0x000001f260e77000 JavaThread "Cache worker for cache directory md-supplier (C:\Users\Admin\.gradle\caches\8.0.1\md-supplier)" [_thread_blocked, id=992, stack(0x00000014c9c00000,0x00000014c9d00000)]
  0x000001f260e79800 JavaThread "Cache worker for execution history cache (C:\Users\Admin\.gradle\caches\8.0.1\executionHistory)" [_thread_blocked, id=8460, stack(0x00000014c9d00000,0x00000014c9e00000)]
  0x000001f260e79000 JavaThread "jar transforms" [_thread_blocked, id=21556, stack(0x00000014c7b00000,0x00000014c7c00000)]
  0x000001f260e76800 JavaThread "jar transforms Thread 2" [_thread_blocked, id=2100, stack(0x00000014c9e00000,0x00000014c9f00000)]
  0x000001f260e7a800 JavaThread "jar transforms Thread 3" [_thread_blocked, id=5396, stack(0x00000014c9f00000,0x00000014ca000000)]
  0x000001f260e7b800 JavaThread "jar transforms Thread 4" [_thread_blocked, id=23520, stack(0x00000014ca000000,0x00000014ca100000)]
  0x000001f25b5f5000 JavaThread "C1 CompilerThread1" daemon [_thread_blocked, id=25348, stack(0x00000014c7400000,0x00000014c7500000)]
  0x000001f260e75800 JavaThread "Cache worker for kotlin-dsl (C:\Users\Admin\.gradle\caches\8.0.1\kotlin-dsl)" [_thread_blocked, id=27780, stack(0x00000014c7900000,0x00000014c7a00000)]
  0x000001f260e7d000 JavaThread "jar transforms Thread 5" [_thread_blocked, id=22884, stack(0x00000014ca100000,0x00000014ca200000)]
  0x000001f260e7d800 JavaThread "jar transforms Thread 6" [_thread_blocked, id=15148, stack(0x00000014ca200000,0x00000014ca300000)]
  0x000001f260e82000 JavaThread "Cache worker for dependencies-accessors (E:\Mobile App\App Mobile Course\thesis\thesisBiomedicalFinal\android\.gradle\8.0.1\dependencies-accessors)" [_thread_blocked, id=22332, stack(0x00000014ca300000,0x00000014ca400000)]
  0x000001f260e7e800 JavaThread "Cache worker for Build Output Cleanup Cache (E:\Mobile App\App Mobile Course\thesis\thesisBiomedicalFinal\node_modules\@react-native\gradle-plugin\.gradle\buildOutputCleanup)" [_thread_blocked, id=8208, stack(0x00000014ca400000,0x00000014ca500000)]
  0x000001f260e81000 JavaThread "jar transforms Thread 7" [_thread_blocked, id=23572, stack(0x00000014ca500000,0x00000014ca600000)]
  0x000001f260e7f800 JavaThread "Unconstrained build operations" [_thread_blocked, id=16492, stack(0x00000014ca600000,0x00000014ca700000)]
  0x000001f260e80000 JavaThread "Unconstrained build operations Thread 2" [_thread_blocked, id=16644, stack(0x00000014ca700000,0x00000014ca800000)]
  0x000001f260e7c000 JavaThread "Unconstrained build operations Thread 3" [_thread_blocked, id=11904, stack(0x00000014ca800000,0x00000014ca900000)]
  0x000001f260e82800 JavaThread "Unconstrained build operations Thread 4" [_thread_blocked, id=7316, stack(0x00000014ca900000,0x00000014caa00000)]
  0x000001f260e83800 JavaThread "Unconstrained build operations Thread 5" [_thread_blocked, id=12856, stack(0x00000014caa00000,0x00000014cab00000)]
  0x000001f25ce00800 JavaThread "Unconstrained build operations Thread 6" [_thread_blocked, id=6296, stack(0x00000014cab00000,0x00000014cac00000)]
  0x000001f25cdfb800 JavaThread "Unconstrained build operations Thread 7" [_thread_blocked, id=13124, stack(0x00000014cac00000,0x00000014cad00000)]
  0x000001f25cdfe000 JavaThread "Unconstrained build operations Thread 8" [_thread_blocked, id=15244, stack(0x00000014cad00000,0x00000014cae00000)]
  0x000001f25cdfd000 JavaThread "Unconstrained build operations Thread 9" [_thread_blocked, id=1696, stack(0x00000014cae00000,0x00000014caf00000)]
  0x000001f25cdff000 JavaThread "Unconstrained build operations Thread 10" [_thread_blocked, id=12284, stack(0x00000014caf00000,0x00000014cb000000)]
  0x000001f25cdfb000 JavaThread "Unconstrained build operations Thread 11" [_thread_blocked, id=23124, stack(0x00000014cb000000,0x00000014cb100000)]
  0x000001f25cdff800 JavaThread "Unconstrained build operations Thread 12" [_thread_blocked, id=11440, stack(0x00000014cb100000,0x00000014cb200000)]
  0x000001f25ce01800 JavaThread "Unconstrained build operations Thread 13" [_thread_blocked, id=9488, stack(0x00000014cb200000,0x00000014cb300000)]
  0x000001f25ce02000 JavaThread "Unconstrained build operations Thread 14" [_thread_blocked, id=14880, stack(0x00000014cb300000,0x00000014cb400000)]
  0x000001f25cdfc800 JavaThread "Unconstrained build operations Thread 15" [_thread_blocked, id=15620, stack(0x00000014cb400000,0x00000014cb500000)]
  0x000001f25ce06000 JavaThread "Unconstrained build operations Thread 16" [_thread_blocked, id=8316, stack(0x00000014cb500000,0x00000014cb600000)]
  0x000001f25ce04000 JavaThread "Unconstrained build operations Thread 17" [_thread_blocked, id=6236, stack(0x00000014cb600000,0x00000014cb700000)]
  0x000001f25ce03000 JavaThread "Unconstrained build operations Thread 18" [_thread_blocked, id=8756, stack(0x00000014cb700000,0x00000014cb800000)]
  0x000001f25ce08800 JavaThread "Unconstrained build operations Thread 19" [_thread_blocked, id=23236, stack(0x00000014cb800000,0x00000014cb900000)]
  0x000001f25ce07000 JavaThread "Unconstrained build operations Thread 20" [_thread_blocked, id=21988, stack(0x00000014cb900000,0x00000014cba00000)]
  0x000001f25ce08000 JavaThread "Unconstrained build operations Thread 21" [_thread_blocked, id=19192, stack(0x00000014cba00000,0x00000014cbb00000)]
  0x000001f25ce09800 JavaThread "Unconstrained build operations Thread 22" [_thread_blocked, id=22396, stack(0x00000014cbb00000,0x00000014cbc00000)]
  0x000001f25ce04800 JavaThread "Unconstrained build operations Thread 23" [_thread_blocked, id=14664, stack(0x00000014cbc00000,0x00000014cbd00000)]
  0x000001f25ce05800 JavaThread "Unconstrained build operations Thread 24" [_thread_blocked, id=14484, stack(0x00000014cbd00000,0x00000014cbe00000)]
  0x000001f26134c800 JavaThread "Unconstrained build operations Thread 25" [_thread_blocked, id=2016, stack(0x00000014cbe00000,0x00000014cbf00000)]
  0x000001f26134d000 JavaThread "Unconstrained build operations Thread 26" [_thread_blocked, id=12004, stack(0x00000014cbf00000,0x00000014cc000000)]
  0x000001f261348800 JavaThread "jar transforms Thread 8" [_thread_blocked, id=4576, stack(0x00000014cc000000,0x00000014cc100000)]
  0x000001f26134e000 JavaThread "jar transforms Thread 9" [_thread_blocked, id=23172, stack(0x00000014cc100000,0x00000014cc200000)]
  0x000001f26134f000 JavaThread "jar transforms Thread 10" [_thread_blocked, id=17232, stack(0x00000014cc200000,0x00000014cc300000)]
  0x000001f26134b800 JavaThread "jar transforms Thread 11" [_thread_blocked, id=15240, stack(0x00000014cc300000,0x00000014cc400000)]
  0x000001f261349000 JavaThread "jar transforms Thread 12" [_thread_blocked, id=22412, stack(0x00000014cc400000,0x00000014cc500000)]
  0x000001f26134f800 JavaThread "jar transforms Thread 13" [_thread_blocked, id=5404, stack(0x00000014cc500000,0x00000014cc600000)]
  0x000001f26134a000 JavaThread "jar transforms Thread 14" [_thread_blocked, id=21148, stack(0x00000014cc600000,0x00000014cc700000)]
  0x000001f261350800 JavaThread "jar transforms Thread 15" [_thread_blocked, id=2908, stack(0x00000014cc700000,0x00000014cc800000)]
  0x000001f26134a800 JavaThread "jar transforms Thread 16" [_thread_blocked, id=10832, stack(0x00000014cc800000,0x00000014cc900000)]
=>0x000001f2619b5800 JavaThread "C2 CompilerThread1" daemon [_thread_in_native, id=24364, stack(0x00000014cc900000,0x00000014cca00000)]
  0x000001f261353000 JavaThread "Memory manager" [_thread_blocked, id=4000, stack(0x00000014cca00000,0x00000014ccb00000)]
  0x000001f2622c8800 JavaThread "C1 CompilerThread2" daemon [_thread_blocked, id=20220, stack(0x00000014ccb00000,0x00000014ccc00000)]
  0x000001f260ddf000 JavaThread "C1 CompilerThread3" daemon [_thread_blocked, id=17704, stack(0x00000014ccc00000,0x00000014ccd00000)]
  0x000001f261356000 JavaThread "Cache worker for Build Output Cleanup Cache (E:\Mobile App\App Mobile Course\thesis\thesisBiomedicalFinal\android\.gradle\buildOutputCleanup)" [_thread_blocked, id=23864, stack(0x00000014ccd00000,0x00000014cce00000)]
  0x000001f261357000 JavaThread "included builds" [_thread_blocked, id=22248, stack(0x00000014cce00000,0x00000014ccf00000)]
  0x000001f261353800 JavaThread "Execution worker" [_thread_blocked, id=10444, stack(0x00000014ccf00000,0x00000014cd000000)]
  0x000001f261352000 JavaThread "Execution worker Thread 2" [_thread_blocked, id=21520, stack(0x00000014cd000000,0x00000014cd100000)]
  0x000001f261354800 JavaThread "Execution worker Thread 3" [_thread_blocked, id=22464, stack(0x00000014cd100000,0x00000014cd200000)]
  0x000001f261355800 JavaThread "Execution worker Thread 4" [_thread_blocked, id=1600, stack(0x00000014cd200000,0x00000014cd300000)]
  0x000001f261351000 JavaThread "Execution worker Thread 5" [_thread_blocked, id=14984, stack(0x00000014cd300000,0x00000014cd400000)]
  0x000001f260c15000 JavaThread "Execution worker Thread 6" [_thread_blocked, id=4844, stack(0x00000014cd400000,0x00000014cd500000)]
  0x000001f260c16000 JavaThread "Execution worker Thread 7" [_thread_blocked, id=8896, stack(0x00000014cd500000,0x00000014cd600000)]
  0x000001f260c18800 JavaThread "Execution worker Thread 8" [_thread_blocked, id=23168, stack(0x00000014cd600000,0x00000014cd700000)]
  0x000001f260c13000 JavaThread "Execution worker Thread 9" [_thread_blocked, id=8404, stack(0x00000014cd700000,0x00000014cd800000)]
  0x000001f260c13800 JavaThread "Execution worker Thread 10" [_thread_blocked, id=7600, stack(0x00000014cd800000,0x00000014cd900000)]
  0x000001f260c14800 JavaThread "Execution worker Thread 11" [_thread_blocked, id=17224, stack(0x00000014cd900000,0x00000014cda00000)]
  0x000001f260c17800 JavaThread "Execution worker Thread 12" [_thread_blocked, id=7492, stack(0x00000014cda00000,0x00000014cdb00000)]
  0x000001f260c1c800 JavaThread "Execution worker Thread 13" [_thread_blocked, id=9992, stack(0x00000014cdb00000,0x00000014cdc00000)]
  0x000001f260c19800 JavaThread "Execution worker Thread 14" [_thread_blocked, id=25172, stack(0x00000014cdc00000,0x00000014cdd00000)]
  0x000001f260c1a000 JavaThread "Execution worker Thread 15" [_thread_blocked, id=25440, stack(0x00000014cdd00000,0x00000014cde00000)]
  0x000001f260c1c000 JavaThread "Cache worker for execution history cache (E:\Mobile App\App Mobile Course\thesis\thesisBiomedicalFinal\node_modules\@react-native\gradle-plugin\.gradle\8.0.1\executionHistory)" [_thread_blocked, id=24340, stack(0x00000014cde00000,0x00000014cdf00000)]
  0x000001f260c17000 JavaThread "Unconstrained build operations Thread 27" [_thread_blocked, id=25520, stack(0x00000014cdf00000,0x00000014ce000000)]
  0x000001f260c20000 JavaThread "Unconstrained build operations Thread 28" [_thread_blocked, id=25008, stack(0x00000014ce000000,0x00000014ce100000)]
  0x000001f260c1d800 JavaThread "Unconstrained build operations Thread 29" [_thread_blocked, id=22636, stack(0x00000014ce100000,0x00000014ce200000)]
  0x000001f260c1e000 JavaThread "Unconstrained build operations Thread 30" [_thread_blocked, id=25208, stack(0x00000014ce200000,0x00000014ce300000)]
  0x000001f260c1b000 JavaThread "Unconstrained build operations Thread 31" [_thread_blocked, id=26364, stack(0x00000014ce300000,0x00000014ce400000)]
  0x000001f260c1f000 JavaThread "Unconstrained build operations Thread 32" [_thread_blocked, id=26552, stack(0x00000014ce400000,0x00000014ce500000)]
  0x000001f260c21800 JavaThread "Unconstrained build operations Thread 33" [_thread_blocked, id=25868, stack(0x00000014ce500000,0x00000014ce600000)]
  0x000001f260c20800 JavaThread "Unconstrained build operations Thread 34" [_thread_blocked, id=25432, stack(0x00000014ce600000,0x00000014ce700000)]
  0x000001f26183d000 JavaThread "Unconstrained build operations Thread 35" [_thread_blocked, id=24620, stack(0x00000014ce700000,0x00000014ce800000)]
  0x000001f261839000 JavaThread "Unconstrained build operations Thread 36" [_thread_blocked, id=10484, stack(0x00000014ce800000,0x00000014ce900000)]
  0x000001f26183a800 JavaThread "Unconstrained build operations Thread 37" [_thread_blocked, id=26548, stack(0x00000014ce900000,0x00000014cea00000)]
  0x000001f261837000 JavaThread "Unconstrained build operations Thread 38" [_thread_blocked, id=25244, stack(0x00000014cea00000,0x00000014ceb00000)]
  0x000001f261839800 JavaThread "Unconstrained build operations Thread 39" [_thread_blocked, id=25636, stack(0x00000014ceb00000,0x00000014cec00000)]
  0x000001f26183b800 JavaThread "Unconstrained build operations Thread 40" [_thread_blocked, id=26488, stack(0x00000014cec00000,0x00000014ced00000)]
  0x000001f26183d800 JavaThread "Unconstrained build operations Thread 41" [_thread_blocked, id=24348, stack(0x00000014ced00000,0x00000014cee00000)]
  0x000001f261838000 JavaThread "Unconstrained build operations Thread 42" [_thread_blocked, id=16404, stack(0x00000014cee00000,0x00000014cef00000)]
  0x000001f261841000 JavaThread "Unconstrained build operations Thread 43" [_thread_blocked, id=26496, stack(0x00000014cef00000,0x00000014cf000000)]
  0x000001f26183f800 JavaThread "Unconstrained build operations Thread 44" [_thread_blocked, id=26596, stack(0x00000014cf000000,0x00000014cf100000)]
  0x000001f261840000 JavaThread "Unconstrained build operations Thread 45" [_thread_blocked, id=24976, stack(0x00000014cf100000,0x00000014cf200000)]
  0x000001f261842000 JavaThread "Unconstrained build operations Thread 46" [_thread_blocked, id=25572, stack(0x00000014cf200000,0x00000014cf300000)]
  0x000001f26183c000 JavaThread "Unconstrained build operations Thread 47" [_thread_blocked, id=25740, stack(0x00000014cf300000,0x00000014cf400000)]
  0x000001f261842800 JavaThread "Unconstrained build operations Thread 48" [_thread_blocked, id=25936, stack(0x00000014cf400000,0x00000014cf500000)]
  0x000001f261844800 JavaThread "Unconstrained build operations Thread 49" [_thread_blocked, id=26316, stack(0x00000014cf500000,0x00000014cf600000)]
  0x000001f261843800 JavaThread "Unconstrained build operations Thread 50" [_thread_blocked, id=22312, stack(0x00000014cf600000,0x00000014cf700000)]
  0x000001f26183e800 JavaThread "Unconstrained build operations Thread 51" [_thread_blocked, id=27836, stack(0x00000014cf700000,0x00000014cf800000)]
  0x000001f264093800 JavaThread "C2 CompilerThread2" daemon [_thread_in_native, id=23536, stack(0x00000014cf800000,0x00000014cf900000)]
  0x000001f261845000 JavaThread "Unconstrained build operations Thread 52" [_thread_blocked, id=22504, stack(0x00000014cfa00000,0x00000014cfb00000)]
  0x000001f261846000 JavaThread "Unconstrained build operations Thread 53" [_thread_blocked, id=28360, stack(0x00000014cfb00000,0x00000014cfc00000)]
  0x000001f2644df000 JavaThread "Unconstrained build operations Thread 54" [_thread_blocked, id=14788, stack(0x00000014cfc00000,0x00000014cfd00000)]
  0x000001f2644da000 JavaThread "Unconstrained build operations Thread 55" [_thread_blocked, id=9248, stack(0x00000014cfd00000,0x00000014cfe00000)]
  0x000001f2644de000 JavaThread "Unconstrained build operations Thread 56" [_thread_blocked, id=23460, stack(0x00000014cfe00000,0x00000014cff00000)]
  0x000001f2644dd000 JavaThread "Unconstrained build operations Thread 57" [_thread_blocked, id=20676, stack(0x00000014cff00000,0x00000014d0000000)]
  0x000001f2644e0800 JavaThread "Unconstrained build operations Thread 58" [_thread_blocked, id=28112, stack(0x00000014d0000000,0x00000014d0100000)]
  0x000001f2644df800 JavaThread "Unconstrained build operations Thread 59" [_thread_blocked, id=11472, stack(0x00000014d0100000,0x00000014d0200000)]
  0x000001f2644dc800 JavaThread "Unconstrained build operations Thread 60" [_thread_blocked, id=6928, stack(0x00000014d0200000,0x00000014d0300000)]
  0x000001f2644da800 JavaThread "Unconstrained build operations Thread 61" [_thread_blocked, id=4744, stack(0x00000014d0300000,0x00000014d0400000)]
  0x000001f2644e1800 JavaThread "Unconstrained build operations Thread 62" [_thread_blocked, id=7740, stack(0x00000014d0400000,0x00000014d0500000)]
  0x000001f2644db800 JavaThread "Unconstrained build operations Thread 63" [_thread_blocked, id=23004, stack(0x00000014d0500000,0x00000014d0600000)]
  0x000001f2644e3000 JavaThread "Unconstrained build operations Thread 64" [_thread_blocked, id=3632, stack(0x00000014d0600000,0x00000014d0700000)]
  0x000001f2644e2000 JavaThread "Unconstrained build operations Thread 65" [_thread_blocked, id=22424, stack(0x00000014d0700000,0x00000014d0800000)]
  0x000001f2644e8800 JavaThread "Unconstrained build operations Thread 66" [_thread_blocked, id=11340, stack(0x00000014d0800000,0x00000014d0900000)]
  0x000001f2644e8000 JavaThread "Unconstrained build operations Thread 67" [_thread_blocked, id=7616, stack(0x00000014d0900000,0x00000014d0a00000)]
  0x000001f2644e3800 JavaThread "Unconstrained build operations Thread 68" [_thread_blocked, id=12732, stack(0x00000014d0a00000,0x00000014d0b00000)]
  0x000001f2644e7000 JavaThread "Unconstrained build operations Thread 69" [_thread_blocked, id=2652, stack(0x00000014d0b00000,0x00000014d0c00000)]
  0x000001f2644e4800 JavaThread "Unconstrained build operations Thread 70" [_thread_blocked, id=23248, stack(0x00000014d0c00000,0x00000014d0d00000)]
  0x000001f2644e5800 JavaThread "Unconstrained build operations Thread 71" [_thread_blocked, id=23116, stack(0x00000014d0d00000,0x00000014d0e00000)]
  0x000001f2644e6000 JavaThread "Unconstrained build operations Thread 72" [_thread_blocked, id=22596, stack(0x00000014d0e00000,0x00000014d0f00000)]
  0x000001f266318000 JavaThread "Unconstrained build operations Thread 73" [_thread_blocked, id=10684, stack(0x00000014d0f00000,0x00000014d1000000)]
  0x000001f26631a000 JavaThread "Unconstrained build operations Thread 74" [_thread_blocked, id=10256, stack(0x00000014d1000000,0x00000014d1100000)]
  0x000001f266315800 JavaThread "Unconstrained build operations Thread 75" [_thread_blocked, id=20412, stack(0x00000014d1100000,0x00000014d1200000)]
  0x000001f266317800 JavaThread "Unconstrained build operations Thread 76" [_thread_blocked, id=11260, stack(0x00000014d1200000,0x00000014d1300000)]
  0x000001f26631a800 JavaThread "Unconstrained build operations Thread 77" [_thread_blocked, id=18008, stack(0x00000014d1300000,0x00000014d1400000)]
  0x000001f266315000 JavaThread "Unconstrained build operations Thread 78" [_thread_blocked, id=22220, stack(0x00000014d1400000,0x00000014d1500000)]
  0x000001f26631b800 JavaThread "Unconstrained build operations Thread 79" [_thread_blocked, id=10008, stack(0x00000014d1500000,0x00000014d1600000)]
  0x000001f266319000 JavaThread "Unconstrained build operations Thread 80" [_thread_blocked, id=7536, stack(0x00000014d1600000,0x00000014d1700000)]
  0x000001f26631c000 JavaThread "Unconstrained build operations Thread 81" [_thread_blocked, id=11028, stack(0x00000014d1700000,0x00000014d1800000)]
  0x000001f266316800 JavaThread "Unconstrained build operations Thread 82" [_thread_blocked, id=14896, stack(0x00000014d1800000,0x00000014d1900000)]
  0x000001f266321000 JavaThread "Unconstrained build operations Thread 83" [_thread_blocked, id=16940, stack(0x00000014d1900000,0x00000014d1a00000)]
  0x000001f26631e800 JavaThread "Unconstrained build operations Thread 84" [_thread_blocked, id=10400, stack(0x00000014d1a00000,0x00000014d1b00000)]
  0x000001f266323000 JavaThread "Unconstrained build operations Thread 85" [_thread_blocked, id=7032, stack(0x00000014d1b00000,0x00000014d1c00000)]
  0x000001f266322000 JavaThread "Unconstrained build operations Thread 86" [_thread_blocked, id=2540, stack(0x00000014d1c00000,0x00000014d1d00000)]
  0x000001f26631d000 JavaThread "Unconstrained build operations Thread 87" [_thread_blocked, id=19324, stack(0x00000014d1d00000,0x00000014d1e00000)]
  0x000001f266320800 JavaThread "Unconstrained build operations Thread 88" [_thread_blocked, id=24136, stack(0x00000014d1e00000,0x00000014d1f00000)]
  0x000001f266323800 JavaThread "Unconstrained build operations Thread 89" [_thread_blocked, id=23060, stack(0x00000014d1f00000,0x00000014d2000000)]
  0x000001f26631e000 JavaThread "Unconstrained build operations Thread 90" [_thread_blocked, id=16336, stack(0x00000014d2000000,0x00000014d2100000)]
  0x000001f26631f800 JavaThread "Unconstrained build operations Thread 91" [_thread_blocked, id=6460, stack(0x00000014d2100000,0x00000014d2200000)]
  0x000001f2606f4000 JavaThread "Unconstrained build operations Thread 92" [_thread_blocked, id=11500, stack(0x00000014d2200000,0x00000014d2300000)]
  0x000001f2606f9000 JavaThread "Unconstrained build operations Thread 93" [_thread_blocked, id=23000, stack(0x00000014d2300000,0x00000014d2400000)]
  0x000001f2606f5000 JavaThread "Unconstrained build operations Thread 94" [_thread_blocked, id=2956, stack(0x00000014d2400000,0x00000014d2500000)]
  0x000001f2606f7800 JavaThread "Unconstrained build operations Thread 95" [_thread_blocked, id=18668, stack(0x00000014d2500000,0x00000014d2600000)]
  0x000001f2606f9800 JavaThread "Unconstrained build operations Thread 96" [_thread_blocked, id=7080, stack(0x00000014d2600000,0x00000014d2700000)]
  0x000001f2606fa800 JavaThread "Unconstrained build operations Thread 97" [_thread_blocked, id=24052, stack(0x00000014d2700000,0x00000014d2800000)]
  0x000001f2606f8000 JavaThread "Unconstrained build operations Thread 98" [_thread_blocked, id=6348, stack(0x00000014d2800000,0x00000014d2900000)]
  0x000001f2606fb800 JavaThread "Unconstrained build operations Thread 99" [_thread_blocked, id=8520, stack(0x00000014d2900000,0x00000014d2a00000)]
  0x000001f2606f5800 JavaThread "Unconstrained build operations Thread 100" [_thread_blocked, id=2032, stack(0x00000014d2a00000,0x00000014d2b00000)]
  0x000001f2606fc000 JavaThread "Unconstrained build operations Thread 101" [_thread_blocked, id=22984, stack(0x00000014d2b00000,0x00000014d2c00000)]
  0x000001f2606f6800 JavaThread "Unconstrained build operations Thread 102" [_thread_blocked, id=24312, stack(0x00000014d2c00000,0x00000014d2d00000)]
  0x000001f2606fd000 JavaThread "Unconstrained build operations Thread 103" [_thread_blocked, id=7624, stack(0x00000014d2d00000,0x00000014d2e00000)]
  0x000001f2606ff800 JavaThread "Unconstrained build operations Thread 104" [_thread_blocked, id=20120, stack(0x00000014d2e00000,0x00000014d2f00000)]
  0x000001f260702000 JavaThread "Unconstrained build operations Thread 105" [_thread_blocked, id=16464, stack(0x00000014d2f00000,0x00000014d3000000)]
  0x000001f260700000 JavaThread "Unconstrained build operations Thread 106" [_thread_blocked, id=11168, stack(0x00000014d3000000,0x00000014d3100000)]
  0x000001f260701000 JavaThread "Unconstrained build operations Thread 107" [_thread_blocked, id=28588, stack(0x00000014d3100000,0x00000014d3200000)]
  0x000001f2606fe000 JavaThread "Unconstrained build operations Thread 108" [_thread_blocked, id=19780, stack(0x00000014d3200000,0x00000014d3300000)]
  0x000001f2606fe800 JavaThread "Unconstrained build operations Thread 109" [_thread_blocked, id=22252, stack(0x00000014d3300000,0x00000014d3400000)]
  0x000001f260702800 JavaThread "Unconstrained build operations Thread 110" [_thread_blocked, id=23484, stack(0x00000014d3400000,0x00000014d3500000)]
  0x000001f264552800 JavaThread "Unconstrained build operations Thread 111" [_thread_blocked, id=22656, stack(0x00000014d3500000,0x00000014d3600000)]
  0x000001f264551800 JavaThread "Unconstrained build operations Thread 112" [_thread_blocked, id=16896, stack(0x00000014d3600000,0x00000014d3700000)]
  0x000001f26454d800 JavaThread "Unconstrained build operations Thread 113" [_thread_blocked, id=23216, stack(0x00000014d3700000,0x00000014d3800000)]
  0x000001f26454e800 JavaThread "Unconstrained build operations Thread 114" [_thread_blocked, id=10764, stack(0x00000014d3800000,0x00000014d3900000)]
  0x000001f264551000 JavaThread "Unconstrained build operations Thread 115" [_thread_blocked, id=22360, stack(0x00000014d3900000,0x00000014d3a00000)]
  0x000001f264555000 JavaThread "Unconstrained build operations Thread 116" [_thread_blocked, id=20728, stack(0x00000014d3a00000,0x00000014d3b00000)]
  0x000001f264553000 JavaThread "Unconstrained build operations Thread 117" [_thread_blocked, id=2760, stack(0x00000014d3b00000,0x00000014d3c00000)]
  0x000001f264554000 JavaThread "Unconstrained build operations Thread 118" [_thread_blocked, id=22876, stack(0x00000014d3c00000,0x00000014d3d00000)]
  0x000001f26454f000 JavaThread "Unconstrained build operations Thread 119" [_thread_blocked, id=23264, stack(0x00000014d3d00000,0x00000014d3e00000)]
  0x000001f264555800 JavaThread "Unconstrained build operations Thread 120" [_thread_blocked, id=27984, stack(0x00000014d3e00000,0x00000014d3f00000)]
  0x000001f264550000 JavaThread "Unconstrained build operations Thread 121" [_thread_blocked, id=22200, stack(0x00000014d3f00000,0x00000014d4000000)]
  0x000001f26455b800 JavaThread "Unconstrained build operations Thread 122" [_thread_blocked, id=22620, stack(0x00000014d4000000,0x00000014d4100000)]
  0x000001f26455c000 JavaThread "Unconstrained build operations Thread 123" [_thread_blocked, id=18180, stack(0x00000014d4100000,0x00000014d4200000)]
  0x000001f26455a000 JavaThread "Unconstrained build operations Thread 124" [_thread_blocked, id=27712, stack(0x00000014d4200000,0x00000014d4300000)]
  0x000001f264556800 JavaThread "Unconstrained build operations Thread 125" [_thread_blocked, id=2308, stack(0x00000014d4300000,0x00000014d4400000)]
  0x000001f264559000 JavaThread "Unconstrained build operations Thread 126" [_thread_blocked, id=28096, stack(0x00000014d4400000,0x00000014d4500000)]
  0x000001f26455d000 JavaThread "Unconstrained build operations Thread 127" [_thread_blocked, id=28624, stack(0x00000014d4500000,0x00000014d4600000)]
  0x000001f26455a800 JavaThread "Unconstrained build operations Thread 128" [_thread_blocked, id=19320, stack(0x00000014d4600000,0x00000014d4700000)]
  0x000001f264557800 JavaThread "Unconstrained build operations Thread 129" [_thread_blocked, id=24604, stack(0x00000014d4700000,0x00000014d4800000)]
  0x000001f26455e000 JavaThread "Unconstrained build operations Thread 130" [_thread_blocked, id=21812, stack(0x00000014d4800000,0x00000014d4900000)]
  0x000001f264558000 JavaThread "Unconstrained build operations Thread 131" [_thread_blocked, id=2212, stack(0x00000014d4900000,0x00000014d4a00000)]
  0x000001f264561000 JavaThread "Unconstrained build operations Thread 132" [_thread_blocked, id=3936, stack(0x00000014d4a00000,0x00000014d4b00000)]
  0x000001f264562800 JavaThread "Unconstrained build operations Thread 133" [_thread_blocked, id=6252, stack(0x00000014d4b00000,0x00000014d4c00000)]
  0x000001f264562000 JavaThread "Unconstrained build operations Thread 134" [_thread_blocked, id=1928, stack(0x00000014d4c00000,0x00000014d4d00000)]
  0x000001f264563800 JavaThread "Unconstrained build operations Thread 135" [_thread_blocked, id=26176, stack(0x00000014d4d00000,0x00000014d4e00000)]
  0x000001f264564800 JavaThread "Unconstrained build operations Thread 136" [_thread_blocked, id=25264, stack(0x00000014d4e00000,0x00000014d4f00000)]
  0x000001f264560800 JavaThread "Unconstrained build operations Thread 137" [_thread_blocked, id=3596, stack(0x00000014d4f00000,0x00000014d5000000)]
  0x000001f26455e800 JavaThread "Unconstrained build operations Thread 138" [_thread_blocked, id=15876, stack(0x00000014d5000000,0x00000014d5100000)]
  0x000001f26455f800 JavaThread "Unconstrained build operations Thread 139" [_thread_blocked, id=10620, stack(0x00000014d5100000,0x00000014d5200000)]
  0x000001f264568800 JavaThread "Unconstrained build operations Thread 140" [_thread_blocked, id=22156, stack(0x00000014d5200000,0x00000014d5300000)]
  0x000001f264567000 JavaThread "Unconstrained build operations Thread 141" [_thread_blocked, id=11128, stack(0x00000014d5300000,0x00000014d5400000)]
  0x000001f264565000 JavaThread "Unconstrained build operations Thread 142" [_thread_blocked, id=16900, stack(0x00000014d5400000,0x00000014d5500000)]
  0x000001f264567800 JavaThread "Unconstrained build operations Thread 143" [_thread_blocked, id=14384, stack(0x00000014d5500000,0x00000014d5600000)]
  0x000001f26456b000 JavaThread "Unconstrained build operations Thread 144" [_thread_blocked, id=18676, stack(0x00000014d5600000,0x00000014d5700000)]
  0x000001f264566000 JavaThread "Unconstrained build operations Thread 145" [_thread_blocked, id=21484, stack(0x00000014d5700000,0x00000014d5800000)]
  0x000001f26456b800 JavaThread "Unconstrained build operations Thread 146" [_thread_blocked, id=22704, stack(0x00000014d5800000,0x00000014d5900000)]
  0x000001f26456c800 JavaThread "Unconstrained build operations Thread 147" [_thread_blocked, id=11108, stack(0x00000014d5900000,0x00000014d5a00000)]
  0x000001f264569800 JavaThread "Unconstrained build operations Thread 148" [_thread_blocked, id=21560, stack(0x00000014d5a00000,0x00000014d5b00000)]
  0x000001f26456a000 JavaThread "Unconstrained build operations Thread 149" [_thread_blocked, id=25064, stack(0x00000014d5b00000,0x00000014d5c00000)]
  0x000001f263fe4000 JavaThread "Unconstrained build operations Thread 150" [_thread_blocked, id=22864, stack(0x00000014d5c00000,0x00000014d5d00000)]
  0x000001f263fe5000 JavaThread "Unconstrained build operations Thread 151" [_thread_blocked, id=23488, stack(0x00000014d5d00000,0x00000014d5e00000)]
  0x000001f263feb800 JavaThread "Unconstrained build operations Thread 152" [_thread_blocked, id=20288, stack(0x00000014d5e00000,0x00000014d5f00000)]
  0x000001f263fe8000 JavaThread "Unconstrained build operations Thread 153" [_thread_blocked, id=6744, stack(0x00000014d5f00000,0x00000014d6000000)]
  0x000001f263fe9000 JavaThread "Unconstrained build operations Thread 154" [_thread_blocked, id=6632, stack(0x00000014d6000000,0x00000014d6100000)]
  0x000001f263fe6800 JavaThread "Unconstrained build operations Thread 155" [_thread_blocked, id=22808, stack(0x00000014d6100000,0x00000014d6200000)]
  0x000001f263fea000 JavaThread "Unconstrained build operations Thread 156" [_thread_blocked, id=11772, stack(0x00000014d6400000,0x00000014d6500000)]
  0x000001f263fe7800 JavaThread "Unconstrained build operations Thread 157" [_thread_blocked, id=22956, stack(0x00000014d6500000,0x00000014d6600000)]
  0x000001f263fea800 JavaThread "Unconstrained build operations Thread 158" [_thread_blocked, id=17156, stack(0x00000014d6600000,0x00000014d6700000)]
  0x000001f263fe5800 JavaThread "Unconstrained build operations Thread 159" [_thread_blocked, id=22676, stack(0x00000014d6700000,0x00000014d6800000)]
  0x000001f263fed000 JavaThread "Unconstrained build operations Thread 160" [_thread_blocked, id=12752, stack(0x00000014d6800000,0x00000014d6900000)]

Other Threads:
  0x000001f25b653800 VMThread "VM Thread" [stack: 0x00000014c6b00000,0x00000014c6c00000] [id=12948]
  0x000001f25c189000 WatcherThread [stack: 0x00000014c7600000,0x00000014c7700000] [id=19764]
  0x000001f239ac9000 GCTaskThread "GC Thread#0" [stack: 0x00000014c6600000,0x00000014c6700000] [id=27952]
  0x000001f25cfcd800 GCTaskThread "GC Thread#1" [stack: 0x00000014c7700000,0x00000014c7800000] [id=27748]
  0x000001f25e167000 GCTaskThread "GC Thread#2" [stack: 0x00000014c8400000,0x00000014c8500000] [id=10688]
  0x000001f25e168000 GCTaskThread "GC Thread#3" [stack: 0x00000014c8500000,0x00000014c8600000] [id=3900]
  0x000001f25e168800 GCTaskThread "GC Thread#4" [stack: 0x00000014c8600000,0x00000014c8700000] [id=28008]
  0x000001f25dff6800 GCTaskThread "GC Thread#5" [stack: 0x00000014c8700000,0x00000014c8800000] [id=6464]
  0x000001f25dff7800 GCTaskThread "GC Thread#6" [stack: 0x00000014c8800000,0x00000014c8900000] [id=14416]
  0x000001f25dec5000 GCTaskThread "GC Thread#7" [stack: 0x00000014c8900000,0x00000014c8a00000] [id=7648]
  0x000001f25dec6000 GCTaskThread "GC Thread#8" [stack: 0x00000014c8a00000,0x00000014c8b00000] [id=19788]
  0x000001f25dffd000 GCTaskThread "GC Thread#9" [stack: 0x00000014c8b00000,0x00000014c8c00000] [id=27512]
  0x000001f25d132800 GCTaskThread "GC Thread#10" [stack: 0x00000014c8c00000,0x00000014c8d00000] [id=27180]
  0x000001f25d133800 GCTaskThread "GC Thread#11" [stack: 0x00000014c8d00000,0x00000014c8e00000] [id=28628]
  0x000001f25d134000 GCTaskThread "GC Thread#12" [stack: 0x00000014c8e00000,0x00000014c8f00000] [id=27768]
  0x000001f239afb800 ConcurrentGCThread "G1 Main Marker" [stack: 0x00000014c6700000,0x00000014c6800000] [id=27700]
  0x000001f239afe000 ConcurrentGCThread "G1 Conc#0" [stack: 0x00000014c6800000,0x00000014c6900000] [id=20704]
  0x000001f25e1a8000 ConcurrentGCThread "G1 Conc#1" [stack: 0x00000014c9100000,0x00000014c9200000] [id=23376]
  0x000001f25e319800 ConcurrentGCThread "G1 Conc#2" [stack: 0x00000014c9200000,0x00000014c9300000] [id=14328]
  0x000001f239b7e000 ConcurrentGCThread "G1 Refine#0" [stack: 0x00000014c6900000,0x00000014c6a00000] [id=28032]
  0x000001f25cc9c000 ConcurrentGCThread "G1 Refine#1" [stack: 0x00000014c8f00000,0x00000014c9000000] [id=22436]
  0x000001f25daa5000 ConcurrentGCThread "G1 Refine#2" [stack: 0x00000014c9000000,0x00000014c9100000] [id=27728]
  0x000001f25b4c6800 ConcurrentGCThread "G1 Young RemSet Sampling" [stack: 0x00000014c6a00000,0x00000014c6b00000] [id=6600]

Threads with active compile tasks:
C2 CompilerThread0    22131 10555   !   4       org.codehaus.groovy.reflection.stdclasses.CachedSAMClass::hasUsableImplementation (72 bytes)
C2 CompilerThread1    22131 10559       4       java.beans.Introspector::addMethod (196 bytes)
C2 CompilerThread2    22131 10560       4       com.sun.beans.TypeResolver::resolve (37 bytes)

VM state:not at safepoint (normal execution)

VM Mutex/Monitor currently owned by a thread: None

Heap address: 0x0000000080000000, size: 2048 MB, Compressed Oops mode: 32-bit
Narrow klass base: 0x0000000000000000, Narrow klass shift: 3
Compressed class space size: 528482304 Address: 0x0000000100000000

Heap:
 garbage-first heap   total 143360K, used 106120K [0x0000000080000000, 0x0000000100000000)
  region size 1024K, 32 young (32768K), 4 survivors (4096K)
 Metaspace       used 86455K, capacity 88907K, committed 88968K, reserved 593920K
  class space    used 11090K, capacity 12155K, committed 12160K, reserved 516096K
Heap Regions: E=young(eden), S=young(survivor), O=old, HS=humongous(starts), HC=humongous(continues), CS=collection set, F=free, A=archive, TAMS=top-at-mark-start (previous, next)
|   0|0x0000000080000000, 0x0000000080100000, 0x0000000080100000|100%|HS|  |TAMS 0x0000000080100000, 0x0000000080000000| Complete 
|   1|0x0000000080100000, 0x0000000080200000, 0x0000000080200000|100%|HC|  |TAMS 0x0000000080200000, 0x0000000080100000| Complete 
|   2|0x0000000080200000, 0x0000000080300000, 0x0000000080300000|100%|HC|  |TAMS 0x0000000080300000, 0x0000000080200000| Complete 
|   3|0x0000000080300000, 0x0000000080400000, 0x0000000080400000|100%|HC|  |TAMS 0x0000000080400000, 0x0000000080300000| Complete 
|   4|0x0000000080400000, 0x0000000080500000, 0x0000000080500000|100%| O|  |TAMS 0x0000000080500000, 0x0000000080400000| Untracked 
|   5|0x0000000080500000, 0x0000000080600000, 0x0000000080600000|100%| O|  |TAMS 0x0000000080600000, 0x0000000080500000| Untracked 
|   6|0x0000000080600000, 0x0000000080700000, 0x0000000080700000|100%| O|  |TAMS 0x0000000080700000, 0x0000000080600000| Untracked 
|   7|0x0000000080700000, 0x0000000080800000, 0x0000000080800000|100%| O|  |TAMS 0x0000000080800000, 0x0000000080700000| Untracked 
|   8|0x0000000080800000, 0x0000000080900000, 0x0000000080900000|100%| O|  |TAMS 0x0000000080900000, 0x0000000080800000| Untracked 
|   9|0x0000000080900000, 0x0000000080a00000, 0x0000000080a00000|100%| O|  |TAMS 0x0000000080a00000, 0x0000000080900000| Untracked 
|  10|0x0000000080a00000, 0x0000000080b00000, 0x0000000080b00000|100%| O|  |TAMS 0x0000000080b00000, 0x0000000080a00000| Untracked 
|  11|0x0000000080b00000, 0x0000000080c00000, 0x0000000080c00000|100%| O|  |TAMS 0x0000000080c00000, 0x0000000080b00000| Untracked 
|  12|0x0000000080c00000, 0x0000000080d00000, 0x0000000080d00000|100%| O|  |TAMS 0x0000000080d00000, 0x0000000080c00000| Untracked 
|  13|0x0000000080d00000, 0x0000000080e00000, 0x0000000080e00000|100%| O|  |TAMS 0x0000000080e00000, 0x0000000080d00000| Untracked 
|  14|0x0000000080e00000, 0x0000000080f00000, 0x0000000080f00000|100%| O|  |TAMS 0x0000000080f00000, 0x0000000080e00000| Untracked 
|  15|0x0000000080f00000, 0x0000000081000000, 0x0000000081000000|100%| O|  |TAMS 0x0000000081000000, 0x0000000080f00000| Untracked 
|  16|0x0000000081000000, 0x0000000081100000, 0x0000000081100000|100%| O|  |TAMS 0x0000000081100000, 0x0000000081000000| Untracked 
|  17|0x0000000081100000, 0x0000000081200000, 0x0000000081200000|100%| O|  |TAMS 0x0000000081200000, 0x0000000081100000| Untracked 
|  18|0x0000000081200000, 0x0000000081300000, 0x0000000081300000|100%| O|  |TAMS 0x0000000081300000, 0x0000000081200000| Untracked 
|  19|0x0000000081300000, 0x0000000081400000, 0x0000000081400000|100%| O|  |TAMS 0x0000000081400000, 0x0000000081300000| Untracked 
|  20|0x0000000081400000, 0x0000000081500000, 0x0000000081500000|100%| O|  |TAMS 0x0000000081500000, 0x0000000081400000| Untracked 
|  21|0x0000000081500000, 0x0000000081600000, 0x0000000081600000|100%| O|  |TAMS 0x0000000081600000, 0x0000000081500000| Untracked 
|  22|0x0000000081600000, 0x0000000081700000, 0x0000000081700000|100%| O|  |TAMS 0x0000000081700000, 0x0000000081600000| Untracked 
|  23|0x0000000081700000, 0x0000000081800000, 0x0000000081800000|100%| O|  |TAMS 0x0000000081800000, 0x0000000081700000| Untracked 
|  24|0x0000000081800000, 0x0000000081900000, 0x0000000081900000|100%| O|  |TAMS 0x0000000081900000, 0x0000000081800000| Untracked 
|  25|0x0000000081900000, 0x0000000081a00000, 0x0000000081a00000|100%| O|  |TAMS 0x0000000081a00000, 0x0000000081900000| Untracked 
|  26|0x0000000081a00000, 0x0000000081b00000, 0x0000000081b00000|100%| O|  |TAMS 0x0000000081b00000, 0x0000000081a00000| Untracked 
|  27|0x0000000081b00000, 0x0000000081c00000, 0x0000000081c00000|100%| O|  |TAMS 0x0000000081c00000, 0x0000000081b00000| Untracked 
|  28|0x0000000081c00000, 0x0000000081d00000, 0x0000000081d00000|100%| O|  |TAMS 0x0000000081d00000, 0x0000000081c00000| Untracked 
|  29|0x0000000081d00000, 0x0000000081e00000, 0x0000000081e00000|100%| O|  |TAMS 0x0000000081e00000, 0x0000000081d00000| Untracked 
|  30|0x0000000081e00000, 0x0000000081f00000, 0x0000000081f00000|100%|HS|  |TAMS 0x0000000081f00000, 0x0000000081e00000| Complete 
|  31|0x0000000081f00000, 0x0000000082000000, 0x0000000082000000|100%|HC|  |TAMS 0x0000000082000000, 0x0000000081f00000| Complete 
|  32|0x0000000082000000, 0x0000000082100000, 0x0000000082100000|100%|HS|  |TAMS 0x0000000082100000, 0x0000000082000000| Complete 
|  33|0x0000000082100000, 0x0000000082200000, 0x0000000082200000|100%|HC|  |TAMS 0x0000000082200000, 0x0000000082100000| Complete 
|  34|0x0000000082200000, 0x0000000082300000, 0x0000000082300000|100%|HC|  |TAMS 0x0000000082300000, 0x0000000082200000| Complete 
|  35|0x0000000082300000, 0x0000000082400000, 0x0000000082400000|100%|HC|  |TAMS 0x0000000082400000, 0x0000000082300000| Complete 
|  36|0x0000000082400000, 0x0000000082500000, 0x0000000082500000|100%| O|  |TAMS 0x0000000082500000, 0x0000000082400000| Untracked 
|  37|0x0000000082500000, 0x0000000082600000, 0x0000000082600000|100%| O|  |TAMS 0x0000000082600000, 0x0000000082500000| Untracked 
|  38|0x0000000082600000, 0x0000000082700000, 0x0000000082700000|100%| O|  |TAMS 0x0000000082700000, 0x0000000082600000| Untracked 
|  39|0x0000000082700000, 0x0000000082800000, 0x0000000082800000|100%| O|  |TAMS 0x0000000082800000, 0x0000000082700000| Untracked 
|  40|0x0000000082800000, 0x0000000082900000, 0x0000000082900000|100%| O|  |TAMS 0x0000000082900000, 0x0000000082800000| Untracked 
|  41|0x0000000082900000, 0x0000000082a00000, 0x0000000082a00000|100%| O|  |TAMS 0x0000000082a00000, 0x0000000082900000| Untracked 
|  42|0x0000000082a00000, 0x0000000082b00000, 0x0000000082b00000|100%| O|  |TAMS 0x0000000082b00000, 0x0000000082a00000| Untracked 
|  43|0x0000000082b00000, 0x0000000082c00000, 0x0000000082c00000|100%| O|  |TAMS 0x0000000082c00000, 0x0000000082b00000| Untracked 
|  44|0x0000000082c00000, 0x0000000082d00000, 0x0000000082d00000|100%| O|  |TAMS 0x0000000082d00000, 0x0000000082c00000| Untracked 
|  45|0x0000000082d00000, 0x0000000082e00000, 0x0000000082e00000|100%| O|  |TAMS 0x0000000082e00000, 0x0000000082d00000| Untracked 
|  46|0x0000000082e00000, 0x0000000082f00000, 0x0000000082f00000|100%| O|  |TAMS 0x0000000082f00000, 0x0000000082e00000| Untracked 
|  47|0x0000000082f00000, 0x0000000083000000, 0x0000000083000000|100%| O|  |TAMS 0x0000000083000000, 0x0000000082f00000| Untracked 
|  48|0x0000000083000000, 0x0000000083100000, 0x0000000083100000|100%| O|  |TAMS 0x0000000083100000, 0x0000000083000000| Untracked 
|  49|0x0000000083100000, 0x0000000083200000, 0x0000000083200000|100%| O|  |TAMS 0x0000000083200000, 0x0000000083100000| Untracked 
|  50|0x0000000083200000, 0x0000000083300000, 0x0000000083300000|100%| O|  |TAMS 0x0000000083300000, 0x0000000083200000| Untracked 
|  51|0x0000000083300000, 0x0000000083400000, 0x0000000083400000|100%| O|  |TAMS 0x0000000083400000, 0x0000000083300000| Untracked 
|  52|0x0000000083400000, 0x0000000083500000, 0x0000000083500000|100%| O|  |TAMS 0x0000000083500000, 0x0000000083400000| Untracked 
|  53|0x0000000083500000, 0x0000000083600000, 0x0000000083600000|100%| O|  |TAMS 0x0000000083600000, 0x0000000083500000| Untracked 
|  54|0x0000000083600000, 0x0000000083700000, 0x0000000083700000|100%| O|  |TAMS 0x0000000083700000, 0x0000000083600000| Untracked 
|  55|0x0000000083700000, 0x0000000083800000, 0x0000000083800000|100%| O|  |TAMS 0x0000000083800000, 0x0000000083700000| Untracked 
|  56|0x0000000083800000, 0x0000000083900000, 0x0000000083900000|100%| O|  |TAMS 0x0000000083900000, 0x0000000083800000| Untracked 
|  57|0x0000000083900000, 0x0000000083a00000, 0x0000000083a00000|100%|HS|  |TAMS 0x0000000083a00000, 0x0000000083900000| Complete 
|  58|0x0000000083a00000, 0x0000000083b00000, 0x0000000083b00000|100%|HS|  |TAMS 0x0000000083b00000, 0x0000000083a00000| Complete 
|  59|0x0000000083b00000, 0x0000000083c00000, 0x0000000083c00000|100%| O|  |TAMS 0x0000000083c00000, 0x0000000083b00000| Untracked 
|  60|0x0000000083c00000, 0x0000000083d00000, 0x0000000083d00000|100%| O|  |TAMS 0x0000000083d00000, 0x0000000083c00000| Untracked 
|  61|0x0000000083d00000, 0x0000000083e00000, 0x0000000083e00000|100%| O|  |TAMS 0x0000000083e00000, 0x0000000083d00000| Untracked 
|  62|0x0000000083e00000, 0x0000000083f00000, 0x0000000083f00000|100%| O|  |TAMS 0x0000000083f00000, 0x0000000083e00000| Untracked 
|  63|0x0000000083f00000, 0x0000000084000000, 0x0000000084000000|100%| O|  |TAMS 0x0000000084000000, 0x0000000083f00000| Untracked 
|  64|0x0000000084000000, 0x0000000084100000, 0x0000000084100000|100%| O|  |TAMS 0x0000000084100000, 0x0000000084000000| Untracked 
|  65|0x0000000084100000, 0x0000000084200000, 0x0000000084200000|100%| O|  |TAMS 0x0000000084200000, 0x0000000084100000| Untracked 
|  66|0x0000000084200000, 0x0000000084300000, 0x0000000084300000|100%| O|  |TAMS 0x0000000084300000, 0x0000000084200000| Untracked 
|  67|0x0000000084300000, 0x0000000084400000, 0x0000000084400000|100%| O|  |TAMS 0x0000000084400000, 0x0000000084300000| Untracked 
|  68|0x0000000084400000, 0x0000000084500000, 0x0000000084500000|100%| O|  |TAMS 0x0000000084500000, 0x0000000084400000| Untracked 
|  69|0x0000000084500000, 0x0000000084600000, 0x0000000084600000|100%| O|  |TAMS 0x0000000084600000, 0x0000000084500000| Untracked 
|  70|0x0000000084600000, 0x0000000084700000, 0x0000000084700000|100%| O|  |TAMS 0x0000000084700000, 0x0000000084600000| Untracked 
|  71|0x0000000084700000, 0x0000000084751200, 0x0000000084800000| 31%| O|  |TAMS 0x0000000084751200, 0x0000000084700000| Untracked 
|  72|0x0000000084800000, 0x0000000084800000, 0x0000000084900000|  0%| F|  |TAMS 0x0000000084800000, 0x0000000084800000| Untracked 
|  73|0x0000000084900000, 0x0000000084900000, 0x0000000084a00000|  0%| F|  |TAMS 0x0000000084900000, 0x0000000084900000| Untracked 
|  74|0x0000000084a00000, 0x0000000084a00000, 0x0000000084b00000|  0%| F|  |TAMS 0x0000000084a00000, 0x0000000084a00000| Untracked 
|  75|0x0000000084b00000, 0x0000000084c00000, 0x0000000084c00000|100%| O|  |TAMS 0x0000000084c00000, 0x0000000084b00000| Untracked 
|  76|0x0000000084c00000, 0x0000000084d00000, 0x0000000084d00000|100%| O|  |TAMS 0x0000000084d00000, 0x0000000084c00000| Untracked 
|  77|0x0000000084d00000, 0x0000000084d00000, 0x0000000084e00000|  0%| F|  |TAMS 0x0000000084d00000, 0x0000000084d00000| Untracked 
|  78|0x0000000084e00000, 0x0000000084e00000, 0x0000000084f00000|  0%| F|  |TAMS 0x0000000084e00000, 0x0000000084e00000| Untracked 
|  79|0x0000000084f00000, 0x0000000084f00000, 0x0000000085000000|  0%| F|  |TAMS 0x0000000084f00000, 0x0000000084f00000| Untracked 
|  80|0x0000000085000000, 0x0000000085000000, 0x0000000085100000|  0%| F|  |TAMS 0x0000000085000000, 0x0000000085000000| Untracked 
|  81|0x0000000085100000, 0x0000000085100000, 0x0000000085200000|  0%| F|  |TAMS 0x0000000085100000, 0x0000000085100000| Untracked 
|  82|0x0000000085200000, 0x0000000085200000, 0x0000000085300000|  0%| F|  |TAMS 0x0000000085200000, 0x0000000085200000| Untracked 
|  83|0x0000000085300000, 0x0000000085300000, 0x0000000085400000|  0%| F|  |TAMS 0x0000000085300000, 0x0000000085300000| Untracked 
|  84|0x0000000085400000, 0x0000000085400000, 0x0000000085500000|  0%| F|  |TAMS 0x0000000085400000, 0x0000000085400000| Untracked 
|  85|0x0000000085500000, 0x0000000085500000, 0x0000000085600000|  0%| F|  |TAMS 0x0000000085500000, 0x0000000085500000| Untracked 
|  86|0x0000000085600000, 0x0000000085600000, 0x0000000085700000|  0%| F|  |TAMS 0x0000000085600000, 0x0000000085600000| Untracked 
|  87|0x0000000085700000, 0x0000000085700000, 0x0000000085800000|  0%| F|  |TAMS 0x0000000085700000, 0x0000000085700000| Untracked 
|  88|0x0000000085800000, 0x0000000085800000, 0x0000000085900000|  0%| F|  |TAMS 0x0000000085800000, 0x0000000085800000| Untracked 
|  89|0x0000000085900000, 0x0000000085900000, 0x0000000085a00000|  0%| F|  |TAMS 0x0000000085900000, 0x0000000085900000| Untracked 
|  90|0x0000000085a00000, 0x0000000085a00000, 0x0000000085b00000|  0%| F|  |TAMS 0x0000000085a00000, 0x0000000085a00000| Untracked 
|  91|0x0000000085b00000, 0x0000000085b00000, 0x0000000085c00000|  0%| F|  |TAMS 0x0000000085b00000, 0x0000000085b00000| Untracked 
|  92|0x0000000085c00000, 0x0000000085c00000, 0x0000000085d00000|  0%| F|  |TAMS 0x0000000085c00000, 0x0000000085c00000| Untracked 
|  93|0x0000000085d00000, 0x0000000085d00000, 0x0000000085e00000|  0%| F|  |TAMS 0x0000000085d00000, 0x0000000085d00000| Untracked 
|  94|0x0000000085e00000, 0x0000000085e00000, 0x0000000085f00000|  0%| F|  |TAMS 0x0000000085e00000, 0x0000000085e00000| Untracked 
|  95|0x0000000085f00000, 0x0000000085f00000, 0x0000000086000000|  0%| F|  |TAMS 0x0000000085f00000, 0x0000000085f00000| Untracked 
|  96|0x0000000086000000, 0x0000000086000000, 0x0000000086100000|  0%| F|  |TAMS 0x0000000086000000, 0x0000000086000000| Untracked 
|  97|0x0000000086100000, 0x0000000086100000, 0x0000000086200000|  0%| F|  |TAMS 0x0000000086100000, 0x0000000086100000| Untracked 
|  98|0x0000000086200000, 0x0000000086200000, 0x0000000086300000|  0%| F|  |TAMS 0x0000000086200000, 0x0000000086200000| Untracked 
|  99|0x0000000086300000, 0x0000000086300000, 0x0000000086400000|  0%| F|  |TAMS 0x0000000086300000, 0x0000000086300000| Untracked 
| 100|0x0000000086400000, 0x0000000086400000, 0x0000000086500000|  0%| F|  |TAMS 0x0000000086400000, 0x0000000086400000| Untracked 
| 101|0x0000000086500000, 0x0000000086500000, 0x0000000086600000|  0%| F|  |TAMS 0x0000000086500000, 0x0000000086500000| Untracked 
| 102|0x0000000086600000, 0x0000000086600000, 0x0000000086700000|  0%| F|  |TAMS 0x0000000086600000, 0x0000000086600000| Untracked 
| 103|0x0000000086700000, 0x0000000086700000, 0x0000000086800000|  0%| F|  |TAMS 0x0000000086700000, 0x0000000086700000| Untracked 
| 104|0x0000000086800000, 0x0000000086800000, 0x0000000086900000|  0%| F|  |TAMS 0x0000000086800000, 0x0000000086800000| Untracked 
| 105|0x0000000086900000, 0x0000000086900000, 0x0000000086a00000|  0%| F|  |TAMS 0x0000000086900000, 0x0000000086900000| Untracked 
| 106|0x0000000086a00000, 0x0000000086a511f8, 0x0000000086b00000| 31%| S|CS|TAMS 0x0000000086a00000, 0x0000000086a00000| Complete 
| 107|0x0000000086b00000, 0x0000000086c00000, 0x0000000086c00000|100%| S|CS|TAMS 0x0000000086b00000, 0x0000000086b00000| Complete 
| 108|0x0000000086c00000, 0x0000000086c00000, 0x0000000086d00000|  0%| F|  |TAMS 0x0000000086c00000, 0x0000000086c00000| Untracked 
| 109|0x0000000086d00000, 0x0000000086e00000, 0x0000000086e00000|100%| S|CS|TAMS 0x0000000086d00000, 0x0000000086d00000| Complete 
| 110|0x0000000086e00000, 0x0000000086f00000, 0x0000000086f00000|100%| S|CS|TAMS 0x0000000086e00000, 0x0000000086e00000| Complete 
| 111|0x0000000086f00000, 0x0000000086f00000, 0x0000000087000000|  0%| F|  |TAMS 0x0000000086f00000, 0x0000000086f00000| Untracked 
| 112|0x0000000087000000, 0x00000000870c0fb0, 0x0000000087100000| 75%| E|  |TAMS 0x0000000087000000, 0x0000000087000000| Complete 
| 113|0x0000000087100000, 0x0000000087200000, 0x0000000087200000|100%| E|CS|TAMS 0x0000000087100000, 0x0000000087100000| Complete 
| 114|0x0000000087200000, 0x0000000087300000, 0x0000000087300000|100%| E|CS|TAMS 0x0000000087200000, 0x0000000087200000| Complete 
| 115|0x0000000087300000, 0x0000000087400000, 0x0000000087400000|100%| E|CS|TAMS 0x0000000087300000, 0x0000000087300000| Complete 
| 116|0x0000000087400000, 0x0000000087500000, 0x0000000087500000|100%| E|CS|TAMS 0x0000000087400000, 0x0000000087400000| Complete 
| 117|0x0000000087500000, 0x0000000087600000, 0x0000000087600000|100%| E|CS|TAMS 0x0000000087500000, 0x0000000087500000| Complete 
| 118|0x0000000087600000, 0x0000000087700000, 0x0000000087700000|100%| E|CS|TAMS 0x0000000087600000, 0x0000000087600000| Complete 
| 119|0x0000000087700000, 0x0000000087800000, 0x0000000087800000|100%| E|CS|TAMS 0x0000000087700000, 0x0000000087700000| Complete 
| 120|0x0000000087800000, 0x0000000087900000, 0x0000000087900000|100%| E|CS|TAMS 0x0000000087800000, 0x0000000087800000| Complete 
| 121|0x0000000087900000, 0x0000000087a00000, 0x0000000087a00000|100%| E|CS|TAMS 0x0000000087900000, 0x0000000087900000| Complete 
| 122|0x0000000087a00000, 0x0000000087b00000, 0x0000000087b00000|100%| E|CS|TAMS 0x0000000087a00000, 0x0000000087a00000| Complete 
| 123|0x0000000087b00000, 0x0000000087c00000, 0x0000000087c00000|100%| E|CS|TAMS 0x0000000087b00000, 0x0000000087b00000| Complete 
| 124|0x0000000087c00000, 0x0000000087d00000, 0x0000000087d00000|100%| E|CS|TAMS 0x0000000087c00000, 0x0000000087c00000| Complete 
| 125|0x0000000087d00000, 0x0000000087e00000, 0x0000000087e00000|100%| E|CS|TAMS 0x0000000087d00000, 0x0000000087d00000| Complete 
| 126|0x0000000087e00000, 0x0000000087f00000, 0x0000000087f00000|100%| E|CS|TAMS 0x0000000087e00000, 0x0000000087e00000| Complete 
| 127|0x0000000087f00000, 0x0000000088000000, 0x0000000088000000|100%| E|CS|TAMS 0x0000000087f00000, 0x0000000087f00000| Complete 
| 128|0x0000000088000000, 0x0000000088100000, 0x0000000088100000|100%| E|CS|TAMS 0x0000000088000000, 0x0000000088000000| Complete 
| 129|0x0000000088100000, 0x0000000088200000, 0x0000000088200000|100%| E|CS|TAMS 0x0000000088100000, 0x0000000088100000| Complete 
| 130|0x0000000088200000, 0x0000000088300000, 0x0000000088300000|100%| E|CS|TAMS 0x0000000088200000, 0x0000000088200000| Complete 
| 131|0x0000000088300000, 0x0000000088400000, 0x0000000088400000|100%| E|CS|TAMS 0x0000000088300000, 0x0000000088300000| Complete 
| 132|0x0000000088400000, 0x0000000088500000, 0x0000000088500000|100%| E|CS|TAMS 0x0000000088400000, 0x0000000088400000| Complete 
| 133|0x0000000088500000, 0x0000000088600000, 0x0000000088600000|100%| E|CS|TAMS 0x0000000088500000, 0x0000000088500000| Complete 
| 134|0x0000000088600000, 0x0000000088700000, 0x0000000088700000|100%| E|CS|TAMS 0x0000000088600000, 0x0000000088600000| Complete 
| 135|0x0000000088700000, 0x0000000088800000, 0x0000000088800000|100%| E|CS|TAMS 0x0000000088700000, 0x0000000088700000| Complete 
| 136|0x0000000088800000, 0x0000000088900000, 0x0000000088900000|100%| E|CS|TAMS 0x0000000088800000, 0x0000000088800000| Complete 
| 137|0x0000000088900000, 0x0000000088a00000, 0x0000000088a00000|100%| E|CS|TAMS 0x0000000088900000, 0x0000000088900000| Complete 
| 138|0x0000000088a00000, 0x0000000088b00000, 0x0000000088b00000|100%| E|CS|TAMS 0x0000000088a00000, 0x0000000088a00000| Complete 
| 139|0x0000000088b00000, 0x0000000088c00000, 0x0000000088c00000|100%| E|CS|TAMS 0x0000000088b00000, 0x0000000088b00000| Complete 

Card table byte_map: [0x000001f253df0000,0x000001f2541f0000] _byte_map_base: 0x000001f2539f0000

Marking Bits (Prev, Next): (CMBitMap*) 0x000001f239af2b90, (CMBitMap*) 0x000001f239af2b58
 Prev Bits: [0x000001f2565f0000, 0x000001f2585f0000)
 Next Bits: [0x000001f2545f0000, 0x000001f2565f0000)

Polling page: 0x000001f239b80000

Metaspace:

Usage:
  Non-class:     74.95 MB capacity,    73.60 MB ( 98%) used,     1.09 MB (  1%) free+waste,   273.00 KB ( <1%) overhead. 
      Class:     11.87 MB capacity,    10.83 MB ( 91%) used,   935.70 KB (  8%) free+waste,   128.88 KB (  1%) overhead. 
       Both:     86.82 MB capacity,    84.43 MB ( 97%) used,     2.00 MB (  2%) free+waste,   401.88 KB ( <1%) overhead. 

Virtual space:
  Non-class space:       76.00 MB reserved,      75.01 MB ( 99%) committed 
      Class space:      504.00 MB reserved,      11.88 MB (  2%) committed 
             Both:      580.00 MB reserved,      86.88 MB ( 15%) committed 

Chunk freelists:
   Non-Class:  56.00 KB
       Class:  5.00 KB
        Both:  61.00 KB

MaxMetaspaceSize: 512.00 MB
CompressedClassSpaceSize: 504.00 MB
Initial GC threshold: 20.80 MB
Current GC threshold: 142.72 MB
CDS: off

CodeHeap 'non-profiled nmethods': size=119168Kb used=5389Kb max_used=5389Kb free=113778Kb
 bounds [0x000001f24b5e0000, 0x000001f24bb30000, 0x000001f252a40000]
CodeHeap 'profiled nmethods': size=119168Kb used=23487Kb max_used=23487Kb free=95680Kb
 bounds [0x000001f244180000, 0x000001f245870000, 0x000001f24b5e0000]
CodeHeap 'non-nmethods': size=7424Kb used=4082Kb max_used=4150Kb free=3341Kb
 bounds [0x000001f243a40000, 0x000001f243ec0000, 0x000001f244180000]
 total_blobs=11278 nmethods=10357 adapters=828
 compilation: enabled
              stopped_count=0, restarted_count=0
 full_count=0

Compilation events (20 events):
Event: 21.878 Thread 0x000001f260ddf000 nmethod 10592 0x000001f245866e10 code [0x000001f245867000, 0x000001f245867758]
Event: 21.878 Thread 0x000001f260ddf000 10597       3       org.gradle.internal.serialize.AbstractDecoder::readNullableString (14 bytes)
Event: 21.878 Thread 0x000001f260ddf000 nmethod 10597 0x000001f245867910 code [0x000001f245867ae0, 0x000001f245867db8]
Event: 21.878 Thread 0x000001f260ddf000 10599       3       org.gradle.internal.time.Time::clock (4 bytes)
Event: 21.878 Thread 0x000001f260ddf000 nmethod 10599 0x000001f245867e90 code [0x000001f245868040, 0x000001f245868138]
Event: 21.878 Thread 0x000001f260ddf000 10600       3       org.gradle.launcher.daemon.server.api.DaemonStateControl$State::values (10 bytes)
Event: 21.879 Thread 0x000001f25b5f5000 nmethod 10594 0x000001f245868210 code [0x000001f2458684e0, 0x000001f245869518]
Event: 21.879 Thread 0x000001f25b5f5000 10601       3       org.gradle.launcher.daemon.registry.DaemonInfo$Serializer::read (77 bytes)
Event: 21.879 Thread 0x000001f260ddf000 nmethod 10600 0x000001f245869b10 code [0x000001f245869ce0, 0x000001f245869f68]
Event: 21.879 Thread 0x000001f260ddf000 10602       3       org.gradle.launcher.daemon.context.DefaultDaemonContext$Serializer::read (6 bytes)
Event: 21.880 Thread 0x000001f260ddf000 nmethod 10602 0x000001f24586a010 code [0x000001f24586a1c0, 0x000001f24586a308]
Event: 21.880 Thread 0x000001f25b5f5000 nmethod 10601 0x000001f24586a390 code [0x000001f24586a600, 0x000001f24586b038]
Event: 21.880 Thread 0x000001f2622c8800 nmethod 10598 0x000001f24586b410 code [0x000001f24586b7a0, 0x000001f24586d008]
Event: 21.881 Thread 0x000001f25b689000 nmethod 10596 0x000001f24586d890 code [0x000001f24586dc40, 0x000001f24586f608]
Event: 21.889 Thread 0x000001f264093800 nmethod 10516 0x000001f24bb0f590 code [0x000001f24bb0fa60, 0x000001f24bb15210]
Event: 21.890 Thread 0x000001f264093800 10560       4       com.sun.beans.TypeResolver::resolve (37 bytes)
Event: 21.920 Thread 0x000001f2619b5800 nmethod 10477 0x000001f24bb17d90 code [0x000001f24bb185c0, 0x000001f24bb1f940]
Event: 21.924 Thread 0x000001f2619b5800 10556       4       java.lang.PublicMethods$MethodList::getMostSpecific (63 bytes)
Event: 21.927 Thread 0x000001f2619b5800 nmethod 10556 0x000001f24bb23090 code [0x000001f24bb23240, 0x000001f24bb233d8]
Event: 21.927 Thread 0x000001f2619b5800 10559       4       java.beans.Introspector::addMethod (196 bytes)

GC Heap History (20 events):
Event: 14.191 GC heap before
{Heap before GC invocations=12 (full 0):
 garbage-first heap   total 143360K, used 98478K [0x0000000080000000, 0x0000000100000000)
  region size 1024K, 60 young (61440K), 7 survivors (7168K)
 Metaspace       used 58434K, capacity 60145K, committed 60296K, reserved 569344K
  class space    used 7541K, capacity 8260K, committed 8320K, reserved 516096K
}
Event: 14.206 GC heap after
{Heap after GC invocations=13 (full 0):
 garbage-first heap   total 143360K, used 47889K [0x0000000080000000, 0x0000000100000000)
  region size 1024K, 7 young (7168K), 7 survivors (7168K)
 Metaspace       used 58434K, capacity 60145K, committed 60296K, reserved 569344K
  class space    used 7541K, capacity 8260K, committed 8320K, reserved 516096K
}
Event: 15.403 GC heap before
{Heap before GC invocations=14 (full 0):
 garbage-first heap   total 143360K, used 107281K [0x0000000080000000, 0x0000000100000000)
  region size 1024K, 65 young (66560K), 7 survivors (7168K)
 Metaspace       used 63304K, capacity 65053K, committed 65288K, reserved 573440K
  class space    used 8183K, capacity 8914K, committed 8960K, reserved 516096K
}
Event: 15.410 GC heap after
{Heap after GC invocations=15 (full 0):
 garbage-first heap   total 143360K, used 50174K [0x0000000080000000, 0x0000000100000000)
  region size 1024K, 5 young (5120K), 5 survivors (5120K)
 Metaspace       used 63304K, capacity 65053K, committed 65288K, reserved 573440K
  class space    used 8183K, capacity 8914K, committed 8960K, reserved 516096K
}
Event: 16.223 GC heap before
{Heap before GC invocations=15 (full 0):
 garbage-first heap   total 143360K, used 108542K [0x0000000080000000, 0x0000000100000000)
  region size 1024K, 63 young (64512K), 5 survivors (5120K)
 Metaspace       used 66926K, capacity 68880K, committed 69000K, reserved 577536K
  class space    used 8651K, capacity 9496K, committed 9600K, reserved 516096K
}
Event: 16.229 GC heap after
{Heap after GC invocations=16 (full 0):
 garbage-first heap   total 143360K, used 53364K [0x0000000080000000, 0x0000000100000000)
  region size 1024K, 6 young (6144K), 6 survivors (6144K)
 Metaspace       used 66926K, capacity 68880K, committed 69000K, reserved 577536K
  class space    used 8651K, capacity 9496K, committed 9600K, reserved 516096K
}
Event: 17.449 GC heap before
{Heap before GC invocations=16 (full 0):
 garbage-first heap   total 143360K, used 110708K [0x0000000080000000, 0x0000000100000000)
  region size 1024K, 63 young (64512K), 6 survivors (6144K)
 Metaspace       used 70905K, capacity 73112K, committed 73224K, reserved 579584K
  class space    used 9219K, capacity 10136K, committed 10240K, reserved 516096K
}
Event: 17.460 GC heap after
{Heap after GC invocations=17 (full 0):
 garbage-first heap   total 143360K, used 57867K [0x0000000080000000, 0x0000000100000000)
  region size 1024K, 8 young (8192K), 8 survivors (8192K)
 Metaspace       used 70905K, capacity 73112K, committed 73224K, reserved 579584K
  class space    used 9219K, capacity 10136K, committed 10240K, reserved 516096K
}
Event: 18.683 GC heap before
{Heap before GC invocations=17 (full 0):
 garbage-first heap   total 143360K, used 113163K [0x0000000080000000, 0x0000000100000000)
  region size 1024K, 63 young (64512K), 8 survivors (8192K)
 Metaspace       used 74582K, capacity 76879K, committed 76936K, reserved 583680K
  class space    used 9629K, capacity 10577K, committed 10624K, reserved 516096K
}
Event: 18.694 GC heap after
{Heap after GC invocations=18 (full 0):
 garbage-first heap   total 143360K, used 61769K [0x0000000080000000, 0x0000000100000000)
  region size 1024K, 5 young (5120K), 5 survivors (5120K)
 Metaspace       used 74582K, capacity 76879K, committed 76936K, reserved 583680K
  class space    used 9629K, capacity 10577K, committed 10624K, reserved 516096K
}
Event: 19.988 GC heap before
{Heap before GC invocations=18 (full 0):
 garbage-first heap   total 143360K, used 117065K [0x0000000080000000, 0x0000000100000000)
  region size 1024K, 57 young (58368K), 5 survivors (5120K)
 Metaspace       used 81004K, capacity 83470K, committed 83592K, reserved 589824K
  class space    used 10349K, capacity 11360K, committed 11392K, reserved 516096K
}
Event: 19.995 GC heap after
{Heap after GC invocations=19 (full 0):
 garbage-first heap   total 143360K, used 69723K [0x0000000080000000, 0x0000000100000000)
  region size 1024K, 8 young (8192K), 8 survivors (8192K)
 Metaspace       used 81004K, capacity 83470K, committed 83592K, reserved 589824K
  class space    used 10349K, capacity 11360K, committed 11392K, reserved 516096K
}
Event: 20.008 GC heap before
{Heap before GC invocations=19 (full 0):
 garbage-first heap   total 143360K, used 75867K [0x0000000080000000, 0x0000000100000000)
  region size 1024K, 13 young (13312K), 8 survivors (8192K)
 Metaspace       used 81004K, capacity 83470K, committed 83592K, reserved 589824K
  class space    used 10349K, capacity 11360K, committed 11392K, reserved 516096K
}
Event: 20.015 GC heap after
{Heap after GC invocations=20 (full 0):
 garbage-first heap   total 143360K, used 74201K [0x0000000080000000, 0x0000000100000000)
  region size 1024K, 3 young (3072K), 3 survivors (3072K)
 Metaspace       used 81004K, capacity 83470K, committed 83592K, reserved 589824K
  class space    used 10349K, capacity 11360K, committed 11392K, reserved 516096K
}
Event: 20.421 GC heap before
{Heap before GC invocations=21 (full 0):
 garbage-first heap   total 143360K, used 104921K [0x0000000080000000, 0x0000000100000000)
  region size 1024K, 28 young (28672K), 3 survivors (3072K)
 Metaspace       used 82512K, capacity 84934K, committed 85128K, reserved 589824K
  class space    used 10550K, capacity 11544K, committed 11648K, reserved 516096K
}
Event: 20.425 GC heap after
{Heap after GC invocations=22 (full 0):
 garbage-first heap   total 143360K, used 75081K [0x0000000080000000, 0x0000000100000000)
  region size 1024K, 3 young (3072K), 3 survivors (3072K)
 Metaspace       used 82512K, capacity 84934K, committed 85128K, reserved 589824K
  class space    used 10550K, capacity 11544K, committed 11648K, reserved 516096K
}
Event: 20.925 GC heap before
{Heap before GC invocations=22 (full 0):
 garbage-first heap   total 143360K, used 102729K [0x0000000080000000, 0x0000000100000000)
  region size 1024K, 30 young (30720K), 3 survivors (3072K)
 Metaspace       used 84843K, capacity 87313K, committed 87432K, reserved 591872K
  class space    used 10850K, capacity 11842K, committed 11904K, reserved 516096K
}
Event: 20.932 GC heap after
{Heap after GC invocations=23 (full 0):
 garbage-first heap   total 143360K, used 76800K [0x0000000080000000, 0x0000000100000000)
  region size 1024K, 2 young (2048K), 2 survivors (2048K)
 Metaspace       used 84843K, capacity 87313K, committed 87432K, reserved 591872K
  class space    used 10850K, capacity 11842K, committed 11904K, reserved 516096K
}
Event: 21.405 GC heap before
{Heap before GC invocations=24 (full 0):
 garbage-first heap   total 143360K, used 105472K [0x0000000080000000, 0x0000000100000000)
  region size 1024K, 30 young (30720K), 2 survivors (2048K)
 Metaspace       used 86323K, capacity 88868K, committed 88968K, reserved 593920K
  class space    used 11078K, capacity 12122K, committed 12160K, reserved 516096K
}
Event: 21.409 GC heap after
{Heap after GC invocations=25 (full 0):
 garbage-first heap   total 143360K, used 78472K [0x0000000080000000, 0x0000000100000000)
  region size 1024K, 4 young (4096K), 4 survivors (4096K)
 Metaspace       used 86323K, capacity 88868K, committed 88968K, reserved 593920K
  class space    used 11078K, capacity 12122K, committed 12160K, reserved 516096K
}

Deoptimization events (20 events):
Event: 21.198 Thread 0x000001f25e35c800 Uncommon trap: trap_request=0xffffff4d fr.pc=0x000001f24b9e9cdc relative=0x000000000000073c
Event: 21.198 Thread 0x000001f25e35c800 Uncommon trap: reason=unstable_if action=reinterpret pc=0x000001f24b9e9cdc method=org.apache.commons.io.FilenameUtils.doNormalize(Ljava/lang/String;CZ)Ljava/lang/String; @ 226 c2
Event: 21.198 Thread 0x000001f25e35c800 DEOPT PACKING pc=0x000001f24b9e9cdc sp=0x00000014c80f7e10
Event: 21.198 Thread 0x000001f25e35c800 DEOPT UNPACKING pc=0x000001f243a8a1af sp=0x00000014c80f7da8 mode 2
Event: 21.314 Thread 0x000001f25e35c800 Uncommon trap: trap_request=0xffffff4d fr.pc=0x000001f24b8c1f14 relative=0x0000000000000354
Event: 21.314 Thread 0x000001f25e35c800 Uncommon trap: reason=unstable_if action=reinterpret pc=0x000001f24b8c1f14 method=java.util.StringJoiner.add(Ljava/lang/CharSequence;)Ljava/util/StringJoiner; @ 33 c2
Event: 21.314 Thread 0x000001f25e35c800 DEOPT PACKING pc=0x000001f24b8c1f14 sp=0x00000014c80f54c0
Event: 21.314 Thread 0x000001f25e35c800 DEOPT UNPACKING pc=0x000001f243a8a1af sp=0x00000014c80f5470 mode 2
Event: 21.455 Thread 0x000001f25e35c800 Uncommon trap: trap_request=0xfffffff4 fr.pc=0x000001f24baff380 relative=0x0000000000000960
Event: 21.455 Thread 0x000001f25e35c800 Uncommon trap: reason=null_check action=make_not_entrant pc=0x000001f24baff380 method=com.sun.beans.introspect.MethodInfo$MethodOrder.compare(Ljava/lang/reflect/Method;Ljava/lang/reflect/Method;)I @ 133 c2
Event: 21.455 Thread 0x000001f25e35c800 DEOPT PACKING pc=0x000001f24baff380 sp=0x00000014c80f2ff0
Event: 21.455 Thread 0x000001f25e35c800 DEOPT UNPACKING pc=0x000001f243a8a1af sp=0x00000014c80f2f90 mode 2
Event: 21.464 Thread 0x000001f25e35c800 DEOPT PACKING pc=0x000001f245234576 sp=0x00000014c80f2a50
Event: 21.464 Thread 0x000001f25e35c800 DEOPT UNPACKING pc=0x000001f243a8a95e sp=0x00000014c80f1f70 mode 0
Event: 21.532 Thread 0x000001f25e35c800 Uncommon trap: trap_request=0xfffffff4 fr.pc=0x000001f24bb05d1c relative=0x000000000000097c
Event: 21.532 Thread 0x000001f25e35c800 Uncommon trap: reason=null_check action=make_not_entrant pc=0x000001f24bb05d1c method=com.sun.beans.introspect.MethodInfo$MethodOrder.compare(Ljava/lang/reflect/Method;Ljava/lang/reflect/Method;)I @ 145 c2
Event: 21.532 Thread 0x000001f25e35c800 DEOPT PACKING pc=0x000001f24bb05d1c sp=0x00000014c80f1bb0
Event: 21.532 Thread 0x000001f25e35c800 DEOPT UNPACKING pc=0x000001f243a8a1af sp=0x00000014c80f1b50 mode 2
Event: 21.747 Thread 0x000001f25e35c800 DEOPT PACKING pc=0x000001f245803a9d sp=0x00000014c80f94e0
Event: 21.747 Thread 0x000001f25e35c800 DEOPT UNPACKING pc=0x000001f243a8a95e sp=0x00000014c80f8a38 mode 0

Classes redefined (0 events):
No events

Internal exceptions (20 events):
Event: 21.641 Thread 0x000001f25e35c800 Exception <a 'java/lang/ClassNotFoundException'{0x000000008774d678}: com/android/build/gradle/internal/dsl/BuildType$AgpDecorated_DecoratedBeanInfo> (0x000000008774d678) thrown at [s\src\hotspot\share\classfile\systemDictionary.cpp, line 230]
Event: 21.642 Thread 0x000001f25e35c800 Exception <a 'java/lang/ClassNotFoundException'{0x000000008776ac48}: com/android/build/gradle/internal/dsl/BuildType$AgpDecoratedBeanInfo> (0x000000008776ac48) thrown at [s\src\hotspot\share\classfile\systemDictionary.cpp, line 230]
Event: 21.643 Thread 0x000001f25e35c800 Exception <a 'java/lang/ClassNotFoundException'{0x00000000877860a8}: com/android/build/gradle/internal/dsl/BuildTypeBeanInfo> (0x00000000877860a8) thrown at [s\src\hotspot\share\classfile\systemDictionary.cpp, line 230]
Event: 21.644 Thread 0x000001f25e35c800 Exception <a 'java/lang/ClassNotFoundException'{0x00000000877a0590}: com/android/builder/core/AbstractBuildTypeBeanInfo> (0x00000000877a0590) thrown at [s\src\hotspot\share\classfile\systemDictionary.cpp, line 230]
Event: 21.645 Thread 0x000001f25e35c800 Exception <a 'java/lang/ClassNotFoundException'{0x00000000877bb218}: com/android/builder/core/AbstractBuildTypeCustomizer> (0x00000000877bb218) thrown at [s\src\hotspot\share\classfile\systemDictionary.cpp, line 230]
Event: 21.647 Thread 0x000001f25e35c800 Exception <a 'java/lang/ClassNotFoundException'{0x00000000877f2968}: com/android/build/gradle/internal/dsl/BuildTypeCustomizer> (0x00000000877f2968) thrown at [s\src\hotspot\share\classfile\systemDictionary.cpp, line 230]
Event: 21.654 Thread 0x000001f25e35c800 Exception <a 'java/lang/ClassNotFoundException'{0x0000000087688308}: com/android/build/gradle/internal/dsl/BuildType$AgpDecoratedCustomizer> (0x0000000087688308) thrown at [s\src\hotspot\share\classfile\systemDictionary.cpp, line 230]
Event: 21.659 Thread 0x000001f25e35c800 Exception <a 'java/lang/ClassNotFoundException'{0x00000000876e84f8}: com/android/build/gradle/internal/dsl/BuildType$AgpDecorated_DecoratedCustomizer> (0x00000000876e84f8) thrown at [s\src\hotspot\share\classfile\systemDictionary.cpp, line 230]
Event: 21.676 Thread 0x000001f25e35c800 Exception <a 'java/lang/ClassNotFoundException'{0x00000000875da000}: build_2sqe7zsq58att8b9ln4mpk9il$_run_closure2$_closure6BeanInfo> (0x00000000875da000) thrown at [s\src\hotspot\share\classfile\systemDictionary.cpp, line 230]
Event: 21.677 Thread 0x000001f25e35c800 Exception <a 'java/lang/ClassNotFoundException'{0x00000000875ebc30}: build_2sqe7zsq58att8b9ln4mpk9il$_run_closure2$_closure6Customizer> (0x00000000875ebc30) thrown at [s\src\hotspot\share\classfile\systemDictionary.cpp, line 230]
Event: 21.698 Thread 0x000001f25e35c800 Exception <a 'java/lang/ClassNotFoundException'{0x000000008731b878}: org/gradle/api/internal/artifacts/dependencies/DefaultExternalModuleDependency_DecoratedBeanInfo> (0x000000008731b878) thrown at [s\src\hotspot\share\classfile\systemDictionary.cpp, line 230]
Event: 21.702 Thread 0x000001f25e35c800 Exception <a 'java/lang/ClassNotFoundException'{0x000000008736ac20}: org/gradle/api/internal/artifacts/dependencies/DefaultExternalModuleDependencyBeanInfo> (0x000000008736ac20) thrown at [s\src\hotspot\share\classfile\systemDictionary.cpp, line 230]
Event: 21.704 Thread 0x000001f25e35c800 Exception <a 'java/lang/ClassNotFoundException'{0x00000000873ba488}: org/gradle/api/internal/artifacts/dependencies/AbstractExternalModuleDependencyBeanInfo> (0x00000000873ba488) thrown at [s\src\hotspot\share\classfile\systemDictionary.cpp, line 230]
Event: 21.706 Thread 0x000001f25e35c800 Exception <a 'java/lang/ClassNotFoundException'{0x00000000873f6ee0}: org/gradle/api/internal/artifacts/dependencies/AbstractModuleDependencyBeanInfo> (0x00000000873f6ee0) thrown at [s\src\hotspot\share\classfile\systemDictionary.cpp, line 230]
Event: 21.707 Thread 0x000001f25e35c800 Exception <a 'java/lang/ClassNotFoundException'{0x0000000087231330}: org/gradle/api/internal/artifacts/dependencies/AbstractDependencyBeanInfo> (0x0000000087231330) thrown at [s\src\hotspot\share\classfile\systemDictionary.cpp, line 230]
Event: 21.710 Thread 0x000001f25e35c800 Exception <a 'java/lang/ClassNotFoundException'{0x000000008726d570}: org/gradle/api/internal/artifacts/dependencies/AbstractDependencyCustomizer> (0x000000008726d570) thrown at [s\src\hotspot\share\classfile\systemDictionary.cpp, line 230]
Event: 21.713 Thread 0x000001f25e35c800 Exception <a 'java/lang/ClassNotFoundException'{0x00000000872ad848}: org/gradle/api/internal/artifacts/dependencies/AbstractModuleDependencyCustomizer> (0x00000000872ad848) thrown at [s\src\hotspot\share\classfile\systemDictionary.cpp, line 230]
Event: 21.720 Thread 0x000001f25e35c800 Exception <a 'java/lang/ClassNotFoundException'{0x0000000087118a10}: org/gradle/api/internal/artifacts/dependencies/AbstractExternalModuleDependencyCustomizer> (0x0000000087118a10) thrown at [s\src\hotspot\share\classfile\systemDictionary.cpp, line 230]
Event: 21.730 Thread 0x000001f25e35c800 Exception <a 'java/lang/ClassNotFoundException'{0x00000000871777e0}: org/gradle/api/internal/artifacts/dependencies/DefaultExternalModuleDependencyCustomizer> (0x00000000871777e0) thrown at [s\src\hotspot\share\classfile\systemDictionary.cpp, line 230]
Event: 21.736 Thread 0x000001f25e35c800 Exception <a 'java/lang/ClassNotFoundException'{0x00000000871d7108}: org/gradle/api/internal/artifacts/dependencies/DefaultExternalModuleDependency_DecoratedCustomizer> (0x00000000871d7108) thrown at [s\src\hotspot\share\classfile\systemDictionary.cpp, line 230]

Events (20 events):
Event: 21.722 loading class org/gradle/api/internal/artifacts/dependencies/DefaultExternalModuleDependencyCustomizer
Event: 21.722 loading class org/gradle/api/internal/artifacts/dependencies/DefaultExternalModuleDependencyCustomizer done
Event: 21.725 loading class org/gradle/api/internal/artifacts/dependencies/DefaultExternalModuleDependencyCustomizer
Event: 21.725 loading class org/gradle/api/internal/artifacts/dependencies/DefaultExternalModuleDependencyCustomizer done
Event: 21.726 loading class org/gradle/api/internal/artifacts/dependencies/DefaultExternalModuleDependencyCustomizer
Event: 21.726 loading class org/gradle/api/internal/artifacts/dependencies/DefaultExternalModuleDependencyCustomizer done
Event: 21.730 loading class org/gradle/api/internal/artifacts/dependencies/DefaultExternalModuleDependencyCustomizer
Event: 21.730 loading class org/gradle/api/internal/artifacts/dependencies/DefaultExternalModuleDependencyCustomizer done
Event: 21.731 loading class org/gradle/api/internal/artifacts/dependencies/DefaultExternalModuleDependency_DecoratedCustomizer
Event: 21.731 loading class org/gradle/api/internal/artifacts/dependencies/DefaultExternalModuleDependency_DecoratedCustomizer done
Event: 21.733 loading class org/gradle/api/internal/artifacts/dependencies/DefaultExternalModuleDependency_DecoratedCustomizer
Event: 21.733 loading class org/gradle/api/internal/artifacts/dependencies/DefaultExternalModuleDependency_DecoratedCustomizer done
Event: 21.733 loading class org/gradle/api/internal/artifacts/dependencies/DefaultExternalModuleDependency_DecoratedCustomizer
Event: 21.733 loading class org/gradle/api/internal/artifacts/dependencies/DefaultExternalModuleDependency_DecoratedCustomizer done
Event: 21.736 loading class org/gradle/api/internal/artifacts/dependencies/DefaultExternalModuleDependency_DecoratedCustomizer
Event: 21.736 loading class org/gradle/api/internal/artifacts/dependencies/DefaultExternalModuleDependency_DecoratedCustomizer done
Event: 21.739 loading class org/gradle/api/internal/artifacts/DefaultExcludeRule
Event: 21.739 loading class org/gradle/api/internal/artifacts/DefaultExcludeRule done
Event: 21.744 loading class org/codehaus/groovy/runtime/dgm$1301
Event: 21.744 loading class org/codehaus/groovy/runtime/dgm$1301 done


Dynamic libraries:
0x00007ff674520000 - 0x00007ff67452d000 	C:\Program Files\Microsoft\jdk-11.0.20.8-hotspot\bin\java.exe
0x00007ffc9f350000 - 0x00007ffc9f564000 	C:\WINDOWS\SYSTEM32\ntdll.dll
0x00007ffc9e4a0000 - 0x00007ffc9e564000 	C:\WINDOWS\System32\KERNEL32.DLL
0x00007ffc9ca80000 - 0x00007ffc9ce24000 	C:\WINDOWS\System32\KERNELBASE.dll
0x00007ffc9cea0000 - 0x00007ffc9cfb1000 	C:\WINDOWS\System32\ucrtbase.dll
0x00007ffc6fae0000 - 0x00007ffc6faf7000 	C:\Program Files\Microsoft\jdk-11.0.20.8-hotspot\bin\jli.dll
0x00007ffc6f810000 - 0x00007ffc6f825000 	C:\Program Files\Microsoft\jdk-11.0.20.8-hotspot\bin\VCRUNTIME140.dll
0x00007ffc9d740000 - 0x00007ffc9d8ee000 	C:\WINDOWS\System32\USER32.dll
0x00007ffc8bf60000 - 0x00007ffc8c1f3000 	C:\WINDOWS\WinSxS\amd64_microsoft.windows.common-controls_6595b64144ccf1df_6.0.22621.2215_none_270d72677387dfc3\COMCTL32.dll
0x00007ffc9c9b0000 - 0x00007ffc9c9d6000 	C:\WINDOWS\System32\win32u.dll
0x00007ffc9e6d0000 - 0x00007ffc9e777000 	C:\WINDOWS\System32\msvcrt.dll
0x00007ffc9d5a0000 - 0x00007ffc9d5c9000 	C:\WINDOWS\System32\GDI32.dll
0x00007ffc9cfc0000 - 0x00007ffc9d0d8000 	C:\WINDOWS\System32\gdi32full.dll
0x00007ffc9c9e0000 - 0x00007ffc9ca7a000 	C:\WINDOWS\System32\msvcp_win.dll
0x00007ffc9e5a0000 - 0x00007ffc9e5d1000 	C:\WINDOWS\System32\IMM32.DLL
0x00007ffc5fc80000 - 0x00007ffc5fd1b000 	C:\Program Files\Microsoft\jdk-11.0.20.8-hotspot\bin\msvcp140.dll
0x00007ffc0e800000 - 0x00007ffc0f396000 	C:\Program Files\Microsoft\jdk-11.0.20.8-hotspot\bin\server\jvm.dll
0x00007ffc9ea30000 - 0x00007ffc9eae0000 	C:\WINDOWS\System32\ADVAPI32.dll
0x00007ffc9db20000 - 0x00007ffc9dbc6000 	C:\WINDOWS\System32\sechost.dll
0x00007ffc9d480000 - 0x00007ffc9d597000 	C:\WINDOWS\System32\RPCRT4.dll
0x00007ffc9e490000 - 0x00007ffc9e498000 	C:\WINDOWS\System32\PSAPI.DLL
0x00007ffc94a40000 - 0x00007ffc94a49000 	C:\WINDOWS\SYSTEM32\WSOCK32.dll
0x00007ffc956c0000 - 0x00007ffc956ca000 	C:\WINDOWS\SYSTEM32\VERSION.dll
0x00007ffc948c0000 - 0x00007ffc948f4000 	C:\WINDOWS\SYSTEM32\WINMM.dll
0x00007ffc9dbd0000 - 0x00007ffc9dc41000 	C:\WINDOWS\System32\WS2_32.dll
0x00007ffc9b750000 - 0x00007ffc9b768000 	C:\WINDOWS\SYSTEM32\kernel.appcore.dll
0x00007ffc8a7c0000 - 0x00007ffc8a7d0000 	C:\Program Files\Microsoft\jdk-11.0.20.8-hotspot\bin\verify.dll
0x00007ffc94130000 - 0x00007ffc9435e000 	C:\WINDOWS\SYSTEM32\DBGHELP.DLL
0x00007ffc9d0e0000 - 0x00007ffc9d46a000 	C:\WINDOWS\System32\combase.dll
0x00007ffc9e0d0000 - 0x00007ffc9e1a7000 	C:\WINDOWS\System32\OLEAUT32.dll
0x00007ffc93f70000 - 0x00007ffc93fa2000 	C:\WINDOWS\SYSTEM32\dbgcore.DLL
0x00007ffc9c930000 - 0x00007ffc9c9aa000 	C:\WINDOWS\System32\bcryptPrimitives.dll
0x00007ffc6b000000 - 0x00007ffc6b028000 	C:\Program Files\Microsoft\jdk-11.0.20.8-hotspot\bin\java.dll
0x00007ffc867a0000 - 0x00007ffc867aa000 	C:\Program Files\Microsoft\jdk-11.0.20.8-hotspot\bin\jimage.dll
0x00007ffc6afe0000 - 0x00007ffc6aff8000 	C:\Program Files\Microsoft\jdk-11.0.20.8-hotspot\bin\zip.dll
0x00007ffc9eae0000 - 0x00007ffc9f303000 	C:\WINDOWS\System32\SHELL32.dll
0x00007ffc9a690000 - 0x00007ffc9af7a000 	C:\WINDOWS\SYSTEM32\windows.storage.dll
0x00007ffc9a550000 - 0x00007ffc9a68e000 	C:\WINDOWS\SYSTEM32\wintypes.dll
0x00007ffc9e790000 - 0x00007ffc9e883000 	C:\WINDOWS\System32\SHCORE.dll
0x00007ffc9e670000 - 0x00007ffc9e6ce000 	C:\WINDOWS\System32\shlwapi.dll
0x00007ffc9c630000 - 0x00007ffc9c656000 	C:\WINDOWS\SYSTEM32\profapi.dll
0x00007ffc87790000 - 0x00007ffc877a9000 	C:\Program Files\Microsoft\jdk-11.0.20.8-hotspot\bin\net.dll
0x00007ffc97450000 - 0x00007ffc97587000 	C:\WINDOWS\SYSTEM32\WINHTTP.dll
0x00007ffc9bbd0000 - 0x00007ffc9bc39000 	C:\WINDOWS\system32\mswsock.dll
0x00007ffc72310000 - 0x00007ffc72323000 	C:\Program Files\Microsoft\jdk-11.0.20.8-hotspot\bin\nio.dll
0x00007ffc62050000 - 0x00007ffc62077000 	C:\Users\Admin\.gradle\native\68d5fa5c4cc2d200863cafc0d521ce42e7d3e7ee720ec0a83991735586a16f82\windows-amd64\native-platform.dll
0x00007ffc51b10000 - 0x00007ffc51c54000 	C:\Users\Admin\.gradle\native\e376f236ea51e6404a007f0833ffe2c6e607c4080706a723a18a27aeea778392\windows-amd64\native-platform-file-events.dll
0x00007ffc87780000 - 0x00007ffc87789000 	C:\Program Files\Microsoft\jdk-11.0.20.8-hotspot\bin\management.dll
0x00007ffc87750000 - 0x00007ffc8775b000 	C:\Program Files\Microsoft\jdk-11.0.20.8-hotspot\bin\management_ext.dll
0x00007ffc9be30000 - 0x00007ffc9be4b000 	C:\WINDOWS\SYSTEM32\CRYPTSP.dll
0x00007ffc9b6c0000 - 0x00007ffc9b6f5000 	C:\WINDOWS\system32\rsaenh.dll
0x00007ffc9bcc0000 - 0x00007ffc9bcec000 	C:\WINDOWS\SYSTEM32\USERENV.dll
0x00007ffc9bfc0000 - 0x00007ffc9bfe8000 	C:\WINDOWS\SYSTEM32\bcrypt.dll
0x00007ffc9be20000 - 0x00007ffc9be2c000 	C:\WINDOWS\SYSTEM32\CRYPTBASE.dll
0x00007ffc9b1d0000 - 0x00007ffc9b1fd000 	C:\WINDOWS\SYSTEM32\IPHLPAPI.DLL
0x00007ffc9e590000 - 0x00007ffc9e599000 	C:\WINDOWS\System32\NSI.dll
0x00007ffc95b60000 - 0x00007ffc95b79000 	C:\WINDOWS\SYSTEM32\dhcpcsvc6.DLL
0x00007ffc95b40000 - 0x00007ffc95b5f000 	C:\WINDOWS\SYSTEM32\dhcpcsvc.DLL
0x00007ffc9b200000 - 0x00007ffc9b2f2000 	C:\WINDOWS\SYSTEM32\DNSAPI.dll

dbghelp: loaded successfully - version: 4.0.5 - missing functions: none
symbol engine: initialized successfully - sym options: 0x614 - pdb path: .;C:\Program Files\Microsoft\jdk-11.0.20.8-hotspot\bin;C:\WINDOWS\SYSTEM32;C:\WINDOWS\WinSxS\amd64_microsoft.windows.common-controls_6595b64144ccf1df_6.0.22621.2215_none_270d72677387dfc3;C:\Program Files\Microsoft\jdk-11.0.20.8-hotspot\bin\server;C:\Users\Admin\.gradle\native\68d5fa5c4cc2d200863cafc0d521ce42e7d3e7ee720ec0a83991735586a16f82\windows-amd64;C:\Users\Admin\.gradle\native\e376f236ea51e6404a007f0833ffe2c6e607c4080706a723a18a27aeea778392\windows-amd64

VM Arguments:
jvm_args: -XX:MaxMetaspaceSize=512m --add-opens=java.base/java.util=ALL-UNNAMED --add-opens=java.base/java.lang=ALL-UNNAMED --add-opens=java.base/java.lang.invoke=ALL-UNNAMED --add-opens=java.prefs/java.util.prefs=ALL-UNNAMED --add-opens=java.base/java.nio.charset=ALL-UNNAMED --add-opens=java.base/java.net=ALL-UNNAMED --add-opens=java.base/java.util.concurrent.atomic=ALL-UNNAMED -Xmx2048m -Dfile.encoding=windows-1252 -Duser.country=US -Duser.language=en -Duser.variant 
java_command: org.gradle.launcher.daemon.bootstrap.GradleDaemon 8.0.1
java_class_path (initial): C:\Users\Admin\.gradle\wrapper\dists\gradle-8.0.1-all\aro4hu1c3oeioove7l0i4i14o\gradle-8.0.1\lib\gradle-launcher-8.0.1.jar
Launcher Type: SUN_STANDARD

[Global flags]
     intx CICompilerCount                          = 12                                        {product} {ergonomic}
   size_t CompressedClassSpaceSize                 = 528482304                                 {product} {ergonomic}
     uint ConcGCThreads                            = 3                                         {product} {ergonomic}
     uint G1ConcRefinementThreads                  = 13                                        {product} {ergonomic}
   size_t G1HeapRegionSize                         = 1048576                                   {product} {ergonomic}
    uintx GCDrainStackTargetSize                   = 64                                        {product} {ergonomic}
   size_t InitialHeapSize                          = 121634816                                 {product} {ergonomic}
   size_t MarkStackSize                            = 4194304                                   {product} {ergonomic}
   size_t MaxHeapSize                              = 2147483648                                {product} {command line}
   size_t MaxMetaspaceSize                         = 536870912                                 {product} {command line}
   size_t MaxNewSize                               = 1287651328                                {product} {ergonomic}
   size_t MinHeapDeltaBytes                        = 1048576                                   {product} {ergonomic}
    uintx NonNMethodCodeHeapSize                   = 7594288                                {pd product} {ergonomic}
    uintx NonProfiledCodeHeapSize                  = 122031976                              {pd product} {ergonomic}
    uintx ProfiledCodeHeapSize                     = 122031976                              {pd product} {ergonomic}
    uintx ReservedCodeCacheSize                    = 251658240                              {pd product} {ergonomic}
     bool SegmentedCodeCache                       = true                                      {product} {ergonomic}
     bool UseCompressedClassPointers               = true                                 {lp64_product} {ergonomic}
     bool UseCompressedOops                        = true                                 {lp64_product} {ergonomic}
     bool UseG1GC                                  = true                                      {product} {ergonomic}
     bool UseLargePagesIndividualAllocation        = false                                  {pd product} {ergonomic}

Logging:
Log output configuration:
 #0: stdout all=warning uptime,level,tags
 #1: stderr all=off uptime,level,tags

Environment Variables:
JAVA_HOME=C:\Program Files\Microsoft\jdk-11.0.20.8-hotspot\
CLASSPATH=E:\Mobile App\App Mobile Course\thesis\thesisBiomedicalFinal\android\\gradle\wrapper\gradle-wrapper.jar
PATH=E:\Mobile App\App Mobile Course\thesis\thesisBiomedicalFinal\node_modules\.bin;E:\Mobile App\App Mobile Course\thesis\node_modules\.bin;E:\Mobile App\App Mobile Course\node_modules\.bin;E:\Mobile App\node_modules\.bin;E:\node_modules\.bin;C:\Users\Admin\AppData\Roaming\npm\node_modules\npm\node_modules\@npmcli\run-script\lib\node-gyp-bin;C:\Program Files\Microsoft\jdk-11.0.20.8-hotspot\bin;C:\Windows\system32;C:\Windows;C:\Windows\System32\Wbem;C:\Windows\System32\WindowsPowerShell\v1.0\;C:\Windows\System32\OpenSSH\;C:\Program Files (x86)\NVIDIA Corporation\PhysX\Common;C:\Program Files\NVIDIA Corporation\NVIDIA NvDLISR;C:\Program Files\dotnet\;C:\WINDOWS\system32;C:\WINDOWS;C:\WINDOWS\System32\Wbem;C:\WINDOWS\System32\WindowsPowerShell\v1.0\;C:\WINDOWS\System32\OpenSSH\;C:\Program Files\Git\cmd;C:\ProgramData\chocolatey\bin;C:\Program Files\nodejs\;C:\Users\Admin\AppData\Local\Programs\Python\Python310\Scripts\;C:\Users\Admin\AppData\Local\Programs\Python\Python310\;C:\Users\Admin\AppData\Local\Microsoft\WindowsApps;C:\Users\Admin\AppData\Local\Programs\Microsoft VS Code\bin;C:\Users\Admin\.dotnet\tools;C:\flutter\bin;C:\Users\Admin\AppData\Local\GitHubDesktop\bin;C:\Program Files\Android\Android Studio\jbr\bin;C:\Users\Admin\AppData\Roaming\npm;C:\Users\Admin\AppData\Local\Android\Sdk;C:\Users\Admin\AppData\Local\Android\Sdk\platform-tools;
USERNAME=Admin
LANG=en_US.UTF-8
OS=Windows_NT
PROCESSOR_IDENTIFIER=AMD64 Family 25 Model 68 Stepping 1, AuthenticAMD
TMP=C:\Users\Admin\AppData\Local\Temp
TEMP=C:\Users\Admin\AppData\Local\Temp



---------------  S Y S T E M  ---------------

OS: Windows 11 , 64 bit Build 22621 (10.0.22621.2215)
OS uptime: 0 days 0:13 hours

CPU:total 16 (initial active 16) (16 cores per cpu, 2 threads per core) family 25 model 68 stepping 1 microcode 0x0, cmov, cx8, fxsr, mmx, sse, sse2, sse3, ssse3, sse4.1, sse4.2, popcnt, avx, avx2, aes, clmul, mmxext, 3dnowpref, lzcnt, sse4a, ht, tsc, tscinvbit, tscinv, bmi1, bmi2, adx, sha, fma

Memory: 4k page, system-wide physical 7421M (192M free)
TotalPageFile size 19709M (AvailPageFile size 3M)
current process WorkingSet (physical memory assigned to process): 404M, peak: 406M
current process commit charge ("private bytes"): 464M, peak: 466M

vm_info: OpenJDK 64-Bit Server VM (11.0.20+8-LTS) for windows-amd64 JRE (11.0.20+8-LTS), built on Jul  7 2023 17:05:21 by "MicrosoftCorporation" with MS VC++ 15.9 (VS2017)

END.
