#
# There is insufficient memory for the Java Runtime Environment to continue.
# Native memory allocation (malloc) failed to allocate 1014416 bytes for Chunk::new
# Possible reasons:
#   The system is out of physical RAM or swap space
#   The process is running with CompressedOops enabled, and the Java Heap may be blocking the growth of the native heap
# Possible solutions:
#   Reduce memory load on the system
#   Increase physical memory or swap space
#   Check if swap backing store is full
#   Decrease Java heap size (-Xmx/-Xms)
#   Decrease number of Java threads
#   Decrease Java thread stack sizes (-Xss)
#   Set larger code cache with -XX:ReservedCodeCacheSize=
#   JVM is running with Unscaled Compressed Oops mode in which the Java heap is
#     placed in the first 4GB address space. The Java Heap base address is the
#     maximum limit for the native heap growth. Please use -XX:HeapBaseMinAddress
#     to set the Java Heap base and to place the Java Heap above 4GB virtual address.
# This output file may be truncated or incomplete.
#
#  Out of Memory Error (arena.cpp:197), pid=21000, tid=11076
#
# JRE version: OpenJDK Runtime Environment Microsoft-8035250 (11.0.20+8) (build 11.0.20+8-LTS)
# Java VM: OpenJDK 64-Bit Server VM Microsoft-8035250 (11.0.20+8-LTS, mixed mode, tiered, compressed oops, g1 gc, windows-amd64)
# No core dump will be written. Minidumps are not enabled by default on client versions of Windows
#

---------------  S U M M A R Y ------------

Command Line: org.jetbrains.kotlin.cli.jvm.K2JVMCompiler @E:\Mobile App\App Mobile Course\thesis\thesisBiomedicalFinal\node_modules\react-native-webview\android\build\20231007_2390161232633481398.compiler.options

Host: AMD Ryzen 7 6800H with Radeon Graphics         , 16 cores, 7G,  Windows 11 , 64 bit Build 22621 (10.0.22621.2215)
Time: Sat Oct  7 17:10:48 2023 SE Asia Standard Time elapsed time: 12.443970 seconds (0d 0h 0m 12s)

---------------  T H R E A D  ---------------

Current thread (0x000001d38f66f800):  JavaThread "C2 CompilerThread1" daemon [_thread_in_native, id=11076, stack(0x0000003b5df00000,0x0000003b5e000000)]


Current CompileTask:
C2:  12444 8103       4       org.jetbrains.kotlin.com.intellij.lang.impl.PsiBuilderImpl::insertLeaves (88 bytes)

Stack: [0x0000003b5df00000,0x0000003b5e000000]
Native frames: (J=compiled Java code, j=interpreted, Vv=VM code, C=native code)
V  [jvm.dll+0x62e9da]
V  [jvm.dll+0x7bc4e9]
V  [jvm.dll+0x7bdbd8]
V  [jvm.dll+0x7be2b3]
V  [jvm.dll+0x2505a8]
V  [jvm.dll+0xc263c]
V  [jvm.dll+0xc2bfc]
V  [jvm.dll+0x35fd82]
V  [jvm.dll+0x19f009]
V  [jvm.dll+0x2098c5]
V  [jvm.dll+0x20893d]
V  [jvm.dll+0x18a7de]
V  [jvm.dll+0x2181ec]
V  [jvm.dll+0x21642b]
V  [jvm.dll+0x77efc0]
V  [jvm.dll+0x777db4]
V  [jvm.dll+0x62d845]
C  [ucrtbase.dll+0x29363]
C  [KERNEL32.DLL+0x1257d]
C  [ntdll.dll+0x5aa68]


---------------  P R O C E S S  ---------------

Threads class SMR info:
_java_thread_list=0x000001d394299f60, length=14, elements={
0x000001d3ed09d000, 0x000001d3ff79d800, 0x000001d3ff76a000, 0x000001d38f153800,
0x000001d38f155000, 0x000001d38f157000, 0x000001d38f15a000, 0x000001d38f10a800,
0x000001d38f188000, 0x000001d38f228000, 0x000001d38f303000, 0x000001d38f7b1800,
0x000001d38f7a2000, 0x000001d38f66f800
}

Java Threads: ( => current thread )
  0x000001d3ed09d000 JavaThread "main" [_thread_in_native, id=25812, stack(0x0000003b5cd00000,0x0000003b5ce00000)]
  0x000001d3ff79d800 JavaThread "Reference Handler" daemon [_thread_blocked, id=24392, stack(0x0000003b5d400000,0x0000003b5d500000)]
  0x000001d3ff76a000 JavaThread "Finalizer" daemon [_thread_blocked, id=20868, stack(0x0000003b5d500000,0x0000003b5d600000)]
  0x000001d38f153800 JavaThread "Signal Dispatcher" daemon [_thread_blocked, id=24864, stack(0x0000003b5d600000,0x0000003b5d700000)]
  0x000001d38f155000 JavaThread "Attach Listener" daemon [_thread_blocked, id=5580, stack(0x0000003b5d700000,0x0000003b5d800000)]
  0x000001d38f157000 JavaThread "Service Thread" daemon [_thread_blocked, id=14856, stack(0x0000003b5d800000,0x0000003b5d900000)]
  0x000001d38f15a000 JavaThread "C2 CompilerThread0" daemon [_thread_in_native, id=11100, stack(0x0000003b5d900000,0x0000003b5da00000)]
  0x000001d38f10a800 JavaThread "C1 CompilerThread0" daemon [_thread_blocked, id=2532, stack(0x0000003b5da00000,0x0000003b5db00000)]
  0x000001d38f188000 JavaThread "Sweeper thread" daemon [_thread_blocked, id=19580, stack(0x0000003b5db00000,0x0000003b5dc00000)]
  0x000001d38f228000 JavaThread "C1 CompilerThread1" daemon [_thread_blocked, id=22716, stack(0x0000003b5dc00000,0x0000003b5dd00000)]
  0x000001d38f303000 JavaThread "Common-Cleaner" daemon [_thread_blocked, id=16584, stack(0x0000003b5de00000,0x0000003b5df00000)]
  0x000001d38f7b1800 JavaThread "C1 CompilerThread2" daemon [_thread_blocked, id=2336, stack(0x0000003b5e000000,0x0000003b5e100000)]
  0x000001d38f7a2000 JavaThread "C1 CompilerThread3" daemon [_thread_blocked, id=12684, stack(0x0000003b5e100000,0x0000003b5e200000)]
=>0x000001d38f66f800 JavaThread "C2 CompilerThread1" daemon [_thread_in_native, id=11076, stack(0x0000003b5df00000,0x0000003b5e000000)]

Other Threads:
  0x000001d3ff768000 VMThread "VM Thread" [stack: 0x0000003b5d300000,0x0000003b5d400000] [id=20268]
  0x000001d38f2f2800 WatcherThread [stack: 0x0000003b5dd00000,0x0000003b5de00000] [id=9092]
  0x000001d3ef259800 GCTaskThread "GC Thread#0" [stack: 0x0000003b5ce00000,0x0000003b5cf00000] [id=26368]
  0x000001d38f92f000 GCTaskThread "GC Thread#1" [stack: 0x0000003b5e200000,0x0000003b5e300000] [id=20596]
  0x000001d391478000 GCTaskThread "GC Thread#2" [stack: 0x0000003b5e500000,0x0000003b5e600000] [id=9180]
  0x000001d3ef288000 ConcurrentGCThread "G1 Main Marker" [stack: 0x0000003b5cf00000,0x0000003b5d000000] [id=26348]
  0x000001d3ef289800 ConcurrentGCThread "G1 Conc#0" [stack: 0x0000003b5d000000,0x0000003b5d100000] [id=13668]
  0x000001d38fc37800 ConcurrentGCThread "G1 Conc#1" [stack: 0x0000003b5e300000,0x0000003b5e400000] [id=4392]
  0x000001d38f927000 ConcurrentGCThread "G1 Conc#2" [stack: 0x0000003b5e400000,0x0000003b5e500000] [id=21152]
  0x000001d3ff5d2800 ConcurrentGCThread "G1 Refine#0" [stack: 0x0000003b5d100000,0x0000003b5d200000] [id=26616]
  0x000001d3ff5d3800 ConcurrentGCThread "G1 Young RemSet Sampling" [stack: 0x0000003b5d200000,0x0000003b5d300000] [id=25736]

Threads with active compile tasks:
C2 CompilerThread0    12461 8210       4       sun.nio.fs.WindowsPathParser::normalize (233 bytes)
C2 CompilerThread1    12461 8103       4       org.jetbrains.kotlin.com.intellij.lang.impl.PsiBuilderImpl::insertLeaves (88 bytes)

VM state:not at safepoint (normal execution)

VM Mutex/Monitor currently owned by a thread: None

Heap address: 0x000000008c000000, size: 1856 MB, Compressed Oops mode: 32-bit
Narrow klass base: 0x0000000000000000, Narrow klass shift: 3
Compressed class space size: 1073741824 Address: 0x0000000100000000

Heap:
 garbage-first heap   total 153600K, used 65360K [0x000000008c000000, 0x0000000100000000)
  region size 1024K, 36 young (36864K), 10 survivors (10240K)
 Metaspace       used 63158K, capacity 64023K, committed 64076K, reserved 1105920K
  class space    used 7150K, capacity 7503K, committed 7552K, reserved 1048576K
Heap Regions: E=young(eden), S=young(survivor), O=old, HS=humongous(starts), HC=humongous(continues), CS=collection set, F=free, A=archive, TAMS=top-at-mark-start (previous, next)
|   0|0x000000008c000000, 0x000000008c100000, 0x000000008c100000|100%|HS|  |TAMS 0x000000008c100000, 0x000000008c000000| Complete 
|   1|0x000000008c100000, 0x000000008c200000, 0x000000008c200000|100%|HC|  |TAMS 0x000000008c200000, 0x000000008c100000| Complete 
|   2|0x000000008c200000, 0x000000008c300000, 0x000000008c300000|100%|HC|  |TAMS 0x000000008c300000, 0x000000008c200000| Complete 
|   3|0x000000008c300000, 0x000000008c400000, 0x000000008c400000|100%|HS|  |TAMS 0x000000008c400000, 0x000000008c300000| Complete 
|   4|0x000000008c400000, 0x000000008c500000, 0x000000008c500000|100%|HC|  |TAMS 0x000000008c500000, 0x000000008c400000| Complete 
|   5|0x000000008c500000, 0x000000008c600000, 0x000000008c600000|100%|HC|  |TAMS 0x000000008c600000, 0x000000008c500000| Complete 
|   6|0x000000008c600000, 0x000000008c700000, 0x000000008c700000|100%|HS|  |TAMS 0x000000008c700000, 0x000000008c600000| Complete 
|   7|0x000000008c700000, 0x000000008c800000, 0x000000008c800000|100%|HC|  |TAMS 0x000000008c800000, 0x000000008c700000| Complete 
|   8|0x000000008c800000, 0x000000008c900000, 0x000000008c900000|100%| O|  |TAMS 0x000000008c900000, 0x000000008c800000| Untracked 
|   9|0x000000008c900000, 0x000000008ca00000, 0x000000008ca00000|100%| O|  |TAMS 0x000000008ca00000, 0x000000008c900000| Untracked 
|  10|0x000000008ca00000, 0x000000008cb00000, 0x000000008cb00000|100%| O|  |TAMS 0x000000008cb00000, 0x000000008ca00000| Untracked 
|  11|0x000000008cb00000, 0x000000008cc00000, 0x000000008cc00000|100%| O|  |TAMS 0x000000008cc00000, 0x000000008cb00000| Untracked 
|  12|0x000000008cc00000, 0x000000008cd00000, 0x000000008cd00000|100%| O|  |TAMS 0x000000008cd00000, 0x000000008cc00000| Untracked 
|  13|0x000000008cd00000, 0x000000008ce00000, 0x000000008ce00000|100%| O|  |TAMS 0x000000008ce00000, 0x000000008cd00000| Untracked 
|  14|0x000000008ce00000, 0x000000008cf00000, 0x000000008cf00000|100%| O|  |TAMS 0x000000008cf00000, 0x000000008ce00000| Untracked 
|  15|0x000000008cf00000, 0x000000008d000000, 0x000000008d000000|100%| O|  |TAMS 0x000000008d000000, 0x000000008cf00000| Untracked 
|  16|0x000000008d000000, 0x000000008d100000, 0x000000008d100000|100%| O|  |TAMS 0x000000008d100000, 0x000000008d000000| Untracked 
|  17|0x000000008d100000, 0x000000008d200000, 0x000000008d200000|100%| O|  |TAMS 0x000000008d200000, 0x000000008d100000| Untracked 
|  18|0x000000008d200000, 0x000000008d300000, 0x000000008d300000|100%| O|  |TAMS 0x000000008d300000, 0x000000008d200000| Untracked 
|  19|0x000000008d300000, 0x000000008d400000, 0x000000008d400000|100%| O|  |TAMS 0x000000008d400000, 0x000000008d300000| Untracked 
|  20|0x000000008d400000, 0x000000008d500000, 0x000000008d500000|100%| O|  |TAMS 0x000000008d500000, 0x000000008d400000| Untracked 
|  21|0x000000008d500000, 0x000000008d600000, 0x000000008d600000|100%| O|  |TAMS 0x000000008d600000, 0x000000008d500000| Untracked 
|  22|0x000000008d600000, 0x000000008d700000, 0x000000008d700000|100%| O|  |TAMS 0x000000008d700000, 0x000000008d600000| Untracked 
|  23|0x000000008d700000, 0x000000008d800000, 0x000000008d800000|100%| O|  |TAMS 0x000000008d800000, 0x000000008d700000| Untracked 
|  24|0x000000008d800000, 0x000000008d900000, 0x000000008d900000|100%| O|  |TAMS 0x000000008d900000, 0x000000008d800000| Untracked 
|  25|0x000000008d900000, 0x000000008da00000, 0x000000008da00000|100%| O|  |TAMS 0x000000008da00000, 0x000000008d900000| Untracked 
|  26|0x000000008da00000, 0x000000008db00000, 0x000000008db00000|100%| O|  |TAMS 0x000000008db00000, 0x000000008da00000| Untracked 
|  27|0x000000008db00000, 0x000000008dc00000, 0x000000008dc00000|100%| O|  |TAMS 0x000000008dc00000, 0x000000008db00000| Untracked 
|  28|0x000000008dc00000, 0x000000008dcd4200, 0x000000008dd00000| 82%| O|  |TAMS 0x000000008dcd4200, 0x000000008dc00000| Untracked 
|  29|0x000000008dd00000, 0x000000008dd00000, 0x000000008de00000|  0%| F|  |TAMS 0x000000008dd00000, 0x000000008dd00000| Untracked 
|  30|0x000000008de00000, 0x000000008de00000, 0x000000008df00000|  0%| F|  |TAMS 0x000000008de00000, 0x000000008de00000| Untracked 
|  31|0x000000008df00000, 0x000000008df00000, 0x000000008e000000|  0%| F|  |TAMS 0x000000008df00000, 0x000000008df00000| Untracked 
|  32|0x000000008e000000, 0x000000008e000000, 0x000000008e100000|  0%| F|  |TAMS 0x000000008e000000, 0x000000008e000000| Untracked 
|  33|0x000000008e100000, 0x000000008e100000, 0x000000008e200000|  0%| F|  |TAMS 0x000000008e100000, 0x000000008e100000| Untracked 
|  34|0x000000008e200000, 0x000000008e200000, 0x000000008e300000|  0%| F|  |TAMS 0x000000008e200000, 0x000000008e200000| Untracked 
|  35|0x000000008e300000, 0x000000008e300000, 0x000000008e400000|  0%| F|  |TAMS 0x000000008e300000, 0x000000008e300000| Untracked 
|  36|0x000000008e400000, 0x000000008e400000, 0x000000008e500000|  0%| F|  |TAMS 0x000000008e400000, 0x000000008e400000| Untracked 
|  37|0x000000008e500000, 0x000000008e500000, 0x000000008e600000|  0%| F|  |TAMS 0x000000008e500000, 0x000000008e500000| Untracked 
|  38|0x000000008e600000, 0x000000008e600000, 0x000000008e700000|  0%| F|  |TAMS 0x000000008e600000, 0x000000008e600000| Untracked 
|  39|0x000000008e700000, 0x000000008e700000, 0x000000008e800000|  0%| F|  |TAMS 0x000000008e700000, 0x000000008e700000| Untracked 
|  40|0x000000008e800000, 0x000000008e800000, 0x000000008e900000|  0%| F|  |TAMS 0x000000008e800000, 0x000000008e800000| Untracked 
|  41|0x000000008e900000, 0x000000008e900000, 0x000000008ea00000|  0%| F|  |TAMS 0x000000008e900000, 0x000000008e900000| Untracked 
|  42|0x000000008ea00000, 0x000000008ea00000, 0x000000008eb00000|  0%| F|  |TAMS 0x000000008ea00000, 0x000000008ea00000| Untracked 
|  43|0x000000008eb00000, 0x000000008eb00000, 0x000000008ec00000|  0%| F|  |TAMS 0x000000008eb00000, 0x000000008eb00000| Untracked 
|  44|0x000000008ec00000, 0x000000008ec00000, 0x000000008ed00000|  0%| F|  |TAMS 0x000000008ec00000, 0x000000008ec00000| Untracked 
|  45|0x000000008ed00000, 0x000000008ed00000, 0x000000008ee00000|  0%| F|  |TAMS 0x000000008ed00000, 0x000000008ed00000| Untracked 
|  46|0x000000008ee00000, 0x000000008ee00000, 0x000000008ef00000|  0%| F|  |TAMS 0x000000008ee00000, 0x000000008ee00000| Untracked 
|  47|0x000000008ef00000, 0x000000008ef00000, 0x000000008f000000|  0%| F|  |TAMS 0x000000008ef00000, 0x000000008ef00000| Untracked 
|  48|0x000000008f000000, 0x000000008f000000, 0x000000008f100000|  0%| F|  |TAMS 0x000000008f000000, 0x000000008f000000| Untracked 
|  49|0x000000008f100000, 0x000000008f100000, 0x000000008f200000|  0%| F|  |TAMS 0x000000008f100000, 0x000000008f100000| Untracked 
|  50|0x000000008f200000, 0x000000008f200000, 0x000000008f300000|  0%| F|  |TAMS 0x000000008f200000, 0x000000008f200000| Untracked 
|  51|0x000000008f300000, 0x000000008f300000, 0x000000008f400000|  0%| F|  |TAMS 0x000000008f300000, 0x000000008f300000| Untracked 
|  52|0x000000008f400000, 0x000000008f400000, 0x000000008f500000|  0%| F|  |TAMS 0x000000008f400000, 0x000000008f400000| Untracked 
|  53|0x000000008f500000, 0x000000008f500000, 0x000000008f600000|  0%| F|  |TAMS 0x000000008f500000, 0x000000008f500000| Untracked 
|  54|0x000000008f600000, 0x000000008f600000, 0x000000008f700000|  0%| F|  |TAMS 0x000000008f600000, 0x000000008f600000| Untracked 
|  55|0x000000008f700000, 0x000000008f700000, 0x000000008f800000|  0%| F|  |TAMS 0x000000008f700000, 0x000000008f700000| Untracked 
|  56|0x000000008f800000, 0x000000008f800000, 0x000000008f900000|  0%| F|  |TAMS 0x000000008f800000, 0x000000008f800000| Untracked 
|  57|0x000000008f900000, 0x000000008f900000, 0x000000008fa00000|  0%| F|  |TAMS 0x000000008f900000, 0x000000008f900000| Untracked 
|  58|0x000000008fa00000, 0x000000008fa00000, 0x000000008fb00000|  0%| F|  |TAMS 0x000000008fa00000, 0x000000008fa00000| Untracked 
|  59|0x000000008fb00000, 0x000000008fb00000, 0x000000008fc00000|  0%| F|  |TAMS 0x000000008fb00000, 0x000000008fb00000| Untracked 
|  60|0x000000008fc00000, 0x000000008fd00000, 0x000000008fd00000|100%| S|CS|TAMS 0x000000008fc00000, 0x000000008fc00000| Complete 
|  61|0x000000008fd00000, 0x000000008fe00000, 0x000000008fe00000|100%| S|CS|TAMS 0x000000008fd00000, 0x000000008fd00000| Complete 
|  62|0x000000008fe00000, 0x000000008ff00000, 0x000000008ff00000|100%| S|CS|TAMS 0x000000008fe00000, 0x000000008fe00000| Complete 
|  63|0x000000008ff00000, 0x0000000090000000, 0x0000000090000000|100%| S|CS|TAMS 0x000000008ff00000, 0x000000008ff00000| Complete 
|  64|0x0000000090000000, 0x0000000090100000, 0x0000000090100000|100%| S|CS|TAMS 0x0000000090000000, 0x0000000090000000| Complete 
|  65|0x0000000090100000, 0x0000000090200000, 0x0000000090200000|100%| S|CS|TAMS 0x0000000090100000, 0x0000000090100000| Complete 
|  66|0x0000000090200000, 0x0000000090300000, 0x0000000090300000|100%| S|CS|TAMS 0x0000000090200000, 0x0000000090200000| Complete 
|  67|0x0000000090300000, 0x0000000090400000, 0x0000000090400000|100%| S|CS|TAMS 0x0000000090300000, 0x0000000090300000| Complete 
|  68|0x0000000090400000, 0x0000000090500000, 0x0000000090500000|100%| S|CS|TAMS 0x0000000090400000, 0x0000000090400000| Complete 
|  69|0x0000000090500000, 0x0000000090600000, 0x0000000090600000|100%| S|CS|TAMS 0x0000000090500000, 0x0000000090500000| Complete 
|  70|0x0000000090600000, 0x0000000090600000, 0x0000000090700000|  0%| F|  |TAMS 0x0000000090600000, 0x0000000090600000| Untracked 
|  71|0x0000000090700000, 0x0000000090700000, 0x0000000090800000|  0%| F|  |TAMS 0x0000000090700000, 0x0000000090700000| Untracked 
|  72|0x0000000090800000, 0x0000000090800000, 0x0000000090900000|  0%| F|  |TAMS 0x0000000090800000, 0x0000000090800000| Untracked 
|  73|0x0000000090900000, 0x0000000090900000, 0x0000000090a00000|  0%| F|  |TAMS 0x0000000090900000, 0x0000000090900000| Untracked 
|  74|0x0000000090a00000, 0x0000000090a00000, 0x0000000090b00000|  0%| F|  |TAMS 0x0000000090a00000, 0x0000000090a00000| Untracked 
|  75|0x0000000090b00000, 0x0000000090b00000, 0x0000000090c00000|  0%| F|  |TAMS 0x0000000090b00000, 0x0000000090b00000| Untracked 
|  76|0x0000000090c00000, 0x0000000090c00000, 0x0000000090d00000|  0%| F|  |TAMS 0x0000000090c00000, 0x0000000090c00000| Untracked 
|  77|0x0000000090d00000, 0x0000000090d00000, 0x0000000090e00000|  0%| F|  |TAMS 0x0000000090d00000, 0x0000000090d00000| Untracked 
|  78|0x0000000090e00000, 0x0000000090e00000, 0x0000000090f00000|  0%| F|  |TAMS 0x0000000090e00000, 0x0000000090e00000| Untracked 
|  79|0x0000000090f00000, 0x0000000090f00000, 0x0000000091000000|  0%| F|  |TAMS 0x0000000090f00000, 0x0000000090f00000| Untracked 
|  80|0x0000000091000000, 0x0000000091000000, 0x0000000091100000|  0%| F|  |TAMS 0x0000000091000000, 0x0000000091000000| Untracked 
|  81|0x0000000091100000, 0x0000000091100000, 0x0000000091200000|  0%| F|  |TAMS 0x0000000091100000, 0x0000000091100000| Untracked 
|  82|0x0000000091200000, 0x0000000091200000, 0x0000000091300000|  0%| F|  |TAMS 0x0000000091200000, 0x0000000091200000| Untracked 
|  83|0x0000000091300000, 0x0000000091300000, 0x0000000091400000|  0%| F|  |TAMS 0x0000000091300000, 0x0000000091300000| Untracked 
|  84|0x0000000091400000, 0x0000000091400000, 0x0000000091500000|  0%| F|  |TAMS 0x0000000091400000, 0x0000000091400000| Untracked 
|  85|0x0000000091500000, 0x0000000091500000, 0x0000000091600000|  0%| F|  |TAMS 0x0000000091500000, 0x0000000091500000| Untracked 
|  86|0x0000000091600000, 0x0000000091600000, 0x0000000091700000|  0%| F|  |TAMS 0x0000000091600000, 0x0000000091600000| Untracked 
|  87|0x0000000091700000, 0x0000000091700000, 0x0000000091800000|  0%| F|  |TAMS 0x0000000091700000, 0x0000000091700000| Untracked 
|  88|0x0000000091800000, 0x0000000091800000, 0x0000000091900000|  0%| F|  |TAMS 0x0000000091800000, 0x0000000091800000| Untracked 
|  89|0x0000000091900000, 0x0000000091900000, 0x0000000091a00000|  0%| F|  |TAMS 0x0000000091900000, 0x0000000091900000| Untracked 
|  90|0x0000000091a00000, 0x0000000091a00000, 0x0000000091b00000|  0%| F|  |TAMS 0x0000000091a00000, 0x0000000091a00000| Untracked 
|  91|0x0000000091b00000, 0x0000000091b00000, 0x0000000091c00000|  0%| F|  |TAMS 0x0000000091b00000, 0x0000000091b00000| Untracked 
|  92|0x0000000091c00000, 0x0000000091c00000, 0x0000000091d00000|  0%| F|  |TAMS 0x0000000091c00000, 0x0000000091c00000| Untracked 
|  93|0x0000000091d00000, 0x0000000091d00000, 0x0000000091e00000|  0%| F|  |TAMS 0x0000000091d00000, 0x0000000091d00000| Untracked 
|  94|0x0000000091e00000, 0x0000000091e00000, 0x0000000091f00000|  0%| F|  |TAMS 0x0000000091e00000, 0x0000000091e00000| Untracked 
|  95|0x0000000091f00000, 0x0000000091f00000, 0x0000000092000000|  0%| F|  |TAMS 0x0000000091f00000, 0x0000000091f00000| Untracked 
|  96|0x0000000092000000, 0x0000000092000000, 0x0000000092100000|  0%| F|  |TAMS 0x0000000092000000, 0x0000000092000000| Untracked 
|  97|0x0000000092100000, 0x0000000092100000, 0x0000000092200000|  0%| F|  |TAMS 0x0000000092100000, 0x0000000092100000| Untracked 
|  98|0x0000000092200000, 0x0000000092200000, 0x0000000092300000|  0%| F|  |TAMS 0x0000000092200000, 0x0000000092200000| Untracked 
|  99|0x0000000092300000, 0x0000000092300000, 0x0000000092400000|  0%| F|  |TAMS 0x0000000092300000, 0x0000000092300000| Untracked 
| 100|0x0000000092400000, 0x0000000092400000, 0x0000000092500000|  0%| F|  |TAMS 0x0000000092400000, 0x0000000092400000| Untracked 
| 101|0x0000000092500000, 0x0000000092500000, 0x0000000092600000|  0%| F|  |TAMS 0x0000000092500000, 0x0000000092500000| Untracked 
| 102|0x0000000092600000, 0x0000000092600000, 0x0000000092700000|  0%| F|  |TAMS 0x0000000092600000, 0x0000000092600000| Untracked 
| 103|0x0000000092700000, 0x0000000092700000, 0x0000000092800000|  0%| F|  |TAMS 0x0000000092700000, 0x0000000092700000| Untracked 
| 104|0x0000000092800000, 0x0000000092800000, 0x0000000092900000|  0%| F|  |TAMS 0x0000000092800000, 0x0000000092800000| Untracked 
| 105|0x0000000092900000, 0x0000000092900000, 0x0000000092a00000|  0%| F|  |TAMS 0x0000000092900000, 0x0000000092900000| Untracked 
| 106|0x0000000092a00000, 0x0000000092a00000, 0x0000000092b00000|  0%| F|  |TAMS 0x0000000092a00000, 0x0000000092a00000| Untracked 
| 107|0x0000000092b00000, 0x0000000092b00000, 0x0000000092c00000|  0%| F|  |TAMS 0x0000000092b00000, 0x0000000092b00000| Untracked 
| 108|0x0000000092c00000, 0x0000000092c00000, 0x0000000092d00000|  0%| F|  |TAMS 0x0000000092c00000, 0x0000000092c00000| Untracked 
| 109|0x0000000092d00000, 0x0000000092d00000, 0x0000000092e00000|  0%| F|  |TAMS 0x0000000092d00000, 0x0000000092d00000| Untracked 
| 110|0x0000000092e00000, 0x0000000092e00000, 0x0000000092f00000|  0%| F|  |TAMS 0x0000000092e00000, 0x0000000092e00000| Untracked 
| 111|0x0000000092f00000, 0x0000000092f00000, 0x0000000093000000|  0%| F|  |TAMS 0x0000000092f00000, 0x0000000092f00000| Untracked 
| 112|0x0000000093000000, 0x0000000093000000, 0x0000000093100000|  0%| F|  |TAMS 0x0000000093000000, 0x0000000093000000| Untracked 
| 113|0x0000000093100000, 0x0000000093100000, 0x0000000093200000|  0%| F|  |TAMS 0x0000000093100000, 0x0000000093100000| Untracked 
| 114|0x0000000093200000, 0x0000000093200000, 0x0000000093300000|  0%| F|  |TAMS 0x0000000093200000, 0x0000000093200000| Untracked 
| 115|0x0000000093300000, 0x0000000093300000, 0x0000000093400000|  0%| F|  |TAMS 0x0000000093300000, 0x0000000093300000| Untracked 
| 116|0x0000000093400000, 0x0000000093400000, 0x0000000093500000|  0%| F|  |TAMS 0x0000000093400000, 0x0000000093400000| Untracked 
| 117|0x0000000093500000, 0x0000000093500000, 0x0000000093600000|  0%| F|  |TAMS 0x0000000093500000, 0x0000000093500000| Untracked 
| 118|0x0000000093600000, 0x0000000093600000, 0x0000000093700000|  0%| F|  |TAMS 0x0000000093600000, 0x0000000093600000| Untracked 
| 119|0x0000000093700000, 0x0000000093700000, 0x0000000093800000|  0%| F|  |TAMS 0x0000000093700000, 0x0000000093700000| Untracked 
| 120|0x0000000093800000, 0x0000000093800000, 0x0000000093900000|  0%| F|  |TAMS 0x0000000093800000, 0x0000000093800000| Untracked 
| 121|0x0000000093900000, 0x0000000093900000, 0x0000000093a00000|  0%| F|  |TAMS 0x0000000093900000, 0x0000000093900000| Untracked 
| 122|0x0000000093a00000, 0x0000000093a00000, 0x0000000093b00000|  0%| F|  |TAMS 0x0000000093a00000, 0x0000000093a00000| Untracked 
| 123|0x0000000093b00000, 0x0000000093b00000, 0x0000000093c00000|  0%| F|  |TAMS 0x0000000093b00000, 0x0000000093b00000| Untracked 
| 124|0x0000000093c00000, 0x0000000093d00000, 0x0000000093d00000|100%| E|  |TAMS 0x0000000093c00000, 0x0000000093c00000| Complete 
| 125|0x0000000093d00000, 0x0000000093e00000, 0x0000000093e00000|100%| E|CS|TAMS 0x0000000093d00000, 0x0000000093d00000| Complete 
| 126|0x0000000093e00000, 0x0000000093f00000, 0x0000000093f00000|100%| E|CS|TAMS 0x0000000093e00000, 0x0000000093e00000| Complete 
| 127|0x0000000093f00000, 0x0000000094000000, 0x0000000094000000|100%| E|CS|TAMS 0x0000000093f00000, 0x0000000093f00000| Complete 
| 128|0x0000000094000000, 0x0000000094100000, 0x0000000094100000|100%| E|CS|TAMS 0x0000000094000000, 0x0000000094000000| Complete 
| 129|0x0000000094100000, 0x0000000094200000, 0x0000000094200000|100%| E|CS|TAMS 0x0000000094100000, 0x0000000094100000| Complete 
| 130|0x0000000094200000, 0x0000000094300000, 0x0000000094300000|100%| E|CS|TAMS 0x0000000094200000, 0x0000000094200000| Complete 
| 131|0x0000000094300000, 0x0000000094400000, 0x0000000094400000|100%| E|CS|TAMS 0x0000000094300000, 0x0000000094300000| Complete 
| 132|0x0000000094400000, 0x0000000094500000, 0x0000000094500000|100%| E|CS|TAMS 0x0000000094400000, 0x0000000094400000| Complete 
| 133|0x0000000094500000, 0x0000000094600000, 0x0000000094600000|100%| E|CS|TAMS 0x0000000094500000, 0x0000000094500000| Complete 
| 134|0x0000000094600000, 0x0000000094700000, 0x0000000094700000|100%| E|CS|TAMS 0x0000000094600000, 0x0000000094600000| Complete 
| 135|0x0000000094700000, 0x0000000094800000, 0x0000000094800000|100%| E|CS|TAMS 0x0000000094700000, 0x0000000094700000| Complete 
| 136|0x0000000094800000, 0x0000000094900000, 0x0000000094900000|100%| E|CS|TAMS 0x0000000094800000, 0x0000000094800000| Complete 
| 137|0x0000000094900000, 0x0000000094a00000, 0x0000000094a00000|100%| E|CS|TAMS 0x0000000094900000, 0x0000000094900000| Complete 
| 138|0x0000000094a00000, 0x0000000094b00000, 0x0000000094b00000|100%| E|CS|TAMS 0x0000000094a00000, 0x0000000094a00000| Complete 
| 139|0x0000000094b00000, 0x0000000094c00000, 0x0000000094c00000|100%| E|CS|TAMS 0x0000000094b00000, 0x0000000094b00000| Complete 
| 140|0x0000000094c00000, 0x0000000094d00000, 0x0000000094d00000|100%| E|CS|TAMS 0x0000000094c00000, 0x0000000094c00000| Complete 
| 141|0x0000000094d00000, 0x0000000094e00000, 0x0000000094e00000|100%| E|CS|TAMS 0x0000000094d00000, 0x0000000094d00000| Complete 
| 142|0x0000000094e00000, 0x0000000094f00000, 0x0000000094f00000|100%| E|CS|TAMS 0x0000000094e00000, 0x0000000094e00000| Complete 
| 143|0x0000000094f00000, 0x0000000095000000, 0x0000000095000000|100%| E|CS|TAMS 0x0000000094f00000, 0x0000000094f00000| Complete 
| 144|0x0000000095000000, 0x0000000095100000, 0x0000000095100000|100%| E|CS|TAMS 0x0000000095000000, 0x0000000095000000| Complete 
| 145|0x0000000095100000, 0x0000000095200000, 0x0000000095200000|100%| E|CS|TAMS 0x0000000095100000, 0x0000000095100000| Complete 
| 146|0x0000000095200000, 0x0000000095300000, 0x0000000095300000|100%| E|CS|TAMS 0x0000000095200000, 0x0000000095200000| Complete 
| 147|0x0000000095300000, 0x0000000095400000, 0x0000000095400000|100%| E|CS|TAMS 0x0000000095300000, 0x0000000095300000| Complete 
| 148|0x0000000095400000, 0x0000000095500000, 0x0000000095500000|100%| E|CS|TAMS 0x0000000095400000, 0x0000000095400000| Complete 
| 149|0x0000000095500000, 0x0000000095600000, 0x0000000095600000|100%| E|CS|TAMS 0x0000000095500000, 0x0000000095500000| Complete 

Card table byte_map: [0x000001d3f85d0000,0x000001d3f8970000] _byte_map_base: 0x000001d3f8170000

Marking Bits (Prev, Next): (CMBitMap*) 0x000001d3ef27fe60, (CMBitMap*) 0x000001d3ef27fe28
 Prev Bits: [0x000001d3faa10000, 0x000001d3fc710000)
 Next Bits: [0x000001d3f8d10000, 0x000001d3faa10000)

Polling page: 0x000001d3eea10000

Metaspace:

Usage:
  Non-class:     55.20 MB capacity,    54.70 MB (>99%) used,   388.54 KB ( <1%) free+waste,   115.38 KB ( <1%) overhead. 
      Class:      7.33 MB capacity,     6.98 MB ( 95%) used,   299.52 KB (  4%) free+waste,    50.94 KB ( <1%) overhead. 
       Both:     62.52 MB capacity,    61.69 MB ( 99%) used,   688.06 KB (  1%) free+waste,   166.31 KB ( <1%) overhead. 

Virtual space:
  Non-class space:       56.00 MB reserved,      55.20 MB ( 99%) committed 
      Class space:        1.00 GB reserved,       7.38 MB ( <1%) committed 
             Both:        1.05 GB reserved,      62.57 MB (  6%) committed 

Chunk freelists:
   Non-Class:  4.00 KB
       Class:  17.00 KB
        Both:  21.00 KB

MaxMetaspaceSize: 17179869184.00 GB
CompressedClassSpaceSize: 1.00 GB
Initial GC threshold: 20.80 MB
Current GC threshold: 98.67 MB
CDS: off

CodeHeap 'non-profiled nmethods': size=119168Kb used=2924Kb max_used=2924Kb free=116243Kb
 bounds [0x000001d387ba0000, 0x000001d387e80000, 0x000001d38f000000]
CodeHeap 'profiled nmethods': size=119168Kb used=22558Kb max_used=22558Kb free=96609Kb
 bounds [0x000001d380740000, 0x000001d381d50000, 0x000001d387ba0000]
CodeHeap 'non-nmethods': size=7424Kb used=2986Kb max_used=3058Kb free=4437Kb
 bounds [0x000001d380000000, 0x000001d380310000, 0x000001d380740000]
 total_blobs=8794 nmethods=8207 adapters=494
 compilation: enabled
              stopped_count=0, restarted_count=0
 full_count=0

Compilation events (20 events):
Event: 12.411 Thread 0x000001d38f228000 8417       3       org.jetbrains.kotlin.serialization.deserialization.ClassDeserializer::access$getBLACK_LIST$cp (4 bytes)
Event: 12.411 Thread 0x000001d38f10a800 nmethod 8416 0x000001d381d2d110 code [0x000001d381d2d2c0, 0x000001d381d2d418]
Event: 12.411 Thread 0x000001d38f228000 nmethod 8417 0x000001d381d2d510 code [0x000001d381d2d6c0, 0x000001d381d2d7b8]
Event: 12.420 Thread 0x000001d38f7b1800 8419       1       org.jetbrains.kotlin.serialization.deserialization.TypeDeserializer::access$getC$p (5 bytes)
Event: 12.420 Thread 0x000001d38f7a2000 8420       3       org.jetbrains.kotlin.storage.LockBasedStorageManager$LockBasedNotNullLazyValue::invoke (35 bytes)
Event: 12.420 Thread 0x000001d38f10a800 8421       1       org.jetbrains.kotlin.metadata.ProtoBuf$Type::getFlags (5 bytes)
Event: 12.421 Thread 0x000001d38f7b1800 nmethod 8419 0x000001d387e79710 code [0x000001d387e798c0, 0x000001d387e79958]
Event: 12.421 Thread 0x000001d38f10a800 nmethod 8421 0x000001d387e79a10 code [0x000001d387e79bc0, 0x000001d387e79c78]
Event: 12.421 Thread 0x000001d38f7a2000 nmethod 8420 0x000001d381d2d890 code [0x000001d381d2da60, 0x000001d381d2dc18]
Event: 12.425 Thread 0x000001d38f228000 8422       3       org.jetbrains.kotlin.descriptors.impl.FunctionDescriptorImpl::getOverriddenDescriptors (31 bytes)
Event: 12.426 Thread 0x000001d38f228000 nmethod 8422 0x000001d381d2dd10 code [0x000001d381d2df00, 0x000001d381d2e458]
Event: 12.427 Thread 0x000001d38f10a800 8423       3       org.jetbrains.kotlin.resolve.jvm.JvmClassName::byClassId (87 bytes)
Event: 12.429 Thread 0x000001d38f10a800 nmethod 8423 0x000001d381d2e590 code [0x000001d381d2e920, 0x000001d381d2fd28]
Event: 12.440 Thread 0x000001d38f7b1800 8424       1       org.jetbrains.kotlin.resolve.calls.tower.MemberScopeTowerLevel::getDispatchReceiver (5 bytes)
Event: 12.440 Thread 0x000001d38f7b1800 nmethod 8424 0x000001d387e79d10 code [0x000001d387e79ec0, 0x000001d387e79f78]
Event: 12.440 Thread 0x000001d38f7a2000 8425       3       org.jetbrains.kotlin.resolve.calls.tower.PSICallResolver$ASTScopeTower::getImplicitReceiver (100 bytes)
Event: 12.440 Thread 0x000001d38f228000 8426       3       kotlin.Pair::hashCode (45 bytes)
Event: 12.441 Thread 0x000001d38f228000 nmethod 8426 0x000001d381d30510 code [0x000001d381d306e0, 0x000001d381d30a38]
Event: 12.441 Thread 0x000001d38f7a2000 nmethod 8425 0x000001d381d30b90 code [0x000001d381d30e20, 0x000001d381d31918]
Event: 12.442 Thread 0x000001d38f10a800 8427       3       org.jetbrains.kotlin.serialization.deserialization.descriptors.DeserializedMemberScope::getContributedClassifier (63 bytes)

GC Heap History (14 events):
Event: 1.040 GC heap before
{Heap before GC invocations=0 (full 0):
 garbage-first heap   total 118784K, used 27648K [0x000000008c000000, 0x0000000100000000)
  region size 1024K, 24 young (24576K), 0 survivors (0K)
 Metaspace       used 12357K, capacity 12469K, committed 12800K, reserved 1060864K
  class space    used 1141K, capacity 1174K, committed 1280K, reserved 1048576K
}
Event: 1.049 GC heap after
{Heap after GC invocations=1 (full 0):
 garbage-first heap   total 118784K, used 5808K [0x000000008c000000, 0x0000000100000000)
  region size 1024K, 3 young (3072K), 3 survivors (3072K)
 Metaspace       used 12357K, capacity 12469K, committed 12800K, reserved 1060864K
  class space    used 1141K, capacity 1174K, committed 1280K, reserved 1048576K
}
Event: 2.248 GC heap before
{Heap before GC invocations=1 (full 0):
 garbage-first heap   total 118784K, used 41648K [0x000000008c000000, 0x0000000100000000)
  region size 1024K, 39 young (39936K), 3 survivors (3072K)
 Metaspace       used 20972K, capacity 21150K, committed 21248K, reserved 1069056K
  class space    used 2175K, capacity 2248K, committed 2304K, reserved 1048576K
}
Event: 2.269 GC heap after
{Heap after GC invocations=2 (full 0):
 garbage-first heap   total 118784K, used 9216K [0x000000008c000000, 0x0000000100000000)
  region size 1024K, 6 young (6144K), 6 survivors (6144K)
 Metaspace       used 20972K, capacity 21150K, committed 21248K, reserved 1069056K
  class space    used 2175K, capacity 2248K, committed 2304K, reserved 1048576K
}
Event: 3.911 GC heap before
{Heap before GC invocations=3 (full 0):
 garbage-first heap   total 118784K, used 60416K [0x000000008c000000, 0x0000000100000000)
  region size 1024K, 51 young (52224K), 6 survivors (6144K)
 Metaspace       used 31698K, capacity 32109K, committed 32256K, reserved 1077248K
  class space    used 3899K, capacity 4084K, committed 4096K, reserved 1048576K
}
Event: 3.950 GC heap after
{Heap after GC invocations=4 (full 0):
 garbage-first heap   total 118784K, used 20360K [0x000000008c000000, 0x0000000100000000)
  region size 1024K, 7 young (7168K), 7 survivors (7168K)
 Metaspace       used 31698K, capacity 32109K, committed 32256K, reserved 1077248K
  class space    used 3899K, capacity 4084K, committed 4096K, reserved 1048576K
}
Event: 4.468 GC heap before
{Heap before GC invocations=4 (full 0):
 garbage-first heap   total 118784K, used 36744K [0x000000008c000000, 0x0000000100000000)
  region size 1024K, 24 young (24576K), 7 survivors (7168K)
 Metaspace       used 35359K, capacity 35769K, committed 35840K, reserved 1081344K
  class space    used 4295K, capacity 4472K, committed 4480K, reserved 1048576K
}
Event: 4.510 GC heap after
{Heap after GC invocations=5 (full 0):
 garbage-first heap   total 118784K, used 20202K [0x000000008c000000, 0x0000000100000000)
  region size 1024K, 2 young (2048K), 2 survivors (2048K)
 Metaspace       used 35359K, capacity 35769K, committed 35840K, reserved 1081344K
  class space    used 4295K, capacity 4472K, committed 4480K, reserved 1048576K
}
Event: 6.128 GC heap before
{Heap before GC invocations=6 (full 0):
 garbage-first heap   total 118784K, used 64234K [0x000000008c000000, 0x0000000100000000)
  region size 1024K, 45 young (46080K), 2 survivors (2048K)
 Metaspace       used 44973K, capacity 45498K, committed 45696K, reserved 1089536K
  class space    used 5210K, capacity 5405K, committed 5504K, reserved 1048576K
}
Event: 6.148 GC heap after
{Heap after GC invocations=7 (full 0):
 garbage-first heap   total 153600K, used 23551K [0x000000008c000000, 0x0000000100000000)
  region size 1024K, 6 young (6144K), 6 survivors (6144K)
 Metaspace       used 44973K, capacity 45498K, committed 45696K, reserved 1089536K
  class space    used 5210K, capacity 5405K, committed 5504K, reserved 1048576K
}
Event: 7.618 GC heap before
{Heap before GC invocations=7 (full 0):
 garbage-first heap   total 153600K, used 81919K [0x000000008c000000, 0x0000000100000000)
  region size 1024K, 60 young (61440K), 6 survivors (6144K)
 Metaspace       used 51670K, capacity 52362K, committed 52608K, reserved 1095680K
  class space    used 5911K, capacity 6190K, committed 6272K, reserved 1048576K
}
Event: 7.644 GC heap after
{Heap after GC invocations=8 (full 0):
 garbage-first heap   total 153600K, used 30372K [0x000000008c000000, 0x0000000100000000)
  region size 1024K, 8 young (8192K), 8 survivors (8192K)
 Metaspace       used 51670K, capacity 52362K, committed 52608K, reserved 1095680K
  class space    used 5911K, capacity 6190K, committed 6272K, reserved 1048576K
}
Event: 10.866 GC heap before
{Heap before GC invocations=8 (full 0):
 garbage-first heap   total 153600K, used 103076K [0x000000008c000000, 0x0000000100000000)
  region size 1024K, 80 young (81920K), 8 survivors (8192K)
 Metaspace       used 59490K, capacity 60229K, committed 60288K, reserved 1101824K
  class space    used 6723K, capacity 7012K, committed 7040K, reserved 1048576K
}
Event: 10.972 GC heap after
{Heap after GC invocations=9 (full 0):
 garbage-first heap   total 153600K, used 39760K [0x000000008c000000, 0x0000000100000000)
  region size 1024K, 10 young (10240K), 10 survivors (10240K)
 Metaspace       used 59490K, capacity 60229K, committed 60288K, reserved 1101824K
  class space    used 6723K, capacity 7012K, committed 7040K, reserved 1048576K
}

Deoptimization events (20 events):
Event: 12.411 Thread 0x000001d3ed09d000 Uncommon trap: trap_request=0xffffffde fr.pc=0x000001d387df6980 relative=0x0000000000000c00
Event: 12.411 Thread 0x000001d3ed09d000 Uncommon trap: reason=class_check action=maybe_recompile pc=0x000001d387df6980 method=org.jetbrains.kotlin.storage.LockBasedStorageManager$LockBasedLazyValue.invoke()Ljava/lang/Object; @ 24 c2
Event: 12.411 Thread 0x000001d3ed09d000 DEOPT PACKING pc=0x000001d387df6980 sp=0x0000003b5cdf7140
Event: 12.411 Thread 0x000001d3ed09d000 DEOPT UNPACKING pc=0x000001d38004a1af sp=0x0000003b5cdf7038 mode 2
Event: 12.411 Thread 0x000001d3ed09d000 Uncommon trap: trap_request=0xffffffde fr.pc=0x000001d387df6980 relative=0x0000000000000c00
Event: 12.411 Thread 0x000001d3ed09d000 Uncommon trap: reason=class_check action=maybe_recompile pc=0x000001d387df6980 method=org.jetbrains.kotlin.storage.LockBasedStorageManager$LockBasedLazyValue.invoke()Ljava/lang/Object; @ 24 c2
Event: 12.411 Thread 0x000001d3ed09d000 DEOPT PACKING pc=0x000001d387df6980 sp=0x0000003b5cdf71d0
Event: 12.411 Thread 0x000001d3ed09d000 DEOPT UNPACKING pc=0x000001d38004a1af sp=0x0000003b5cdf70b0 mode 2
Event: 12.419 Thread 0x000001d3ed09d000 Uncommon trap: trap_request=0xffffffde fr.pc=0x000001d387d55a7c relative=0x00000000000003dc
Event: 12.419 Thread 0x000001d3ed09d000 Uncommon trap: reason=class_check action=maybe_recompile pc=0x000001d387d55a7c method=org.jetbrains.kotlin.storage.LockBasedStorageManager$LockBasedLazyValue.invoke()Ljava/lang/Object; @ 24 c2
Event: 12.419 Thread 0x000001d3ed09d000 DEOPT PACKING pc=0x000001d387d55a7c sp=0x0000003b5cdf7060
Event: 12.419 Thread 0x000001d3ed09d000 DEOPT UNPACKING pc=0x000001d38004a1af sp=0x0000003b5cdf6fa0 mode 2
Event: 12.439 Thread 0x000001d3ed09d000 Uncommon trap: trap_request=0xffffffde fr.pc=0x000001d387dd0980 relative=0x0000000000000e20
Event: 12.439 Thread 0x000001d3ed09d000 Uncommon trap: reason=class_check action=maybe_recompile pc=0x000001d387dd0980 method=org.jetbrains.kotlin.serialization.deserialization.descriptors.DeserializedMemberScope.getContributedClassifier(Lorg/jetbrains/kotlin/name/Name;Lorg/jetbrains/kotlin/inc
Event: 12.440 Thread 0x000001d3ed09d000 DEOPT PACKING pc=0x000001d387dd0980 sp=0x0000003b5cdf7fe0
Event: 12.440 Thread 0x000001d3ed09d000 DEOPT UNPACKING pc=0x000001d38004a1af sp=0x0000003b5cdf7fd8 mode 2
Event: 12.440 Thread 0x000001d3ed09d000 Uncommon trap: trap_request=0xffffffc6 fr.pc=0x000001d387e22d48 relative=0x0000000000000b08
Event: 12.440 Thread 0x000001d3ed09d000 Uncommon trap: reason=bimorphic_or_optimized_type_check action=maybe_recompile pc=0x000001d387e22d48 method=org.jetbrains.kotlin.serialization.deserialization.descriptors.DeserializedMemberScope.hasClass(Lorg/jetbrains/kotlin/name/Name;)Z @ 11 c2
Event: 12.440 Thread 0x000001d3ed09d000 DEOPT PACKING pc=0x000001d387e22d48 sp=0x0000003b5cdf7fc0
Event: 12.440 Thread 0x000001d3ed09d000 DEOPT UNPACKING pc=0x000001d38004a1af sp=0x0000003b5cdf7f68 mode 2

Classes redefined (0 events):
No events

Internal exceptions (20 events):
Event: 8.233 Thread 0x000001d3ed09d000 Exception <a 'java/lang/NoSuchMethodError'{0x000000009431e4e0}: 'int java.lang.invoke.DirectMethodHandle$Holder.invokeInterface(java.lang.Object, java.lang.Object)'> (0x000000009431e4e0) thrown at [s\src\hotspot\share\interpreter\linkResolver.cpp, line 773]
Event: 9.595 Thread 0x000001d3ed09d000 Exception <a 'java/lang/NoSuchMethodError'{0x000000009206b7f0}: 'java.lang.Object java.lang.invoke.DirectMethodHandle$Holder.invokeInterface(java.lang.Object, java.lang.Object, int)'> (0x000000009206b7f0) thrown at [s\src\hotspot\share\interpreter\linkResolver.cpp, line 773]
Event: 9.606 Thread 0x000001d3ed09d000 Exception <a 'java/lang/NoSuchMethodError'{0x0000000092080ae8}: 'java.lang.Object java.lang.invoke.DirectMethodHandle$Holder.invokeSpecial(java.lang.Object, java.lang.Object, java.lang.Object, java.lang.Object, java.lang.Object, int)'> (0x0000000092080ae8) thrown at [s\src\hotspot\share\interpreter\linkResolver.cpp, line 773]
Event: 9.608 Thread 0x000001d3ed09d000 Exception <a 'java/lang/NoSuchMethodError'{0x0000000092088448}: 'java.lang.Object java.lang.invoke.DirectMethodHandle$Holder.invokeStatic(java.lang.Object, java.lang.Object, java.lang.Object, java.lang.Object, java.lang.Object, int)'> (0x0000000092088448) thrown at [s\src\hotspot\share\interpreter\linkResolver.cpp, line 773]
Event: 9.608 Thread 0x000001d3ed09d000 Exception <a 'java/lang/NoSuchMethodError'{0x000000009208c2c8}: 'java.lang.Object java.lang.invoke.DirectMethodHandle$Holder.invokeSpecial(java.lang.Object, java.lang.Object, java.lang.Object, java.lang.Object, java.lang.Object, java.lang.Object, int)'> (0x000000009208c2c8) thrown at [s\src\hotspot\share\interpreter\linkResolver.cpp, line 773]
Event: 9.620 Thread 0x000001d3ed09d000 Exception <a 'java/lang/NoSuchMethodError'{0x00000000920c0a90}: 'java.lang.Object java.lang.invoke.Invokers$Holder.linkToTargetMethod(java.lang.Object, java.lang.Object, java.lang.Object, java.lang.Object, java.lang.Object, java.lang.Object)'> (0x00000000920c0a90) thrown at [s\src\hotspot\share\interpreter\linkResolver.cpp, line 773]
Event: 9.753 Thread 0x000001d3ed09d000 Implicit null exception at 0x000001d387cca34c to 0x000001d387cca428
Event: 9.753 Thread 0x000001d3ed09d000 Implicit null exception at 0x000001d387bfcf5e to 0x000001d387bfd6ea
Event: 9.753 Thread 0x000001d3ed09d000 Implicit null exception at 0x000001d387bdd72f to 0x000001d387bdd79d
Event: 10.278 Thread 0x000001d3ed09d000 Exception <a 'java/lang/NoSuchMethodError'{0x0000000090d06da0}: 'java.lang.Object java.lang.invoke.Invokers$Holder.linkToTargetMethod(java.lang.Object, java.lang.Object, java.lang.Object, int, int, java.lang.Object)'> (0x0000000090d06da0) thrown at [s\src\hotspot\share\interpreter\linkResolver.cpp, line 773]
Event: 10.985 Thread 0x000001d3ed09d000 Exception <a 'java/lang/NoSuchMethodError'{0x0000000095512bc8}: 'int java.lang.invoke.DirectMethodHandle$Holder.invokeVirtual(java.lang.Object, java.lang.Object, java.lang.Object)'> (0x0000000095512bc8) thrown at [s\src\hotspot\share\interpreter\linkResolver.cpp, line 773]
Event: 10.996 Thread 0x000001d3ed09d000 Exception <a 'java/lang/NoSuchMethodError'{0x000000009553e7a8}: 'java.lang.Object java.lang.invoke.Invokers$Holder.linkToTargetMethod(java.lang.Object, java.lang.Object, java.lang.Object, int, java.lang.Object)'> (0x000000009553e7a8) thrown at [s\src\hotspot\share\interpreter\linkResolver.cpp, line 773]
Event: 11.073 Thread 0x000001d3ed09d000 Exception <a 'java/lang/NoSuchMethodError'{0x0000000095473440}: 'void java.lang.invoke.DirectMethodHandle$Holder.invokeInterface(java.lang.Object, java.lang.Object)'> (0x0000000095473440) thrown at [s\src\hotspot\share\interpreter\linkResolver.cpp, line 773]
Event: 11.208 Thread 0x000001d3ed09d000 Exception <a 'java/lang/NoSuchMethodError'{0x0000000095287668}: 'int java.lang.invoke.DirectMethodHandle$Holder.invokeStaticInit(java.lang.Object, int)'> (0x0000000095287668) thrown at [s\src\hotspot\share\interpreter\linkResolver.cpp, line 773]
Event: 11.268 Thread 0x000001d3ed09d000 Exception <a 'java/lang/NoSuchMethodError'{0x000000009519ee68}: 'java.lang.Object java.lang.invoke.DirectMethodHandle$Holder.invokeInterface(java.lang.Object, java.lang.Object, java.lang.Object)'> (0x000000009519ee68) thrown at [s\src\hotspot\share\interpreter\linkResolver.cpp, line 773]
Event: 11.269 Thread 0x000001d3ed09d000 Exception <a 'java/lang/IncompatibleClassChangeError'{0x00000000951a2098}: Found class java.lang.Object, but interface was expected> (0x00000000951a2098) thrown at [s\src\hotspot\share\interpreter\linkResolver.cpp, line 839]
Event: 11.396 Thread 0x000001d3ed09d000 Exception <a 'java/lang/NoSuchMethodError'{0x0000000094e48558}: 'java.lang.Object java.lang.invoke.DirectMethodHandle$Holder.invokeStaticInit(java.lang.Object, java.lang.Object, java.lang.Object)'> (0x0000000094e48558) thrown at [s\src\hotspot\share\interpreter\linkResolver.cpp, line 773]
Event: 11.839 Thread 0x000001d3ed09d000 Exception <a 'java/lang/NoSuchMethodError'{0x0000000094514ac0}: 'int java.lang.invoke.DirectMethodHandle$Holder.invokeStatic(java.lang.Object, java.lang.Object, java.lang.Object, java.lang.Object, java.lang.Object)'> (0x0000000094514ac0) thrown at [s\src\hotspot\share\interpreter\linkResolver.cpp, line 773]
Event: 11.938 Thread 0x000001d3ed09d000 Exception <a 'java/lang/NoSuchMethodError'{0x00000000945afd08}: 'java.lang.Object java.lang.invoke.Invokers$Holder.linkToTargetMethod(java.lang.Object, java.lang.Object, java.lang.Object, java.lang.Object, java.lang.Object, java.lang.Object, java.lang.Object)'> (0x00000000945afd08) thrown at [s\src\hotspot\share\interpreter\linkResolver.cpp, line 773]
Event: 11.996 Thread 0x000001d3ed09d000 Exception <a 'java/lang/IncompatibleClassChangeError'{0x0000000094477ea0}: Found class java.lang.Object, but interface was expected> (0x0000000094477ea0) thrown at [s\src\hotspot\share\interpreter\linkResolver.cpp, line 839]

Events (20 events):
Event: 12.411 loading class org/jetbrains/kotlin/builtins/jvm/JvmBuiltInsCustomizer$getAdditionalFunctions$fakeJavaClassDescriptor$1
Event: 12.411 loading class org/jetbrains/kotlin/builtins/jvm/JvmBuiltInsCustomizer$getAdditionalFunctions$fakeJavaClassDescriptor$1 done
Event: 12.413 loading class org/jetbrains/kotlin/load/java/components/JavaResolverCache$1
Event: 12.413 loading class org/jetbrains/kotlin/load/java/components/JavaResolverCache$1 done
Event: 12.414 Executing VM operation: Deoptimize
Event: 12.416 Executing VM operation: Deoptimize done
Event: 12.417 loading class org/jetbrains/kotlin/builtins/jvm/MappingUtilKt
Event: 12.417 loading class org/jetbrains/kotlin/builtins/jvm/MappingUtilKt done
Event: 12.429 loading class org/jetbrains/kotlin/builtins/jvm/JvmBuiltInsCustomizer$isMutabilityViolation$1
Event: 12.429 loading class org/jetbrains/kotlin/builtins/jvm/JvmBuiltInsCustomizer$isMutabilityViolation$1 done
Event: 12.430 loading class org/jetbrains/kotlin/builtins/jvm/JvmBuiltInsCustomizer$isMutabilityViolation$2
Event: 12.430 loading class org/jetbrains/kotlin/builtins/jvm/JvmBuiltInsCustomizer$isMutabilityViolation$2 done
Event: 12.431 loading class org/jetbrains/kotlin/builtins/jvm/JvmBuiltInsCustomizer$getJdkMethodStatus$1
Event: 12.431 loading class org/jetbrains/kotlin/builtins/jvm/JvmBuiltInsCustomizer$getJdkMethodStatus$1 done
Event: 12.432 loading class org/jetbrains/kotlin/builtins/jvm/JvmBuiltInsCustomizer$getJdkMethodStatus$2
Event: 12.432 loading class org/jetbrains/kotlin/builtins/jvm/JvmBuiltInsCustomizer$getJdkMethodStatus$2 done
Event: 12.432 loading class org/jetbrains/kotlin/builtins/jvm/JvmBuiltInsCustomizer$JDKMemberStatus
Event: 12.432 loading class org/jetbrains/kotlin/builtins/jvm/JvmBuiltInsCustomizer$JDKMemberStatus done
Event: 12.438 loading class org/jetbrains/kotlin/builtins/jvm/JvmBuiltInsCustomizer$WhenMappings
Event: 12.438 loading class org/jetbrains/kotlin/builtins/jvm/JvmBuiltInsCustomizer$WhenMappings done


Dynamic libraries:
0x00007ff7215b0000 - 0x00007ff7215bd000 	C:\Program Files\Microsoft\jdk-11.0.20.8-hotspot\bin\java.exe
0x00007fffcf690000 - 0x00007fffcf8a4000 	C:\WINDOWS\SYSTEM32\ntdll.dll
0x00007fffce1e0000 - 0x00007fffce2a4000 	C:\WINDOWS\System32\KERNEL32.DLL
0x00007fffcca40000 - 0x00007fffccde4000 	C:\WINDOWS\System32\KERNELBASE.dll
0x00007fffccdf0000 - 0x00007fffccf01000 	C:\WINDOWS\System32\ucrtbase.dll
0x00007fff9f770000 - 0x00007fff9f787000 	C:\Program Files\Microsoft\jdk-11.0.20.8-hotspot\bin\jli.dll
0x00007fffa0230000 - 0x00007fffa0245000 	C:\Program Files\Microsoft\jdk-11.0.20.8-hotspot\bin\VCRUNTIME140.dll
0x00007fffcf2d0000 - 0x00007fffcf47e000 	C:\WINDOWS\System32\USER32.dll
0x00007fffbc290000 - 0x00007fffbc523000 	C:\WINDOWS\WinSxS\amd64_microsoft.windows.common-controls_6595b64144ccf1df_6.0.22621.2215_none_270d72677387dfc3\COMCTL32.dll
0x00007fffccf10000 - 0x00007fffccf36000 	C:\WINDOWS\System32\win32u.dll
0x00007fffcf480000 - 0x00007fffcf4a9000 	C:\WINDOWS\System32\GDI32.dll
0x00007fffcf160000 - 0x00007fffcf207000 	C:\WINDOWS\System32\msvcrt.dll
0x00007fffcd1e0000 - 0x00007fffcd2f8000 	C:\WINDOWS\System32\gdi32full.dll
0x00007fffcd380000 - 0x00007fffcd41a000 	C:\WINDOWS\System32\msvcp_win.dll
0x00007fffcdd50000 - 0x00007fffcdd81000 	C:\WINDOWS\System32\IMM32.DLL
0x00007fff40150000 - 0x00007fff401eb000 	C:\Program Files\Microsoft\jdk-11.0.20.8-hotspot\bin\msvcp140.dll
0x00007fff2d160000 - 0x00007fff2dcf6000 	C:\Program Files\Microsoft\jdk-11.0.20.8-hotspot\bin\server\jvm.dll
0x00007fffcf210000 - 0x00007fffcf2c0000 	C:\WINDOWS\System32\ADVAPI32.dll
0x00007fffcdfd0000 - 0x00007fffce076000 	C:\WINDOWS\System32\sechost.dll
0x00007fffceda0000 - 0x00007fffceeb7000 	C:\WINDOWS\System32\RPCRT4.dll
0x00007fffce880000 - 0x00007fffce888000 	C:\WINDOWS\System32\PSAPI.DLL
0x00007fffc4710000 - 0x00007fffc471a000 	C:\WINDOWS\SYSTEM32\VERSION.dll
0x00007fffc46d0000 - 0x00007fffc4704000 	C:\WINDOWS\SYSTEM32\WINMM.dll
0x00007fffc1ba0000 - 0x00007fffc1ba9000 	C:\WINDOWS\SYSTEM32\WSOCK32.dll
0x00007fffced20000 - 0x00007fffced91000 	C:\WINDOWS\System32\WS2_32.dll
0x00007fffcba90000 - 0x00007fffcbaa8000 	C:\WINDOWS\SYSTEM32\kernel.appcore.dll
0x00007fffa2ef0000 - 0x00007fffa2f00000 	C:\Program Files\Microsoft\jdk-11.0.20.8-hotspot\bin\verify.dll
0x00007fffc18b0000 - 0x00007fffc1ade000 	C:\WINDOWS\SYSTEM32\DBGHELP.DLL
0x00007fffce490000 - 0x00007fffce81a000 	C:\WINDOWS\System32\combase.dll
0x00007fffcf080000 - 0x00007fffcf157000 	C:\WINDOWS\System32\OLEAUT32.dll
0x00007fffc1870000 - 0x00007fffc18a2000 	C:\WINDOWS\SYSTEM32\dbgcore.DLL
0x00007fffcd300000 - 0x00007fffcd37a000 	C:\WINDOWS\System32\bcryptPrimitives.dll
0x00007fff9f590000 - 0x00007fff9f5b8000 	C:\Program Files\Microsoft\jdk-11.0.20.8-hotspot\bin\java.dll
0x00007fffa2eb0000 - 0x00007fffa2eba000 	C:\Program Files\Microsoft\jdk-11.0.20.8-hotspot\bin\jimage.dll
0x00007fff9dcb0000 - 0x00007fff9dcc8000 	C:\Program Files\Microsoft\jdk-11.0.20.8-hotspot\bin\zip.dll
0x00007fffcd520000 - 0x00007fffcdd43000 	C:\WINDOWS\System32\SHELL32.dll
0x00007fffca9d0000 - 0x00007fffcb2ba000 	C:\WINDOWS\SYSTEM32\windows.storage.dll
0x00007fffca890000 - 0x00007fffca9ce000 	C:\WINDOWS\SYSTEM32\wintypes.dll
0x00007fffce390000 - 0x00007fffce483000 	C:\WINDOWS\System32\SHCORE.dll
0x00007fffce820000 - 0x00007fffce87e000 	C:\WINDOWS\System32\shlwapi.dll
0x00007fffcc970000 - 0x00007fffcc996000 	C:\WINDOWS\SYSTEM32\profapi.dll
0x00007fff924d0000 - 0x00007fff924e9000 	C:\Program Files\Microsoft\jdk-11.0.20.8-hotspot\bin\net.dll
0x00007fffc6910000 - 0x00007fffc6a47000 	C:\WINDOWS\SYSTEM32\WINHTTP.dll
0x00007fffcbf10000 - 0x00007fffcbf79000 	C:\WINDOWS\system32\mswsock.dll
0x00007fff924b0000 - 0x00007fff924c3000 	C:\Program Files\Microsoft\jdk-11.0.20.8-hotspot\bin\nio.dll

dbghelp: loaded successfully - version: 4.0.5 - missing functions: none
symbol engine: initialized successfully - sym options: 0x614 - pdb path: .;C:\Program Files\Microsoft\jdk-11.0.20.8-hotspot\bin;C:\WINDOWS\SYSTEM32;C:\WINDOWS\WinSxS\amd64_microsoft.windows.common-controls_6595b64144ccf1df_6.0.22621.2215_none_270d72677387dfc3;C:\Program Files\Microsoft\jdk-11.0.20.8-hotspot\bin\server

VM Arguments:
java_command: org.jetbrains.kotlin.cli.jvm.K2JVMCompiler @E:\Mobile App\App Mobile Course\thesis\thesisBiomedicalFinal\node_modules\react-native-webview\android\build\20231007_2390161232633481398.compiler.options
java_class_path (initial): C:\Users\Admin\.gradle\caches\modules-2\files-2.1\org.jetbrains.kotlin\kotlin-compiler-embeddable\1.6.0\aa8da3bedc53c89219b84a0b40c7419431a13e76\kotlin-compiler-embeddable-1.6.0.jar;C:\Users\Admin\.gradle\caches\modules-2\files-2.1\org.jetbrains.kotlin\kotlin-reflect\1.6.0\a215a7f914d5916dc5fd2d45cea16524e0220203\kotlin-reflect-1.6.0.jar;C:\Users\Admin\.gradle\caches\modules-2\files-2.1\org.jetbrains.kotlin\kotlin-stdlib\1.6.0\a40b8b22529b733892edf4b73468ce598bb17f04\kotlin-stdlib-1.6.0.jar;C:\Users\Admin\.gradle\caches\modules-2\files-2.1\org.jetbrains.kotlin\kotlin-script-runtime\1.6.0\55f72526ddcff6fc77d72cdf949c7e3d9bd95620\kotlin-script-runtime-1.6.0.jar;C:\Users\Admin\.gradle\caches\modules-2\files-2.1\org.jetbrains.kotlin\kotlin-daemon-embeddable\1.6.0\d6242b37f4ce6b637d10847c7558446272ec8432\kotlin-daemon-embeddable-1.6.0.jar;C:\Users\Admin\.gradle\caches\modules-2\files-2.1\org.jetbrains.intellij.deps\trove4j\1.0.20181211\216c2e14b070f334479d800987affe4054cd563f\trove4j-1.0.20181211.jar;C:\Users\Admin\.gradle\caches\modules-2\files-2.1\net.java.dev.jna\jna\5.6.0\330f2244e9030119ab3030fc3fededc86713d9cc\jna-5.6.0.jar;C:\Users\Admin\.gradle\caches\modules-2\files-2.1\org.jetbrains\annotations\13.0\919f0dfe192fb4e063e7dacadee7f8bb9a2672a9\annotations-13.0.jar;C:\Users\Admin\.gradle\caches\modules-2\files-2.1\org.jetbrains.kotlin\kotlin-stdlib-common\1.6.0\7857e365f925cfa060f941c1357cda1f8790502c\kotlin-stdlib-common-1.6.0.jar
Launcher Type: SUN_STANDARD

[Global flags]
     intx CICompilerCount                          = 12                                        {product} {ergonomic}
     uint ConcGCThreads                            = 3                                         {product} {ergonomic}
     uint G1ConcRefinementThreads                  = 13                                        {product} {ergonomic}
   size_t G1HeapRegionSize                         = 1048576                                   {product} {ergonomic}
    uintx GCDrainStackTargetSize                   = 64                                        {product} {ergonomic}
   size_t InitialHeapSize                          = 121634816                                 {product} {ergonomic}
   size_t MarkStackSize                            = 4194304                                   {product} {ergonomic}
   size_t MaxHeapSize                              = 1946157056                                {product} {ergonomic}
   size_t MaxNewSize                               = 1167065088                                {product} {ergonomic}
   size_t MinHeapDeltaBytes                        = 1048576                                   {product} {ergonomic}
    uintx NonNMethodCodeHeapSize                   = 7594288                                {pd product} {ergonomic}
    uintx NonProfiledCodeHeapSize                  = 122031976                              {pd product} {ergonomic}
    uintx ProfiledCodeHeapSize                     = 122031976                              {pd product} {ergonomic}
    uintx ReservedCodeCacheSize                    = 251658240                              {pd product} {ergonomic}
     bool SegmentedCodeCache                       = true                                      {product} {ergonomic}
     bool UseCompressedClassPointers               = true                                 {lp64_product} {ergonomic}
     bool UseCompressedOops                        = true                                 {lp64_product} {ergonomic}
     bool UseG1GC                                  = true                                      {product} {ergonomic}
     bool UseLargePagesIndividualAllocation        = false                                  {pd product} {ergonomic}

Logging:
Log output configuration:
 #0: stdout all=warning uptime,level,tags
 #1: stderr all=off uptime,level,tags

Environment Variables:
JAVA_HOME=C:\Program Files\Microsoft\jdk-11.0.20.8-hotspot\
CLASSPATH=E:\Mobile App\App Mobile Course\thesis\thesisBiomedicalFinal\android\\gradle\wrapper\gradle-wrapper.jar
PATH=E:\Mobile App\App Mobile Course\thesis\thesisBiomedicalFinal\node_modules\.bin;E:\Mobile App\App Mobile Course\thesis\node_modules\.bin;E:\Mobile App\App Mobile Course\node_modules\.bin;E:\Mobile App\node_modules\.bin;E:\node_modules\.bin;C:\Users\Admin\AppData\Roaming\npm\node_modules\npm\node_modules\@npmcli\run-script\lib\node-gyp-bin;C:\Program Files\Microsoft\jdk-11.0.20.8-hotspot\bin;C:\Windows\system32;C:\Windows;C:\Windows\System32\Wbem;C:\Windows\System32\WindowsPowerShell\v1.0\;C:\Windows\System32\OpenSSH\;C:\Program Files (x86)\NVIDIA Corporation\PhysX\Common;C:\Program Files\NVIDIA Corporation\NVIDIA NvDLISR;C:\Program Files\dotnet\;C:\WINDOWS\system32;C:\WINDOWS;C:\WINDOWS\System32\Wbem;C:\WINDOWS\System32\WindowsPowerShell\v1.0\;C:\WINDOWS\System32\OpenSSH\;C:\Program Files\Git\cmd;C:\ProgramData\chocolatey\bin;C:\Program Files\nodejs\;C:\Users\Admin\AppData\Local\Programs\Python\Python310\Scripts\;C:\Users\Admin\AppData\Local\Programs\Python\Python310\;C:\Users\Admin\AppData\Local\Microsoft\WindowsApps;C:\Users\Admin\AppData\Local\Programs\Microsoft VS Code\bin;C:\Users\Admin\.dotnet\tools;C:\flutter\bin;C:\Users\Admin\AppData\Local\GitHubDesktop\bin;C:\Program Files\Android\Android Studio\jbr\bin;C:\Users\Admin\AppData\Roaming\npm;C:\Users\Admin\AppData\Local\Android\Sdk;C:\Users\Admin\AppData\Local\Android\Sdk\platform-tools;
USERNAME=Admin
LANG=en_US.UTF-8
OS=Windows_NT
PROCESSOR_IDENTIFIER=AMD64 Family 25 Model 68 Stepping 1, AuthenticAMD
TMP=C:\Users\Admin\AppData\Local\Temp
TEMP=C:\Users\Admin\AppData\Local\Temp



---------------  S Y S T E M  ---------------

OS: Windows 11 , 64 bit Build 22621 (10.0.22621.2215)
OS uptime: 0 days 4:37 hours

CPU:total 16 (initial active 16) (16 cores per cpu, 2 threads per core) family 25 model 68 stepping 1 microcode 0x0, cmov, cx8, fxsr, mmx, sse, sse2, sse3, ssse3, sse4.1, sse4.2, popcnt, avx, avx2, aes, clmul, mmxext, 3dnowpref, lzcnt, sse4a, ht, tsc, tscinvbit, tscinv, bmi1, bmi2, adx, sha, fma

Memory: 4k page, system-wide physical 7421M (127M free)
TotalPageFile size 19709M (AvailPageFile size 0M)
current process WorkingSet (physical memory assigned to process): 311M, peak: 313M
current process commit charge ("private bytes"): 391M, peak: 393M

vm_info: OpenJDK 64-Bit Server VM (11.0.20+8-LTS) for windows-amd64 JRE (11.0.20+8-LTS), built on Jul  7 2023 17:05:21 by "MicrosoftCorporation" with MS VC++ 15.9 (VS2017)

END.
