#
# There is insufficient memory for the Java Runtime Environment to continue.
# Native memory allocation (malloc) failed to allocate 211376 bytes for Chunk::new
# Possible reasons:
#   The system is out of physical RAM or swap space
#   The process is running with CompressedOops enabled, and the Java Heap may be blocking the growth of the native heap
# Possible solutions:
#   Reduce memory load on the system
#   Increase physical memory or swap space
#   Check if swap backing store is full
#   Decrease Java heap size (-Xmx/-Xms)
#   Decrease number of Java threads
#   Decrease Java thread stack sizes (-Xss)
#   Set larger code cache with -XX:ReservedCodeCacheSize=
#   JVM is running with Unscaled Compressed Oops mode in which the Java heap is
#     placed in the first 4GB address space. The Java Heap base address is the
#     maximum limit for the native heap growth. Please use -XX:HeapBaseMinAddress
#     to set the Java Heap base and to place the Java Heap above 4GB virtual address.
# This output file may be truncated or incomplete.
#
#  Out of Memory Error (arena.cpp:197), pid=13480, tid=20312
#
# JRE version: OpenJDK Runtime Environment Microsoft-8035250 (11.0.20+8) (build 11.0.20+8-LTS)
# Java VM: OpenJDK 64-Bit Server VM Microsoft-8035250 (11.0.20+8-LTS, mixed mode, tiered, compressed oops, g1 gc, windows-amd64)
# No core dump will be written. Minidumps are not enabled by default on client versions of Windows
#

---------------  S U M M A R Y ------------

Command Line: org.jetbrains.kotlin.cli.jvm.K2JVMCompiler @E:\Mobile App\App Mobile Course\thesis\thesisBiomedicalFinal\node_modules\react-native-screens\android\build\20231007_9619568077372325570.compiler.options

Host: AMD Ryzen 7 6800H with Radeon Graphics         , 16 cores, 7G,  Windows 11 , 64 bit Build 22621 (10.0.22621.2215)
Time: Sat Oct  7 09:27:31 2023 SE Asia Standard Time elapsed time: 2.666891 seconds (0d 0h 0m 2s)

---------------  T H R E A D  ---------------

Current thread (0x0000020458b8e800):  JavaThread "C2 CompilerThread0" daemon [_thread_in_native, id=20312, stack(0x0000008517a00000,0x0000008517b00000)]


Current CompileTask:
C2:   2666 2018 % !   4       java.util.concurrent.ConcurrentHashMap::transfer @ 96 (828 bytes)

Stack: [0x0000008517a00000,0x0000008517b00000]
Native frames: (J=compiled Java code, j=interpreted, Vv=VM code, C=native code)
V  [jvm.dll+0x62e9da]
V  [jvm.dll+0x7bc4e9]
V  [jvm.dll+0x7bdbd8]
V  [jvm.dll+0x7be2b3]
V  [jvm.dll+0x2505a8]
V  [jvm.dll+0xc263c]
V  [jvm.dll+0xc2bfc]
V  [jvm.dll+0x2c56a4]
V  [jvm.dll+0x536a1c]
V  [jvm.dll+0x211a7b]
V  [jvm.dll+0x20b6b4]
V  [jvm.dll+0x20881b]
V  [jvm.dll+0x18a7de]
V  [jvm.dll+0x2181ec]
V  [jvm.dll+0x21642b]
V  [jvm.dll+0x77efc0]
V  [jvm.dll+0x777db4]
V  [jvm.dll+0x62d845]
C  [ucrtbase.dll+0x29363]
C  [KERNEL32.DLL+0x1257d]
C  [ntdll.dll+0x5aa68]


---------------  P R O C E S S  ---------------

Threads class SMR info:
_java_thread_list=0x0000020459e52c40, length=13, elements={
0x00000204396df800, 0x0000020458b6c800, 0x0000020458b6d800, 0x0000020458b87000,
0x0000020458b89000, 0x0000020458b8a000, 0x0000020458b8e800, 0x00000204594a2800,
0x00000204594ac800, 0x0000020459638000, 0x000002045968a000, 0x0000020459a95800,
0x00000204599d2000
}

Java Threads: ( => current thread )
  0x00000204396df800 JavaThread "main" [_thread_in_vm, id=24872, stack(0x0000008516e00000,0x0000008516f00000)]
  0x0000020458b6c800 JavaThread "Reference Handler" daemon [_thread_blocked, id=16720, stack(0x0000008517500000,0x0000008517600000)]
  0x0000020458b6d800 JavaThread "Finalizer" daemon [_thread_blocked, id=9228, stack(0x0000008517600000,0x0000008517700000)]
  0x0000020458b87000 JavaThread "Signal Dispatcher" daemon [_thread_blocked, id=22932, stack(0x0000008517700000,0x0000008517800000)]
  0x0000020458b89000 JavaThread "Attach Listener" daemon [_thread_blocked, id=21324, stack(0x0000008517800000,0x0000008517900000)]
  0x0000020458b8a000 JavaThread "Service Thread" daemon [_thread_blocked, id=12024, stack(0x0000008517900000,0x0000008517a00000)]
=>0x0000020458b8e800 JavaThread "C2 CompilerThread0" daemon [_thread_in_native, id=20312, stack(0x0000008517a00000,0x0000008517b00000)]
  0x00000204594a2800 JavaThread "C1 CompilerThread0" daemon [_thread_blocked, id=15752, stack(0x0000008517b00000,0x0000008517c00000)]
  0x00000204594ac800 JavaThread "Sweeper thread" daemon [_thread_blocked, id=20320, stack(0x0000008517c00000,0x0000008517d00000)]
  0x0000020459638000 JavaThread "C1 CompilerThread1" daemon [_thread_blocked, id=23948, stack(0x0000008517d00000,0x0000008517e00000)]
  0x000002045968a000 JavaThread "Common-Cleaner" daemon [_thread_blocked, id=844, stack(0x0000008517f00000,0x0000008518000000)]
  0x0000020459a95800 JavaThread "C1 CompilerThread2" daemon [_thread_blocked, id=16552, stack(0x0000008518000000,0x0000008518100000)]
  0x00000204599d2000 JavaThread "C1 CompilerThread3" daemon [_thread_blocked, id=19592, stack(0x0000008518100000,0x0000008518200000)]

Other Threads:
  0x0000020458b68800 VMThread "VM Thread" [stack: 0x0000008517400000,0x0000008517500000] [id=4320]
  0x000002045967a800 WatcherThread [stack: 0x0000008517e00000,0x0000008517f00000] [id=2684]
  0x00000204396f9000 GCTaskThread "GC Thread#0" [stack: 0x0000008516f00000,0x0000008517000000] [id=7520]
  0x0000020459c27800 GCTaskThread "GC Thread#1" [stack: 0x0000008518200000,0x0000008518300000] [id=19688]
  0x0000020439726800 ConcurrentGCThread "G1 Main Marker" [stack: 0x0000008517000000,0x0000008517100000] [id=20488]
  0x0000020439728000 ConcurrentGCThread "G1 Conc#0" [stack: 0x0000008517100000,0x0000008517200000] [id=2220]
  0x0000020459f78800 ConcurrentGCThread "G1 Conc#1" [stack: 0x0000008518300000,0x0000008518400000] [id=22280]
  0x000002045a7ba800 ConcurrentGCThread "G1 Conc#2" [stack: 0x0000008518400000,0x0000008518500000] [id=1752]
  0x00000204589ac800 ConcurrentGCThread "G1 Refine#0" [stack: 0x0000008517200000,0x0000008517300000] [id=5476]
  0x00000204589ad000 ConcurrentGCThread "G1 Young RemSet Sampling" [stack: 0x0000008517300000,0x0000008517400000] [id=16188]

Threads with active compile tasks:
C2 CompilerThread0     2685 2018 % !   4       java.util.concurrent.ConcurrentHashMap::transfer @ 96 (828 bytes)

VM state:not at safepoint (normal execution)

VM Mutex/Monitor currently owned by a thread: None

Heap address: 0x000000008c000000, size: 1856 MB, Compressed Oops mode: 32-bit
Narrow klass base: 0x0000000000000000, Narrow klass shift: 3
Compressed class space size: 1073741824 Address: 0x0000000100000000

Heap:
 garbage-first heap   total 118784K, used 17577K [0x000000008c000000, 0x0000000100000000)
  region size 1024K, 16 young (16384K), 7 survivors (7168K)
 Metaspace       used 23834K, capacity 24095K, committed 24188K, reserved 1071104K
  class space    used 2519K, capacity 2632K, committed 2684K, reserved 1048576K
Heap Regions: E=young(eden), S=young(survivor), O=old, HS=humongous(starts), HC=humongous(continues), CS=collection set, F=free, A=archive, TAMS=top-at-mark-start (previous, next)
|   0|0x000000008c000000, 0x000000008c100000, 0x000000008c100000|100%|HS|  |TAMS 0x000000008c100000, 0x000000008c000000| Complete 
|   1|0x000000008c100000, 0x000000008c200000, 0x000000008c200000|100%|HC|  |TAMS 0x000000008c200000, 0x000000008c100000| Complete 
|   2|0x000000008c200000, 0x000000008c300000, 0x000000008c300000|100%|HC|  |TAMS 0x000000008c300000, 0x000000008c200000| Complete 
|   3|0x000000008c300000, 0x000000008c300000, 0x000000008c400000|  0%| F|  |TAMS 0x000000008c300000, 0x000000008c300000| Untracked 
|   4|0x000000008c400000, 0x000000008c400000, 0x000000008c500000|  0%| F|  |TAMS 0x000000008c400000, 0x000000008c400000| Untracked 
|   5|0x000000008c500000, 0x000000008c500000, 0x000000008c600000|  0%| F|  |TAMS 0x000000008c500000, 0x000000008c500000| Untracked 
|   6|0x000000008c600000, 0x000000008c600000, 0x000000008c700000|  0%| F|  |TAMS 0x000000008c600000, 0x000000008c600000| Untracked 
|   7|0x000000008c700000, 0x000000008c700000, 0x000000008c800000|  0%| F|  |TAMS 0x000000008c700000, 0x000000008c700000| Untracked 
|   8|0x000000008c800000, 0x000000008c800000, 0x000000008c900000|  0%| F|  |TAMS 0x000000008c800000, 0x000000008c800000| Untracked 
|   9|0x000000008c900000, 0x000000008c900000, 0x000000008ca00000|  0%| F|  |TAMS 0x000000008c900000, 0x000000008c900000| Untracked 
|  10|0x000000008ca00000, 0x000000008ca00000, 0x000000008cb00000|  0%| F|  |TAMS 0x000000008ca00000, 0x000000008ca00000| Untracked 
|  11|0x000000008cb00000, 0x000000008cb00000, 0x000000008cc00000|  0%| F|  |TAMS 0x000000008cb00000, 0x000000008cb00000| Untracked 
|  12|0x000000008cc00000, 0x000000008cc00000, 0x000000008cd00000|  0%| F|  |TAMS 0x000000008cc00000, 0x000000008cc00000| Untracked 
|  13|0x000000008cd00000, 0x000000008cd00000, 0x000000008ce00000|  0%| F|  |TAMS 0x000000008cd00000, 0x000000008cd00000| Untracked 
|  14|0x000000008ce00000, 0x000000008ce00000, 0x000000008cf00000|  0%| F|  |TAMS 0x000000008ce00000, 0x000000008ce00000| Untracked 
|  15|0x000000008cf00000, 0x000000008cf00000, 0x000000008d000000|  0%| F|  |TAMS 0x000000008cf00000, 0x000000008cf00000| Untracked 
|  16|0x000000008d000000, 0x000000008d000000, 0x000000008d100000|  0%| F|  |TAMS 0x000000008d000000, 0x000000008d000000| Untracked 
|  17|0x000000008d100000, 0x000000008d100000, 0x000000008d200000|  0%| F|  |TAMS 0x000000008d100000, 0x000000008d100000| Untracked 
|  18|0x000000008d200000, 0x000000008d200000, 0x000000008d300000|  0%| F|  |TAMS 0x000000008d200000, 0x000000008d200000| Untracked 
|  19|0x000000008d300000, 0x000000008d300000, 0x000000008d400000|  0%| F|  |TAMS 0x000000008d300000, 0x000000008d300000| Untracked 
|  20|0x000000008d400000, 0x000000008d400000, 0x000000008d500000|  0%| F|  |TAMS 0x000000008d400000, 0x000000008d400000| Untracked 
|  21|0x000000008d500000, 0x000000008d500000, 0x000000008d600000|  0%| F|  |TAMS 0x000000008d500000, 0x000000008d500000| Untracked 
|  22|0x000000008d600000, 0x000000008d600000, 0x000000008d700000|  0%| F|  |TAMS 0x000000008d600000, 0x000000008d600000| Untracked 
|  23|0x000000008d700000, 0x000000008d700000, 0x000000008d800000|  0%| F|  |TAMS 0x000000008d700000, 0x000000008d700000| Untracked 
|  24|0x000000008d800000, 0x000000008d800000, 0x000000008d900000|  0%| F|  |TAMS 0x000000008d800000, 0x000000008d800000| Untracked 
|  25|0x000000008d900000, 0x000000008d900000, 0x000000008da00000|  0%| F|  |TAMS 0x000000008d900000, 0x000000008d900000| Untracked 
|  26|0x000000008da00000, 0x000000008da00000, 0x000000008db00000|  0%| F|  |TAMS 0x000000008da00000, 0x000000008da00000| Untracked 
|  27|0x000000008db00000, 0x000000008db00000, 0x000000008dc00000|  0%| F|  |TAMS 0x000000008db00000, 0x000000008db00000| Untracked 
|  28|0x000000008dc00000, 0x000000008dc00000, 0x000000008dd00000|  0%| F|  |TAMS 0x000000008dc00000, 0x000000008dc00000| Untracked 
|  29|0x000000008dd00000, 0x000000008dd00000, 0x000000008de00000|  0%| F|  |TAMS 0x000000008dd00000, 0x000000008dd00000| Untracked 
|  30|0x000000008de00000, 0x000000008de00000, 0x000000008df00000|  0%| F|  |TAMS 0x000000008de00000, 0x000000008de00000| Untracked 
|  31|0x000000008df00000, 0x000000008df00000, 0x000000008e000000|  0%| F|  |TAMS 0x000000008df00000, 0x000000008df00000| Untracked 
|  32|0x000000008e000000, 0x000000008e000000, 0x000000008e100000|  0%| F|  |TAMS 0x000000008e000000, 0x000000008e000000| Untracked 
|  33|0x000000008e100000, 0x000000008e100000, 0x000000008e200000|  0%| F|  |TAMS 0x000000008e100000, 0x000000008e100000| Untracked 
|  34|0x000000008e200000, 0x000000008e200000, 0x000000008e300000|  0%| F|  |TAMS 0x000000008e200000, 0x000000008e200000| Untracked 
|  35|0x000000008e300000, 0x000000008e300000, 0x000000008e400000|  0%| F|  |TAMS 0x000000008e300000, 0x000000008e300000| Untracked 
|  36|0x000000008e400000, 0x000000008e400000, 0x000000008e500000|  0%| F|  |TAMS 0x000000008e400000, 0x000000008e400000| Untracked 
|  37|0x000000008e500000, 0x000000008e500000, 0x000000008e600000|  0%| F|  |TAMS 0x000000008e500000, 0x000000008e500000| Untracked 
|  38|0x000000008e600000, 0x000000008e600000, 0x000000008e700000|  0%| F|  |TAMS 0x000000008e600000, 0x000000008e600000| Untracked 
|  39|0x000000008e700000, 0x000000008e700000, 0x000000008e800000|  0%| F|  |TAMS 0x000000008e700000, 0x000000008e700000| Untracked 
|  40|0x000000008e800000, 0x000000008e800000, 0x000000008e900000|  0%| F|  |TAMS 0x000000008e800000, 0x000000008e800000| Untracked 
|  41|0x000000008e900000, 0x000000008e900000, 0x000000008ea00000|  0%| F|  |TAMS 0x000000008e900000, 0x000000008e900000| Untracked 
|  42|0x000000008ea00000, 0x000000008ea00000, 0x000000008eb00000|  0%| F|  |TAMS 0x000000008ea00000, 0x000000008ea00000| Untracked 
|  43|0x000000008eb00000, 0x000000008eb00000, 0x000000008ec00000|  0%| F|  |TAMS 0x000000008eb00000, 0x000000008eb00000| Untracked 
|  44|0x000000008ec00000, 0x000000008ec00000, 0x000000008ed00000|  0%| F|  |TAMS 0x000000008ec00000, 0x000000008ec00000| Untracked 
|  45|0x000000008ed00000, 0x000000008ed00000, 0x000000008ee00000|  0%| F|  |TAMS 0x000000008ed00000, 0x000000008ed00000| Untracked 
|  46|0x000000008ee00000, 0x000000008ee00000, 0x000000008ef00000|  0%| F|  |TAMS 0x000000008ee00000, 0x000000008ee00000| Untracked 
|  47|0x000000008ef00000, 0x000000008ef00000, 0x000000008f000000|  0%| F|  |TAMS 0x000000008ef00000, 0x000000008ef00000| Untracked 
|  48|0x000000008f000000, 0x000000008f000000, 0x000000008f100000|  0%| F|  |TAMS 0x000000008f000000, 0x000000008f000000| Untracked 
|  49|0x000000008f100000, 0x000000008f100000, 0x000000008f200000|  0%| F|  |TAMS 0x000000008f100000, 0x000000008f100000| Untracked 
|  50|0x000000008f200000, 0x000000008f200000, 0x000000008f300000|  0%| F|  |TAMS 0x000000008f200000, 0x000000008f200000| Untracked 
|  51|0x000000008f300000, 0x000000008f300000, 0x000000008f400000|  0%| F|  |TAMS 0x000000008f300000, 0x000000008f300000| Untracked 
|  52|0x000000008f400000, 0x000000008f400000, 0x000000008f500000|  0%| F|  |TAMS 0x000000008f400000, 0x000000008f400000| Untracked 
|  53|0x000000008f500000, 0x000000008f500000, 0x000000008f600000|  0%| F|  |TAMS 0x000000008f500000, 0x000000008f500000| Untracked 
|  54|0x000000008f600000, 0x000000008f600000, 0x000000008f700000|  0%| F|  |TAMS 0x000000008f600000, 0x000000008f600000| Untracked 
|  55|0x000000008f700000, 0x000000008f700000, 0x000000008f800000|  0%| F|  |TAMS 0x000000008f700000, 0x000000008f700000| Untracked 
|  56|0x000000008f800000, 0x000000008f800000, 0x000000008f900000|  0%| F|  |TAMS 0x000000008f800000, 0x000000008f800000| Untracked 
|  57|0x000000008f900000, 0x000000008f900000, 0x000000008fa00000|  0%| F|  |TAMS 0x000000008f900000, 0x000000008f900000| Untracked 
|  58|0x000000008fa00000, 0x000000008fa00000, 0x000000008fb00000|  0%| F|  |TAMS 0x000000008fa00000, 0x000000008fa00000| Untracked 
|  59|0x000000008fb00000, 0x000000008fb00000, 0x000000008fc00000|  0%| F|  |TAMS 0x000000008fb00000, 0x000000008fb00000| Untracked 
|  60|0x000000008fc00000, 0x000000008fc00000, 0x000000008fd00000|  0%| F|  |TAMS 0x000000008fc00000, 0x000000008fc00000| Untracked 
|  61|0x000000008fd00000, 0x000000008fd00000, 0x000000008fe00000|  0%| F|  |TAMS 0x000000008fd00000, 0x000000008fd00000| Untracked 
|  62|0x000000008fe00000, 0x000000008fe00000, 0x000000008ff00000|  0%| F|  |TAMS 0x000000008fe00000, 0x000000008fe00000| Untracked 
|  63|0x000000008ff00000, 0x000000008ff00000, 0x0000000090000000|  0%| F|  |TAMS 0x000000008ff00000, 0x000000008ff00000| Untracked 
|  64|0x0000000090000000, 0x0000000090000000, 0x0000000090100000|  0%| F|  |TAMS 0x0000000090000000, 0x0000000090000000| Untracked 
|  65|0x0000000090100000, 0x0000000090100000, 0x0000000090200000|  0%| F|  |TAMS 0x0000000090100000, 0x0000000090100000| Untracked 
|  66|0x0000000090200000, 0x0000000090200000, 0x0000000090300000|  0%| F|  |TAMS 0x0000000090200000, 0x0000000090200000| Untracked 
|  67|0x0000000090300000, 0x0000000090300000, 0x0000000090400000|  0%| F|  |TAMS 0x0000000090300000, 0x0000000090300000| Untracked 
|  68|0x0000000090400000, 0x0000000090400000, 0x0000000090500000|  0%| F|  |TAMS 0x0000000090400000, 0x0000000090400000| Untracked 
|  69|0x0000000090500000, 0x000000009052a7d0, 0x0000000090600000| 16%| S|CS|TAMS 0x0000000090500000, 0x0000000090500000| Complete 
|  70|0x0000000090600000, 0x0000000090700000, 0x0000000090700000|100%| S|CS|TAMS 0x0000000090600000, 0x0000000090600000| Complete 
|  71|0x0000000090700000, 0x0000000090800000, 0x0000000090800000|100%| S|CS|TAMS 0x0000000090700000, 0x0000000090700000| Complete 
|  72|0x0000000090800000, 0x0000000090900000, 0x0000000090900000|100%| S|CS|TAMS 0x0000000090800000, 0x0000000090800000| Complete 
|  73|0x0000000090900000, 0x0000000090a00000, 0x0000000090a00000|100%| S|CS|TAMS 0x0000000090900000, 0x0000000090900000| Complete 
|  74|0x0000000090a00000, 0x0000000090b00000, 0x0000000090b00000|100%| S|CS|TAMS 0x0000000090a00000, 0x0000000090a00000| Complete 
|  75|0x0000000090b00000, 0x0000000090c00000, 0x0000000090c00000|100%| S|CS|TAMS 0x0000000090b00000, 0x0000000090b00000| Complete 
|  76|0x0000000090c00000, 0x0000000090c00000, 0x0000000090d00000|  0%| F|  |TAMS 0x0000000090c00000, 0x0000000090c00000| Untracked 
|  77|0x0000000090d00000, 0x0000000090d00000, 0x0000000090e00000|  0%| F|  |TAMS 0x0000000090d00000, 0x0000000090d00000| Untracked 
|  78|0x0000000090e00000, 0x0000000090e00000, 0x0000000090f00000|  0%| F|  |TAMS 0x0000000090e00000, 0x0000000090e00000| Untracked 
|  79|0x0000000090f00000, 0x0000000090f00000, 0x0000000091000000|  0%| F|  |TAMS 0x0000000090f00000, 0x0000000090f00000| Untracked 
|  80|0x0000000091000000, 0x0000000091000000, 0x0000000091100000|  0%| F|  |TAMS 0x0000000091000000, 0x0000000091000000| Untracked 
|  81|0x0000000091100000, 0x0000000091100000, 0x0000000091200000|  0%| F|  |TAMS 0x0000000091100000, 0x0000000091100000| Untracked 
|  82|0x0000000091200000, 0x0000000091200000, 0x0000000091300000|  0%| F|  |TAMS 0x0000000091200000, 0x0000000091200000| Untracked 
|  83|0x0000000091300000, 0x0000000091300000, 0x0000000091400000|  0%| F|  |TAMS 0x0000000091300000, 0x0000000091300000| Untracked 
|  84|0x0000000091400000, 0x0000000091400000, 0x0000000091500000|  0%| F|  |TAMS 0x0000000091400000, 0x0000000091400000| Untracked 
|  85|0x0000000091500000, 0x0000000091500000, 0x0000000091600000|  0%| F|  |TAMS 0x0000000091500000, 0x0000000091500000| Untracked 
|  86|0x0000000091600000, 0x0000000091600000, 0x0000000091700000|  0%| F|  |TAMS 0x0000000091600000, 0x0000000091600000| Untracked 
|  87|0x0000000091700000, 0x0000000091700000, 0x0000000091800000|  0%| F|  |TAMS 0x0000000091700000, 0x0000000091700000| Untracked 
|  88|0x0000000091800000, 0x0000000091800000, 0x0000000091900000|  0%| F|  |TAMS 0x0000000091800000, 0x0000000091800000| Untracked 
|  89|0x0000000091900000, 0x0000000091900000, 0x0000000091a00000|  0%| F|  |TAMS 0x0000000091900000, 0x0000000091900000| Untracked 
|  90|0x0000000091a00000, 0x0000000091a00000, 0x0000000091b00000|  0%| F|  |TAMS 0x0000000091a00000, 0x0000000091a00000| Untracked 
|  91|0x0000000091b00000, 0x0000000091b00000, 0x0000000091c00000|  0%| F|  |TAMS 0x0000000091b00000, 0x0000000091b00000| Untracked 
|  92|0x0000000091c00000, 0x0000000091c00000, 0x0000000091d00000|  0%| F|  |TAMS 0x0000000091c00000, 0x0000000091c00000| Untracked 
|  93|0x0000000091d00000, 0x0000000091d00000, 0x0000000091e00000|  0%| F|  |TAMS 0x0000000091d00000, 0x0000000091d00000| Untracked 
|  94|0x0000000091e00000, 0x0000000091e00000, 0x0000000091f00000|  0%| F|  |TAMS 0x0000000091e00000, 0x0000000091e00000| Untracked 
|  95|0x0000000091f00000, 0x0000000091f00000, 0x0000000092000000|  0%| F|  |TAMS 0x0000000091f00000, 0x0000000091f00000| Untracked 
|  96|0x0000000092000000, 0x0000000092000000, 0x0000000092100000|  0%| F|  |TAMS 0x0000000092000000, 0x0000000092000000| Untracked 
|  97|0x0000000092100000, 0x0000000092100000, 0x0000000092200000|  0%| F|  |TAMS 0x0000000092100000, 0x0000000092100000| Untracked 
|  98|0x0000000092200000, 0x0000000092200000, 0x0000000092300000|  0%| F|  |TAMS 0x0000000092200000, 0x0000000092200000| Untracked 
|  99|0x0000000092300000, 0x0000000092300000, 0x0000000092400000|  0%| F|  |TAMS 0x0000000092300000, 0x0000000092300000| Untracked 
| 100|0x0000000092400000, 0x0000000092400000, 0x0000000092500000|  0%| F|  |TAMS 0x0000000092400000, 0x0000000092400000| Untracked 
| 101|0x0000000092500000, 0x0000000092500000, 0x0000000092600000|  0%| F|  |TAMS 0x0000000092500000, 0x0000000092500000| Untracked 
| 102|0x0000000092600000, 0x0000000092600000, 0x0000000092700000|  0%| F|  |TAMS 0x0000000092600000, 0x0000000092600000| Untracked 
| 103|0x0000000092700000, 0x0000000092700000, 0x0000000092800000|  0%| F|  |TAMS 0x0000000092700000, 0x0000000092700000| Untracked 
| 104|0x0000000092800000, 0x0000000092800000, 0x0000000092900000|  0%| F|  |TAMS 0x0000000092800000, 0x0000000092800000| Untracked 
| 105|0x0000000092900000, 0x0000000092900000, 0x0000000092a00000|  0%| F|  |TAMS 0x0000000092900000, 0x0000000092900000| Untracked 
| 106|0x0000000092a00000, 0x0000000092a00000, 0x0000000092b00000|  0%| F|  |TAMS 0x0000000092a00000, 0x0000000092a00000| Untracked 
| 107|0x0000000092b00000, 0x0000000092b80800, 0x0000000092c00000| 50%| E|  |TAMS 0x0000000092b00000, 0x0000000092b00000| Complete 
| 108|0x0000000092c00000, 0x0000000092d00000, 0x0000000092d00000|100%| E|CS|TAMS 0x0000000092c00000, 0x0000000092c00000| Complete 
| 109|0x0000000092d00000, 0x0000000092e00000, 0x0000000092e00000|100%| E|CS|TAMS 0x0000000092d00000, 0x0000000092d00000| Complete 
| 110|0x0000000092e00000, 0x0000000092f00000, 0x0000000092f00000|100%| E|CS|TAMS 0x0000000092e00000, 0x0000000092e00000| Complete 
| 111|0x0000000092f00000, 0x0000000093000000, 0x0000000093000000|100%| E|CS|TAMS 0x0000000092f00000, 0x0000000092f00000| Complete 
| 112|0x0000000093000000, 0x0000000093100000, 0x0000000093100000|100%| E|CS|TAMS 0x0000000093000000, 0x0000000093000000| Complete 
| 113|0x0000000093100000, 0x0000000093200000, 0x0000000093200000|100%| E|CS|TAMS 0x0000000093100000, 0x0000000093100000| Complete 
| 114|0x0000000093200000, 0x0000000093300000, 0x0000000093300000|100%| E|CS|TAMS 0x0000000093200000, 0x0000000093200000| Complete 
| 115|0x0000000093300000, 0x0000000093400000, 0x0000000093400000|100%| E|CS|TAMS 0x0000000093300000, 0x0000000093300000| Complete 

Card table byte_map: [0x0000020451a70000,0x0000020451e10000] _byte_map_base: 0x0000020451610000

Marking Bits (Prev, Next): (CMBitMap*) 0x000002043971e450, (CMBitMap*) 0x000002043971e418
 Prev Bits: [0x0000020453eb0000, 0x0000020455bb0000)
 Next Bits: [0x00000204521b0000, 0x0000020453eb0000)

Polling page: 0x00000204376e0000

Metaspace:

Usage:
  Non-class:     20.96 MB capacity,    20.84 MB (>99%) used,    94.87 KB ( <1%) free+waste,    31.50 KB ( <1%) overhead. 
      Class:      2.57 MB capacity,     2.46 MB ( 96%) used,    97.38 KB (  4%) free+waste,    14.06 KB ( <1%) overhead. 
       Both:     23.53 MB capacity,    23.30 MB (>99%) used,   192.24 KB ( <1%) free+waste,    45.56 KB ( <1%) overhead. 

Virtual space:
  Non-class space:       22.00 MB reserved,      21.00 MB ( 95%) committed 
      Class space:        1.00 GB reserved,       2.62 MB ( <1%) committed 
             Both:        1.02 GB reserved,      23.62 MB (  2%) committed 

Chunk freelists:
   Non-Class:  39.00 KB
       Class:  23.00 KB
        Both:  62.00 KB

MaxMetaspaceSize: 17179869184.00 GB
CompressedClassSpaceSize: 1.00 GB
Initial GC threshold: 20.80 MB
Current GC threshold: 35.62 MB
CDS: off

CodeHeap 'non-profiled nmethods': size=119168Kb used=589Kb max_used=589Kb free=118578Kb
 bounds [0x00000204499f0000, 0x0000020449c60000, 0x0000020450e50000]
CodeHeap 'profiled nmethods': size=119168Kb used=4329Kb max_used=4329Kb free=114838Kb
 bounds [0x0000020442590000, 0x00000204429d0000, 0x00000204499f0000]
CodeHeap 'non-nmethods': size=7424Kb used=2896Kb max_used=2908Kb free=4527Kb
 bounds [0x0000020441e50000, 0x0000020442130000, 0x0000020442590000]
 total_blobs=2536 nmethods=2058 adapters=387
 compilation: enabled
              stopped_count=0, restarted_count=0
 full_count=0

Compilation events (20 events):
Event: 2.655 Thread 0x0000020459a95800 nmethod 2030 0x00000204429b6110 code [0x00000204429b6300, 0x00000204429b67d8]
Event: 2.655 Thread 0x0000020459a95800 2040       3       sun.util.locale.BaseLocale$Cache::normalizeKey (9 bytes)
Event: 2.655 Thread 0x0000020459a95800 nmethod 2040 0x00000204429b6990 code [0x00000204429b6b60, 0x00000204429b6dc8]
Event: 2.656 Thread 0x0000020459a95800 2041       3       sun.util.locale.BaseLocale$Cache::normalizeKey (5 bytes)
Event: 2.656 Thread 0x00000204594a2800 nmethod 2035 0x00000204429b6e90 code [0x00000204429b74a0, 0x00000204429bae68]
Event: 2.656 Thread 0x00000204594a2800 2042       3       sun.util.locale.BaseLocale$Cache::createObject (8 bytes)
Event: 2.656 Thread 0x0000020459a95800 nmethod 2041 0x00000204429bbd90 code [0x00000204429bbf40, 0x00000204429bc068]
Event: 2.656 Thread 0x0000020459a95800 2010       3       sun.util.locale.LanguageTag::isExtlang (21 bytes)
Event: 2.656 Thread 0x00000204594a2800 nmethod 2042 0x00000204429bc110 code [0x00000204429bc300, 0x00000204429bc698]
Event: 2.656 Thread 0x00000204594a2800 2011       3       sun.util.locale.LanguageTag::isRegion (36 bytes)
Event: 2.656 Thread 0x00000204599d2000 nmethod 2043 0x00000204429bc810 code [0x00000204429bcb80, 0x00000204429bddc8]
Event: 2.656 Thread 0x00000204599d2000 2048       3       java.lang.invoke.MethodHandles$Lookup::checkAccess (226 bytes)
Event: 2.657 Thread 0x0000020459a95800 nmethod 2010 0x00000204429be510 code [0x00000204429be760, 0x00000204429bf0d8]
Event: 2.657 Thread 0x0000020459a95800 2049       3       java.lang.invoke.BootstrapMethodInvoker::maybeReBox (28 bytes)
Event: 2.657 Thread 0x0000020459638000 nmethod 2038 0x0000020449a80090 code [0x0000020449a80540, 0x0000020449a829d8]
Event: 2.657 Thread 0x0000020459a95800 nmethod 2049 0x00000204429bf410 code [0x00000204429bf600, 0x00000204429bfbd8]
Event: 2.658 Thread 0x00000204594a2800 nmethod 2011 0x00000204429bfd90 code [0x00000204429c0080, 0x00000204429c11f8]
Event: 2.659 Thread 0x00000204599d2000 nmethod 2048 0x00000204429c1790 code [0x00000204429c1b20, 0x00000204429c30d8]
Event: 2.663 Thread 0x0000020459638000 2051       3       java.lang.StringBuilder::append (8 bytes)
Event: 2.664 Thread 0x0000020459638000 nmethod 2051 0x00000204429c3790 code [0x00000204429c3940, 0x00000204429c3a88]

GC Heap History (4 events):
Event: 1.037 GC heap before
{Heap before GC invocations=0 (full 0):
 garbage-first heap   total 118784K, used 27648K [0x000000008c000000, 0x0000000100000000)
  region size 1024K, 24 young (24576K), 0 survivors (0K)
 Metaspace       used 12261K, capacity 12408K, committed 12544K, reserved 1060864K
  class space    used 1134K, capacity 1175K, committed 1280K, reserved 1048576K
}
Event: 1.107 GC heap after
{Heap after GC invocations=1 (full 0):
 garbage-first heap   total 118784K, used 5737K [0x000000008c000000, 0x0000000100000000)
  region size 1024K, 3 young (3072K), 3 survivors (3072K)
 Metaspace       used 12261K, capacity 12408K, committed 12544K, reserved 1060864K
  class space    used 1134K, capacity 1175K, committed 1280K, reserved 1048576K
}
Event: 2.292 GC heap before
{Heap before GC invocations=1 (full 0):
 garbage-first heap   total 118784K, used 42601K [0x000000008c000000, 0x0000000100000000)
  region size 1024K, 40 young (40960K), 3 survivors (3072K)
 Metaspace       used 20969K, capacity 21182K, committed 21248K, reserved 1069056K
  class space    used 2187K, capacity 2280K, committed 2304K, reserved 1048576K
}
Event: 2.317 GC heap after
{Heap after GC invocations=2 (full 0):
 garbage-first heap   total 118784K, used 9385K [0x000000008c000000, 0x0000000100000000)
  region size 1024K, 7 young (7168K), 7 survivors (7168K)
 Metaspace       used 20969K, capacity 21182K, committed 21248K, reserved 1069056K
  class space    used 2187K, capacity 2280K, committed 2304K, reserved 1048576K
}

Deoptimization events (20 events):
Event: 1.455 Thread 0x00000204396df800 DEOPT PACKING pc=0x0000020449a1cfdc sp=0x0000008516efc750
Event: 1.455 Thread 0x00000204396df800 DEOPT UNPACKING pc=0x0000020441e9a1af sp=0x0000008516efc6c0 mode 2
Event: 1.641 Thread 0x00000204396df800 DEOPT PACKING pc=0x0000020442878034 sp=0x0000008516efdce0
Event: 1.641 Thread 0x00000204396df800 DEOPT UNPACKING pc=0x0000020441e9a95e sp=0x0000008516efd2c8 mode 0
Event: 1.744 Thread 0x00000204396df800 Uncommon trap: trap_request=0xffffff4d fr.pc=0x0000020449a348fc relative=0x00000000000000bc
Event: 1.744 Thread 0x00000204396df800 Uncommon trap: reason=unstable_if action=reinterpret pc=0x0000020449a348fc method=java.lang.Integer.valueOf(I)Ljava/lang/Integer; @ 3 c2
Event: 1.744 Thread 0x00000204396df800 DEOPT PACKING pc=0x0000020449a348fc sp=0x0000008516efcad0
Event: 1.744 Thread 0x00000204396df800 DEOPT UNPACKING pc=0x0000020441e9a1af sp=0x0000008516efca68 mode 2
Event: 2.662 Thread 0x00000204396df800 Uncommon trap: trap_request=0xffffff4d fr.pc=0x0000020449a098a4 relative=0x0000000000000364
Event: 2.662 Thread 0x00000204396df800 Uncommon trap: reason=unstable_if action=reinterpret pc=0x0000020449a098a4 method=java.lang.StringLatin1.canEncode(I)Z @ 4 c2
Event: 2.662 Thread 0x00000204396df800 DEOPT PACKING pc=0x0000020449a098a4 sp=0x0000008516efe270
Event: 2.662 Thread 0x00000204396df800 DEOPT UNPACKING pc=0x0000020441e9a1af sp=0x0000008516efe198 mode 2
Event: 2.662 Thread 0x00000204396df800 Uncommon trap: trap_request=0xffffff4d fr.pc=0x0000020449a0b910 relative=0x0000000000000350
Event: 2.662 Thread 0x00000204396df800 Uncommon trap: reason=unstable_if action=reinterpret pc=0x0000020449a0b910 method=java.lang.AbstractStringBuilder.isLatin1()Z @ 10 c2
Event: 2.662 Thread 0x00000204396df800 DEOPT PACKING pc=0x0000020449a0b910 sp=0x0000008516efe210
Event: 2.662 Thread 0x00000204396df800 DEOPT UNPACKING pc=0x0000020441e9a1af sp=0x0000008516efe1a0 mode 2
Event: 2.662 Thread 0x00000204396df800 Uncommon trap: trap_request=0xffffff4d fr.pc=0x0000020449a5f5f8 relative=0x0000000000000058
Event: 2.662 Thread 0x00000204396df800 Uncommon trap: reason=unstable_if action=reinterpret pc=0x0000020449a5f5f8 method=java.lang.AbstractStringBuilder.isLatin1()Z @ 10 c2
Event: 2.662 Thread 0x00000204396df800 DEOPT PACKING pc=0x0000020449a5f5f8 sp=0x0000008516efe200
Event: 2.662 Thread 0x00000204396df800 DEOPT UNPACKING pc=0x0000020441e9a1af sp=0x0000008516efe190 mode 2

Classes redefined (0 events):
No events

Internal exceptions (17 events):
Event: 1.709 Thread 0x00000204396df800 Exception <a 'java/lang/NoSuchMethodError'{0x0000000091efa438}: 'int java.lang.invoke.DelegatingMethodHandle$Holder.reinvoke_L(java.lang.Object, java.lang.Object, java.lang.Object, long, int, int)'> (0x0000000091efa438) thrown at [s\src\hotspot\share\interpreter\linkResolver.cpp, line 773]
Event: 1.711 Thread 0x00000204396df800 Exception <a 'java/lang/NoSuchMethodError'{0x0000000091d082e0}: 'int java.lang.invoke.DelegatingMethodHandle$Holder.reinvoke_L(java.lang.Object, java.lang.Object, java.lang.Object, long, long, long)'> (0x0000000091d082e0) thrown at [s\src\hotspot\share\interpreter\linkResolver.cpp, line 773]
Event: 1.713 Thread 0x00000204396df800 Exception <a 'java/lang/NoSuchMethodError'{0x0000000091d15498}: 'int java.lang.invoke.DelegatingMethodHandle$Holder.reinvoke_L(java.lang.Object, java.lang.Object, java.lang.Object, long, java.lang.Object, java.lang.Object)'> (0x0000000091d15498) thrown at [s\src\hotspot\share\interpreter\linkResolver.cpp, line 773]
Event: 1.715 Thread 0x00000204396df800 Exception <a 'java/lang/NoSuchMethodError'{0x0000000091d22900}: 'void java.lang.invoke.DelegatingMethodHandle$Holder.reinvoke_L(java.lang.Object, java.lang.Object, java.lang.Object, long, java.lang.Object)'> (0x0000000091d22900) thrown at [s\src\hotspot\share\interpreter\linkResolver.cpp, line 773]
Event: 1.716 Thread 0x00000204396df800 Exception <a 'java/lang/NoSuchMethodError'{0x0000000091d2c180}: 'java.lang.Object java.lang.invoke.DirectMethodHandle$Holder.invokeSpecial(java.lang.Object, java.lang.Object, java.lang.Object, java.lang.Object, long)'> (0x0000000091d2c180) thrown at [s\src\hotspot\share\interpreter\linkResolver.cpp, line 773]
Event: 1.716 Thread 0x00000204396df800 Exception <a 'java/lang/NoSuchMethodError'{0x0000000091d2f6d8}: 'java.lang.Object java.lang.invoke.DelegatingMethodHandle$Holder.reinvoke_L(java.lang.Object, java.lang.Object, java.lang.Object, long)'> (0x0000000091d2f6d8) thrown at [s\src\hotspot\share\interpreter\linkResolver.cpp, line 773]
Event: 1.720 Thread 0x00000204396df800 Exception <a 'java/lang/NoSuchMethodError'{0x0000000091d49ba0}: 'long java.lang.invoke.Invokers$Holder.invoke_MT(java.lang.Object, java.lang.Object, java.lang.Object, java.lang.Object)'> (0x0000000091d49ba0) thrown at [s\src\hotspot\share\interpreter\linkResolver.cpp, line 773]
Event: 1.720 Thread 0x00000204396df800 Exception <a 'java/lang/NoSuchMethodError'{0x0000000091d4d220}: 'long java.lang.invoke.DelegatingMethodHandle$Holder.reinvoke_L(java.lang.Object, java.lang.Object, java.lang.Object)'> (0x0000000091d4d220) thrown at [s\src\hotspot\share\interpreter\linkResolver.cpp, line 773]
Event: 1.722 Thread 0x00000204396df800 Exception <a 'java/lang/NoSuchMethodError'{0x0000000091d56ee0}: 'int java.lang.invoke.DirectMethodHandle$Holder.invokeSpecial(java.lang.Object, java.lang.Object, java.lang.Object, java.lang.Object)'> (0x0000000091d56ee0) thrown at [s\src\hotspot\share\interpreter\linkResolver.cpp, line 773]
Event: 1.726 Thread 0x00000204396df800 Exception <a 'java/lang/NoSuchMethodError'{0x0000000091d65cc0}: 'int java.lang.invoke.DelegatingMethodHandle$Holder.reinvoke_L(java.lang.Object, java.lang.Object, java.lang.Object, long, int)'> (0x0000000091d65cc0) thrown at [s\src\hotspot\share\interpreter\linkResolver.cpp, line 773]
Event: 1.924 Thread 0x00000204396df800 Exception <a 'java/lang/NoSuchMethodError'{0x00000000916ca900}: 'int java.lang.invoke.DirectMethodHandle$Holder.invokeSpecialIFC(java.lang.Object, java.lang.Object, int)'> (0x00000000916ca900) thrown at [s\src\hotspot\share\interpreter\linkResolver.cpp, line 773]
Event: 2.218 Thread 0x00000204396df800 Exception <a 'java/lang/NoSuchMethodError'{0x0000000090e1b798}: 'java.lang.Object java.lang.invoke.DirectMethodHandle$Holder.invokeStaticInit(java.lang.Object, int)'> (0x0000000090e1b798) thrown at [s\src\hotspot\share\interpreter\linkResolver.cpp, line 773]
Event: 2.285 Thread 0x00000204396df800 Exception <a 'java/lang/NoSuchMethodError'{0x0000000090df15f0}: 'long java.lang.invoke.DirectMethodHandle$Holder.invokeStatic(java.lang.Object)'> (0x0000000090df15f0) thrown at [s\src\hotspot\share\interpreter\linkResolver.cpp, line 773]
Event: 2.286 Thread 0x00000204396df800 Exception <a 'java/lang/NoSuchMethodError'{0x0000000090df4448}: 'long java.lang.invoke.DirectMethodHandle$Holder.invokeStaticInit(java.lang.Object)'> (0x0000000090df4448) thrown at [s\src\hotspot\share\interpreter\linkResolver.cpp, line 773]
Event: 2.424 Thread 0x00000204396df800 Exception <a 'java/lang/NoSuchMethodError'{0x00000000930dd408}: 'int java.lang.invoke.DirectMethodHandle$Holder.invokeStaticInit(java.lang.Object, java.lang.Object, java.lang.Object)'> (0x00000000930dd408) thrown at [s\src\hotspot\share\interpreter\linkResolver.cpp, line 773]
Event: 2.432 Thread 0x00000204396df800 Exception <a 'java/lang/NoSuchMethodError'{0x0000000092f08da0}: 'int java.lang.invoke.DirectMethodHandle$Holder.invokeStaticInit(java.lang.Object, java.lang.Object)'> (0x0000000092f08da0) thrown at [s\src\hotspot\share\interpreter\linkResolver.cpp, line 773]
Event: 2.563 Thread 0x00000204396df800 Exception <a 'java/lang/NoSuchMethodError'{0x0000000092d6b5f8}: 'void java.lang.invoke.DirectMethodHandle$Holder.invokeSpecial(java.lang.Object, java.lang.Object)'> (0x0000000092d6b5f8) thrown at [s\src\hotspot\share\interpreter\linkResolver.cpp, line 773]

Events (20 events):
Event: 2.657 loading class sun/util/calendar/Gregorian$Date done
Event: 2.657 loading class sun/util/calendar/CalendarUtils
Event: 2.657 loading class sun/util/calendar/CalendarUtils done
Event: 2.658 loading class java/text/DateFormatSymbols
Event: 2.658 loading class java/text/DateFormatSymbols done
Event: 2.659 loading class sun/util/locale/provider/DateFormatSymbolsProviderImpl
Event: 2.659 loading class sun/util/locale/provider/DateFormatSymbolsProviderImpl done
Event: 2.660 loading class sun/text/resources/cldr/FormatData
Event: 2.660 loading class sun/text/resources/cldr/FormatData done
Event: 2.661 loading class sun/text/resources/cldr/FormatData_en
Event: 2.661 loading class sun/text/resources/cldr/FormatData_en done
Event: 2.661 loading class sun/text/resources/cldr/FormatData_en_US
Event: 2.661 loading class sun/text/resources/cldr/FormatData_en_US done
Event: 2.663 loading class java/text/NumberFormat
Event: 2.663 loading class java/text/NumberFormat done
Event: 2.664 loading class sun/util/locale/provider/NumberFormatProviderImpl
Event: 2.664 loading class sun/util/locale/provider/NumberFormatProviderImpl done
Event: 2.664 loading class java/text/DecimalFormatSymbols
Event: 2.665 loading class java/text/DecimalFormatSymbols done
Event: 2.665 loading class sun/util/locale/provider/DecimalFormatSymbolsProviderImpl


Dynamic libraries:
0x00007ff6ff630000 - 0x00007ff6ff63d000 	C:\Program Files\Microsoft\jdk-11.0.20.8-hotspot\bin\java.exe
0x00007ffc72fd0000 - 0x00007ffc731e4000 	C:\WINDOWS\SYSTEM32\ntdll.dll
0x00007ffc720f0000 - 0x00007ffc721b4000 	C:\WINDOWS\System32\KERNEL32.DLL
0x00007ffc70640000 - 0x00007ffc709e4000 	C:\WINDOWS\System32\KERNELBASE.dll
0x00007ffc703b0000 - 0x00007ffc704c1000 	C:\WINDOWS\System32\ucrtbase.dll
0x00007ffbd9920000 - 0x00007ffbd9937000 	C:\Program Files\Microsoft\jdk-11.0.20.8-hotspot\bin\jli.dll
0x00007ffc71430000 - 0x00007ffc715de000 	C:\WINDOWS\System32\USER32.dll
0x00007ffc70380000 - 0x00007ffc703a6000 	C:\WINDOWS\System32\win32u.dll
0x00007ffc72060000 - 0x00007ffc72089000 	C:\WINDOWS\System32\GDI32.dll
0x00007ffc70bc0000 - 0x00007ffc70cd8000 	C:\WINDOWS\System32\gdi32full.dll
0x00007ffc70a60000 - 0x00007ffc70afa000 	C:\WINDOWS\System32\msvcp_win.dll
0x00007ffbd9940000 - 0x00007ffbd9955000 	C:\Program Files\Microsoft\jdk-11.0.20.8-hotspot\bin\VCRUNTIME140.dll
0x00007ffc5fbe0000 - 0x00007ffc5fe73000 	C:\WINDOWS\WinSxS\amd64_microsoft.windows.common-controls_6595b64144ccf1df_6.0.22621.2215_none_270d72677387dfc3\COMCTL32.dll
0x00007ffc72ee0000 - 0x00007ffc72f87000 	C:\WINDOWS\System32\msvcrt.dll
0x00007ffc71230000 - 0x00007ffc71261000 	C:\WINDOWS\System32\IMM32.DLL
0x00007ffbd9110000 - 0x00007ffbd91ab000 	C:\Program Files\Microsoft\jdk-11.0.20.8-hotspot\bin\msvcp140.dll
0x00007ffbd0700000 - 0x00007ffbd1296000 	C:\Program Files\Microsoft\jdk-11.0.20.8-hotspot\bin\server\jvm.dll
0x00007ffc71110000 - 0x00007ffc711c0000 	C:\WINDOWS\System32\ADVAPI32.dll
0x00007ffc71e10000 - 0x00007ffc71eb6000 	C:\WINDOWS\System32\sechost.dll
0x00007ffc70ec0000 - 0x00007ffc70fd7000 	C:\WINDOWS\System32\RPCRT4.dll
0x00007ffc71000000 - 0x00007ffc71008000 	C:\WINDOWS\System32\PSAPI.DLL
0x00007ffc412a0000 - 0x00007ffc412a9000 	C:\WINDOWS\SYSTEM32\WSOCK32.dll
0x00007ffc72810000 - 0x00007ffc72881000 	C:\WINDOWS\System32\WS2_32.dll
0x00007ffc69c90000 - 0x00007ffc69cc4000 	C:\WINDOWS\SYSTEM32\WINMM.dll
0x00007ffc69ae0000 - 0x00007ffc69aea000 	C:\WINDOWS\SYSTEM32\VERSION.dll
0x00007ffc6f3d0000 - 0x00007ffc6f3e8000 	C:\WINDOWS\SYSTEM32\kernel.appcore.dll
0x00007ffbf7f90000 - 0x00007ffbf7fa0000 	C:\Program Files\Microsoft\jdk-11.0.20.8-hotspot\bin\verify.dll
0x00007ffc67600000 - 0x00007ffc6782e000 	C:\WINDOWS\SYSTEM32\DBGHELP.DLL
0x00007ffc72a80000 - 0x00007ffc72e0a000 	C:\WINDOWS\System32\combase.dll
0x00007ffc72730000 - 0x00007ffc72807000 	C:\WINDOWS\System32\OLEAUT32.dll
0x00007ffc67940000 - 0x00007ffc67972000 	C:\WINDOWS\SYSTEM32\dbgcore.DLL
0x00007ffc70ce0000 - 0x00007ffc70d5a000 	C:\WINDOWS\System32\bcryptPrimitives.dll
0x00007ffbd98f0000 - 0x00007ffbd9918000 	C:\Program Files\Microsoft\jdk-11.0.20.8-hotspot\bin\java.dll
0x00007ffbd98c0000 - 0x00007ffbd98ca000 	C:\Program Files\Microsoft\jdk-11.0.20.8-hotspot\bin\jimage.dll
0x00007ffbd90f0000 - 0x00007ffbd9108000 	C:\Program Files\Microsoft\jdk-11.0.20.8-hotspot\bin\zip.dll
0x00007ffc715e0000 - 0x00007ffc71e03000 	C:\WINDOWS\System32\SHELL32.dll
0x00007ffc6e310000 - 0x00007ffc6ebfa000 	C:\WINDOWS\SYSTEM32\windows.storage.dll
0x00007ffc6e1d0000 - 0x00007ffc6e30e000 	C:\WINDOWS\SYSTEM32\wintypes.dll
0x00007ffc72980000 - 0x00007ffc72a73000 	C:\WINDOWS\System32\SHCORE.dll
0x00007ffc72920000 - 0x00007ffc7297e000 	C:\WINDOWS\System32\shlwapi.dll
0x00007ffc702b0000 - 0x00007ffc702d6000 	C:\WINDOWS\SYSTEM32\profapi.dll
0x00007ffbce7b0000 - 0x00007ffbce7c9000 	C:\Program Files\Microsoft\jdk-11.0.20.8-hotspot\bin\net.dll
0x00007ffc6b190000 - 0x00007ffc6b2c7000 	C:\WINDOWS\SYSTEM32\WINHTTP.dll
0x00007ffc6f850000 - 0x00007ffc6f8b9000 	C:\WINDOWS\system32\mswsock.dll
0x00007ffbce790000 - 0x00007ffbce7a3000 	C:\Program Files\Microsoft\jdk-11.0.20.8-hotspot\bin\nio.dll

dbghelp: loaded successfully - version: 4.0.5 - missing functions: none
symbol engine: initialized successfully - sym options: 0x614 - pdb path: .;C:\Program Files\Microsoft\jdk-11.0.20.8-hotspot\bin;C:\WINDOWS\SYSTEM32;C:\WINDOWS\WinSxS\amd64_microsoft.windows.common-controls_6595b64144ccf1df_6.0.22621.2215_none_270d72677387dfc3;C:\Program Files\Microsoft\jdk-11.0.20.8-hotspot\bin\server

VM Arguments:
java_command: org.jetbrains.kotlin.cli.jvm.K2JVMCompiler @E:\Mobile App\App Mobile Course\thesis\thesisBiomedicalFinal\node_modules\react-native-screens\android\build\20231007_9619568077372325570.compiler.options
java_class_path (initial): C:\Users\Admin\.gradle\caches\modules-2\files-2.1\org.jetbrains.kotlin\kotlin-compiler-embeddable\1.6.21\97bdd5a752ce73b58ef16c17bc7f0ea2faff7a2e\kotlin-compiler-embeddable-1.6.21.jar;C:\Users\Admin\.gradle\caches\modules-2\files-2.1\org.jetbrains.kotlin\kotlin-reflect\1.6.21\5dc3574d9b7bebfcb4ec6b10ada4aaa9e140bd0b\kotlin-reflect-1.6.21.jar;C:\Users\Admin\.gradle\caches\modules-2\files-2.1\org.jetbrains.kotlin\kotlin-stdlib\1.6.21\11ef67f1900634fd951bad28c53ec957fabbe5b8\kotlin-stdlib-1.6.21.jar;C:\Users\Admin\.gradle\caches\modules-2\files-2.1\org.jetbrains.kotlin\kotlin-script-runtime\1.6.21\99c6675100da5d6d5b1c5a1032f27f28008d101b\kotlin-script-runtime-1.6.21.jar;C:\Users\Admin\.gradle\caches\modules-2\files-2.1\org.jetbrains.kotlin\kotlin-daemon-embeddable\1.6.21\46b78cf392e1c4f10854c3cadba44abb7b82250f\kotlin-daemon-embeddable-1.6.21.jar;C:\Users\Admin\.gradle\caches\modules-2\files-2.1\org.jetbrains.intellij.deps\trove4j\1.0.20200330\3afb14d5f9ceb459d724e907a21145e8ff394f02\trove4j-1.0.20200330.jar;C:\Users\Admin\.gradle\caches\modules-2\files-2.1\net.java.dev.jna\jna\5.6.0\330f2244e9030119ab3030fc3fededc86713d9cc\jna-5.6.0.jar;C:\Users\Admin\.gradle\caches\modules-2\files-2.1\org.jetbrains.kotlin\kotlin-stdlib-common\1.6.21\5e5b55c26dbc80372a920aef60eb774b714559b8\kotlin-stdlib-common-1.6.21.jar;C:\Users\Admin\.gradle\caches\modules-2\files-2.1\org.jetbrains\annotations\13.0\919f0dfe192fb4e063e7dacadee7f8bb9a2672a9\annotations-13.0.jar
Launcher Type: SUN_STANDARD

[Global flags]
     intx CICompilerCount                          = 12                                        {product} {ergonomic}
     uint ConcGCThreads                            = 3                                         {product} {ergonomic}
     uint G1ConcRefinementThreads                  = 13                                        {product} {ergonomic}
   size_t G1HeapRegionSize                         = 1048576                                   {product} {ergonomic}
    uintx GCDrainStackTargetSize                   = 64                                        {product} {ergonomic}
   size_t InitialHeapSize                          = 121634816                                 {product} {ergonomic}
   size_t MarkStackSize                            = 4194304                                   {product} {ergonomic}
   size_t MaxHeapSize                              = 1946157056                                {product} {ergonomic}
   size_t MaxNewSize                               = 1167065088                                {product} {ergonomic}
   size_t MinHeapDeltaBytes                        = 1048576                                   {product} {ergonomic}
    uintx NonNMethodCodeHeapSize                   = 7594288                                {pd product} {ergonomic}
    uintx NonProfiledCodeHeapSize                  = 122031976                              {pd product} {ergonomic}
    uintx ProfiledCodeHeapSize                     = 122031976                              {pd product} {ergonomic}
    uintx ReservedCodeCacheSize                    = 251658240                              {pd product} {ergonomic}
     bool SegmentedCodeCache                       = true                                      {product} {ergonomic}
     bool UseCompressedClassPointers               = true                                 {lp64_product} {ergonomic}
     bool UseCompressedOops                        = true                                 {lp64_product} {ergonomic}
     bool UseG1GC                                  = true                                      {product} {ergonomic}
     bool UseLargePagesIndividualAllocation        = false                                  {pd product} {ergonomic}

Logging:
Log output configuration:
 #0: stdout all=warning uptime,level,tags
 #1: stderr all=off uptime,level,tags

Environment Variables:
JAVA_HOME=C:\Program Files\Microsoft\jdk-11.0.20.8-hotspot\
CLASSPATH=E:\Mobile App\App Mobile Course\thesis\thesisBiomedicalFinal\android\\gradle\wrapper\gradle-wrapper.jar
PATH=E:\Mobile App\App Mobile Course\thesis\thesisBiomedicalFinal\node_modules\.bin;E:\Mobile App\App Mobile Course\thesis\node_modules\.bin;E:\Mobile App\App Mobile Course\node_modules\.bin;E:\Mobile App\node_modules\.bin;E:\node_modules\.bin;C:\Users\Admin\AppData\Roaming\npm\node_modules\npm\node_modules\@npmcli\run-script\lib\node-gyp-bin;C:\Program Files\Microsoft\jdk-11.0.20.8-hotspot\bin;C:\Windows\system32;C:\Windows;C:\Windows\System32\Wbem;C:\Windows\System32\WindowsPowerShell\v1.0\;C:\Windows\System32\OpenSSH\;C:\Program Files (x86)\NVIDIA Corporation\PhysX\Common;C:\Program Files\NVIDIA Corporation\NVIDIA NvDLISR;C:\Program Files\dotnet\;C:\WINDOWS\system32;C:\WINDOWS;C:\WINDOWS\System32\Wbem;C:\WINDOWS\System32\WindowsPowerShell\v1.0\;C:\WINDOWS\System32\OpenSSH\;C:\Program Files\Git\cmd;C:\ProgramData\chocolatey\bin;C:\Program Files\nodejs\;C:\Users\Admin\AppData\Local\Programs\Python\Python310\Scripts\;C:\Users\Admin\AppData\Local\Programs\Python\Python310\;C:\Users\Admin\AppData\Local\Microsoft\WindowsApps;C:\Users\Admin\AppData\Local\Programs\Microsoft VS Code\bin;C:\Users\Admin\.dotnet\tools;C:\flutter\bin;C:\Users\Admin\AppData\Local\GitHubDesktop\bin;C:\Program Files\Android\Android Studio\jbr\bin;C:\Users\Admin\AppData\Roaming\npm;C:\Users\Admin\AppData\Local\Android\Sdk;C:\Users\Admin\AppData\Local\Android\Sdk\platform-tools;
USERNAME=Admin
LANG=en_US.UTF-8
OS=Windows_NT
PROCESSOR_IDENTIFIER=AMD64 Family 25 Model 68 Stepping 1, AuthenticAMD
TMP=C:\Users\Admin\AppData\Local\Temp
TEMP=C:\Users\Admin\AppData\Local\Temp



---------------  S Y S T E M  ---------------

OS: Windows 11 , 64 bit Build 22621 (10.0.22621.2215)
OS uptime: 0 days 0:55 hours

CPU:total 16 (initial active 16) (16 cores per cpu, 2 threads per core) family 25 model 68 stepping 1 microcode 0x0, cmov, cx8, fxsr, mmx, sse, sse2, sse3, ssse3, sse4.1, sse4.2, popcnt, avx, avx2, aes, clmul, mmxext, 3dnowpref, lzcnt, sse4a, ht, tsc, tscinvbit, tscinv, bmi1, bmi2, adx, sha, fma

Memory: 4k page, system-wide physical 7421M (219M free)
TotalPageFile size 19709M (AvailPageFile size 0M)
current process WorkingSet (physical memory assigned to process): 119M, peak: 119M
current process commit charge ("private bytes"): 237M, peak: 238M

vm_info: OpenJDK 64-Bit Server VM (11.0.20+8-LTS) for windows-amd64 JRE (11.0.20+8-LTS), built on Jul  7 2023 17:05:21 by "MicrosoftCorporation" with MS VC++ 15.9 (VS2017)

END.
