#
# There is insufficient memory for the Java Runtime Environment to continue.
# Native memory allocation (mmap) failed to map 69206016 bytes for Failed to commit area from 0x0000000093400000 to 0x0000000097600000 of length 69206016.
# Possible reasons:
#   The system is out of physical RAM or swap space
#   The process is running with CompressedOops enabled, and the Java Heap may be blocking the growth of the native heap
# Possible solutions:
#   Reduce memory load on the system
#   Increase physical memory or swap space
#   Check if swap backing store is full
#   Decrease Java heap size (-Xmx/-Xms)
#   Decrease number of Java threads
#   Decrease Java thread stack sizes (-Xss)
#   Set larger code cache with -XX:ReservedCodeCacheSize=
#   JVM is running with Unscaled Compressed Oops mode in which the Java heap is
#     placed in the first 4GB address space. The Java Heap base address is the
#     maximum limit for the native heap growth. Please use -XX:HeapBaseMinAddress
#     to set the Java Heap base and to place the Java Heap above 4GB virtual address.
# This output file may be truncated or incomplete.
#
#  Out of Memory Error (os_windows.cpp:3386), pid=21680, tid=20312
#
# JRE version: OpenJDK Runtime Environment Microsoft-8035250 (11.0.20+8) (build 11.0.20+8-LTS)
# Java VM: OpenJDK 64-Bit Server VM Microsoft-8035250 (11.0.20+8-LTS, mixed mode, tiered, compressed oops, g1 gc, windows-amd64)
# No core dump will be written. Minidumps are not enabled by default on client versions of Windows
#

---------------  S U M M A R Y ------------

Command Line: org.jetbrains.kotlin.cli.jvm.K2JVMCompiler @E:\Mobile App\App Mobile Course\thesis\thesisBiomedicalFinal\node_modules\@react-native\gradle-plugin\build\20231004_6116911578862393785.compiler.options

Host: AMD Ryzen 7 6800H with Radeon Graphics         , 16 cores, 7G,  Windows 11 , 64 bit Build 22621 (10.0.22621.2215)
Time: Wed Oct  4 20:26:55 2023 SE Asia Standard Time elapsed time: 2.936802 seconds (0d 0h 0m 2s)

---------------  T H R E A D  ---------------

Current thread (0x0000012291d67800):  VMThread "VM Thread" [stack: 0x00000022d0000000,0x00000022d0100000] [id=20312]

Stack: [0x00000022d0000000,0x00000022d0100000]
[error occurred during error reporting (printing stack bounds), id 0xc0000005, EXCEPTION_ACCESS_VIOLATION (0xc0000005) at pc=0x000001228000112d]

Native frames: (J=compiled Java code, j=interpreted, Vv=VM code, C=native code)
V  [jvm.dll+0x62e9da]
V  [jvm.dll+0x7bc4e9]
V  [jvm.dll+0x7bdbd8]
V  [jvm.dll+0x7be215]
V  [jvm.dll+0x7be1cb]
V  [jvm.dll+0x62dd67]
V  [jvm.dll+0x62e478]
C  [ntdll.dll+0xa3dff]
C  [ntdll.dll+0x1e456]
C  [ntdll.dll+0xa2dee]
C  0x000001228000112d

VM_Operation (0x00000022cfafb4f0): G1CollectForAllocation, mode: safepoint, requested by thread 0x00000122f2831000


---------------  P R O C E S S  ---------------

Threads class SMR info:
_java_thread_list=0x0000012292d943d0, length=14, elements={
0x00000122f2831000, 0x0000012291d8b000, 0x0000012291d96800, 0x0000012291da6800,
0x0000012291da7800, 0x0000012291da9800, 0x0000012291dad000, 0x00000122926b6000,
0x00000122926be800, 0x000001229289e000, 0x00000122928a8000, 0x0000012292899000,
0x0000012292dad800, 0x0000012292db2800
}

Java Threads: ( => current thread )
  0x00000122f2831000 JavaThread "main" [_thread_blocked, id=15604, stack(0x00000022cfa00000,0x00000022cfb00000)]
  0x0000012291d8b000 JavaThread "Reference Handler" daemon [_thread_blocked, id=3092, stack(0x00000022d0100000,0x00000022d0200000)]
  0x0000012291d96800 JavaThread "Finalizer" daemon [_thread_blocked, id=2720, stack(0x00000022d0200000,0x00000022d0300000)]
  0x0000012291da6800 JavaThread "Signal Dispatcher" daemon [_thread_blocked, id=9348, stack(0x00000022d0300000,0x00000022d0400000)]
  0x0000012291da7800 JavaThread "Attach Listener" daemon [_thread_blocked, id=3152, stack(0x00000022d0400000,0x00000022d0500000)]
  0x0000012291da9800 JavaThread "Service Thread" daemon [_thread_blocked, id=21692, stack(0x00000022d0500000,0x00000022d0600000)]
  0x0000012291dad000 JavaThread "C2 CompilerThread0" daemon [_thread_blocked, id=5188, stack(0x00000022d0600000,0x00000022d0700000)]
  0x00000122926b6000 JavaThread "C1 CompilerThread0" daemon [_thread_blocked, id=10464, stack(0x00000022d0700000,0x00000022d0800000)]
  0x00000122926be800 JavaThread "Sweeper thread" daemon [_thread_blocked, id=21232, stack(0x00000022d0800000,0x00000022d0900000)]
  0x000001229289e000 JavaThread "Common-Cleaner" daemon [_thread_blocked, id=9068, stack(0x00000022d0a00000,0x00000022d0b00000)]
  0x00000122928a8000 JavaThread "C1 CompilerThread1" daemon [_thread_blocked, id=15136, stack(0x00000022d0b00000,0x00000022d0c00000)]
  0x0000012292899000 JavaThread "C2 CompilerThread1" daemon [_thread_blocked, id=23376, stack(0x00000022d0c00000,0x00000022d0d00000)]
  0x0000012292dad800 JavaThread "C1 CompilerThread2" daemon [_thread_blocked, id=10056, stack(0x00000022d0d00000,0x00000022d0e00000)]
  0x0000012292db2800 JavaThread "C1 CompilerThread3" daemon [_thread_blocked, id=9864, stack(0x00000022d0e00000,0x00000022d0f00000)]

Other Threads:
=>0x0000012291d67800 VMThread "VM Thread" [stack: 0x00000022d0000000,0x00000022d0100000] [id=20312]
  0x0000012292891000 WatcherThread [stack: 0x00000022d0900000,0x00000022d0a00000] [id=22108]
  0x00000122f284a000 GCTaskThread "GC Thread#0" [stack: 0x00000022cfb00000,0x00000022cfc00000] [id=5640]
  0x0000012292e12000 GCTaskThread "GC Thread#1" [stack: 0x00000022d0f00000,0x00000022d1000000] [id=8524]
  0x00000122f2879000 ConcurrentGCThread "G1 Main Marker" [stack: 0x00000022cfc00000,0x00000022cfd00000] [id=19312]
  0x00000122f287a000 ConcurrentGCThread "G1 Conc#0" [stack: 0x00000022cfd00000,0x00000022cfe00000] [id=17120]
  0x00000122931e5800 ConcurrentGCThread "G1 Conc#1" [stack: 0x00000022d1000000,0x00000022d1100000] [id=19884]
  0x000001229301a000 ConcurrentGCThread "G1 Conc#2" [stack: 0x00000022d1100000,0x00000022d1200000] [id=3348]
  0x0000012291bd0800 ConcurrentGCThread "G1 Refine#0" [stack: 0x00000022cfe00000,0x00000022cff00000] [id=21424]
  0x0000012291bd1000 ConcurrentGCThread "G1 Young RemSet Sampling" [stack: 0x00000022cff00000,0x00000022d0000000] [id=16356]

Threads with active compile tasks:
C2 CompilerThread0     2943 4003       4       java.lang.ClassLoader::checkName (37 bytes)

VM state:at safepoint (normal execution)

VM Mutex/Monitor currently owned by a thread:  ([mutex/lock_event])
[0x00000122f282aba0] Threads_lock - owner thread: 0x0000012291d67800
[0x00000122f282c6a0] Heap_lock - owner thread: 0x00000122f2831000

Heap address: 0x000000008c000000, size: 1856 MB, Compressed Oops mode: 32-bit
Narrow klass base: 0x0000000000000000, Narrow klass shift: 3
Compressed class space size: 1073741824 Address: 0x0000000100000000

Heap:
 garbage-first heap   total 186368K, used 46080K [0x000000008c000000, 0x0000000100000000)
  region size 1024K, 8 young (8192K), 8 survivors (8192K)
 Metaspace       used 44581K, capacity 45183K, committed 45440K, reserved 1089536K
  class space    used 5157K, capacity 5379K, committed 5504K, reserved 1048576K
Heap Regions: E=young(eden), S=young(survivor), O=old, HS=humongous(starts), HC=humongous(continues), CS=collection set, F=free, A=archive, TAMS=top-at-mark-start (previous, next)
|   0|0x000000008c000000, 0x000000008c100000, 0x000000008c100000|100%|HS|  |TAMS 0x000000008c100000, 0x000000008c000000| Complete 
|   1|0x000000008c100000, 0x000000008c200000, 0x000000008c200000|100%|HC|  |TAMS 0x000000008c200000, 0x000000008c100000| Complete 
|   2|0x000000008c200000, 0x000000008c300000, 0x000000008c300000|100%|HC|  |TAMS 0x000000008c300000, 0x000000008c200000| Complete 
|   3|0x000000008c300000, 0x000000008c400000, 0x000000008c400000|100%|HC|  |TAMS 0x000000008c400000, 0x000000008c300000| Complete 
|   4|0x000000008c400000, 0x000000008c500000, 0x000000008c500000|100%| O|  |TAMS 0x000000008c500000, 0x000000008c400000| Untracked 
|   5|0x000000008c500000, 0x000000008c600000, 0x000000008c600000|100%| O|  |TAMS 0x000000008c600000, 0x000000008c500000| Untracked 
|   6|0x000000008c600000, 0x000000008c700000, 0x000000008c700000|100%|HS|  |TAMS 0x000000008c700000, 0x000000008c600000| Complete 
|   7|0x000000008c700000, 0x000000008c800000, 0x000000008c800000|100%|HC|  |TAMS 0x000000008c800000, 0x000000008c700000| Complete 
|   8|0x000000008c800000, 0x000000008c900000, 0x000000008c900000|100%|HC|  |TAMS 0x000000008c900000, 0x000000008c800000| Complete 
|   9|0x000000008c900000, 0x000000008ca00000, 0x000000008ca00000|100%|HC|  |TAMS 0x000000008ca00000, 0x000000008c900000| Complete 
|  10|0x000000008ca00000, 0x000000008cb00000, 0x000000008cb00000|100%|HS|  |TAMS 0x000000008ca00000, 0x000000008ca00000| Complete 
|  11|0x000000008cb00000, 0x000000008cc00000, 0x000000008cc00000|100%|HC|  |TAMS 0x000000008cb00000, 0x000000008cb00000| Complete 
|  12|0x000000008cc00000, 0x000000008cd00000, 0x000000008cd00000|100%|HC|  |TAMS 0x000000008cc00000, 0x000000008cc00000| Complete 
|  13|0x000000008cd00000, 0x000000008ce00000, 0x000000008ce00000|100%|HC|  |TAMS 0x000000008cd00000, 0x000000008cd00000| Complete 
|  14|0x000000008ce00000, 0x000000008cf00000, 0x000000008cf00000|100%|HC|  |TAMS 0x000000008ce00000, 0x000000008ce00000| Complete 
|  15|0x000000008cf00000, 0x000000008d000000, 0x000000008d000000|100%|HC|  |TAMS 0x000000008cf00000, 0x000000008cf00000| Complete 
|  16|0x000000008d000000, 0x000000008d100000, 0x000000008d100000|100%| O|  |TAMS 0x000000008d100000, 0x000000008d000000| Untracked 
|  17|0x000000008d100000, 0x000000008d200000, 0x000000008d200000|100%| O|  |TAMS 0x000000008d200000, 0x000000008d100000| Untracked 
|  18|0x000000008d200000, 0x000000008d300000, 0x000000008d300000|100%| O|  |TAMS 0x000000008d300000, 0x000000008d200000| Untracked 
|  19|0x000000008d300000, 0x000000008d400000, 0x000000008d400000|100%| O|  |TAMS 0x000000008d400000, 0x000000008d300000| Untracked 
|  20|0x000000008d400000, 0x000000008d500000, 0x000000008d500000|100%| O|  |TAMS 0x000000008d500000, 0x000000008d400000| Untracked 
|  21|0x000000008d500000, 0x000000008d600000, 0x000000008d600000|100%|HS|  |TAMS 0x000000008d500000, 0x000000008d500000| Complete 
|  22|0x000000008d600000, 0x000000008d700000, 0x000000008d700000|100%| O|  |TAMS 0x000000008d700000, 0x000000008d600000| Untracked 
|  23|0x000000008d700000, 0x000000008d800000, 0x000000008d800000|100%| O|  |TAMS 0x000000008d800000, 0x000000008d700000| Untracked 
|  24|0x000000008d800000, 0x000000008d900000, 0x000000008d900000|100%| O|  |TAMS 0x000000008d900000, 0x000000008d800000| Untracked 
|  25|0x000000008d900000, 0x000000008da00000, 0x000000008da00000|100%| O|  |TAMS 0x000000008da00000, 0x000000008d900000| Untracked 
|  26|0x000000008da00000, 0x000000008db00000, 0x000000008db00000|100%| O|  |TAMS 0x000000008db00000, 0x000000008da00000| Untracked 
|  27|0x000000008db00000, 0x000000008dc00000, 0x000000008dc00000|100%| O|  |TAMS 0x000000008dc00000, 0x000000008db00000| Untracked 
|  28|0x000000008dc00000, 0x000000008dd00000, 0x000000008dd00000|100%| O|  |TAMS 0x000000008dd00000, 0x000000008dc00000| Untracked 
|  29|0x000000008dd00000, 0x000000008de00000, 0x000000008de00000|100%| O|  |TAMS 0x000000008dd00000, 0x000000008dd00000| Untracked 
|  30|0x000000008de00000, 0x000000008df00000, 0x000000008df00000|100%| O|  |TAMS 0x000000008de00000, 0x000000008de00000| Untracked 
|  31|0x000000008df00000, 0x000000008e000000, 0x000000008e000000|100%| O|  |TAMS 0x000000008df00000, 0x000000008df00000| Untracked 
|  32|0x000000008e000000, 0x000000008e100000, 0x000000008e100000|100%| O|  |TAMS 0x000000008e000000, 0x000000008e000000| Untracked 
|  33|0x000000008e100000, 0x000000008e200000, 0x000000008e200000|100%| O|  |TAMS 0x000000008e100000, 0x000000008e100000| Untracked 
|  34|0x000000008e200000, 0x000000008e300000, 0x000000008e300000|100%| O|  |TAMS 0x000000008e200000, 0x000000008e200000| Untracked 
|  35|0x000000008e300000, 0x000000008e400000, 0x000000008e400000|100%| O|  |TAMS 0x000000008e300000, 0x000000008e300000| Untracked 
|  36|0x000000008e400000, 0x000000008e500000, 0x000000008e500000|100%| O|  |TAMS 0x000000008e400000, 0x000000008e400000| Untracked 
|  37|0x000000008e500000, 0x000000008e500000, 0x000000008e600000|  0%| F|  |TAMS 0x000000008e500000, 0x000000008e500000| Untracked 
|  38|0x000000008e600000, 0x000000008e600000, 0x000000008e700000|  0%| F|  |TAMS 0x000000008e600000, 0x000000008e600000| Untracked 
|  39|0x000000008e700000, 0x000000008e700000, 0x000000008e800000|  0%| F|  |TAMS 0x000000008e700000, 0x000000008e700000| Untracked 
|  40|0x000000008e800000, 0x000000008e800000, 0x000000008e900000|  0%| F|  |TAMS 0x000000008e800000, 0x000000008e800000| Untracked 
|  41|0x000000008e900000, 0x000000008e900000, 0x000000008ea00000|  0%| F|  |TAMS 0x000000008e900000, 0x000000008e900000| Untracked 
|  42|0x000000008ea00000, 0x000000008ea00000, 0x000000008eb00000|  0%| F|  |TAMS 0x000000008ea00000, 0x000000008ea00000| Untracked 
|  43|0x000000008eb00000, 0x000000008eb00000, 0x000000008ec00000|  0%| F|  |TAMS 0x000000008eb00000, 0x000000008eb00000| Untracked 
|  44|0x000000008ec00000, 0x000000008ec00000, 0x000000008ed00000|  0%| F|  |TAMS 0x000000008ec00000, 0x000000008ec00000| Untracked 
|  45|0x000000008ed00000, 0x000000008ed00000, 0x000000008ee00000|  0%| F|  |TAMS 0x000000008ed00000, 0x000000008ed00000| Untracked 
|  46|0x000000008ee00000, 0x000000008ee00000, 0x000000008ef00000|  0%| F|  |TAMS 0x000000008ee00000, 0x000000008ee00000| Untracked 
|  47|0x000000008ef00000, 0x000000008ef00000, 0x000000008f000000|  0%| F|  |TAMS 0x000000008ef00000, 0x000000008ef00000| Untracked 
|  48|0x000000008f000000, 0x000000008f000000, 0x000000008f100000|  0%| F|  |TAMS 0x000000008f000000, 0x000000008f000000| Untracked 
|  49|0x000000008f100000, 0x000000008f100000, 0x000000008f200000|  0%| F|  |TAMS 0x000000008f100000, 0x000000008f100000| Untracked 
|  50|0x000000008f200000, 0x000000008f200000, 0x000000008f300000|  0%| F|  |TAMS 0x000000008f200000, 0x000000008f200000| Untracked 
|  51|0x000000008f300000, 0x000000008f400000, 0x000000008f400000|100%| S|CS|TAMS 0x000000008f300000, 0x000000008f300000| Complete 
|  52|0x000000008f400000, 0x000000008f500000, 0x000000008f500000|100%| S|CS|TAMS 0x000000008f400000, 0x000000008f400000| Complete 
|  53|0x000000008f500000, 0x000000008f600000, 0x000000008f600000|100%| S|CS|TAMS 0x000000008f500000, 0x000000008f500000| Complete 
|  54|0x000000008f600000, 0x000000008f700000, 0x000000008f700000|100%| S|CS|TAMS 0x000000008f600000, 0x000000008f600000| Complete 
|  55|0x000000008f700000, 0x000000008f800000, 0x000000008f800000|100%| S|CS|TAMS 0x000000008f700000, 0x000000008f700000| Complete 
|  56|0x000000008f800000, 0x000000008f900000, 0x000000008f900000|100%| S|CS|TAMS 0x000000008f800000, 0x000000008f800000| Complete 
|  57|0x000000008f900000, 0x000000008fa00000, 0x000000008fa00000|100%| S|CS|TAMS 0x000000008f900000, 0x000000008f900000| Complete 
|  58|0x000000008fa00000, 0x000000008fb00000, 0x000000008fb00000|100%| S|CS|TAMS 0x000000008fa00000, 0x000000008fa00000| Complete 
|  59|0x000000008fb00000, 0x000000008fb00000, 0x000000008fc00000|  0%| F|  |TAMS 0x000000008fb00000, 0x000000008fb00000| Untracked 
|  60|0x000000008fc00000, 0x000000008fc00000, 0x000000008fd00000|  0%| F|  |TAMS 0x000000008fc00000, 0x000000008fc00000| Untracked 
|  61|0x000000008fd00000, 0x000000008fd00000, 0x000000008fe00000|  0%| F|  |TAMS 0x000000008fd00000, 0x000000008fd00000| Untracked 
|  62|0x000000008fe00000, 0x000000008fe00000, 0x000000008ff00000|  0%| F|  |TAMS 0x000000008fe00000, 0x000000008fe00000| Untracked 
|  63|0x000000008ff00000, 0x000000008ff00000, 0x0000000090000000|  0%| F|  |TAMS 0x000000008ff00000, 0x000000008ff00000| Untracked 
|  64|0x0000000090000000, 0x0000000090000000, 0x0000000090100000|  0%| F|  |TAMS 0x0000000090000000, 0x0000000090000000| Untracked 
|  65|0x0000000090100000, 0x0000000090100000, 0x0000000090200000|  0%| F|  |TAMS 0x0000000090100000, 0x0000000090100000| Untracked 
|  66|0x0000000090200000, 0x0000000090200000, 0x0000000090300000|  0%| F|  |TAMS 0x0000000090200000, 0x0000000090200000| Untracked 
|  67|0x0000000090300000, 0x0000000090300000, 0x0000000090400000|  0%| F|  |TAMS 0x0000000090300000, 0x0000000090300000| Untracked 
|  68|0x0000000090400000, 0x0000000090400000, 0x0000000090500000|  0%| F|  |TAMS 0x0000000090400000, 0x0000000090400000| Untracked 
|  69|0x0000000090500000, 0x0000000090500000, 0x0000000090600000|  0%| F|  |TAMS 0x0000000090500000, 0x0000000090500000| Untracked 
|  70|0x0000000090600000, 0x0000000090600000, 0x0000000090700000|  0%| F|  |TAMS 0x0000000090600000, 0x0000000090600000| Untracked 
|  71|0x0000000090700000, 0x0000000090700000, 0x0000000090800000|  0%| F|  |TAMS 0x0000000090700000, 0x0000000090700000| Untracked 
|  72|0x0000000090800000, 0x0000000090800000, 0x0000000090900000|  0%| F|  |TAMS 0x0000000090800000, 0x0000000090800000| Untracked 
|  73|0x0000000090900000, 0x0000000090900000, 0x0000000090a00000|  0%| F|  |TAMS 0x0000000090900000, 0x0000000090900000| Untracked 
|  74|0x0000000090a00000, 0x0000000090a00000, 0x0000000090b00000|  0%| F|  |TAMS 0x0000000090a00000, 0x0000000090a00000| Untracked 
|  75|0x0000000090b00000, 0x0000000090b00000, 0x0000000090c00000|  0%| F|  |TAMS 0x0000000090b00000, 0x0000000090b00000| Untracked 
|  76|0x0000000090c00000, 0x0000000090c00000, 0x0000000090d00000|  0%| F|  |TAMS 0x0000000090c00000, 0x0000000090c00000| Untracked 
|  77|0x0000000090d00000, 0x0000000090d00000, 0x0000000090e00000|  0%| F|  |TAMS 0x0000000090d00000, 0x0000000090d00000| Untracked 
|  78|0x0000000090e00000, 0x0000000090e00000, 0x0000000090f00000|  0%| F|  |TAMS 0x0000000090e00000, 0x0000000090e00000| Untracked 
|  79|0x0000000090f00000, 0x0000000090f00000, 0x0000000091000000|  0%| F|  |TAMS 0x0000000090f00000, 0x0000000090f00000| Untracked 
|  80|0x0000000091000000, 0x0000000091000000, 0x0000000091100000|  0%| F|  |TAMS 0x0000000091000000, 0x0000000091000000| Untracked 
|  81|0x0000000091100000, 0x0000000091100000, 0x0000000091200000|  0%| F|  |TAMS 0x0000000091100000, 0x0000000091100000| Untracked 
|  82|0x0000000091200000, 0x0000000091200000, 0x0000000091300000|  0%| F|  |TAMS 0x0000000091200000, 0x0000000091200000| Untracked 
|  83|0x0000000091300000, 0x0000000091300000, 0x0000000091400000|  0%| F|  |TAMS 0x0000000091300000, 0x0000000091300000| Untracked 
|  84|0x0000000091400000, 0x0000000091400000, 0x0000000091500000|  0%| F|  |TAMS 0x0000000091400000, 0x0000000091400000| Untracked 
|  85|0x0000000091500000, 0x0000000091500000, 0x0000000091600000|  0%| F|  |TAMS 0x0000000091500000, 0x0000000091500000| Untracked 
|  86|0x0000000091600000, 0x0000000091600000, 0x0000000091700000|  0%| F|  |TAMS 0x0000000091600000, 0x0000000091600000| Untracked 
|  87|0x0000000091700000, 0x0000000091700000, 0x0000000091800000|  0%| F|  |TAMS 0x0000000091700000, 0x0000000091700000| Untracked 
|  88|0x0000000091800000, 0x0000000091800000, 0x0000000091900000|  0%| F|  |TAMS 0x0000000091800000, 0x0000000091800000| Untracked 
|  89|0x0000000091900000, 0x0000000091900000, 0x0000000091a00000|  0%| F|  |TAMS 0x0000000091900000, 0x0000000091900000| Untracked 
|  90|0x0000000091a00000, 0x0000000091a00000, 0x0000000091b00000|  0%| F|  |TAMS 0x0000000091a00000, 0x0000000091a00000| Untracked 
|  91|0x0000000091b00000, 0x0000000091b00000, 0x0000000091c00000|  0%| F|  |TAMS 0x0000000091b00000, 0x0000000091b00000| Untracked 
|  92|0x0000000091c00000, 0x0000000091c00000, 0x0000000091d00000|  0%| F|  |TAMS 0x0000000091c00000, 0x0000000091c00000| Untracked 
|  93|0x0000000091d00000, 0x0000000091d00000, 0x0000000091e00000|  0%| F|  |TAMS 0x0000000091d00000, 0x0000000091d00000| Untracked 
|  94|0x0000000091e00000, 0x0000000091e00000, 0x0000000091f00000|  0%| F|  |TAMS 0x0000000091e00000, 0x0000000091e00000| Untracked 
|  95|0x0000000091f00000, 0x0000000091f00000, 0x0000000092000000|  0%| F|  |TAMS 0x0000000091f00000, 0x0000000091f00000| Untracked 
|  96|0x0000000092000000, 0x0000000092000000, 0x0000000092100000|  0%| F|  |TAMS 0x0000000092000000, 0x0000000092000000| Untracked 
|  97|0x0000000092100000, 0x0000000092100000, 0x0000000092200000|  0%| F|  |TAMS 0x0000000092100000, 0x0000000092100000| Untracked 
|  98|0x0000000092200000, 0x0000000092200000, 0x0000000092300000|  0%| F|  |TAMS 0x0000000092200000, 0x0000000092200000| Untracked 
|  99|0x0000000092300000, 0x0000000092300000, 0x0000000092400000|  0%| F|  |TAMS 0x0000000092300000, 0x0000000092300000| Untracked 
| 100|0x0000000092400000, 0x0000000092400000, 0x0000000092500000|  0%| F|  |TAMS 0x0000000092400000, 0x0000000092400000| Untracked 
| 101|0x0000000092500000, 0x0000000092500000, 0x0000000092600000|  0%| F|  |TAMS 0x0000000092500000, 0x0000000092500000| Untracked 
| 102|0x0000000092600000, 0x0000000092600000, 0x0000000092700000|  0%| F|  |TAMS 0x0000000092600000, 0x0000000092600000| Untracked 
| 103|0x0000000092700000, 0x0000000092700000, 0x0000000092800000|  0%| F|  |TAMS 0x0000000092700000, 0x0000000092700000| Untracked 
| 104|0x0000000092800000, 0x0000000092800000, 0x0000000092900000|  0%| F|  |TAMS 0x0000000092800000, 0x0000000092800000| Untracked 
| 105|0x0000000092900000, 0x0000000092900000, 0x0000000092a00000|  0%| F|  |TAMS 0x0000000092900000, 0x0000000092900000| Untracked 
| 106|0x0000000092a00000, 0x0000000092a00000, 0x0000000092b00000|  0%| F|  |TAMS 0x0000000092a00000, 0x0000000092a00000| Untracked 
| 107|0x0000000092b00000, 0x0000000092b00000, 0x0000000092c00000|  0%| F|  |TAMS 0x0000000092b00000, 0x0000000092b00000| Untracked 
| 108|0x0000000092c00000, 0x0000000092c00000, 0x0000000092d00000|  0%| F|  |TAMS 0x0000000092c00000, 0x0000000092c00000| Untracked 
| 109|0x0000000092d00000, 0x0000000092d00000, 0x0000000092e00000|  0%| F|  |TAMS 0x0000000092d00000, 0x0000000092d00000| Untracked 
| 110|0x0000000092e00000, 0x0000000092e00000, 0x0000000092f00000|  0%| F|  |TAMS 0x0000000092e00000, 0x0000000092e00000| Untracked 
| 111|0x0000000092f00000, 0x0000000092f00000, 0x0000000093000000|  0%| F|  |TAMS 0x0000000092f00000, 0x0000000092f00000| Untracked 
| 112|0x0000000093000000, 0x0000000093000000, 0x0000000093100000|  0%| F|  |TAMS 0x0000000093000000, 0x0000000093000000| Untracked 
| 113|0x0000000093100000, 0x0000000093100000, 0x0000000093200000|  0%| F|  |TAMS 0x0000000093100000, 0x0000000093100000| Untracked 
| 114|0x0000000093200000, 0x0000000093200000, 0x0000000093300000|  0%| F|  |TAMS 0x0000000093200000, 0x0000000093200000| Untracked 
| 115|0x0000000093300000, 0x0000000093300000, 0x0000000093400000|  0%| F|  |TAMS 0x0000000093300000, 0x0000000093300000| Untracked 

Card table byte_map: [0x00000122fbbc0000,0x00000122fbf60000] _byte_map_base: 0x00000122fb760000

Marking Bits (Prev, Next): (CMBitMap*) 0x00000122f2870cf8, (CMBitMap*) 0x00000122f2870d30
 Prev Bits: [0x00000122fc300000, 0x00000122fe000000)
 Next Bits: [0x00000122fe000000, 0x00000122ffd00000)

Polling page: 0x00000122f07e0000

Metaspace:

Usage:
  Non-class:     38.87 MB capacity,    38.50 MB (>99%) used,   314.72 KB ( <1%) free+waste,    64.75 KB ( <1%) overhead. 
      Class:      5.25 MB capacity,     5.04 MB ( 96%) used,   193.75 KB (  4%) free+waste,    28.13 KB ( <1%) overhead. 
       Both:     44.12 MB capacity,    43.54 MB ( 99%) used,   508.47 KB (  1%) free+waste,    92.88 KB ( <1%) overhead. 

Virtual space:
  Non-class space:       40.00 MB reserved,      39.00 MB ( 98%) committed 
      Class space:        1.00 GB reserved,       5.38 MB ( <1%) committed 
             Both:        1.04 GB reserved,      44.38 MB (  4%) committed 

Chunk freelists:
   Non-Class:  68.00 KB
       Class:  29.00 KB
        Both:  97.00 KB

MaxMetaspaceSize: 17179869184.00 GB
CompressedClassSpaceSize: 1.00 GB
Initial GC threshold: 20.80 MB
Current GC threshold: 58.75 MB
CDS: off

CodeHeap 'non-profiled nmethods': size=119168Kb used=1463Kb max_used=1463Kb free=117704Kb
 bounds [0x0000012287ba0000, 0x0000012287e10000, 0x000001228f000000]
CodeHeap 'profiled nmethods': size=119168Kb used=9207Kb max_used=9207Kb free=109960Kb
 bounds [0x0000012280740000, 0x0000012281040000, 0x0000012287ba0000]
CodeHeap 'non-nmethods': size=7424Kb used=2954Kb max_used=2997Kb free=4470Kb
 bounds [0x0000012280000000, 0x00000122802f0000, 0x0000012280740000]
 total_blobs=4480 nmethods=3933 adapters=455
 compilation: enabled
              stopped_count=0, restarted_count=0
 full_count=0

Compilation events (20 events):
Event: 2.894 Thread 0x00000122926b6000 3999       3       jdk.internal.reflect.UnsafeQualifiedStaticObjectFieldAccessorImpl::get (15 bytes)
Event: 2.894 Thread 0x0000012292db2800 nmethod 3996 0x0000012281033d10 code [0x0000012281033f20, 0x0000012281034498]
Event: 2.894 Thread 0x00000122926b6000 nmethod 3999 0x0000012281034690 code [0x0000012281034840, 0x0000012281034998]
Event: 2.894 Thread 0x0000012292db2800 3990       3       java.lang.reflect.Field::checkAccess (32 bytes)
Event: 2.894 Thread 0x00000122926b6000 3991       3       org.jetbrains.kotlin.diagnostics.Errors$Initializer::initializeNameAndRenderer (15 bytes)
Event: 2.894 Thread 0x0000012292dad800 nmethod 3998 0x0000012281034a10 code [0x0000012281034c00, 0x0000012281034fc8]
Event: 2.894 Thread 0x0000012292dad800 3992       3       org.jetbrains.kotlin.diagnostics.DiagnosticFactory::initializeName (12 bytes)
Event: 2.894 Thread 0x0000012292db2800 nmethod 3990 0x0000012281035190 code [0x0000012281035360, 0x00000122810355e8]
Event: 2.894 Thread 0x0000012292db2800 3993       3       org.jetbrains.kotlin.diagnostics.rendering.DiagnosticFactoryToRendererMap::get (23 bytes)
Event: 2.894 Thread 0x0000012292db2800 nmethod 3993 0x0000012281035710 code [0x00000122810358e0, 0x0000012281035c38]
Event: 2.895 Thread 0x0000012292dad800 nmethod 3992 0x0000012281035d90 code [0x0000012281035fc0, 0x0000012281036598]
Event: 2.895 Thread 0x00000122926b6000 nmethod 3991 0x0000012281036810 code [0x0000012281036a80, 0x0000012281037498]
Event: 2.895 Thread 0x00000122928a8000 nmethod 3985 0x0000012281037810 code [0x0000012281037ea0, 0x000001228103aa38]
Event: 2.895 Thread 0x0000012292db2800 4000       3       org.jetbrains.kotlin.name.Name::identifier (18 bytes)
Event: 2.896 Thread 0x0000012292db2800 nmethod 4000 0x000001228103b810 code [0x000001228103ba00, 0x000001228103bd58]
Event: 2.896 Thread 0x0000012292dad800 4001       3       org.jetbrains.kotlin.container.ComponentRegistry::tryGetEntry (67 bytes)
Event: 2.897 Thread 0x0000012292dad800 nmethod 4001 0x000001228103be90 code [0x000001228103c220, 0x000001228103d858]
Event: 2.901 Thread 0x00000122926b6000 4002       1       org.jetbrains.kotlin.container.ComponentResolveContext::getRequestingDescriptor (5 bytes)
Event: 2.901 Thread 0x00000122926b6000 nmethod 4002 0x0000012287d0dc10 code [0x0000012287d0ddc0, 0x0000012287d0de78]
Event: 2.905 Thread 0x0000012291dad000 4003       4       java.lang.ClassLoader::checkName (37 bytes)

GC Heap History (9 events):
Event: 0.515 GC heap before
{Heap before GC invocations=0 (full 0):
 garbage-first heap   total 118784K, used 28672K [0x000000008c000000, 0x0000000100000000)
  region size 1024K, 24 young (24576K), 0 survivors (0K)
 Metaspace       used 11994K, capacity 12114K, committed 12416K, reserved 1060864K
  class space    used 1052K, capacity 1077K, committed 1152K, reserved 1048576K
}
Event: 0.520 GC heap after
{Heap after GC invocations=1 (full 0):
 garbage-first heap   total 118784K, used 7377K [0x000000008c000000, 0x0000000100000000)
  region size 1024K, 3 young (3072K), 3 survivors (3072K)
 Metaspace       used 11994K, capacity 12114K, committed 12416K, reserved 1060864K
  class space    used 1052K, capacity 1077K, committed 1152K, reserved 1048576K
}
Event: 1.030 GC heap before
{Heap before GC invocations=1 (full 0):
 garbage-first heap   total 118784K, used 45265K [0x000000008c000000, 0x0000000100000000)
  region size 1024K, 41 young (41984K), 3 survivors (3072K)
 Metaspace       used 20874K, capacity 21149K, committed 21248K, reserved 1069056K
  class space    used 2158K, capacity 2263K, committed 2304K, reserved 1048576K
}
Event: 1.041 GC heap after
{Heap after GC invocations=2 (full 0):
 garbage-first heap   total 118784K, used 11277K [0x000000008c000000, 0x0000000100000000)
  region size 1024K, 7 young (7168K), 7 survivors (7168K)
 Metaspace       used 20874K, capacity 21149K, committed 21248K, reserved 1069056K
  class space    used 2158K, capacity 2263K, committed 2304K, reserved 1048576K
}
Event: 1.698 GC heap before
{Heap before GC invocations=3 (full 0):
 garbage-first heap   total 118784K, used 70669K [0x000000008c000000, 0x0000000100000000)
  region size 1024K, 56 young (57344K), 7 survivors (7168K)
 Metaspace       used 32097K, capacity 32669K, committed 33024K, reserved 1079296K
  class space    used 3752K, capacity 3973K, committed 4096K, reserved 1048576K
}
Event: 1.718 GC heap after
{Heap after GC invocations=4 (full 0):
 garbage-first heap   total 118784K, used 28169K [0x000000008c000000, 0x0000000100000000)
  region size 1024K, 7 young (7168K), 7 survivors (7168K)
 Metaspace       used 32097K, capacity 32669K, committed 33024K, reserved 1079296K
  class space    used 3752K, capacity 3973K, committed 4096K, reserved 1048576K
}
Event: 2.097 GC heap before
{Heap before GC invocations=4 (full 0):
 garbage-first heap   total 118784K, used 73225K [0x000000008c000000, 0x0000000100000000)
  region size 1024K, 52 young (53248K), 7 survivors (7168K)
 Metaspace       used 35097K, capacity 35658K, committed 35840K, reserved 1081344K
  class space    used 4207K, capacity 4429K, committed 4480K, reserved 1048576K
}
Event: 2.147 GC heap after
{Heap after GC invocations=5 (full 0):
 garbage-first heap   total 118784K, used 30720K [0x000000008c000000, 0x0000000100000000)
  region size 1024K, 8 young (8192K), 8 survivors (8192K)
 Metaspace       used 35097K, capacity 35658K, committed 35840K, reserved 1081344K
  class space    used 4207K, capacity 4429K, committed 4480K, reserved 1048576K
}
Event: 2.907 GC heap before
{Heap before GC invocations=6 (full 0):
 garbage-first heap   total 118784K, used 88064K [0x000000008c000000, 0x0000000100000000)
  region size 1024K, 57 young (58368K), 8 survivors (8192K)
 Metaspace       used 44581K, capacity 45183K, committed 45440K, reserved 1089536K
  class space    used 5157K, capacity 5379K, committed 5504K, reserved 1048576K
}

Deoptimization events (20 events):
Event: 2.741 Thread 0x00000122f2831000 Uncommon trap: trap_request=0xffffff7e fr.pc=0x0000012287cf1ca4 relative=0x0000000000000544
Event: 2.741 Thread 0x00000122f2831000 Uncommon trap: reason=predicate action=maybe_recompile pc=0x0000012287cf1ca4 method=java.util.AbstractCollection.toArray([Ljava/lang/Object;)[Ljava/lang/Object; @ 43 c2
Event: 2.741 Thread 0x00000122f2831000 DEOPT PACKING pc=0x0000012287cf1ca4 sp=0x00000022cfafdc40
Event: 2.741 Thread 0x00000122f2831000 DEOPT UNPACKING pc=0x000001228004a1af sp=0x00000022cfafdbd8 mode 2
Event: 2.791 Thread 0x00000122f2831000 Uncommon trap: trap_request=0xffffffd6 fr.pc=0x0000012287cf86d0 relative=0x00000000000004f0
Event: 2.792 Thread 0x00000122f2831000 Uncommon trap: reason=array_check action=maybe_recompile pc=0x0000012287cf86d0 method=java.util.AbstractCollection.toArray([Ljava/lang/Object;)[Ljava/lang/Object; @ 116 c2
Event: 2.792 Thread 0x00000122f2831000 DEOPT PACKING pc=0x0000012287cf86d0 sp=0x00000022cfafd470
Event: 2.792 Thread 0x00000122f2831000 DEOPT UNPACKING pc=0x000001228004a1af sp=0x00000022cfafd410 mode 2
Event: 2.792 Thread 0x00000122f2831000 Uncommon trap: trap_request=0xffffffd6 fr.pc=0x0000012287cf86d0 relative=0x00000000000004f0
Event: 2.792 Thread 0x00000122f2831000 Uncommon trap: reason=array_check action=maybe_recompile pc=0x0000012287cf86d0 method=java.util.AbstractCollection.toArray([Ljava/lang/Object;)[Ljava/lang/Object; @ 116 c2
Event: 2.792 Thread 0x00000122f2831000 DEOPT PACKING pc=0x0000012287cf86d0 sp=0x00000022cfafd470
Event: 2.792 Thread 0x00000122f2831000 DEOPT UNPACKING pc=0x000001228004a1af sp=0x00000022cfafd410 mode 2
Event: 2.792 Thread 0x00000122f2831000 Uncommon trap: trap_request=0xffffffd6 fr.pc=0x0000012287cf86d0 relative=0x00000000000004f0
Event: 2.792 Thread 0x00000122f2831000 Uncommon trap: reason=array_check action=maybe_recompile pc=0x0000012287cf86d0 method=java.util.AbstractCollection.toArray([Ljava/lang/Object;)[Ljava/lang/Object; @ 116 c2
Event: 2.792 Thread 0x00000122f2831000 DEOPT PACKING pc=0x0000012287cf86d0 sp=0x00000022cfafd470
Event: 2.792 Thread 0x00000122f2831000 DEOPT UNPACKING pc=0x000001228004a1af sp=0x00000022cfafd410 mode 2
Event: 2.792 Thread 0x00000122f2831000 Uncommon trap: trap_request=0xffffffd6 fr.pc=0x0000012287cf86d0 relative=0x00000000000004f0
Event: 2.792 Thread 0x00000122f2831000 Uncommon trap: reason=array_check action=maybe_recompile pc=0x0000012287cf86d0 method=java.util.AbstractCollection.toArray([Ljava/lang/Object;)[Ljava/lang/Object; @ 116 c2
Event: 2.792 Thread 0x00000122f2831000 DEOPT PACKING pc=0x0000012287cf86d0 sp=0x00000022cfafd470
Event: 2.792 Thread 0x00000122f2831000 DEOPT UNPACKING pc=0x000001228004a1af sp=0x00000022cfafd410 mode 2

Classes redefined (0 events):
No events

Internal exceptions (20 events):
Event: 1.083 Thread 0x00000122f2831000 Exception <a 'java/lang/NoSuchMethodError'{0x0000000093017f38}: 'long java.lang.invoke.DirectMethodHandle$Holder.invokeStatic(java.lang.Object)'> (0x0000000093017f38) thrown at [s\src\hotspot\share\interpreter\linkResolver.cpp, line 773]
Event: 1.083 Thread 0x00000122f2831000 Exception <a 'java/lang/NoSuchMethodError'{0x000000009301ad90}: 'long java.lang.invoke.DirectMethodHandle$Holder.invokeStaticInit(java.lang.Object)'> (0x000000009301ad90) thrown at [s\src\hotspot\share\interpreter\linkResolver.cpp, line 773]
Event: 1.125 Thread 0x00000122f2831000 Exception <a 'java/lang/NoSuchMethodError'{0x0000000092c187b8}: 'int java.lang.invoke.DirectMethodHandle$Holder.invokeStaticInit(java.lang.Object, java.lang.Object, java.lang.Object)'> (0x0000000092c187b8) thrown at [s\src\hotspot\share\interpreter\linkResolver.cpp, line 773]
Event: 1.129 Thread 0x00000122f2831000 Exception <a 'java/lang/NoSuchMethodError'{0x0000000092c43e68}: 'int java.lang.invoke.DirectMethodHandle$Holder.invokeStaticInit(java.lang.Object, java.lang.Object)'> (0x0000000092c43e68) thrown at [s\src\hotspot\share\interpreter\linkResolver.cpp, line 773]
Event: 1.164 Thread 0x00000122f2831000 Exception <a 'java/lang/NoSuchMethodError'{0x0000000092a9a128}: 'void java.lang.invoke.DirectMethodHandle$Holder.invokeSpecial(java.lang.Object, java.lang.Object)'> (0x0000000092a9a128) thrown at [s\src\hotspot\share\interpreter\linkResolver.cpp, line 773]
Event: 1.306 Thread 0x00000122f2831000 Exception <a 'java/lang/NoSuchMethodError'{0x0000000092139700}: 'java.lang.Object java.lang.invoke.DirectMethodHandle$Holder.invokeStatic(java.lang.Object, java.lang.Object, java.lang.Object, java.lang.Object, java.lang.Object, java.lang.Object, java.lang.Object, java.lang.Object, java.lang.Object, java.lang.Object, java.lang.Object, java.lang.Object, java.lang.Object, java.lang.Object, java.lang.Object)'> (0x0000000092139700) thrown at [s\src\hotspot\share\interpreter\linkResolver.cpp, line 773]
Event: 1.308 Thread 0x00000122f2831000 Exception <a 'java/lang/NoSuchMethodError'{0x0000000092147708}: 'java.lang.Object java.lang.invoke.DirectMethodHandle$Holder.invokeStatic(java.lang.Object, java.lang.Object, java.lang.Object, java.lang.Object, java.lang.Object, java.lang.Object, java.lang.Object, java.lang.Object, java.lang.Object, java.lang.Object, java.lang.Object, java.lang.Object, java.lang.Object, java.lang.Object, java.lang.Object, java.lang.Object)'> (0x0000000092147708) thrown at [s\src\hotspot\share\interpreter\linkResolver.cpp, l
Event: 1.309 Thread 0x00000122f2831000 Exception <a 'java/lang/NoSuchMethodError'{0x0000000092155620}: 'java.lang.Object java.lang.invoke.DirectMethodHandle$Holder.invokeSpecial(java.lang.Object, java.lang.Object, int, int, java.lang.Object, java.lang.Object, java.lang.Object)'> (0x0000000092155620) thrown at [s\src\hotspot\share\interpreter\linkResolver.cpp, line 773]
Event: 1.309 Thread 0x00000122f2831000 Exception <a 'java/lang/NoSuchMethodError'{0x0000000092158e58}: 'java.lang.Object java.lang.invoke.DelegatingMethodHandle$Holder.reinvoke_L(java.lang.Object, int, int, java.lang.Object, java.lang.Object, java.lang.Object)'> (0x0000000092158e58) thrown at [s\src\hotspot\share\interpreter\linkResolver.cpp, line 773]
Event: 1.309 Thread 0x00000122f2831000 Exception <a 'java/lang/NoSuchMethodError'{0x000000009215d1e0}: 'java.lang.Object java.lang.invoke.DirectMethodHandle$Holder.invokeStatic(java.lang.Object, java.lang.Object, java.lang.Object, java.lang.Object, int)'> (0x000000009215d1e0) thrown at [s\src\hotspot\share\interpreter\linkResolver.cpp, line 773]
Event: 1.343 Thread 0x00000122f2831000 Exception <a 'java/lang/NoSuchMethodError'{0x0000000092082000}: 'void java.lang.invoke.DirectMethodHandle$Holder.invokeStatic(java.lang.Object, java.lang.Object, java.lang.Object, java.lang.Object)'> (0x0000000092082000) thrown at [s\src\hotspot\share\interpreter\linkResolver.cpp, line 773]
Event: 1.392 Thread 0x00000122f2831000 Exception <a 'java/lang/NoSuchMethodError'{0x0000000091c60fe8}: 'void java.lang.invoke.DirectMethodHandle$Holder.invokeStaticInit(java.lang.Object, java.lang.Object)'> (0x0000000091c60fe8) thrown at [s\src\hotspot\share\interpreter\linkResolver.cpp, line 773]
Event: 1.464 Thread 0x00000122f2831000 Exception <a 'java/lang/NoSuchMethodError'{0x00000000917bf878}: 'void java.lang.invoke.DirectMethodHandle$Holder.invokeVirtual(java.lang.Object, java.lang.Object)'> (0x00000000917bf878) thrown at [s\src\hotspot\share\interpreter\linkResolver.cpp, line 773]
Event: 1.494 Thread 0x00000122f2831000 Exception <a 'java/lang/NoSuchMethodError'{0x000000009141c1a8}: 'int java.lang.invoke.DirectMethodHandle$Holder.invokeVirtual(java.lang.Object, java.lang.Object)'> (0x000000009141c1a8) thrown at [s\src\hotspot\share\interpreter\linkResolver.cpp, line 773]
Event: 1.813 Thread 0x00000122f2831000 Implicit null exception at 0x0000012287c7828a to 0x0000012287c78dac
Event: 1.813 Thread 0x00000122f2831000 Implicit null exception at 0x0000012287c7ba9a to 0x0000012287c7c200
Event: 2.088 Thread 0x00000122f2831000 Exception <a 'java/lang/NoSuchMethodError'{0x00000000907948a8}: 'java.lang.Object java.lang.invoke.Invokers$Holder.linkToTargetMethod(java.lang.Object, int, java.lang.Object)'> (0x00000000907948a8) thrown at [s\src\hotspot\share\interpreter\linkResolver.cpp, line 773]
Event: 2.176 Thread 0x00000122f2831000 Implicit null exception at 0x0000012287cb4ddd to 0x0000012287cb4ee4
Event: 2.218 Thread 0x00000122f2831000 Implicit null exception at 0x0000012287cba34c to 0x0000012287cba428
Event: 2.486 Thread 0x00000122f2831000 Exception <a 'java/lang/NoSuchMethodError'{0x00000000921b3fa8}: 'java.lang.Object java.lang.invoke.DirectMethodHandle$Holder.invokeVirtual(java.lang.Object, java.lang.Object, java.lang.Object)'> (0x00000000921b3fa8) thrown at [s\src\hotspot\share\interpreter\linkResolver.cpp, line 773]

Events (20 events):
Event: 2.900 loading class org/jetbrains/kotlin/resolve/TypeResolver$Companion done
Event: 2.901 loading class org/jetbrains/kotlin/resolve/AnnotationChecker$Companion
Event: 2.901 loading class org/jetbrains/kotlin/resolve/AnnotationChecker$Companion done
Event: 2.901 loading class org/jetbrains/kotlin/resolve/StatementFilter$Companion
Event: 2.901 loading class org/jetbrains/kotlin/resolve/StatementFilter$Companion done
Event: 2.901 loading class org/jetbrains/kotlin/resolve/StatementFilter$Companion$NONE$1
Event: 2.901 loading class org/jetbrains/kotlin/resolve/StatementFilter$Companion$NONE$1 done
Event: 2.902 loading class org/jetbrains/kotlin/types/expressions/BasicExpressionTypingVisitor$1StringTemplateVisitor
Event: 2.902 loading class org/jetbrains/kotlin/types/expressions/BasicExpressionTypingVisitor$1StringTemplateVisitor done
Event: 2.903 loading class org/jetbrains/kotlin/resolve/calls/model/DataFlowInfoForArgumentsImpl
Event: 2.903 loading class org/jetbrains/kotlin/resolve/calls/model/DataFlowInfoForArgumentsImpl done
Event: 2.903 loading class org/jetbrains/kotlin/types/expressions/ControlStructureTypingVisitor
Event: 2.903 loading class org/jetbrains/kotlin/types/expressions/ControlStructureTypingVisitor done
Event: 2.905 loading class org/jetbrains/kotlin/types/expressions/ControlStructureTypingVisitor$1
Event: 2.905 loading class org/jetbrains/kotlin/types/expressions/ControlStructureTypingVisitor$1 done
Event: 2.905 loading class org/jetbrains/kotlin/psi/KtTreeVisitor
Event: 2.905 loading class org/jetbrains/kotlin/psi/KtTreeVisitor done
Event: 2.906 loading class org/jetbrains/kotlin/types/expressions/PatternMatchingTypingVisitor
Event: 2.906 loading class org/jetbrains/kotlin/types/expressions/PatternMatchingTypingVisitor done
Event: 2.907 Executing VM operation: G1CollectForAllocation


Dynamic libraries:
0x00007ff610620000 - 0x00007ff61062d000 	C:\Program Files\Microsoft\jdk-11.0.20.8-hotspot\bin\java.exe
0x00007ffc8bb30000 - 0x00007ffc8bd44000 	C:\WINDOWS\SYSTEM32\ntdll.dll
0x00007ffc89fe0000 - 0x00007ffc8a0a4000 	C:\WINDOWS\System32\KERNEL32.DLL
0x00007ffc89280000 - 0x00007ffc89624000 	C:\WINDOWS\System32\KERNELBASE.dll
0x00007ffc896e0000 - 0x00007ffc897f1000 	C:\WINDOWS\System32\ucrtbase.dll
0x00007ffc559c0000 - 0x00007ffc559d7000 	C:\Program Files\Microsoft\jdk-11.0.20.8-hotspot\bin\jli.dll
0x00007ffc5e890000 - 0x00007ffc5e8a5000 	C:\Program Files\Microsoft\jdk-11.0.20.8-hotspot\bin\VCRUNTIME140.dll
0x00007ffc8a9f0000 - 0x00007ffc8ab9e000 	C:\WINDOWS\System32\USER32.dll
0x00007ffc786a0000 - 0x00007ffc78933000 	C:\WINDOWS\WinSxS\amd64_microsoft.windows.common-controls_6595b64144ccf1df_6.0.22621.2215_none_270d72677387dfc3\COMCTL32.dll
0x00007ffc89630000 - 0x00007ffc89656000 	C:\WINDOWS\System32\win32u.dll
0x00007ffc898e0000 - 0x00007ffc89909000 	C:\WINDOWS\System32\GDI32.dll
0x00007ffc899c0000 - 0x00007ffc89a67000 	C:\WINDOWS\System32\msvcrt.dll
0x00007ffc88ee0000 - 0x00007ffc88ff8000 	C:\WINDOWS\System32\gdi32full.dll
0x00007ffc89070000 - 0x00007ffc8910a000 	C:\WINDOWS\System32\msvcp_win.dll
0x00007ffc8aba0000 - 0x00007ffc8abd1000 	C:\WINDOWS\System32\IMM32.DLL
0x00007ffc4a0f0000 - 0x00007ffc4a18b000 	C:\Program Files\Microsoft\jdk-11.0.20.8-hotspot\bin\msvcp140.dll
0x00007ffc01680000 - 0x00007ffc02216000 	C:\Program Files\Microsoft\jdk-11.0.20.8-hotspot\bin\server\jvm.dll
0x00007ffc8a0b0000 - 0x00007ffc8a160000 	C:\WINDOWS\System32\ADVAPI32.dll
0x00007ffc8b7d0000 - 0x00007ffc8b876000 	C:\WINDOWS\System32\sechost.dll
0x00007ffc8a6b0000 - 0x00007ffc8a7c7000 	C:\WINDOWS\System32\RPCRT4.dll
0x00007ffc8a7d0000 - 0x00007ffc8a7d8000 	C:\WINDOWS\System32\PSAPI.DLL
0x00007ffc81660000 - 0x00007ffc81669000 	C:\WINDOWS\SYSTEM32\WSOCK32.dll
0x00007ffc8b9e0000 - 0x00007ffc8ba51000 	C:\WINDOWS\System32\WS2_32.dll
0x00007ffc81ce0000 - 0x00007ffc81cea000 	C:\WINDOWS\SYSTEM32\VERSION.dll
0x00007ffc812b0000 - 0x00007ffc812e4000 	C:\WINDOWS\SYSTEM32\WINMM.dll
0x00007ffc87f30000 - 0x00007ffc87f48000 	C:\WINDOWS\SYSTEM32\kernel.appcore.dll
0x00007ffc5e970000 - 0x00007ffc5e980000 	C:\Program Files\Microsoft\jdk-11.0.20.8-hotspot\bin\verify.dll
0x00007ffc80050000 - 0x00007ffc8027e000 	C:\WINDOWS\SYSTEM32\DBGHELP.DLL
0x00007ffc8a320000 - 0x00007ffc8a6aa000 	C:\WINDOWS\System32\combase.dll
0x00007ffc8a910000 - 0x00007ffc8a9e7000 	C:\WINDOWS\System32\OLEAUT32.dll
0x00007ffc80010000 - 0x00007ffc80042000 	C:\WINDOWS\SYSTEM32\dbgcore.DLL
0x00007ffc89660000 - 0x00007ffc896da000 	C:\WINDOWS\System32\bcryptPrimitives.dll
0x00007ffc4a0c0000 - 0x00007ffc4a0e8000 	C:\Program Files\Microsoft\jdk-11.0.20.8-hotspot\bin\java.dll
0x00007ffc5e930000 - 0x00007ffc5e93a000 	C:\Program Files\Microsoft\jdk-11.0.20.8-hotspot\bin\jimage.dll
0x00007ffc4a0a0000 - 0x00007ffc4a0b8000 	C:\Program Files\Microsoft\jdk-11.0.20.8-hotspot\bin\zip.dll
0x00007ffc8ac50000 - 0x00007ffc8b473000 	C:\WINDOWS\System32\SHELL32.dll
0x00007ffc86e70000 - 0x00007ffc8775a000 	C:\WINDOWS\SYSTEM32\windows.storage.dll
0x00007ffc86d30000 - 0x00007ffc86e6e000 	C:\WINDOWS\SYSTEM32\wintypes.dll
0x00007ffc8a800000 - 0x00007ffc8a8f3000 	C:\WINDOWS\System32\SHCORE.dll
0x00007ffc8b620000 - 0x00007ffc8b67e000 	C:\WINDOWS\System32\shlwapi.dll
0x00007ffc88e10000 - 0x00007ffc88e36000 	C:\WINDOWS\SYSTEM32\profapi.dll
0x00007ffc4a080000 - 0x00007ffc4a099000 	C:\Program Files\Microsoft\jdk-11.0.20.8-hotspot\bin\net.dll
0x00007ffc83cd0000 - 0x00007ffc83e07000 	C:\WINDOWS\SYSTEM32\WINHTTP.dll
0x00007ffc883b0000 - 0x00007ffc88419000 	C:\WINDOWS\system32\mswsock.dll
0x00007ffc4a060000 - 0x00007ffc4a073000 	C:\Program Files\Microsoft\jdk-11.0.20.8-hotspot\bin\nio.dll

dbghelp: loaded successfully - version: 4.0.5 - missing functions: none
symbol engine: initialized successfully - sym options: 0x614 - pdb path: .;C:\Program Files\Microsoft\jdk-11.0.20.8-hotspot\bin;C:\WINDOWS\SYSTEM32;C:\WINDOWS\WinSxS\amd64_microsoft.windows.common-controls_6595b64144ccf1df_6.0.22621.2215_none_270d72677387dfc3;C:\Program Files\Microsoft\jdk-11.0.20.8-hotspot\bin\server

VM Arguments:
java_command: org.jetbrains.kotlin.cli.jvm.K2JVMCompiler @E:\Mobile App\App Mobile Course\thesis\thesisBiomedicalFinal\node_modules\@react-native\gradle-plugin\build\20231004_6116911578862393785.compiler.options
java_class_path (initial): C:\Users\Admin\.gradle\caches\modules-2\files-2.1\org.jetbrains.kotlin\kotlin-compiler-embeddable\1.7.22\1a39d9a56c9d1618300cd3444f070a5399663403\kotlin-compiler-embeddable-1.7.22.jar;C:\Users\Admin\.gradle\caches\modules-2\files-2.1\org.jetbrains.kotlin\kotlin-reflect\1.7.22\e61a16c5c838d324529a6aa72dfb88ea98958a29\kotlin-reflect-1.7.22.jar;C:\Users\Admin\.gradle\caches\modules-2\files-2.1\org.jetbrains.kotlin\kotlin-stdlib\1.7.22\9fb43bccb6cf8cfaaf3776c75f5df4f052f09b72\kotlin-stdlib-1.7.22.jar;C:\Users\Admin\.gradle\caches\modules-2\files-2.1\org.jetbrains.kotlin\kotlin-script-runtime\1.7.22\703a4d56168f3517532bc04481e3c8b751f685cb\kotlin-script-runtime-1.7.22.jar;C:\Users\Admin\.gradle\caches\modules-2\files-2.1\org.jetbrains.kotlin\kotlin-daemon-embeddable\1.7.22\a4f231458e1bb6fffbb8e1224f97d20a3ecc9c83\kotlin-daemon-embeddable-1.7.22.jar;C:\Users\Admin\.gradle\caches\modules-2\files-2.1\org.jetbrains.intellij.deps\trove4j\1.0.20200330\3afb14d5f9ceb459d724e907a21145e8ff394f02\trove4j-1.0.20200330.jar;C:\Users\Admin\.gradle\caches\modules-2\files-2.1\net.java.dev.jna\jna\5.6.0\330f2244e9030119ab3030fc3fededc86713d9cc\jna-5.6.0.jar;C:\Users\Admin\.gradle\caches\modules-2\files-2.1\org.jetbrains.kotlin\kotlin-stdlib-common\1.7.22\5dd2c9dcf64c94b46cf4bdb6fa4035b9bb726e2e\kotlin-stdlib-common-1.7.22.jar;C:\Users\Admin\.gradle\caches\modules-2\files-2.1\org.jetbrains\annotations\13.0\919f0dfe192fb4e063e7dacadee7f8bb9a2672a9\annotations-13.0.jar
Launcher Type: SUN_STANDARD

[Global flags]
     intx CICompilerCount                          = 12                                        {product} {ergonomic}
     uint ConcGCThreads                            = 3                                         {product} {ergonomic}
     uint G1ConcRefinementThreads                  = 13                                        {product} {ergonomic}
   size_t G1HeapRegionSize                         = 1048576                                   {product} {ergonomic}
    uintx GCDrainStackTargetSize                   = 64                                        {product} {ergonomic}
   size_t InitialHeapSize                          = 121634816                                 {product} {ergonomic}
   size_t MarkStackSize                            = 4194304                                   {product} {ergonomic}
   size_t MaxHeapSize                              = 1946157056                                {product} {ergonomic}
   size_t MaxNewSize                               = 1167065088                                {product} {ergonomic}
   size_t MinHeapDeltaBytes                        = 1048576                                   {product} {ergonomic}
    uintx NonNMethodCodeHeapSize                   = 7594288                                {pd product} {ergonomic}
    uintx NonProfiledCodeHeapSize                  = 122031976                              {pd product} {ergonomic}
    uintx ProfiledCodeHeapSize                     = 122031976                              {pd product} {ergonomic}
    uintx ReservedCodeCacheSize                    = 251658240                              {pd product} {ergonomic}
     bool SegmentedCodeCache                       = true                                      {product} {ergonomic}
     bool UseCompressedClassPointers               = true                                 {lp64_product} {ergonomic}
     bool UseCompressedOops                        = true                                 {lp64_product} {ergonomic}
     bool UseG1GC                                  = true                                      {product} {ergonomic}
     bool UseLargePagesIndividualAllocation        = false                                  {pd product} {ergonomic}

Logging:
Log output configuration:
 #0: stdout all=warning uptime,level,tags
 #1: stderr all=off uptime,level,tags

Environment Variables:
JAVA_HOME=C:\Program Files\Microsoft\jdk-11.0.20.8-hotspot\
CLASSPATH=E:\Mobile App\App Mobile Course\thesis\thesisBiomedicalFinal\android\\gradle\wrapper\gradle-wrapper.jar
PATH=E:\Mobile App\App Mobile Course\thesis\thesisBiomedicalFinal\node_modules\.bin;E:\Mobile App\App Mobile Course\thesis\node_modules\.bin;E:\Mobile App\App Mobile Course\node_modules\.bin;E:\Mobile App\node_modules\.bin;E:\node_modules\.bin;C:\Users\Admin\AppData\Roaming\npm\node_modules\npm\node_modules\@npmcli\run-script\lib\node-gyp-bin;C:\Program Files\Microsoft\jdk-11.0.20.8-hotspot\bin;C:\Windows\system32;C:\Windows;C:\Windows\System32\Wbem;C:\Windows\System32\WindowsPowerShell\v1.0\;C:\Windows\System32\OpenSSH\;C:\Program Files (x86)\NVIDIA Corporation\PhysX\Common;C:\Program Files\NVIDIA Corporation\NVIDIA NvDLISR;C:\Program Files\dotnet\;C:\WINDOWS\system32;C:\WINDOWS;C:\WINDOWS\System32\Wbem;C:\WINDOWS\System32\WindowsPowerShell\v1.0\;C:\WINDOWS\System32\OpenSSH\;C:\Program Files\Git\cmd;C:\ProgramData\chocolatey\bin;C:\Program Files\nodejs\;C:\Users\Admin\AppData\Local\Programs\Python\Python310\Scripts\;C:\Users\Admin\AppData\Local\Programs\Python\Python310\;C:\Users\Admin\AppData\Local\Microsoft\WindowsApps;C:\Users\Admin\AppData\Local\Programs\Microsoft VS Code\bin;C:\Users\Admin\.dotnet\tools;C:\flutter\bin;C:\Users\Admin\AppData\Local\GitHubDesktop\bin;C:\Program Files\Android\Android Studio\jbr\bin;C:\Users\Admin\AppData\Roaming\npm;C:\Users\Admin\AppData\Local\Android\Sdk;C:\Users\Admin\AppData\Local\Android\Sdk\platform-tools;
USERNAME=Admin
LANG=en_US.UTF-8
OS=Windows_NT
PROCESSOR_IDENTIFIER=AMD64 Family 25 Model 68 Stepping 1, AuthenticAMD
TMP=C:\Users\Admin\AppData\Local\Temp
TEMP=C:\Users\Admin\AppData\Local\Temp



---------------  S Y S T E M  ---------------

OS: Windows 11 , 64 bit Build 22621 (10.0.22621.2215)
OS uptime: 0 days 0:35 hours

CPU:total 16 (initial active 16) (16 cores per cpu, 2 threads per core) family 25 model 68 stepping 1 microcode 0x0, cmov, cx8, fxsr, mmx, sse, sse2, sse3, ssse3, sse4.1, sse4.2, popcnt, avx, avx2, aes, clmul, mmxext, 3dnowpref, lzcnt, sse4a, ht, tsc, tscinvbit, tscinv, bmi1, bmi2, adx, sha, fma

Memory: 4k page, system-wide physical 7421M (311M free)
TotalPageFile size 19709M (AvailPageFile size 56M)
current process WorkingSet (physical memory assigned to process): 230M, peak: 230M
current process commit charge ("private bytes"): 299M, peak: 364M

vm_info: OpenJDK 64-Bit Server VM (11.0.20+8-LTS) for windows-amd64 JRE (11.0.20+8-LTS), built on Jul  7 2023 17:05:21 by "MicrosoftCorporation" with MS VC++ 15.9 (VS2017)

END.
